This file contains any messages produced by compilers while
running configure, to aid debugging if configure makes a mistake.

It was created by sphinxbase configure 0.6, which was
generated by GNU Autoconf 2.62.  Invocation command line was

  $ ./configure --prefix=/usr0/home/rsingh/work/genietrain/sphinx.opensource.26may10 --no-create --no-recursion

## --------- ##
## Platform. ##
## --------- ##

hostname = genie.mlsp.cs.cmu.edu
uname -m = x86_64
uname -r = 2.6.28.4-003-STD64
uname -s = Linux
uname -v = #1 SMP PREEMPT Tue May 18 17:56:00 EDT 2010

/usr/bin/uname -p = unknown
/bin/uname -X     = unknown

/bin/arch              = x86_64
/usr/bin/arch -k       = unknown
/usr/convex/getsysinfo = unknown
/usr/bin/hostinfo      = unknown
/bin/machine           = unknown
/usr/bin/oslevel       = unknown
/bin/universe          = unknown

PATH: /usr/lib64/qt-3.3/bin
PATH: /usr0/local/cuda/bin/bin
PATH: /usr/cs/bin
PATH: /usr/lib64/ccache
PATH: /usr/local/bin
PATH: /usr/bin
PATH: /bin
PATH: /usr/X11R6/bin


## ----------- ##
## Core tests. ##
## ----------- ##

configure:2115: checking for a BSD-compatible install
configure:2183: result: /usr/bin/install -c
configure:2194: checking whether build environment is sane
configure:2254: result: yes
configure:2399: checking for a thread-safe mkdir -p
configure:2438: result: /bin/mkdir -p
configure:2451: checking for gawk
configure:2467: found /usr/bin/gawk
configure:2478: result: gawk
configure:2489: checking whether make sets $(MAKE)
configure:2511: result: yes
configure:2593: checking build system type
configure:2611: result: x86_64-unknown-linux-gnu
configure:2633: checking host system type
configure:2648: result: x86_64-unknown-linux-gnu
configure:2697: checking for style of include used by make
configure:2725: result: GNU
configure:2795: checking for gcc
configure:2811: found /usr/lib64/ccache/gcc
configure:2822: result: gcc
configure:3060: checking for C compiler version
configure:3068: gcc --version >&5
gcc (GCC) 4.3.2 20081105 (Red Hat 4.3.2-7)
Copyright (C) 2008 Free Software Foundation, Inc.
This is free software; see the source for copying conditions.  There is NO
warranty; not even for MERCHANTABILITY or FITNESS FOR A PARTICULAR PURPOSE.

configure:3072: $? = 0
configure:3079: gcc -v >&5
Using built-in specs.
Target: x86_64-redhat-linux
Configured with: ../configure --prefix=/usr --mandir=/usr/share/man --infodir=/usr/share/info --with-bugurl=http://bugzilla.redhat.com/bugzilla --enable-bootstrap --enable-shared --enable-threads=posix --enable-checking=release --with-system-zlib --enable-__cxa_atexit --disable-libunwind-exceptions --enable-languages=c,c++,objc,obj-c++,java,fortran,ada --enable-java-awt=gtk --disable-dssi --enable-plugin --with-java-home=/usr/lib/jvm/java-1.5.0-gcj-1.5.0.0/jre --enable-libgcj-multifile --enable-java-maintainer-mode --with-ecj-jar=/usr/share/java/eclipse-ecj.jar --disable-libjava-multilib --with-cpu=generic --build=x86_64-redhat-linux
Thread model: posix
gcc version 4.3.2 20081105 (Red Hat 4.3.2-7) (GCC) 
configure:3083: $? = 0
configure:3090: gcc -V >&5
gcc: '-V' option must have argument
configure:3094: $? = 1
configure:3117: checking for C compiler default output file name
configure:3139: gcc -g -O2 -Wall   conftest.c  >&5
configure:3143: $? = 0
configure:3181: result: a.out
configure:3198: checking whether the C compiler works
configure:3208: ./a.out
configure:3212: $? = 0
configure:3229: result: yes
configure:3236: checking whether we are cross compiling
configure:3238: result: no
configure:3241: checking for suffix of executables
configure:3248: gcc -o conftest -g -O2 -Wall   conftest.c  >&5
configure:3252: $? = 0
configure:3276: result: 
configure:3282: checking for suffix of object files
configure:3308: gcc -c -g -O2 -Wall  conftest.c >&5
configure:3312: $? = 0
configure:3335: result: o
configure:3339: checking whether we are using the GNU C compiler
configure:3368: gcc -c -g -O2 -Wall  conftest.c >&5
configure:3375: $? = 0
configure:3392: result: yes
configure:3401: checking whether gcc accepts -g
configure:3431: gcc -c -g  conftest.c >&5
configure:3438: $? = 0
configure:3539: result: yes
configure:3556: checking for gcc option to accept ISO C89
configure:3630: gcc  -c -g -O2 -Wall  conftest.c >&5
configure:3637: $? = 0
configure:3660: result: none needed
configure:3680: checking dependency style of gcc
configure:3790: result: gcc3
configure:3806: checking for library containing strerror
configure:3847: gcc -o conftest -g -O2 -Wall   conftest.c  >&5
configure:3854: $? = 0
configure:3885: result: none required
configure:3941: checking for gcc
configure:3968: result: gcc
configure:4206: checking for C compiler version
configure:4214: gcc --version >&5
gcc (GCC) 4.3.2 20081105 (Red Hat 4.3.2-7)
Copyright (C) 2008 Free Software Foundation, Inc.
This is free software; see the source for copying conditions.  There is NO
warranty; not even for MERCHANTABILITY or FITNESS FOR A PARTICULAR PURPOSE.

configure:4218: $? = 0
configure:4225: gcc -v >&5
Using built-in specs.
Target: x86_64-redhat-linux
Configured with: ../configure --prefix=/usr --mandir=/usr/share/man --infodir=/usr/share/info --with-bugurl=http://bugzilla.redhat.com/bugzilla --enable-bootstrap --enable-shared --enable-threads=posix --enable-checking=release --with-system-zlib --enable-__cxa_atexit --disable-libunwind-exceptions --enable-languages=c,c++,objc,obj-c++,java,fortran,ada --enable-java-awt=gtk --disable-dssi --enable-plugin --with-java-home=/usr/lib/jvm/java-1.5.0-gcj-1.5.0.0/jre --enable-libgcj-multifile --enable-java-maintainer-mode --with-ecj-jar=/usr/share/java/eclipse-ecj.jar --disable-libjava-multilib --with-cpu=generic --build=x86_64-redhat-linux
Thread model: posix
gcc version 4.3.2 20081105 (Red Hat 4.3.2-7) (GCC) 
configure:4229: $? = 0
configure:4236: gcc -V >&5
gcc: '-V' option must have argument
configure:4240: $? = 1
configure:4243: checking whether we are using the GNU C compiler
configure:4296: result: yes
configure:4305: checking whether gcc accepts -g
configure:4443: result: yes
configure:4460: checking for gcc option to accept ISO C89
configure:4564: result: none needed
configure:4584: checking dependency style of gcc
configure:4694: result: gcc3
configure:4757: checking for gcc
configure:4784: result: gcc
configure:5022: checking for C compiler version
configure:5030: gcc --version >&5
gcc (GCC) 4.3.2 20081105 (Red Hat 4.3.2-7)
Copyright (C) 2008 Free Software Foundation, Inc.
This is free software; see the source for copying conditions.  There is NO
warranty; not even for MERCHANTABILITY or FITNESS FOR A PARTICULAR PURPOSE.

configure:5034: $? = 0
configure:5041: gcc -v >&5
Using built-in specs.
Target: x86_64-redhat-linux
Configured with: ../configure --prefix=/usr --mandir=/usr/share/man --infodir=/usr/share/info --with-bugurl=http://bugzilla.redhat.com/bugzilla --enable-bootstrap --enable-shared --enable-threads=posix --enable-checking=release --with-system-zlib --enable-__cxa_atexit --disable-libunwind-exceptions --enable-languages=c,c++,objc,obj-c++,java,fortran,ada --enable-java-awt=gtk --disable-dssi --enable-plugin --with-java-home=/usr/lib/jvm/java-1.5.0-gcj-1.5.0.0/jre --enable-libgcj-multifile --enable-java-maintainer-mode --with-ecj-jar=/usr/share/java/eclipse-ecj.jar --disable-libjava-multilib --with-cpu=generic --build=x86_64-redhat-linux
Thread model: posix
gcc version 4.3.2 20081105 (Red Hat 4.3.2-7) (GCC) 
configure:5045: $? = 0
configure:5052: gcc -V >&5
gcc: '-V' option must have argument
configure:5056: $? = 1
configure:5059: checking whether we are using the GNU C compiler
configure:5112: result: yes
configure:5121: checking whether gcc accepts -g
configure:5259: result: yes
configure:5276: checking for gcc option to accept ISO C89
configure:5380: result: none needed
configure:5400: checking dependency style of gcc
configure:5510: result: gcc3
configure:5534: checking for bison
configure:5550: found /usr/bin/bison
configure:5561: result: bison -y
configure:5578: checking how to run the C preprocessor
configure:5618: gcc -E  conftest.c
configure:5625: $? = 0
configure:5656: gcc -E  conftest.c
conftest.c:8:28: error: ac_nonexistent.h: No such file or directory
configure:5663: $? = 1
configure: failed program was:
| /* confdefs.h.  */
| #define PACKAGE_NAME "sphinxbase"
| #define PACKAGE_TARNAME "sphinxbase"
| #define PACKAGE_VERSION "0.6"
| #define PACKAGE_STRING "sphinxbase 0.6"
| #define PACKAGE_BUGREPORT ""
| /* end confdefs.h.  */
| #include <ac_nonexistent.h>
configure:5696: result: gcc -E
configure:5725: gcc -E  conftest.c
configure:5732: $? = 0
configure:5763: gcc -E  conftest.c
conftest.c:8:28: error: ac_nonexistent.h: No such file or directory
configure:5770: $? = 1
configure: failed program was:
| /* confdefs.h.  */
| #define PACKAGE_NAME "sphinxbase"
| #define PACKAGE_TARNAME "sphinxbase"
| #define PACKAGE_VERSION "0.6"
| #define PACKAGE_STRING "sphinxbase 0.6"
| #define PACKAGE_BUGREPORT ""
| /* end confdefs.h.  */
| #include <ac_nonexistent.h>
configure:5808: checking for grep that handles long lines and -e
configure:5868: result: /bin/grep
configure:5873: checking for egrep
configure:5937: result: /bin/grep -E
configure:5942: checking for ANSI C header files
configure:5972: gcc -c -g -O2 -Wall  conftest.c >&5
configure:5979: $? = 0
configure:6078: gcc -o conftest -g -O2 -Wall   conftest.c  >&5
configure:6082: $? = 0
configure:6088: ./conftest
configure:6092: $? = 0
configure:6110: result: yes
configure:6134: checking for sys/types.h
configure:6155: gcc -c -g -O2 -Wall  conftest.c >&5
configure:6162: $? = 0
configure:6179: result: yes
configure:6134: checking for sys/stat.h
configure:6155: gcc -c -g -O2 -Wall  conftest.c >&5
configure:6162: $? = 0
configure:6179: result: yes
configure:6134: checking for stdlib.h
configure:6155: gcc -c -g -O2 -Wall  conftest.c >&5
configure:6162: $? = 0
configure:6179: result: yes
configure:6134: checking for string.h
configure:6155: gcc -c -g -O2 -Wall  conftest.c >&5
configure:6162: $? = 0
configure:6179: result: yes
configure:6134: checking for memory.h
configure:6155: gcc -c -g -O2 -Wall  conftest.c >&5
configure:6162: $? = 0
configure:6179: result: yes
configure:6134: checking for strings.h
configure:6155: gcc -c -g -O2 -Wall  conftest.c >&5
configure:6162: $? = 0
configure:6179: result: yes
configure:6134: checking for inttypes.h
configure:6155: gcc -c -g -O2 -Wall  conftest.c >&5
configure:6162: $? = 0
configure:6179: result: yes
configure:6134: checking for stdint.h
configure:6155: gcc -c -g -O2 -Wall  conftest.c >&5
configure:6162: $? = 0
configure:6179: result: yes
configure:6134: checking for unistd.h
configure:6155: gcc -c -g -O2 -Wall  conftest.c >&5
configure:6162: $? = 0
configure:6179: result: yes
configure:6193: checking whether byte ordering is bigendian
configure:6218: gcc -c -g -O2 -Wall  conftest.c >&5
conftest.c:19: error: expected '=', ',', ';', 'asm' or '__attribute__' before 'is'
configure:6225: $? = 1
configure: failed program was:
| /* confdefs.h.  */
| #define PACKAGE_NAME "sphinxbase"
| #define PACKAGE_TARNAME "sphinxbase"
| #define PACKAGE_VERSION "0.6"
| #define PACKAGE_STRING "sphinxbase 0.6"
| #define PACKAGE_BUGREPORT ""
| #define STDC_HEADERS 1
| #define HAVE_SYS_TYPES_H 1
| #define HAVE_SYS_STAT_H 1
| #define HAVE_STDLIB_H 1
| #define HAVE_STRING_H 1
| #define HAVE_MEMORY_H 1
| #define HAVE_STRINGS_H 1
| #define HAVE_INTTYPES_H 1
| #define HAVE_STDINT_H 1
| #define HAVE_UNISTD_H 1
| /* end confdefs.h.  */
| #if ! (defined __BIG_ENDIAN__ || defined __LITTLE_ENDIAN__)
| 	       neither is defined;
| 	     #endif
| 	     typedef int dummy;
| 
configure:6269: gcc -c -g -O2 -Wall  conftest.c >&5
configure:6276: $? = 0
configure:6308: gcc -c -g -O2 -Wall  conftest.c >&5
conftest.c: In function 'main':
conftest.c:25: error: 'not' undeclared (first use in this function)
conftest.c:25: error: (Each undeclared identifier is reported only once
conftest.c:25: error: for each function it appears in.)
conftest.c:25: error: expected ';' before 'big'
configure:6315: $? = 1
configure: failed program was:
| /* confdefs.h.  */
| #define PACKAGE_NAME "sphinxbase"
| #define PACKAGE_TARNAME "sphinxbase"
| #define PACKAGE_VERSION "0.6"
| #define PACKAGE_STRING "sphinxbase 0.6"
| #define PACKAGE_BUGREPORT ""
| #define STDC_HEADERS 1
| #define HAVE_SYS_TYPES_H 1
| #define HAVE_SYS_STAT_H 1
| #define HAVE_STDLIB_H 1
| #define HAVE_STRING_H 1
| #define HAVE_MEMORY_H 1
| #define HAVE_STRINGS_H 1
| #define HAVE_INTTYPES_H 1
| #define HAVE_STDINT_H 1
| #define HAVE_UNISTD_H 1
| /* end confdefs.h.  */
| #include <sys/types.h>
| 		#include <sys/param.h>
| 
| int
| main ()
| {
| #if BYTE_ORDER != BIG_ENDIAN
| 		 not big endian
| 		#endif
| 
|   ;
|   return 0;
| }
configure:6567: result: no
configure:6587: checking return type of signal handlers
configure:6615: gcc -c -g -O2 -Wall  conftest.c >&5
conftest.c: In function 'main':
conftest.c:24: error: void value not ignored as it ought to be
configure:6622: $? = 1
configure: failed program was:
| /* confdefs.h.  */
| #define PACKAGE_NAME "sphinxbase"
| #define PACKAGE_TARNAME "sphinxbase"
| #define PACKAGE_VERSION "0.6"
| #define PACKAGE_STRING "sphinxbase 0.6"
| #define PACKAGE_BUGREPORT ""
| #define STDC_HEADERS 1
| #define HAVE_SYS_TYPES_H 1
| #define HAVE_SYS_STAT_H 1
| #define HAVE_STDLIB_H 1
| #define HAVE_STRING_H 1
| #define HAVE_MEMORY_H 1
| #define HAVE_STRINGS_H 1
| #define HAVE_INTTYPES_H 1
| #define HAVE_STDINT_H 1
| #define HAVE_UNISTD_H 1
| /* end confdefs.h.  */
| #include <sys/types.h>
| #include <signal.h>
| 
| int
| main ()
| {
| return *(signal (0, 0)) (0) == 1;
|   ;
|   return 0;
| }
configure:6637: result: void
configure:6645: checking for long long
configure:6673: gcc -c -g -O2 -Wall  conftest.c >&5
configure:6680: $? = 0
configure:6707: gcc -c -g -O2 -Wall  conftest.c >&5
conftest.c: In function 'main':
conftest.c:55: error: expected expression before ')' token
configure:6714: $? = 1
configure: failed program was:
| /* confdefs.h.  */
| #define PACKAGE_NAME "sphinxbase"
| #define PACKAGE_TARNAME "sphinxbase"
| #define PACKAGE_VERSION "0.6"
| #define PACKAGE_STRING "sphinxbase 0.6"
| #define PACKAGE_BUGREPORT ""
| #define STDC_HEADERS 1
| #define HAVE_SYS_TYPES_H 1
| #define HAVE_SYS_STAT_H 1
| #define HAVE_STDLIB_H 1
| #define HAVE_STRING_H 1
| #define HAVE_MEMORY_H 1
| #define HAVE_STRINGS_H 1
| #define HAVE_INTTYPES_H 1
| #define HAVE_STDINT_H 1
| #define HAVE_UNISTD_H 1
| #define RETSIGTYPE void
| /* end confdefs.h.  */
| #include <stdio.h>
| #ifdef HAVE_SYS_TYPES_H
| # include <sys/types.h>
| #endif
| #ifdef HAVE_SYS_STAT_H
| # include <sys/stat.h>
| #endif
| #ifdef STDC_HEADERS
| # include <stdlib.h>
| # include <stddef.h>
| #else
| # ifdef HAVE_STDLIB_H
| #  include <stdlib.h>
| # endif
| #endif
| #ifdef HAVE_STRING_H
| # if !defined STDC_HEADERS && defined HAVE_MEMORY_H
| #  include <memory.h>
| # endif
| # include <string.h>
| #endif
| #ifdef HAVE_STRINGS_H
| # include <strings.h>
| #endif
| #ifdef HAVE_INTTYPES_H
| # include <inttypes.h>
| #endif
| #ifdef HAVE_STDINT_H
| # include <stdint.h>
| #endif
| #ifdef HAVE_UNISTD_H
| # include <unistd.h>
| #endif
| int
| main ()
| {
| if (sizeof ((long long)))
| 	  return 0;
|   ;
|   return 0;
| }
configure:6737: result: yes
configure:6752: checking size of long long
configure:7055: gcc -o conftest -g -O2 -Wall   conftest.c  >&5
configure:7059: $? = 0
configure:7065: ./conftest
configure:7069: $? = 0
configure:7093: result: 8
configure:7107: checking size of long
configure:7410: gcc -o conftest -g -O2 -Wall   conftest.c  >&5
configure:7414: $? = 0
configure:7420: ./conftest
configure:7424: $? = 0
configure:7448: result: 8
configure:7464: checking for popen
configure:7520: gcc -o conftest -g -O2 -Wall   conftest.c  >&5
configure:7527: $? = 0
configure:7549: result: yes
configure:7464: checking for perror
configure:7520: gcc -o conftest -g -O2 -Wall   conftest.c  >&5
configure:7527: $? = 0
configure:7549: result: yes
configure:7464: checking for snprintf
configure:7520: gcc -o conftest -g -O2 -Wall   conftest.c  >&5
conftest.c:47: warning: conflicting types for built-in function 'snprintf'
configure:7527: $? = 0
configure:7549: result: yes
configure:7570: checking errno.h usability
configure:7587: gcc -c -g -O2 -Wall  conftest.c >&5
configure:7594: $? = 0
configure:7608: result: yes
configure:7612: checking errno.h presence
configure:7627: gcc -E  conftest.c
configure:7634: $? = 0
configure:7648: result: yes
configure:7676: checking for errno.h
configure:7683: result: yes
configure:7729: checking for ld used by GCC
configure:7793: result: /usr/bin/ld
configure:7802: checking if the linker (/usr/bin/ld) is GNU ld
configure:7815: result: yes
configure:7822: checking for shared library run path origin
configure:7835: result: done
configure:8299: checking for iconv
configure:8331: gcc -o conftest -g -O2 -Wall   conftest.c  >&5
configure:8338: $? = 0
configure:8415: result: yes
configure:8438: checking for iconv declaration
configure:8477: gcc -c -g -O2 -Wall  conftest.c >&5
configure:8484: $? = 0
configure:8503: result: 
         extern size_t iconv (iconv_t cd, char * *inbuf, size_t *inbytesleft, char * *outbuf, size_t *outbytesleft);
configure:8528: checking for sgesv_ in -llapack
configure:8563: gcc -o conftest -g -O2 -Wall   conftest.c -llapack   >&5
/usr/bin/ld: cannot find -llapack
collect2: ld returned 1 exit status
configure:8570: $? = 1
configure: failed program was:
| /* confdefs.h.  */
| #define PACKAGE_NAME "sphinxbase"
| #define PACKAGE_TARNAME "sphinxbase"
| #define PACKAGE_VERSION "0.6"
| #define PACKAGE_STRING "sphinxbase 0.6"
| #define PACKAGE_BUGREPORT ""
| #define STDC_HEADERS 1
| #define HAVE_SYS_TYPES_H 1
| #define HAVE_SYS_STAT_H 1
| #define HAVE_STDLIB_H 1
| #define HAVE_STRING_H 1
| #define HAVE_MEMORY_H 1
| #define HAVE_STRINGS_H 1
| #define HAVE_INTTYPES_H 1
| #define HAVE_STDINT_H 1
| #define HAVE_UNISTD_H 1
| #define RETSIGTYPE void
| #define HAVE_LONG_LONG 1
| #define SIZEOF_LONG_LONG 8
| #define SIZEOF_LONG 8
| #define HAVE_POPEN 1
| #define HAVE_PERROR 1
| #define HAVE_SNPRINTF 1
| #define HAVE_ICONV 1
| #define ICONV_CONST 
| /* end confdefs.h.  */
| 
| /* Override any GCC internal prototype to avoid an error.
|    Use char because int might match the return type of a GCC
|    builtin and then its argument prototype would still apply.  */
| #ifdef __cplusplus
| extern "C"
| #endif
| char sgesv_ ();
| int
| main ()
| {
| return sgesv_ ();
|   ;
|   return 0;
| }
configure:8591: result: no
configure:8707: checking for log in -lm
configure:8742: gcc -o conftest -g -O2 -Wall   conftest.c -lm   >&5
conftest.c:35: warning: conflicting types for built-in function 'log'
configure:8749: $? = 0
configure:8770: result: yes
configure:8815: checking pthread.h usability
configure:8832: gcc -c -g -O2 -Wall  conftest.c >&5
configure:8839: $? = 0
configure:8853: result: yes
configure:8857: checking pthread.h presence
configure:8872: gcc -E  conftest.c
configure:8879: $? = 0
configure:8893: result: yes
configure:8921: checking for pthread.h
configure:8930: result: yes
configure:8945: checking for pthread_create in -lpthread
configure:8980: gcc -o conftest -g -O2 -Wall   conftest.c -lpthread  -lm  >&5
configure:8987: $? = 0
configure:9008: result: yes
configure:9124: checking alsa/asoundlib.h usability
configure:9141: gcc -c -g -O2 -Wall  conftest.c >&5
configure:9148: $? = 0
configure:9162: result: yes
configure:9166: checking alsa/asoundlib.h presence
configure:9181: gcc -E  conftest.c
configure:9188: $? = 0
configure:9202: result: yes
configure:9230: checking for alsa/asoundlib.h
configure:9237: result: yes
configure:9251: checking for snd_pcm_open in -lasound
configure:9286: gcc -o conftest -g -O2 -Wall   conftest.c -lasound  -lpthread -lm  >&5
configure:9293: $? = 0
configure:9314: result: yes
configure:9422: checking for a sed that does not truncate output
configure:9488: result: /bin/sed
configure:9506: checking for fgrep
configure:9570: result: /bin/grep -F
configure:9605: checking for ld used by gcc
configure:9672: result: /usr/bin/ld
configure:9681: checking if the linker (/usr/bin/ld) is GNU ld
configure:9696: result: yes
configure:9708: checking for BSD- or MS-compatible name lister (nm)
configure:9757: result: /usr/bin/nm -B
configure:9879: checking the name lister (/usr/bin/nm -B) interface
configure:9886: gcc -c -g -O2 -Wall  conftest.c >&5
configure:9889: /usr/bin/nm -B "conftest.o"
configure:9892: output
0000000000000000 B some_variable
configure:9899: result: BSD nm
configure:9902: checking whether ln -s works
configure:9906: result: yes
configure:9914: checking the maximum length of command line arguments
configure:10034: result: 1572864
configure:10051: checking whether the shell understands some XSI constructs
configure:10061: result: yes
configure:10065: checking whether the shell understands "+="
configure:10071: result: yes
configure:10106: checking for /usr/bin/ld option to reload object files
configure:10113: result: -r
configure:10182: checking for objdump
configure:10198: found /usr/bin/objdump
configure:10209: result: objdump
configure:10245: checking how to recognize dependent libraries
configure:10441: result: pass_all
configure:10501: checking for ar
configure:10517: found /usr/bin/ar
configure:10528: result: ar
configure:10610: checking for strip
configure:10626: found /usr/bin/strip
configure:10637: result: strip
configure:10713: checking for ranlib
configure:10729: found /usr/bin/ranlib
configure:10740: result: ranlib
configure:10834: checking command to parse /usr/bin/nm -B output from gcc object
configure:10952: gcc -c -g -O2 -Wall  conftest.c >&5
configure:10955: $? = 0
configure:10959: /usr/bin/nm -B conftest.o \| sed -n -e 's/^.*[	 ]\([ABCDGIRSTW][ABCDGIRSTW]*\)[	 ][	 ]*\([_A-Za-z][_A-Za-z0-9]*\)$/\1 \2 \2/p' \> conftest.nm
configure:10962: $? = 0
configure:11016: gcc -o conftest -g -O2 -Wall   conftest.c conftstm.o >&5
configure:11019: $? = 0
configure:11057: result: ok
configure:11152: gcc -c -g -O2 -Wall  conftest.c >&5
configure:11155: $? = 0
configure:11942: checking for dlfcn.h
configure:11963: gcc -c -g -O2 -Wall  conftest.c >&5
configure:11970: $? = 0
configure:11987: result: yes
configure:12172: checking for objdir
configure:12187: result: .libs
configure:12483: checking if gcc supports -fno-rtti -fno-exceptions
configure:12501: gcc -c -g -O2 -Wall  -fno-rtti -fno-exceptions conftest.c >&5
cc1: warning: command line option "-fno-rtti" is valid for C++/ObjC++ but not for C
cc1: warning: command line option "-fno-rtti" is valid for C++/ObjC++ but not for C
configure:12505: $? = 0
configure:12518: result: no
configure:12538: checking for gcc option to produce PIC
configure:12810: result: -fPIC -DPIC
configure:12822: checking if gcc PIC flag -fPIC -DPIC works
configure:12840: gcc -c -g -O2 -Wall  -fPIC -DPIC -DPIC conftest.c >&5
configure:12844: $? = 0
configure:12857: result: yes
configure:12881: checking if gcc static flag -static works
configure:12909: result: no
configure:12924: checking if gcc supports -c -o file.o
configure:12945: gcc -c -g -O2 -Wall  -o out/conftest2.o conftest.c >&5
configure:12949: $? = 0
configure:12971: result: yes
configure:12979: checking if gcc supports -c -o file.o
configure:13026: result: yes
configure:13059: checking whether the gcc linker (/usr/bin/ld -m elf_x86_64) supports shared libraries
configure:14137: result: yes
configure:14174: checking whether -lc should be explicitly linked in
configure:14179: gcc -c -g -O2 -Wall  conftest.c >&5
configure:14182: $? = 0
configure:14197: gcc -shared conftest.o  -v -Wl,-soname -Wl,conftest -o conftest 2\>\&1 \| /bin/grep  -lc  \>/dev/null 2\>\&1
configure:14200: $? = 0
configure:14212: result: no
configure:14376: checking dynamic linker characteristics
configure:14819: gcc -o conftest -g -O2 -Wall   -Wl,-rpath -Wl,/foo conftest.c -lasound -lpthread -lm  >&5
configure:14826: $? = 0
configure:15071: result: GNU/Linux ld.so
configure:15173: checking how to hardcode library paths into programs
configure:15198: result: immediate
configure:16031: checking whether stripping libraries is possible
configure:16036: result: yes
configure:16071: checking if libtool supports shared libraries
configure:16073: result: yes
configure:16076: checking whether to build shared libraries
configure:16097: result: yes
configure:16100: checking whether to build static libraries
configure:16104: result: yes
configure:16142: checking for doxygen
configure:16158: found /usr/bin/doxygen
configure:16170: result: yes
configure:16212: checking for python
configure:16230: found /usr/bin/python
configure:16243: result: /usr/bin/python
configure:16253: checking for python-config
configure:16271: found /usr/cs/bin/python-config
configure:16284: result: /usr/cs/bin/python-config
configure:16306: checking Python.h usability
configure:16323: gcc -c -g -O2 -Wall  -I/usr/cs/include/python2.6 -I/usr/cs/include/python2.6 conftest.c >&5
configure:16330: $? = 0
configure:16344: result: yes
configure:16348: checking Python.h presence
configure:16363: gcc -E  -I/usr/cs/include/python2.6 -I/usr/cs/include/python2.6 conftest.c
configure:16370: $? = 0
configure:16384: result: yes
configure:16412: checking for Python.h
configure:16419: result: yes
configure:16451: checking for cython
configure:16479: result: no
configure:16687: creating ./config.status

## ---------------- ##
## Cache variables. ##
## ---------------- ##

ac_cv_build=x86_64-unknown-linux-gnu
ac_cv_c_bigendian=no
ac_cv_c_compiler_gnu=yes
ac_cv_env_CC_set=
ac_cv_env_CC_value=
ac_cv_env_CFLAGS_set=
ac_cv_env_CFLAGS_value=
ac_cv_env_CPPFLAGS_set=
ac_cv_env_CPPFLAGS_value=
ac_cv_env_CPP_set=
ac_cv_env_CPP_value=
ac_cv_env_LDFLAGS_set=
ac_cv_env_LDFLAGS_value=
ac_cv_env_LIBS_set=
ac_cv_env_LIBS_value=
ac_cv_env_YACC_set=
ac_cv_env_YACC_value=
ac_cv_env_YFLAGS_set=
ac_cv_env_YFLAGS_value=
ac_cv_env_build_alias_set=
ac_cv_env_build_alias_value=
ac_cv_env_host_alias_set=
ac_cv_env_host_alias_value=
ac_cv_env_target_alias_set=
ac_cv_env_target_alias_value=
ac_cv_func_perror=yes
ac_cv_func_popen=yes
ac_cv_func_snprintf=yes
ac_cv_header_Python_h=yes
ac_cv_header_alsa_asoundlib_h=yes
ac_cv_header_dlfcn_h=yes
ac_cv_header_errno_h=yes
ac_cv_header_inttypes_h=yes
ac_cv_header_memory_h=yes
ac_cv_header_pthread_h=yes
ac_cv_header_stdc=yes
ac_cv_header_stdint_h=yes
ac_cv_header_stdlib_h=yes
ac_cv_header_string_h=yes
ac_cv_header_strings_h=yes
ac_cv_header_sys_stat_h=yes
ac_cv_header_sys_types_h=yes
ac_cv_header_unistd_h=yes
ac_cv_host=x86_64-unknown-linux-gnu
ac_cv_lib_asound_snd_pcm_open=yes
ac_cv_lib_lapack_sgesv_=no
ac_cv_lib_m_log=yes
ac_cv_lib_pthread_pthread_create=yes
ac_cv_objext=o
ac_cv_path_EGREP='/bin/grep -E'
ac_cv_path_FGREP='/bin/grep -F'
ac_cv_path_GREP=/bin/grep
ac_cv_path_PYTHON=/usr/bin/python
ac_cv_path_PYTHON_CONFIG=/usr/cs/bin/python-config
ac_cv_path_SED=/bin/sed
ac_cv_path_install='/usr/bin/install -c'
ac_cv_path_mkdir=/bin/mkdir
ac_cv_prog_AWK=gawk
ac_cv_prog_CPP='gcc -E'
ac_cv_prog_HAVE_CYTHON=no
ac_cv_prog_HAVE_DOXYGEN=yes
ac_cv_prog_YACC='bison -y'
ac_cv_prog_ac_ct_AR=ar
ac_cv_prog_ac_ct_CC=gcc
ac_cv_prog_ac_ct_OBJDUMP=objdump
ac_cv_prog_ac_ct_RANLIB=ranlib
ac_cv_prog_ac_ct_STRIP=strip
ac_cv_prog_cc_c89=
ac_cv_prog_cc_g=yes
ac_cv_prog_make_make_set=yes
ac_cv_search_strerror='none required'
ac_cv_sizeof_long=8
ac_cv_sizeof_long_long=8
ac_cv_type_long_long=yes
ac_cv_type_signal=void
acl_cv_hardcode_direct=no
acl_cv_hardcode_libdir_flag_spec='${wl}-rpath ${wl}$libdir'
acl_cv_hardcode_libdir_separator=
acl_cv_hardcode_minus_L=no
acl_cv_libext=a
acl_cv_path_LD=/usr/bin/ld
acl_cv_prog_gnu_ld=yes
acl_cv_rpath=done
acl_cv_shlibext=so
acl_cv_wl=-Wl,
am_cv_CC_dependencies_compiler_type=gcc3
am_cv_func_iconv=yes
am_cv_lib_iconv=no
am_cv_prog_cc_stdc=
am_cv_proto_iconv='extern size_t iconv (iconv_t cd, char * *inbuf, size_t *inbytesleft, char * *outbuf, size_t *outbytesleft);'
am_cv_proto_iconv_arg1=
lt_cv_deplibs_check_method=pass_all
lt_cv_file_magic_cmd='$MAGIC_CMD'
lt_cv_file_magic_test_file=
lt_cv_ld_reload_flag=-r
lt_cv_nm_interface='BSD nm'
lt_cv_objdir=.libs
lt_cv_path_LD=/usr/bin/ld
lt_cv_path_NM='/usr/bin/nm -B'
lt_cv_prog_compiler_c_o=yes
lt_cv_prog_compiler_pic_works=yes
lt_cv_prog_compiler_rtti_exceptions=no
lt_cv_prog_compiler_static_works=no
lt_cv_prog_gnu_ld=yes
lt_cv_sys_global_symbol_pipe='sed -n -e '\''s/^.*[	 ]\([ABCDGIRSTW][ABCDGIRSTW]*\)[	 ][	 ]*\([_A-Za-z][_A-Za-z0-9]*\)$/\1 \2 \2/p'\'''
lt_cv_sys_global_symbol_to_c_name_address='sed -n -e '\''s/^: \([^ ]*\) $/  {\"\1\", (void *) 0},/p'\'' -e '\''s/^[ABCDGIRSTW]* \([^ ]*\) \([^ ]*\)$/  {"\2", (void *) \&\2},/p'\'''
lt_cv_sys_global_symbol_to_c_name_address_lib_prefix='sed -n -e '\''s/^: \([^ ]*\) $/  {\"\1\", (void *) 0},/p'\'' -e '\''s/^[ABCDGIRSTW]* \([^ ]*\) \(lib[^ ]*\)$/  {"\2", (void *) \&\2},/p'\'' -e '\''s/^[ABCDGIRSTW]* \([^ ]*\) \([^ ]*\)$/  {"lib\2", (void *) \&\2},/p'\'''
lt_cv_sys_global_symbol_to_cdecl='sed -n -e '\''s/^T .* \(.*\)$/extern int \1();/p'\'' -e '\''s/^[ABCDGIRSTW]* .* \(.*\)$/extern char \1;/p'\'''
lt_cv_sys_max_cmd_len=1572864

## ----------------- ##
## Output variables. ##
## ----------------- ##

ACLOCAL='${SHELL} /home/rsingh/work/genietrain/sphinx.opensource.26may10/sphinxbase-0.6/missing --run aclocal-1.11'
AMDEPBACKSLASH='\'
AMDEP_FALSE='#'
AMDEP_TRUE=''
AMTAR='${SHELL} /home/rsingh/work/genietrain/sphinx.opensource.26may10/sphinxbase-0.6/missing --run tar'
AR='ar'
AUTOCONF='${SHELL} /home/rsingh/work/genietrain/sphinx.opensource.26may10/sphinxbase-0.6/missing --run autoconf'
AUTOHEADER='${SHELL} /home/rsingh/work/genietrain/sphinx.opensource.26may10/sphinxbase-0.6/missing --run autoheader'
AUTOMAKE='${SHELL} /home/rsingh/work/genietrain/sphinx.opensource.26may10/sphinxbase-0.6/missing --run automake-1.11'
AWK='gawk'
BUILD_CYTHON_FALSE=''
BUILD_CYTHON_TRUE='#'
BUILD_DOXYGEN_FALSE='#'
BUILD_DOXYGEN_TRUE=''
BUILD_PYTHON_FALSE='#'
BUILD_PYTHON_TRUE=''
CC='gcc'
CCDEPMODE='depmode=gcc3'
CFLAGS='-g -O2 -Wall'
CPP='gcc -E'
CPPFLAGS=' -I/usr/cs/include/python2.6 -I/usr/cs/include/python2.6'
CYGPATH_W='echo'
DEFS='-DHAVE_CONFIG_H'
DEPDIR='.deps'
DSYMUTIL=''
DUMPBIN=''
ECHO_C=''
ECHO_N='-n'
ECHO_T=''
EGREP='/bin/grep -E'
EXEEXT=''
FGREP='/bin/grep -F'
FIXED_POINT_FALSE=''
FIXED_POINT_TRUE='#'
GREP='/bin/grep'
HAVE_CYTHON='no'
HAVE_DOXYGEN='yes'
INSTALL_DATA='${INSTALL} -m 644'
INSTALL_PROGRAM='${INSTALL}'
INSTALL_SCRIPT='${INSTALL}'
INSTALL_STRIP_PROGRAM='$(install_sh) -c -s'
LAPACK_LITE_FALSE='#'
LAPACK_LITE_TRUE=''
LD='/usr/bin/ld -m elf_x86_64'
LDFLAGS=''
LIBICONV=''
LIBOBJS=''
LIBS='-lasound -lpthread -lm '
LIBTOOL='$(SHELL) $(top_builddir)/libtool'
LIPO=''
LN_S='ln -s'
LTLIBICONV=''
LTLIBOBJS=''
MAKEINFO='${SHELL} /home/rsingh/work/genietrain/sphinx.opensource.26may10/sphinxbase-0.6/missing --run makeinfo'
MKDIR_P='/bin/mkdir -p'
NM='/usr/bin/nm -B'
NMEDIT=''
OBJDUMP='objdump'
OBJEXT='o'
OTOOL64=''
OTOOL=''
PACKAGE='sphinxbase'
PACKAGE_BUGREPORT=''
PACKAGE_NAME='sphinxbase'
PACKAGE_STRING='sphinxbase 0.6'
PACKAGE_TARNAME='sphinxbase'
PACKAGE_VERSION='0.6'
PATH_SEPARATOR=':'
PYTHON='/usr/bin/python'
PYTHON_CONFIG='/usr/cs/bin/python-config'
RANLIB='ranlib'
SED='/bin/sed'
SET_MAKE=''
SHELL='/bin/sh'
STRIP='strip'
USE_LAPACK_FALSE='#'
USE_LAPACK_TRUE=''
USE_THREADS_FALSE='#'
USE_THREADS_TRUE=''
VERSION='0.6'
YACC='bison -y'
YFLAGS=''
ac_ct_CC='gcc'
ac_ct_DUMPBIN=''
ad_backend='AD_BACKEND_ALSA'
ad_files='ad_alsa.lo'
ad_libs=''
am__EXEEXT_FALSE=''
am__EXEEXT_TRUE='#'
am__fastdepCC_FALSE='#'
am__fastdepCC_TRUE=''
am__include='include'
am__isrc=''
am__leading_dot='.'
am__quote=''
am__tar='${AMTAR} chof - "$$tardir"'
am__untar='${AMTAR} xf -'
bindir='${exec_prefix}/bin'
build='x86_64-unknown-linux-gnu'
build_alias=''
build_cpu='x86_64'
build_os='linux-gnu'
build_vendor='unknown'
datadir='${datarootdir}'
datarootdir='${prefix}/share'
docdir='${datarootdir}/doc/${PACKAGE_TARNAME}'
dvidir='${docdir}'
exec_prefix='${prefix}'
host='x86_64-unknown-linux-gnu'
host_alias=''
host_cpu='x86_64'
host_os='linux-gnu'
host_vendor='unknown'
htmldir='${docdir}'
includedir='${prefix}/include'
infodir='${datarootdir}/info'
install_sh='${SHELL} /home/rsingh/work/genietrain/sphinx.opensource.26may10/sphinxbase-0.6/install-sh'
libdir='${exec_prefix}/lib'
libexecdir='${exec_prefix}/libexec'
localedir='${datarootdir}/locale'
localstatedir='${prefix}/var'
lt_ECHO='echo'
mandir='${datarootdir}/man'
mkdir_p='/bin/mkdir -p'
oldincludedir='/usr/include'
pdfdir='${docdir}'
prefix='/usr0/home/rsingh/work/genietrain/sphinx.opensource.26may10'
program_transform_name='s,x,x,'
psdir='${docdir}'
sbindir='${exec_prefix}/sbin'
sharedstatedir='${prefix}/com'
sysconfdir='${prefix}/etc'
target_alias=''

## ----------- ##
## confdefs.h. ##
## ----------- ##

#define PACKAGE_NAME "sphinxbase"
#define PACKAGE_TARNAME "sphinxbase"
#define PACKAGE_VERSION "0.6"
#define PACKAGE_STRING "sphinxbase 0.6"
#define PACKAGE_BUGREPORT ""
#define STDC_HEADERS 1
#define HAVE_SYS_TYPES_H 1
#define HAVE_SYS_STAT_H 1
#define HAVE_STDLIB_H 1
#define HAVE_STRING_H 1
#define HAVE_MEMORY_H 1
#define HAVE_STRINGS_H 1
#define HAVE_INTTYPES_H 1
#define HAVE_STDINT_H 1
#define HAVE_UNISTD_H 1
#define RETSIGTYPE void
#define HAVE_LONG_LONG 1
#define SIZEOF_LONG_LONG 8
#define SIZEOF_LONG 8
#define HAVE_POPEN 1
#define HAVE_PERROR 1
#define HAVE_SNPRINTF 1
#define HAVE_ICONV 1
#define ICONV_CONST 
#define WITH_LAPACK /**/
#define HAVE_LIBM 1
#define HAVE_PTHREAD_H 1
#define HAVE_LIBPTHREAD 1
#define ENABLE_THREADS /**/
#define AD_BACKEND_ALSA /**/
#define HAVE_LIBASOUND 1
#define HAVE_DLFCN_H 1
#define LT_OBJDIR ".libs/"

configure: exit 0

## ---------------------- ##
## Running config.status. ##
## ---------------------- ##

This file was extended by sphinxbase config.status 0.6, which was
generated by GNU Autoconf 2.62.  Invocation command line was

  CONFIG_FILES    = 
  CONFIG_HEADERS  = 
  CONFIG_LINKS    = 
  CONFIG_COMMANDS = 
  $ ./config.status 

on genie.mlsp.cs.cmu.edu

config.status:1060: creating sphinxbase.pc
config.status:1060: creating Makefile
config.status:1060: creating include/Makefile
config.status:1060: creating python/Makefile
config.status:1060: creating python/setup.py
config.status:1060: creating src/Makefile
config.status:1060: creating src/libsphinxad/Makefile
config.status:1060: creating src/libsphinxbase/Makefile
config.status:1060: creating src/libsphinxbase/util/Makefile
config.status:1060: creating src/libsphinxbase/feat/Makefile
config.status:1060: creating src/libsphinxbase/fe/Makefile
config.status:1060: creating src/libsphinxbase/lm/Makefile
config.status:1060: creating src/sphinx_fe/Makefile
config.status:1060: creating src/sphinx_cepview/Makefile
config.status:1060: creating src/sphinx_jsgf2fsg/Makefile
config.status:1060: creating src/sphinx_adtools/Makefile
config.status:1060: creating src/sphinx_lmtools/Makefile
config.status:1060: creating doc/Makefile
config.status:1060: creating doc/doxyfile
config.status:1060: creating test/Makefile
config.status:1060: creating test/unit/testfuncs.sh
config.status:1060: creating test/unit/Makefile
config.status:1060: creating test/unit/test_ad/Makefile
config.status:1060: creating test/unit/test_alloc/Makefile
config.status:1060: creating test/unit/test_bitvec/Makefile
config.status:1060: creating test/unit/test_case/Makefile
config.status:1060: creating test/unit/test_string/Makefile
config.status:1060: creating test/unit/test_cmdln/Makefile
config.status:1060: creating test/unit/test_hash/Makefile
config.status:1060: creating test/unit/test_matrix/Makefile
config.status:1060: creating test/unit/test_feat/Makefile
config.status:1060: creating test/unit/test_fe/Makefile
config.status:1060: creating test/unit/test_logmath/Makefile
config.status:1060: creating test/unit/test_ngram/Makefile
config.status:1060: creating test/unit/test_fsg/Makefile
config.status:1060: creating test/unit/test_thread/Makefile
config.status:1060: creating test/unit/test_util/Makefile
config.status:1060: creating test/regression/testfuncs.sh
config.status:1060: creating test/regression/Makefile
config.status:1060: creating include/config.h
config.status:1060: creating include/sphinx_config.h
config.status:1282: include/sphinx_config.h is unchanged
config.status:1334: executing depfiles commands
config.status:1334: executing libtool commands
