dumbo.speech.cs.cmu.edu
INFO: ../main.c(141): Compiled on Apr 10 2003 at 21:48:12
../..//s3trainer/bin.linux/bw.mop64 \
 -moddeffn ../..//model_architecture/MODELSET1.untied.mdef \
 -ts2cbfn .cont. \
 -mixwfn ../..//model_parameters/MODELSET1.cd_continuous_untied/mixture_weights \
 -mwfloor 1e-8 \
 -tmatfn ../..//model_parameters/MODELSET1.cd_continuous_untied/transition_matrices \
 -meanfn ../..//model_parameters/MODELSET1.cd_continuous_untied/means \
 -varfn ../..//model_parameters/MODELSET1.cd_continuous_untied/variances \
 -dictfn ../..//lists/train.dict \
 -fdictfn ../..//lists/fillerdict \
 -ctlfn ../..//lists/train.ctl \
 -part 2 \
 -npart 2 \
 -cepdir ../../../features \
 -cepext mfc \
 -lsnfn ../..//lists/train.transcripts \
 -accumdir ../..//bwaccumdir/MODELSET1_buff_2 \
 -varfloor 1e-4 \
 -topn 20 \
 -abeam 1e-90 \
 -bbeam 1e-10 \
 -agc none \
 -cmn current \
 -varnorm no \
 -meanreest yes \
 -varreest yes -2passvar yes \
 -tmatreest yes \
 -feat 1s_12c_12d_3p_12dd \
 -ceplen 13

[Switch]   [Default] [Value]
-moddeffn            ../..//model_architecture/MODELSET1.untied.mdef
-tmatfn              ../..//model_parameters/MODELSET1.cd_continuous_untied/transition_matrices
-mixwfn              ../..//model_parameters/MODELSET1.cd_continuous_untied/mixture_weights
-meanfn              ../..//model_parameters/MODELSET1.cd_continuous_untied/means
-varfn               ../..//model_parameters/MODELSET1.cd_continuous_untied/variances
-mwfloor   0.00001   1.000000e-08
-tpfloor   0.0001    1.000000e-04
-varfloor  0.00001   1.000000e-04
-topn      4         20     
-dictfn              ../..//lists/train.dict
-fdictfn             ../..//lists/fillerdict
-ctlfn               ../..//lists/train.ctl
-nskip                      
-runlen    -1        -1     
-part                2      
-npart               2      
-cepext    mfc       mfc    
-cepdir              ../../../features
-segext    v8_seg    v8_seg 
-segdir                     
-sentdir                    
-sentext   sent      sent   
-lsnfn               ../..//lists/train.transcripts
-accumdir            ../..//bwaccumdir/MODELSET1_buff_2
-ceplen    13        13     
-agc       max       none   
-cmn       current   current
-varnorm   no        no     
-silcomp   none      none   
-abeam     1e-100    1.000000e-90
-bbeam     1e-100    1.000000e-10
-varreest  yes       yes    
-meanreest yes       yes    
-mixwreest yes       yes    
-tmatreest yes       yes    
-spkrxfrm                   
-mllrmult  no        no     
-mllradd   no        no     
-ts2cbfn             .cont. 
-feat                1s_12c_12d_3p_12dd
-timing    yes       yes    
-viterbi   no        no     
-2passvar  no        yes    
-sildelfn                   
-cb2mllrfn                  
-spthresh  0.0       0.000000e+00
-maxuttlen 0         0      
-ckptintv                   
INFO: ../main.c(158): Reading ../..//model_architecture/MODELSET1.untied.mdef
INFO: ../model_def_io.c(562): Model definition info:
INFO: ../model_def_io.c(563): 1000 total models defined (50 base, 950 tri)
INFO: ../model_def_io.c(564): 4000 total states
INFO: ../model_def_io.c(565): 3000 total tied states
INFO: ../model_def_io.c(566): 150 total tied CI states
INFO: ../model_def_io.c(567): 50 total tied transition matrices
INFO: ../model_def_io.c(568): 4 max state/model
INFO: ../model_def_io.c(569): 20 min state/model
INFO: ../s3mixw_io.c(92): Read ../..//model_parameters/MODELSET1.cd_continuous_untied/mixture_weights [3000x1x1 array]
WARNING: "../mod_inv.c", line 328: Model inventory n_density not set; setting to value in mixw file, 1.
INFO: ../mod_inv.c(363): Norm failed for 3 mixw: 672 673 674
INFO: ../s3tmat_io.c(92): Read ../..//model_parameters/MODELSET1.cd_continuous_untied/transition_matrices [50x3x4 array]
INFO: ../mod_inv.c(256): inserting tprob floor 1.000000e-04 and renormalizing
INFO: ../s3gau_io.c(128): Read ../..//model_parameters/MODELSET1.cd_continuous_untied/means [3000x1x1 array]
INFO: ../s3gau_io.c(128): Read ../..//model_parameters/MODELSET1.cd_continuous_untied/variances [3000x1x1 array]
INFO: ../gauden.c(142): 3000 total mgau
INFO: ../gauden.c(114): 1 feature streams (|0|=39 )
INFO: ../gauden.c(153): 1 total densities
INFO: ../gauden.c(62): min_var=1.000000e-04
WARNING: "../mod_inv.c", line 216: n_top 20 > n_density 1.  n_top <- 1
INFO: ../gauden.c(131): compute 1 densities/frame
INFO: ../main.c(254): Will reestimate mixing weights
INFO: ../main.c(256): Will reestimate means
INFO: ../main.c(258): Will reestimate variances
INFO: ../main.c(260): Will NOT reestimate MLLR multiplicative term
INFO: ../main.c(262): Will NOT reestimate MLLR additive term
INFO: ../main.c(270): Will reestimate transition matrices
INFO: ../main.c(285): Reading main lexicon: ../..//lists/train.dict
INFO: ../lexicon.c(207): 243 entries added from ../..//lists/train.dict
INFO: ../main.c(296): Reading filler lexicon: ../..//lists/fillerdict
INFO: ../lexicon.c(207): 9 entries added from ../..//lists/fillerdict
INFO: ../corpus.c(545): skipping 5 utts.
INFO: ../corpus.c(549): Last utt skipped: (919448_FEMALE_SANDRA_WOZNIAK_56.36_59.66)
INFO: ../corpus.c(1368): Will process all remaining utts starting at 5
INFO: ../main.c(505): Reestimation: Baum-Welch
column defns
	<seq>
	<id>
	<n_frame_in>
	<n_frame_del>
	<n_state_shmm>
	<avg_states_alpha>
	<avg_states_beta>
	<avg_states_reest>
	<avg_posterior_prune>
	<frame_log_lik>
	<utt_log_lik>
	... timing info ... 
utt>     5 (919448_FEMALE_SANDRA_WOZNIAK_66.23_87.55) 2133    0WARNING: "../corpus.c", line 2117: LSN utt id, 919448_FEMALE_SANDRA_WOZNIAK_66.23_87.55, does not match ctl utt id, (919448_FEMALE_SANDRA_WOZNIAK_66.23_87.55).
   636 4  1 1 3.741712e-13 2.140085e+01 4.564802e+04 utt 0.008x 1.001e upd 0.008x 1.036e fwd 0.002x 0.915e bwd 0.006x 1.016e gau 0.002x 0.734e rsts -0.000x 0.000e rstf 0.005x 1.010e rstu -0.000x 0.000e
utt>     6 (919448_FEMALE_SANDRA_WOZNIAK_87.56_105.56) 1801    0WARNING: "../corpus.c", line 2117: LSN utt id, 919448_FEMALE_SANDRA_WOZNIAK_87.56_105.56, does not match ctl utt id, (919448_FEMALE_SANDRA_WOZNIAK_87.56_105.56).
   584 3  1 1 3.323622e-13 3.255311e+01 5.862815e+04 utt 0.008x 0.994e upd 0.008x 1.040e fwd 0.002x 0.902e bwd 0.006x 1.026e gau 0.001x 1.424e rsts 0.001x 0.476e rstf 0.005x 0.976e rstu -0.000x 0.000e
utt>     7 (919448_FEMALE_SANDRA_WOZNIAK_105.57_112.95)  739    0WARNING: "../corpus.c", line 2117: LSN utt id, 919448_FEMALE_SANDRA_WOZNIAK_105.57_112.95, does not match ctl utt id, (919448_FEMALE_SANDRA_WOZNIAK_105.57_112.95).
   384 2  1 1 4.114263e-13 4.001722e+01 2.957273e+04 utt 0.007x 0.994e upd 0.007x 0.971e fwd -0.000x 0.000e bwd 0.005x 0.897e gau -0.000x 0.000e rsts 0.001x 0.204e rstf 0.003x 1.271e rstu -0.000x 0.000e
utt>     8 (919448_FEMALE_SANDRA_WOZNIAK_112.96_138.39) 2544    0WARNING: "../corpus.c", line 2117: LSN utt id, 919448_FEMALE_SANDRA_WOZNIAK_112.96_138.39, does not match ctl utt id, (919448_FEMALE_SANDRA_WOZNIAK_112.96_138.39).
   828 4  1 1 3.986928e-13 2.253702e+01 5.733417e+04 utt 0.010x 0.989e upd 0.009x 1.011e fwd 0.002x 1.078e bwd 0.008x 0.960e gau 0.001x 1.449e rsts 0.000x 0.756e rstf 0.006x 0.960e rstu -0.000x 0.000e
utt>     9 (919448_FEMALE_SANDRA_WOZNIAK_138.40_142.64)  425    0WARNING: "../corpus.c", line 2117: LSN utt id, 919448_FEMALE_SANDRA_WOZNIAK_138.40_142.64, does not match ctl utt id, (919448_FEMALE_SANDRA_WOZNIAK_138.40_142.64).
   172 4  1 1 9.225845e-13 2.057870e+01 8.745946e+03 utt 0.007x 0.852e upd 0.007x 0.827e fwd -0.000x 0.000e bwd 0.005x 0.778e gau -0.000x 0.000e rsts 0.002x 0.149e rstf 0.002x 0.890e rstu -0.000x 0.000e
utt>    10 (919447_FEMALE_SANDRA_WOZNIAK_142.65_156.85) 1421    0WARNING: "../corpus.c", line 2117: LSN utt id, 919447_FEMALE_SANDRA_WOZNIAK_142.65_156.85, does not match ctl utt id, (919447_FEMALE_SANDRA_WOZNIAK_142.65_156.85).
   624 3  1 1 5.243479e-13 2.804383e+01 3.985028e+04 utt 0.008x 0.977e upd 0.008x 0.958e fwd 0.001x 1.021e bwd 0.006x 0.993e gau 0.003x 0.567e rsts -0.000x 0.000e rstf 0.005x 0.981e rstu 0.001x 0.262e
overall> dumbo 9063 (-0) 2.645695e+01 2.397793e+05 0.009x 0.986e
WARNING: "../accum.c", line 556: The following seno never occur in the input data
	12 13 14 150 151 152 156 157 158 159 
	160 161 171 172 173 183 184 185 186 187 
	188 189 190 191 198 199 200 204 205 206 
	207 208 209 216 217 218 222 223 224 243 
	244 245 264 265 266 270 271 272 282 283 
	284 291 292 293 315 316 317 318 319 320 
	321 322 323 324 325 326 333 334 335 336 
	337 338 354 355 356 360 361 362 363 364 
	365 369 370 371 399 400 401 405 406 407 
	408 409 410 414 415 416 426 427 428 435 
	436 437 444 445 446 471 472 473 477 478 
	479 495 496 497 498 499 500 504 505 506 
	507 508 509 522 523 524 534 535 536 543 
	544 545 552 553 554 555 556 557 564 565 
	566 567 568 569 570 571 572 582 583 584 
	585 586 587 591 592 593 612 613 614 615 
	616 617 618 619 620 621 622 623 624 625 
	626 633 634 635 636 637 638 639 640 641 
	642 643 644 651 652 653 666 667 668 669 
	670 671 672 673 674 681 682 683 684 685 
	686 690 691 692 696 697 698 702 703 704 
	714 715 716 717 718 719 723 724 725 744 
	745 746 750 751 752 756 757 758 759 760 
	761 774 775 776 780 781 782 783 784 785 
	786 787 788 789 790 791 798 799 800 807 
	808 809 810 811 812 822 823 824 825 826 
	827 834 835 836 843 844 845 846 847 848 
	849 850 851 855 856 857 861 862 863 882 
	883 884 885 886 887 888 889 890 912 913 
	914 918 919 920 927 928 929 939 940 941 
	942 943 944 945 946 947 957 958 959 963 
	964 965 969 970 971 972 973 974 978 979 
	980 981 982 983 984 985 986 990 991 992 
	993 994 995 996 997 998 1002 1003 1004 1005 
	1006 1007 1014 1015 1016 1026 1027 1028 1038 1039 
	1040 1047 1048 1049 1053 1054 1055 1056 1057 1058 
	1062 1063 1064 1068 1069 1070 1071 1072 1073 1083 
	1084 1085 1086 1087 1088 1095 1096 1097 1110 1111 
	1112 1113 1114 1115 1128 1129 1130 1158 1159 1160 
	1164 1165 1166 1167 1168 1169 1179 1180 1181 1188 
	1189 1190 1197 1198 1199 1212 1213 1214 1218 1219 
	1220 1251 1252 1253 1254 1255 1256 1260 1261 1262 
	1269 1270 1271 1287 1288 1289 1293 1294 1295 1305 
	1306 1307 1317 1318 1319 1326 1327 1328 1341 1342 
	1343 1356 1357 1358 1359 1360 1361 1368 1369 1370 
	1377 1378 1379 1380 1381 1382 1383 1384 1385 1389 
	1390 1391 1398 1399 1400 1410 1411 1412 1413 1414 
	1415 1419 1420 1421 1422 1423 1424 1434 1435 1436 
	1437 1438 1439 1440 1441 1442 1449 1450 1451 1455 
	1456 1457 1464 1465 1466 1476 1477 1478 1482 1483 
	1484 1485 1486 1487 1500 1501 1502 1503 1504 1505 
	1515 1516 1517 1518 1519 1520 1524 1525 1526 1536 
	1537 1538 1542 1543 1544 1560 1561 1562 1563 1564 
	1565 1575 1576 1577 1578 1579 1580 1590 1591 1592 
	1620 1621 1622 1626 1627 1628 1638 1639 1640 1644 
	1645 1646 1659 1660 1661 1662 1663 1664 1668 1669 
	1670 1686 1687 1688 1701 1702 1703 1707 1708 1709 
	1716 1717 1718 1719 1720 1721 1728 1729 1730 1743 
	1744 1745 1764 1765 1766 1767 1768 1769 1779 1780 
	1781 1788 1789 1790 1794 1795 1796 1812 1813 1814 
	1815 1816 1817 1821 1822 1823 1836 1837 1838 1842 
	1843 1844 1878 1879 1880 1890 1891 1892 1893 1894 
	1895 1896 1897 1898 1908 1909 1910 1917 1918 1919 
	1926 1927 1928 1935 1936 1937 1941 1942 1943 1944 
	1945 1946 1950 1951 1952 1953 1954 1955 1959 1960 
	1961 1965 1966 1967 1968 1969 1970 1971 1972 1973 
	1980 1981 1982 1986 1987 1988 1998 1999 2000 2007 
	2008 2009 2034 2035 2036 2037 2038 2039 2040 2041 
	2042 2043 2044 2045 2052 2053 2054 2055 2056 2057 
	2058 2059 2060 2064 2065 2066 2085 2086 2087 2088 
	2089 2090 2100 2101 2102 2109 2110 2111 2115 2116 
	2117 2118 2119 2120 2136 2137 2138 2163 2164 2165 
	2184 2185 2186 2199 2200 2201 2217 2218 2219 2229 
	2230 2231 2232 2233 2234 2247 2248 2249 2256 2257 
	2258 2259 2260 2261 2274 2275 2276 2277 2278 2279 
	2289 2290 2291 2310 2311 2312 2319 2320 2321 2328 
	2329 2330 2337 2338 2339 2352 2353 2354 2355 2356 
	2357 2358 2359 2360 2364 2365 2366 2367 2368 2369 
	2379 2380 2381 2382 2383 2384 2397 2398 2399 2421 
	2422 2423 2424 2425 2426 2439 2440 2441 2454 2455 
	2456 2457 2458 2459 2472 2473 2474 2481 2482 2483 
	2496 2497 2498 2499 2500 2501 2517 2518 2519 2523 
	2524 2525 2532 2533 2534 2538 2539 2540 2544 2545 
	2546 2547 2548 2549 2562 2563 2564 2571 2572 2573 
	2592 2593 2594 2595 2596 2597 2604 2605 2606 2610 
	2611 2612 2613 2614 2615 2625 2626 2627 2637 2638 
	2639 2646 2647 2648 2655 2656 2657 2658 2659 2660 
	2661 2662 2663 2676 2677 2678 2679 2680 2681 2688 
	2689 2690 2691 2692 2693 2694 2695 2696 2709 2710 
	2711 2736 2737 2738 2739 2740 2741 2748 2749 2750 
	2751 2752 2753 2754 2755 2756 2760 2761 2762 2778 
	2779 2780 2787 2788 2789 2796 2797 2798 2805 2806 
	2807 2817 2818 2819 2823 2824 2825 2832 2833 2834 
	2835 2836 2837 2844 2845 2846 2859 2860 2861 2862 
	2863 2864 2871 2872 2873 2877 2878 2879 2880 2881 
	2882 2883 2884 2885 2889 2890 2891 2898 2899 2900 
	2904 2905 2906 2922 2923 2924 2928 2929 2930 2931 
	2932 2933 2937 2938 2939 2940 2941 2942 2943 2944 
	2945 2979 2980 2981 2991 2992 2993 2994 2995 2996 
	
INFO: ../s3mixw_io.c(212): Wrote ../..//bwaccumdir/MODELSET1_buff_2/mixw_counts [3000x1x1 array]
INFO: ../s3tmat_io.c(152): Wrote ../..//bwaccumdir/MODELSET1_buff_2/tmat_counts [50x3x4 array]
INFO: ../s3gau_io.c(443): Wrote ../..//bwaccumdir/MODELSET1_buff_2/gauden_counts with means with vars (2pass) [3000x1x1 vector arrays]
INFO: ../accum.c(929): MLLR regmat not reestimated.  No ../..//bwaccumdir/MODELSET1_buff_2/regmat_counts produced.
INFO: ../main.c(900): Counts saved to ../..//bwaccumdir/MODELSET1_buff_2
Thu Mar 18 15:35:46 EST 2004
