dumbo.speech.cs.cmu.edu
INFO: ../main.c(141): Compiled on Apr 10 2003 at 21:48:12
../..//s3trainer/bin.linux/bw.mop64 \
 -moddeffn ../..//model_architecture/MODELSET1.untied.mdef \
 -ts2cbfn .cont. \
 -mixwfn ../..//model_parameters/MODELSET1.cd_continuous_untied/mixture_weights \
 -mwfloor 1e-8 \
 -tmatfn ../..//model_parameters/MODELSET1.cd_continuous_untied/transition_matrices \
 -meanfn ../..//model_parameters/MODELSET1.cd_continuous_untied/means \
 -varfn ../..//model_parameters/MODELSET1.cd_continuous_untied/variances \
 -dictfn ../..//lists/train.dict \
 -fdictfn ../..//lists/fillerdict \
 -ctlfn ../..//lists/train.ctl \
 -part 1 \
 -npart 2 \
 -cepdir ../../../features \
 -cepext mfc \
 -lsnfn ../..//lists/train.transcripts \
 -accumdir ../..//bwaccumdir/MODELSET1_buff_1 \
 -varfloor 1e-4 \
 -topn 20 \
 -abeam 1e-90 \
 -bbeam 1e-10 \
 -agc none \
 -cmn current \
 -varnorm no \
 -meanreest yes \
 -varreest yes -2passvar yes \
 -tmatreest yes \
 -feat 1s_12c_12d_3p_12dd \
 -ceplen 13

[Switch]   [Default] [Value]
-moddeffn            ../..//model_architecture/MODELSET1.untied.mdef
-tmatfn              ../..//model_parameters/MODELSET1.cd_continuous_untied/transition_matrices
-mixwfn              ../..//model_parameters/MODELSET1.cd_continuous_untied/mixture_weights
-meanfn              ../..//model_parameters/MODELSET1.cd_continuous_untied/means
-varfn               ../..//model_parameters/MODELSET1.cd_continuous_untied/variances
-mwfloor   0.00001   1.000000e-08
-tpfloor   0.0001    1.000000e-04
-varfloor  0.00001   1.000000e-04
-topn      4         20     
-dictfn              ../..//lists/train.dict
-fdictfn             ../..//lists/fillerdict
-ctlfn               ../..//lists/train.ctl
-nskip                      
-runlen    -1        -1     
-part                1      
-npart               2      
-cepext    mfc       mfc    
-cepdir              ../../../features
-segext    v8_seg    v8_seg 
-segdir                     
-sentdir                    
-sentext   sent      sent   
-lsnfn               ../..//lists/train.transcripts
-accumdir            ../..//bwaccumdir/MODELSET1_buff_1
-ceplen    13        13     
-agc       max       none   
-cmn       current   current
-varnorm   no        no     
-silcomp   none      none   
-abeam     1e-100    1.000000e-90
-bbeam     1e-100    1.000000e-10
-varreest  yes       yes    
-meanreest yes       yes    
-mixwreest yes       yes    
-tmatreest yes       yes    
-spkrxfrm                   
-mllrmult  no        no     
-mllradd   no        no     
-ts2cbfn             .cont. 
-feat                1s_12c_12d_3p_12dd
-timing    yes       yes    
-viterbi   no        no     
-2passvar  no        yes    
-sildelfn                   
-cb2mllrfn                  
-spthresh  0.0       0.000000e+00
-maxuttlen 0         0      
-ckptintv                   
INFO: ../main.c(158): Reading ../..//model_architecture/MODELSET1.untied.mdef
INFO: ../model_def_io.c(562): Model definition info:
INFO: ../model_def_io.c(563): 1000 total models defined (50 base, 950 tri)
INFO: ../model_def_io.c(564): 4000 total states
INFO: ../model_def_io.c(565): 3000 total tied states
INFO: ../model_def_io.c(566): 150 total tied CI states
INFO: ../model_def_io.c(567): 50 total tied transition matrices
INFO: ../model_def_io.c(568): 4 max state/model
INFO: ../model_def_io.c(569): 20 min state/model
INFO: ../s3mixw_io.c(92): Read ../..//model_parameters/MODELSET1.cd_continuous_untied/mixture_weights [3000x1x1 array]
WARNING: "../mod_inv.c", line 328: Model inventory n_density not set; setting to value in mixw file, 1.
INFO: ../mod_inv.c(363): Norm failed for 3 mixw: 672 673 674
INFO: ../s3tmat_io.c(92): Read ../..//model_parameters/MODELSET1.cd_continuous_untied/transition_matrices [50x3x4 array]
INFO: ../mod_inv.c(256): inserting tprob floor 1.000000e-04 and renormalizing
INFO: ../s3gau_io.c(128): Read ../..//model_parameters/MODELSET1.cd_continuous_untied/means [3000x1x1 array]
INFO: ../s3gau_io.c(128): Read ../..//model_parameters/MODELSET1.cd_continuous_untied/variances [3000x1x1 array]
INFO: ../gauden.c(142): 3000 total mgau
INFO: ../gauden.c(114): 1 feature streams (|0|=39 )
INFO: ../gauden.c(153): 1 total densities
INFO: ../gauden.c(62): min_var=1.000000e-04
WARNING: "../mod_inv.c", line 216: n_top 20 > n_density 1.  n_top <- 1
INFO: ../gauden.c(131): compute 1 densities/frame
INFO: ../main.c(254): Will reestimate mixing weights
INFO: ../main.c(256): Will reestimate means
INFO: ../main.c(258): Will reestimate variances
INFO: ../main.c(260): Will NOT reestimate MLLR multiplicative term
INFO: ../main.c(262): Will NOT reestimate MLLR additive term
INFO: ../main.c(270): Will reestimate transition matrices
INFO: ../main.c(285): Reading main lexicon: ../..//lists/train.dict
INFO: ../lexicon.c(207): 243 entries added from ../..//lists/train.dict
INFO: ../main.c(296): Reading filler lexicon: ../..//lists/fillerdict
INFO: ../lexicon.c(207): 9 entries added from ../..//lists/fillerdict
INFO: ../corpus.c(1371): Will process 5 utts starting at 0
INFO: ../main.c(505): Reestimation: Baum-Welch
column defns
	<seq>
	<id>
	<n_frame_in>
	<n_frame_del>
	<n_state_shmm>
	<avg_states_alpha>
	<avg_states_beta>
	<avg_states_reest>
	<avg_posterior_prune>
	<frame_log_lik>
	<utt_log_lik>
	... timing info ... 
utt>     0 (919448_FEMALE_SANDRA_WOZNIAK_0.01_17.87) 1787    0WARNING: "../corpus.c", line 2117: LSN utt id, 919448_FEMALE_SANDRA_WOZNIAK_0.01_17.87, does not match ctl utt id, (919448_FEMALE_SANDRA_WOZNIAK_0.01_17.87).
   584 3  1 1 3.531168e-13 2.206097e+01 3.942295e+04 utt 0.008x 0.999e upd 0.008x 0.974e fwd 0.002x 0.799e bwd 0.006x 1.056e gau -0.000x 0.000e rsts 0.000x 784718164995.068e rstf 0.005x 0.890e rstu -0.000x 0.000e
utt>     1 (919448_FEMALE_SANDRA_WOZNIAK_17.88_20.85)  298    0WARNING: "../corpus.c", line 2117: LSN utt id, 919448_FEMALE_SANDRA_WOZNIAK_17.88_20.85, does not match ctl utt id, (919448_FEMALE_SANDRA_WOZNIAK_17.88_20.85).
   128 2  1 1 2.807402e-13 3.536229e+01 1.053796e+04 utt 0.003x 1.415e upd 0.003x 1.357e fwd -0.000x 0.000e bwd 0.003x 0.890e gau -0.000x 0.000e rsts -0.000x 0.000e rstf 0.003x 0.494e rstu -0.000x 0.000e
utt>     2 (919448_FEMALE_SANDRA_WOZNIAK_20.86_45.21) 2436    0WARNING: "../corpus.c", line 2117: LSN utt id, 919448_FEMALE_SANDRA_WOZNIAK_20.86_45.21, does not match ctl utt id, (919448_FEMALE_SANDRA_WOZNIAK_20.86_45.21).
   720 3  1 1 4.521072e-13 2.374470e+01 5.784209e+04 utt 0.009x 0.985e upd 0.008x 1.012e fwd 0.001x 1.063e bwd 0.007x 0.962e gau 0.000x 3.490e rsts 0.000x 99457598018.978e rstf 0.006x 0.870e rstu 0.000x 175056507869202.344e
utt>     3 (919448_FEMALE_SANDRA_WOZNIAK_45.22_56.35) 1114    0WARNING: "../corpus.c", line 2117: LSN utt id, 919448_FEMALE_SANDRA_WOZNIAK_45.22_56.35, does not match ctl utt id, (919448_FEMALE_SANDRA_WOZNIAK_45.22_56.35).
   296 3  1 1 2.281498e-13 2.364257e+01 2.633783e+04 utt 0.005x 1.050e upd 0.005x 1.018e fwd 0.002x 0.783e bwd 0.004x 1.064e gau 0.005x 0.271e rsts -0.000x 0.000e rstf 0.002x 1.431e rstu -0.000x 0.000e
utt>     4 (919448_FEMALE_SANDRA_WOZNIAK_56.36_59.66)  331    0WARNING: "../corpus.c", line 2117: LSN utt id, 919448_FEMALE_SANDRA_WOZNIAK_56.36_59.66, does not match ctl utt id, (919448_FEMALE_SANDRA_WOZNIAK_56.36_59.66).
   172 3  1 1 4.237296e-13 3.584963e+01 1.186623e+04 utt 0.006x 0.877e upd 0.003x 1.696e fwd -0.000x 0.000e bwd 0.003x 1.083e gau 0.006x 0.251e rsts 0.000x 71968324656.285e rstf 0.000x 907365165771.397e rstu 0.000x 18032173091527.820e
overall> dumbo 5966 (-0) 2.447319e+01 1.460071e+05 0.007x 1.003e
WARNING: "../accum.c", line 556: The following seno never occur in the input data
	3 4 5 9 10 11 72 73 74 87 
	88 89 96 97 98 138 139 140 141 142 
	143 144 145 146 153 154 155 162 163 164 
	165 166 167 168 169 170 174 175 176 177 
	178 179 180 181 182 192 193 194 195 196 
	197 201 202 203 210 211 212 219 220 221 
	225 226 227 228 229 230 231 232 233 234 
	235 236 237 238 239 240 241 242 246 247 
	248 252 253 254 255 256 257 258 259 260 
	261 262 263 267 268 269 273 274 275 276 
	277 278 279 280 281 285 286 287 288 289 
	290 294 295 296 300 301 302 303 304 305 
	306 307 308 309 310 311 312 313 314 327 
	328 329 330 331 332 339 340 341 342 343 
	344 345 346 347 351 352 353 357 358 359 
	372 373 374 381 382 383 384 385 386 393 
	394 395 396 397 398 411 412 413 417 418 
	419 420 421 422 423 424 425 429 430 431 
	432 433 434 438 439 440 441 442 443 447 
	448 449 450 451 452 456 457 458 459 460 
	461 462 463 464 465 466 467 480 481 482 
	483 484 485 486 487 488 492 493 494 501 
	502 503 510 511 512 513 514 515 516 517 
	518 525 526 527 528 529 530 531 532 533 
	537 538 539 540 541 542 546 547 548 549 
	550 551 558 559 560 561 562 563 573 574 
	575 576 577 578 579 580 581 588 589 590 
	594 595 596 597 598 599 600 601 602 603 
	604 605 606 607 608 609 610 611 627 628 
	629 630 631 632 645 646 647 648 649 650 
	654 655 656 657 658 659 663 664 665 672 
	673 674 675 676 677 678 679 680 687 688 
	689 693 694 695 705 706 707 708 709 710 
	711 712 713 720 721 722 726 727 728 729 
	730 731 732 733 734 735 736 737 738 739 
	740 741 742 743 747 748 749 753 754 755 
	762 763 764 765 766 767 768 769 770 771 
	772 773 795 796 797 801 802 803 804 805 
	806 816 817 818 819 820 821 828 829 830 
	831 832 833 837 838 839 840 841 842 852 
	853 854 858 859 860 867 868 869 870 871 
	872 873 874 875 876 877 878 879 880 881 
	891 892 893 894 895 896 897 898 899 900 
	901 902 903 904 905 906 907 908 909 910 
	911 915 916 917 921 922 923 924 925 926 
	930 931 932 933 934 935 936 937 938 948 
	949 950 951 952 953 954 955 956 960 961 
	962 966 967 968 975 976 977 987 988 989 
	999 1000 1001 1008 1009 1010 1011 1012 1013 1020 
	1021 1022 1023 1024 1025 1029 1030 1031 1032 1033 
	1034 1035 1036 1037 1041 1042 1043 1044 1045 1046 
	1050 1051 1052 1059 1060 1061 1065 1066 1067 1074 
	1075 1076 1077 1078 1079 1080 1081 1082 1089 1090 
	1091 1092 1093 1094 1098 1099 1100 1101 1102 1103 
	1104 1105 1106 1107 1108 1109 1116 1117 1118 1119 
	1120 1121 1122 1123 1124 1125 1126 1127 1131 1132 
	1133 1134 1135 1136 1137 1138 1139 1140 1141 1142 
	1143 1144 1145 1146 1147 1148 1149 1150 1151 1152 
	1153 1154 1155 1156 1157 1161 1162 1163 1170 1171 
	1172 1176 1177 1178 1182 1183 1184 1185 1186 1187 
	1191 1192 1193 1194 1195 1196 1200 1201 1202 1203 
	1204 1205 1206 1207 1208 1209 1210 1211 1215 1216 
	1217 1221 1222 1223 1224 1225 1226 1227 1228 1229 
	1230 1231 1232 1233 1234 1235 1236 1237 1238 1239 
	1240 1241 1242 1243 1244 1245 1246 1247 1248 1249 
	1250 1257 1258 1259 1263 1264 1265 1272 1273 1274 
	1275 1276 1277 1278 1279 1280 1281 1282 1283 1284 
	1285 1286 1299 1300 1301 1302 1303 1304 1308 1309 
	1310 1311 1312 1313 1320 1321 1322 1323 1324 1325 
	1329 1330 1331 1332 1333 1334 1344 1345 1346 1347 
	1348 1349 1350 1351 1352 1353 1354 1355 1362 1363 
	1364 1365 1366 1367 1371 1372 1373 1374 1375 1376 
	1386 1387 1388 1392 1393 1394 1395 1396 1397 1401 
	1402 1403 1404 1405 1406 1407 1408 1409 1416 1417 
	1418 1425 1426 1427 1428 1429 1430 1431 1432 1433 
	1443 1444 1445 1446 1447 1448 1452 1453 1454 1458 
	1459 1460 1461 1462 1463 1467 1468 1469 1470 1471 
	1472 1488 1489 1490 1491 1492 1493 1494 1495 1496 
	1497 1498 1499 1506 1507 1508 1509 1510 1511 1512 
	1513 1514 1521 1522 1523 1527 1528 1529 1533 1534 
	1535 1545 1546 1547 1551 1552 1553 1554 1555 1556 
	1557 1558 1559 1566 1567 1568 1569 1570 1571 1572 
	1573 1574 1581 1582 1583 1584 1585 1586 1587 1588 
	1589 1593 1594 1595 1596 1597 1598 1599 1600 1601 
	1602 1603 1604 1605 1606 1607 1608 1609 1610 1611 
	1612 1613 1614 1615 1616 1617 1618 1619 1623 1624 
	1625 1629 1630 1631 1635 1636 1637 1647 1648 1649 
	1650 1651 1652 1653 1654 1655 1656 1657 1658 1665 
	1666 1667 1671 1672 1673 1674 1675 1676 1677 1678 
	1679 1680 1681 1682 1683 1684 1685 1689 1690 1691 
	1692 1693 1694 1695 1696 1697 1698 1699 1700 1704 
	1705 1706 1710 1711 1712 1713 1714 1715 1722 1723 
	1724 1731 1732 1733 1734 1735 1736 1737 1738 1739 
	1740 1741 1742 1746 1747 1748 1752 1753 1754 1755 
	1756 1757 1758 1759 1760 1770 1771 1772 1773 1774 
	1775 1776 1777 1778 1782 1783 1784 1791 1792 1793 
	1797 1798 1799 1800 1801 1802 1803 1804 1805 1806 
	1807 1808 1809 1810 1811 1818 1819 1820 1824 1825 
	1826 1827 1828 1829 1830 1831 1832 1833 1834 1835 
	1839 1840 1841 1845 1846 1847 1851 1852 1853 1854 
	1855 1856 1857 1858 1859 1860 1861 1862 1863 1864 
	1865 1866 1867 1868 1869 1870 1871 1872 1873 1874 
	1875 1876 1877 1881 1882 1883 1884 1885 1886 1887 
	1888 1889 1899 1900 1901 1914 1915 1916 1920 1921 
	1922 1923 1924 1925 1929 1930 1931 1938 1939 1940 
	1947 1948 1949 1956 1957 1958 1962 1963 1964 1974 
	1975 1976 1977 1978 1979 1983 1984 1985 1989 1990 
	1991 1992 1993 1994 1995 1996 1997 2001 2002 2003 
	2004 2005 2006 2010 2011 2012 2013 2014 2015 2016 
	2017 2018 2019 2020 2021 2022 2023 2024 2025 2026 
	2027 2028 2029 2030 2031 2032 2033 2046 2047 2048 
	2049 2050 2051 2061 2062 2063 2067 2068 2069 2070 
	2071 2072 2073 2074 2075 2076 2077 2078 2079 2080 
	2081 2082 2083 2084 2091 2092 2093 2094 2095 2096 
	2097 2098 2099 2103 2104 2105 2106 2107 2108 2112 
	2113 2114 2124 2125 2126 2127 2128 2129 2130 2131 
	2132 2133 2134 2135 2139 2140 2141 2142 2143 2144 
	2148 2149 2150 2151 2152 2153 2154 2155 2156 2166 
	2167 2168 2169 2170 2171 2172 2173 2174 2175 2176 
	2177 2178 2179 2180 2181 2182 2183 2187 2188 2189 
	2190 2191 2192 2193 2194 2195 2196 2197 2198 2202 
	2203 2204 2205 2206 2207 2208 2209 2210 2211 2212 
	2213 2214 2215 2216 2220 2221 2222 2223 2224 2225 
	2226 2227 2228 2235 2236 2237 2241 2242 2243 2250 
	2251 2252 2253 2254 2255 2262 2263 2264 2265 2266 
	2267 2268 2269 2270 2271 2272 2273 2280 2281 2282 
	2283 2284 2285 2286 2287 2288 2292 2293 2294 2295 
	2296 2297 2298 2299 2300 2301 2302 2303 2304 2305 
	2306 2307 2308 2309 2313 2314 2315 2322 2323 2324 
	2325 2326 2327 2331 2332 2333 2343 2344 2345 2346 
	2347 2348 2370 2371 2372 2373 2374 2375 2376 2377 
	2378 2385 2386 2387 2388 2389 2390 2391 2392 2393 
	2394 2395 2396 2403 2404 2405 2406 2407 2408 2409 
	2410 2411 2412 2413 2414 2415 2416 2417 2427 2428 
	2429 2430 2431 2432 2433 2434 2435 2436 2437 2438 
	2442 2443 2444 2445 2446 2447 2451 2452 2453 2460 
	2461 2462 2463 2464 2465 2466 2467 2468 2484 2485 
	2486 2487 2488 2489 2490 2491 2492 2493 2494 2495 
	2502 2503 2504 2505 2506 2507 2508 2509 2510 2511 
	2512 2513 2514 2515 2516 2526 2527 2528 2529 2530 
	2531 2541 2542 2543 2550 2551 2552 2553 2554 2555 
	2556 2557 2558 2559 2560 2561 2568 2569 2570 2577 
	2578 2579 2580 2581 2582 2586 2587 2588 2589 2590 
	2591 2601 2602 2603 2607 2608 2609 2616 2617 2618 
	2619 2620 2621 2622 2623 2624 2628 2629 2630 2631 
	2632 2633 2640 2641 2642 2643 2644 2645 2649 2650 
	2651 2652 2653 2654 2664 2665 2666 2667 2668 2669 
	2670 2671 2672 2673 2674 2675 2682 2683 2684 2685 
	2686 2687 2697 2698 2699 2700 2701 2702 2703 2704 
	2705 2706 2707 2708 2712 2713 2714 2715 2716 2717 
	2718 2719 2720 2721 2722 2723 2724 2725 2726 2727 
	2728 2729 2730 2731 2732 2733 2734 2735 2742 2743 
	2744 2745 2746 2747 2757 2758 2759 2763 2764 2765 
	2766 2767 2768 2769 2770 2771 2775 2776 2777 2781 
	2782 2783 2784 2785 2786 2790 2791 2792 2799 2800 
	2801 2802 2803 2804 2808 2809 2810 2811 2812 2813 
	2814 2815 2816 2820 2821 2822 2826 2827 2828 2829 
	2830 2831 2838 2839 2840 2841 2842 2843 2847 2848 
	2849 2853 2854 2855 2856 2857 2858 2865 2866 2867 
	2868 2869 2870 2874 2875 2876 2886 2887 2888 2892 
	2893 2894 2895 2896 2897 2901 2902 2903 2907 2908 
	2909 2910 2911 2912 2913 2914 2915 2919 2920 2921 
	2925 2926 2927 2934 2935 2936 2946 2947 2948 2949 
	2950 2951 2952 2953 2954 2955 2956 2957 2958 2959 
	2960 2961 2962 2963 2964 2965 2966 2967 2968 2969 
	2970 2971 2972 2973 2974 2975 2976 2977 2978 2982 
	2983 2984 2988 2989 2990 2997 2998 2999 
INFO: ../s3mixw_io.c(212): Wrote ../..//bwaccumdir/MODELSET1_buff_1/mixw_counts [3000x1x1 array]
INFO: ../s3tmat_io.c(152): Wrote ../..//bwaccumdir/MODELSET1_buff_1/tmat_counts [50x3x4 array]
INFO: ../s3gau_io.c(443): Wrote ../..//bwaccumdir/MODELSET1_buff_1/gauden_counts with means with vars (2pass) [3000x1x1 vector arrays]
INFO: ../accum.c(929): MLLR regmat not reestimated.  No ../..//bwaccumdir/MODELSET1_buff_1/regmat_counts produced.
INFO: ../main.c(900): Counts saved to ../..//bwaccumdir/MODELSET1_buff_1
Thu Mar 18 15:35:45 EST 2004
