This file contains any messages produced by compilers while
running configure, to aid debugging if configure makes a mistake.

It was created by configure, which was
generated by GNU Autoconf 2.59.  Invocation command line was

  $ ./configure 

## --------- ##
## Platform. ##
## --------- ##

hostname = genie.mlsp.cs.cmu.edu
uname -m = x86_64
uname -r = 2.6.28.4-003-STD64
uname -s = Linux
uname -v = #1 SMP PREEMPT Tue May 18 17:56:00 EDT 2010

/usr/bin/uname -p = unknown
/bin/uname -X     = unknown

/bin/arch              = x86_64
/usr/bin/arch -k       = unknown
/usr/convex/getsysinfo = unknown
hostinfo               = HOSTINFO (1.8): accessing /afs/cs.cmu.edu/project/fac/costing/Reference/machines
/bin/machine           = unknown
/usr/bin/oslevel       = unknown
/bin/universe          = unknown

PATH: /usr/lib64/qt-3.3/bin
PATH: /usr0/local/cuda/bin/bin
PATH: /usr/cs/bin
PATH: /usr/lib64/ccache
PATH: /usr/local/bin
PATH: /usr/bin
PATH: /bin
PATH: /usr/X11R6/bin


## ----------- ##
## Core tests. ##
## ----------- ##

configure:1282: checking build system type
configure:1300: result: x86_64-unknown-linux-gnu
configure:1308: checking host system type
configure:1322: result: x86_64-unknown-linux-gnu
configure:1330: checking target system type
configure:1344: result: x86_64-unknown-linux-gnu
configure:1404: checking for gcc
configure:1420: found /usr/lib64/ccache/gcc
configure:1430: result: gcc
configure:1674: checking for C compiler version
configure:1677: gcc --version </dev/null >&5
gcc (GCC) 4.3.2 20081105 (Red Hat 4.3.2-7)
Copyright (C) 2008 Free Software Foundation, Inc.
This is free software; see the source for copying conditions.  There is NO
warranty; not even for MERCHANTABILITY or FITNESS FOR A PARTICULAR PURPOSE.

configure:1680: $? = 0
configure:1682: gcc -v </dev/null >&5
Using built-in specs.
Target: x86_64-redhat-linux
Configured with: ../configure --prefix=/usr --mandir=/usr/share/man --infodir=/usr/share/info --with-bugurl=http://bugzilla.redhat.com/bugzilla --enable-bootstrap --enable-shared --enable-threads=posix --enable-checking=release --with-system-zlib --enable-__cxa_atexit --disable-libunwind-exceptions --enable-languages=c,c++,objc,obj-c++,java,fortran,ada --enable-java-awt=gtk --disable-dssi --enable-plugin --with-java-home=/usr/lib/jvm/java-1.5.0-gcj-1.5.0.0/jre --enable-libgcj-multifile --enable-java-maintainer-mode --with-ecj-jar=/usr/share/java/eclipse-ecj.jar --disable-libjava-multilib --with-cpu=generic --build=x86_64-redhat-linux
Thread model: posix
gcc version 4.3.2 20081105 (Red Hat 4.3.2-7) (GCC) 
configure:1685: $? = 0
configure:1687: gcc -V </dev/null >&5
gcc: '-V' option must have argument
configure:1690: $? = 1
configure:1713: checking for C compiler default output file name
configure:1716: gcc    conftest.c  >&5
configure:1719: $? = 0
configure:1765: result: a.out
configure:1770: checking whether the C compiler works
configure:1776: ./a.out
configure:1779: $? = 0
configure:1796: result: yes
configure:1803: checking whether we are cross compiling
configure:1805: result: no
configure:1808: checking for suffix of executables
configure:1810: gcc -o conftest    conftest.c  >&5
configure:1813: $? = 0
configure:1838: result: 
configure:1844: checking for suffix of object files
configure:1865: gcc -c   conftest.c >&5
configure:1868: $? = 0
configure:1890: result: o
configure:1894: checking whether we are using the GNU C compiler
configure:1918: gcc -c   conftest.c >&5
configure:1924: $? = 0
configure:1927: test -z 			 || test ! -s conftest.err
configure:1930: $? = 0
configure:1933: test -s conftest.o
configure:1936: $? = 0
configure:1949: result: yes
configure:1955: checking whether gcc accepts -g
configure:1976: gcc -c -g  conftest.c >&5
configure:1982: $? = 0
configure:1985: test -z 			 || test ! -s conftest.err
configure:1988: $? = 0
configure:1991: test -s conftest.o
configure:1994: $? = 0
configure:2005: result: yes
configure:2022: checking for gcc option to accept ANSI C
configure:2092: gcc  -c -g -O2  conftest.c >&5
configure:2098: $? = 0
configure:2101: test -z 			 || test ! -s conftest.err
configure:2104: $? = 0
configure:2107: test -s conftest.o
configure:2110: $? = 0
configure:2128: result: none needed
configure:2146: gcc -c -g -O2  conftest.c >&5
conftest.c:2: error: expected '=', ',', ';', 'asm' or '__attribute__' before 'me'
configure:2152: $? = 1
configure: failed program was:
| #ifndef __cplusplus
|   choke me
| #endif
configure:2326: checking for ranlib
configure:2342: found /usr/bin/ranlib
configure:2353: result: ranlib
configure:2406: checking for ar
configure:2422: found /usr/bin/ar
configure:2432: result: ar
configure:2446: checking whether byte ordering is bigendian
configure:2473: gcc -c -g -O2 -Wall  conftest.c >&5
configure:2479: $? = 0
configure:2482: test -z 			 || test ! -s conftest.err
configure:2485: $? = 0
configure:2488: test -s conftest.o
configure:2491: $? = 0
configure:2515: gcc -c -g -O2 -Wall  conftest.c >&5
conftest.c: In function 'main':
conftest.c:16: error: 'not' undeclared (first use in this function)
conftest.c:16: error: (Each undeclared identifier is reported only once
conftest.c:16: error: for each function it appears in.)
conftest.c:16: error: expected ';' before 'big'
configure:2521: $? = 1
configure: failed program was:
| /* confdefs.h.  */
| 
| #define PACKAGE_NAME ""
| #define PACKAGE_TARNAME ""
| #define PACKAGE_VERSION ""
| #define PACKAGE_STRING ""
| #define PACKAGE_BUGREPORT ""
| /* end confdefs.h.  */
| #include <sys/types.h>
| #include <sys/param.h>
| 
| int
| main ()
| {
| #if BYTE_ORDER != BIG_ENDIAN
|  not big endian
| #endif
| 
|   ;
|   return 0;
| }
configure:2654: result: no
configure:2675: checking for log in -lm
configure:2705: gcc -o conftest -g -O2 -Wall   conftest.c -lm   >&5
conftest.c:16: warning: conflicting types for built-in function 'log'
configure:2711: $? = 0
configure:2714: test -z 			 || test ! -s conftest.err
configure:2717: $? = 0
configure:2720: test -s conftest
configure:2723: $? = 0
configure:2736: result: yes
configure:2748: checking for d_log in -lg2c
configure:2778: gcc -o conftest -g -O2 -Wall   conftest.c -lg2c  -lm  >&5
/usr/bin/ld: cannot find -lg2c
collect2: ld returned 1 exit status
configure:2784: $? = 1
configure: failed program was:
| /* confdefs.h.  */
| 
| #define PACKAGE_NAME ""
| #define PACKAGE_TARNAME ""
| #define PACKAGE_VERSION ""
| #define PACKAGE_STRING ""
| #define PACKAGE_BUGREPORT ""
| #define HAVE_LIBM 1
| /* end confdefs.h.  */
| 
| /* Override any gcc2 internal prototype to avoid an error.  */
| #ifdef __cplusplus
| extern "C"
| #endif
| /* We use char because int might match the return type of a gcc2
|    builtin and then its argument prototype would still apply.  */
| char d_log ();
| int
| main ()
| {
| d_log ();
|   ;
|   return 0;
| }
configure:2809: result: no
configure:2821: checking for dgemm_ in -lblas
configure:2851: gcc -o conftest -g -O2 -Wall   conftest.c -lblas  -lm  >&5
/usr/bin/ld: cannot find -lblas
collect2: ld returned 1 exit status
configure:2857: $? = 1
configure: failed program was:
| /* confdefs.h.  */
| 
| #define PACKAGE_NAME ""
| #define PACKAGE_TARNAME ""
| #define PACKAGE_VERSION ""
| #define PACKAGE_STRING ""
| #define PACKAGE_BUGREPORT ""
| #define HAVE_LIBM 1
| /* end confdefs.h.  */
| 
| /* Override any gcc2 internal prototype to avoid an error.  */
| #ifdef __cplusplus
| extern "C"
| #endif
| /* We use char because int might match the return type of a gcc2
|    builtin and then its argument prototype would still apply.  */
| char dgemm_ ();
| int
| main ()
| {
| dgemm_ ();
|   ;
|   return 0;
| }
configure:2882: result: no
configure:2894: checking for dgesv_ in -llapack
configure:2924: gcc -o conftest -g -O2 -Wall   conftest.c -llapack  -lm  >&5
/usr/bin/ld: cannot find -llapack
collect2: ld returned 1 exit status
configure:2930: $? = 1
configure: failed program was:
| /* confdefs.h.  */
| 
| #define PACKAGE_NAME ""
| #define PACKAGE_TARNAME ""
| #define PACKAGE_VERSION ""
| #define PACKAGE_STRING ""
| #define PACKAGE_BUGREPORT ""
| #define HAVE_LIBM 1
| /* end confdefs.h.  */
| 
| /* Override any gcc2 internal prototype to avoid an error.  */
| #ifdef __cplusplus
| extern "C"
| #endif
| /* We use char because int might match the return type of a gcc2
|    builtin and then its argument prototype would still apply.  */
| char dgesv_ ();
| int
| main ()
| {
| dgesv_ ();
|   ;
|   return 0;
| }
configure:2955: result: no
configure:2977: checking for perl5
configure:2995: found /usr/cs/bin/perl5
configure:3007: result: /usr/cs/bin/perl5
configure:3031: checking for festival
configure:3050: found /usr/bin/festival
configure:3063: result: /usr/bin/festival
configure:3213: creating ./config.status

## ---------------------- ##
## Running config.status. ##
## ---------------------- ##

This file was extended by config.status, which was
generated by GNU Autoconf 2.59.  Invocation command line was

  CONFIG_FILES    = 
  CONFIG_HEADERS  = 
  CONFIG_LINKS    = 
  CONFIG_COMMANDS = 
  $ ./config.status 

on genie.mlsp.cs.cmu.edu

config.status:691: creating config/config
config.status:691: creating config/system.mak
config.status:691: creating scripts_pl/sphinxDocGen.sh

## ---------------- ##
## Cache variables. ##
## ---------------- ##

ac_cv_build=x86_64-unknown-linux-gnu
ac_cv_build_alias=x86_64-unknown-linux-gnu
ac_cv_c_bigendian=no
ac_cv_c_compiler_gnu=yes
ac_cv_env_CC_set=
ac_cv_env_CC_value=
ac_cv_env_CFLAGS_set=
ac_cv_env_CFLAGS_value=
ac_cv_env_CPPFLAGS_set=
ac_cv_env_CPPFLAGS_value=
ac_cv_env_LDFLAGS_set=
ac_cv_env_LDFLAGS_value=
ac_cv_env_build_alias_set=
ac_cv_env_build_alias_value=
ac_cv_env_host_alias_set=
ac_cv_env_host_alias_value=
ac_cv_env_target_alias_set=
ac_cv_env_target_alias_value=
ac_cv_exeext=
ac_cv_host=x86_64-unknown-linux-gnu
ac_cv_host_alias=x86_64-unknown-linux-gnu
ac_cv_lib_blas_dgemm_=no
ac_cv_lib_g2c_d_log=no
ac_cv_lib_lapack_dgesv_=no
ac_cv_lib_m_log=yes
ac_cv_objext=o
ac_cv_path_FESTIVAL=/usr/bin/festival
ac_cv_path_PERL=/usr/cs/bin/perl5
ac_cv_prog_ac_ct_AR=ar
ac_cv_prog_ac_ct_CC=gcc
ac_cv_prog_ac_ct_RANLIB=ranlib
ac_cv_prog_cc_g=yes
ac_cv_prog_cc_stdc=
ac_cv_target=x86_64-unknown-linux-gnu
ac_cv_target_alias=x86_64-unknown-linux-gnu

## ----------------- ##
## Output variables. ##
## ----------------- ##

AR='ar'
CC='gcc'
CFLAGS='-g -O2 -Wall -fPIC -DPIC'
CPPFLAGS=''
DEFS='-DPACKAGE_NAME=\"\" -DPACKAGE_TARNAME=\"\" -DPACKAGE_VERSION=\"\" -DPACKAGE_STRING=\"\" -DPACKAGE_BUGREPORT=\"\" -DHAVE_LIBM=1 '
ECHO_C=''
ECHO_N='-n'
ECHO_T=''
EXEEXT=''
FESTIVAL='/usr/bin/festival'
LAPACK_LITE='liblapack_lite'
LDFLAGS=''
LIBOBJS=''
LIBS='-llapack_lite -lm '
LTLIBOBJS=''
OBJEXT='o'
PACKAGE_BUGREPORT=''
PACKAGE_NAME=''
PACKAGE_STRING=''
PACKAGE_TARNAME=''
PACKAGE_VERSION=''
PATH_SEPARATOR=':'
PERL='/usr/cs/bin/perl5'
RANLIB='ranlib'
SHELL='/bin/sh'
ac_ct_AR='ar'
ac_ct_CC='gcc'
ac_ct_RANLIB='ranlib'
bindir='${exec_prefix}/bin'
build='x86_64-unknown-linux-gnu'
build_alias=''
build_cpu='x86_64'
build_os='linux-gnu'
build_vendor='unknown'
datadir='${prefix}/share'
exec_prefix='${prefix}'
host='x86_64-unknown-linux-gnu'
host_alias=''
host_cpu='x86_64'
host_os='linux-gnu'
host_vendor='unknown'
includedir='${prefix}/include'
infodir='${prefix}/info'
libdir='${exec_prefix}/lib'
libexecdir='${exec_prefix}/libexec'
localstatedir='${prefix}/var'
mandir='${prefix}/man'
oldincludedir='/usr/include'
prefix='/usr/local'
program_transform_name='s,x,x,'
sbindir='${exec_prefix}/sbin'
sharedstatedir='${prefix}/com'
sysconfdir='${prefix}/etc'
target='x86_64-unknown-linux-gnu'
target_alias=''
target_cpu='x86_64'
target_os='linux-gnu'
target_vendor='unknown'

## ----------- ##
## confdefs.h. ##
## ----------- ##

#define HAVE_LIBM 1
#define PACKAGE_BUGREPORT ""
#define PACKAGE_NAME ""
#define PACKAGE_STRING ""
#define PACKAGE_TARNAME ""
#define PACKAGE_VERSION ""

configure: exit 0
