===================================================================
RCS file: RCS/alpha_io.h,v
retrieving revision 1.1
diff -r1.1 alpha_io.h
===================================================================
RCS file: RCS/array_io.h,v
retrieving revision 1.2
diff -r1.2 array_io.h
===================================================================
RCS file: RCS/bcomment_io.h,v
retrieving revision 1.3
diff -r1.3 bcomment_io.h
===================================================================
RCS file: RCS/bo_magic.h,v
retrieving revision 1.1
diff -r1.1 bo_magic.h
===================================================================
RCS file: RCS/corpus.h,v
retrieving revision 1.4
diff -r1.4 corpus.h
===================================================================
RCS file: RCS/floatbuf_io.h,v
retrieving revision 1.2
diff -r1.2 floatbuf_io.h
===================================================================
RCS file: RCS/fread_retry.h,v
retrieving revision 1.2
diff -r1.2 fread_retry.h
===================================================================
RCS file: RCS/gauden_io.h,v
retrieving revision 1.3
diff -r1.3 gauden_io.h
===================================================================
RCS file: RCS/intbuf_io.h,v
retrieving revision 1.1
diff -r1.1 intbuf_io.h
===================================================================
RCS file: RCS/mixw_param_io.h,v
retrieving revision 1.2
diff -r1.2 mixw_param_io.h
===================================================================
RCS file: RCS/model_def_io.h,v
retrieving revision 1.4
diff -r1.4 model_def_io.h
===================================================================
RCS file: RCS/read_line.h,v
retrieving revision 1.3
diff -r1.3 read_line.h
===================================================================
RCS file: RCS/s3_open.h,v
retrieving revision 1.1
diff -r1.1 s3_open.h
===================================================================
RCS file: RCS/state_param_def_io.h,v
retrieving revision 1.1
diff -r1.1 state_param_def_io.h
===================================================================
RCS file: RCS/swap.h,v
retrieving revision 1.3
diff -r1.3 swap.h
===================================================================
RCS file: RCS/tmat_param_io.h,v
retrieving revision 1.2
diff -r1.2 tmat_param_io.h
===================================================================
RCS file: RCS/topo_read.h,v
retrieving revision 1.2
diff -r1.2 topo_read.h
