../..//s3trainer/bin.linux/bldtree \
 -treefn ../..//trees/MODELSET1.unpruned/AY-1.dtree \
 -moddeffn ../..//model_architecture/MODELSET1.untied.mdef \
 -mixwfn ../..//model_parameters/MODELSET1.cd_continuous_untied/mixture_weights \
 -ts2cbfn .cont. \
 -meanfn ../..//model_parameters/MODELSET1.cd_continuous_untied/means \
 -varfn ../..//model_parameters/MODELSET1.cd_continuous_untied/variances \
 -mwfloor 1e-8 \
 -psetfn ../..//c_scripts/03.buildtrees/linguistic_questions.automatic \
 -phone AY \
 -state 1 \
 -stwt 1.0 0.05 0.0 \
 -ssplitmin 1 \
 -ssplitmax 7 \
 -ssplitthr 0 \
 -csplitmin 1 \
 -csplitmax 2000 \
 -csplitthr 0 \
 -cntthresh 1

[Switch]   [Default] [Value]
-treefn              ../..//trees/MODELSET1.unpruned/AY-1.dtree
-moddeffn            ../..//model_architecture/MODELSET1.untied.mdef
-ts2cbfn   .semi.    .cont. 
-meanfn              ../..//model_parameters/MODELSET1.cd_continuous_untied/means
-varfn               ../..//model_parameters/MODELSET1.cd_continuous_untied/variances
-varfloor  0.00001   1.000000e-05
-cntthresh 0.00001   1.000000e+00
-mixwfn              ../..//model_parameters/MODELSET1.cd_continuous_untied/mixture_weights
-psetfn              ../..//c_scripts/03.buildtrees/linguistic_questions.automatic
-phone               AY     
-state               1      
-mwfloor   1e-4      1.000000e-08
-stwt                1.0 0.05 0.0
-ssplitthr 8e-4      0.000000e+00
-ssplitmin 1         1      
-ssplitmax 5         7      
-csplitthr 8e-4      0.000000e+00
-csplitmin 1         1      
-csplitmax 100       2000   
INFO: ../main.c(152): Reading: ../..//model_architecture/MODELSET1.untied.mdef
INFO: ../model_def_io.c(562): Model definition info:
INFO: ../model_def_io.c(563): 1000 total models defined (50 base, 950 tri)
INFO: ../model_def_io.c(564): 4000 total states
INFO: ../model_def_io.c(565): 3000 total tied states
INFO: ../model_def_io.c(566): 150 total tied CI states
INFO: ../model_def_io.c(567): 50 total tied transition matrices
INFO: ../model_def_io.c(568): 4 max state/model
INFO: ../model_def_io.c(569): 20 min state/model
INFO: ../main.c(196): Building trees for [AY D AO i] through [AY W SH e]
INFO: ../main.c(224): Covering states |[483 524]| == 42
INFO: ../main.c(231): Reading: ../..//model_parameters/MODELSET1.cd_continuous_untied/mixture_weights
INFO: ../s3mixw_io.c(151): Read ../..//model_parameters/MODELSET1.cd_continuous_untied/mixture_weights [42x1x1 array]
INFO: ../main.c(269): 14 of 14 models have observation count greater than 1.000000
INFO: ../main.c(67): nrm stwt: 0.045 0.909 0.045 
INFO: ../s3gau_io.c(128): Read ../..//model_parameters/MODELSET1.cd_continuous_untied/means [3000x1x1 array]
INFO: ../s3gau_io.c(128): Read ../..//model_parameters/MODELSET1.cd_continuous_untied/variances [3000x1x1 array]
INFO: ../main.c(510): Reading: ../..//c_scripts/03.buildtrees/linguistic_questions.automatic
INFO: ../main.c(547): 176 total simple questions (168 phone; 8 word bndry)
INFO: ../main.c(549): 42 Left Only questions, and 42 Right Only questions
N model = 14
s>    ( QUESTION0_13_R 1 7.728e+01 2.496e+02 3.702e+01
s>        ( - 2.440e+02 1 0)
s>        ( QUESTION0_20_R 1 8.288e+01 2.433e+02 3.602e+01
s>            ( - 2.440e+02 1 0)
s>            ( QUESTION9 1 8.219e+01 2.423e+02 3.502e+01
s>                ( - 2.441e+02 1 0)
s>                ( QUESTION0_4_R 1 8.041e+01 2.291e+02 3.402e+01
s>                    ( - 2.440e+02 1 0)
s>                    ( WDBNDRY_E 0 6.546e+01 1.606e+02 3.302e+01
s>                        ( - 1.352e+02 1 0)
s>                        ( QUESTION6 -1 9.081e+01 1.525e+02 3.102e+01
s>                            ( - 1.720e+02 1 0)
s>                            ( QUESTION2_14_L -1 7.135e+01 2.524e+02 2.902e+01
s>                                ( - 2.407e+02 1 0)
s>                                ( - 8.301e+01 7 0 WDBNDRY_S 0 1.362e+02 2.802e+01))))))))INFO: ../dtree.c(1327): Comp split 0
s>    ( QUESTION0_20_R 1 8.288e+01 2.433e+02 3.602e+01
s>        ( - 2.440e+02 1 0)
s>        ( QUESTION9 1 8.219e+01 2.423e+02 3.502e+01
s>            ( - 2.441e+02 1 0)
s>            ( QUESTION0_4_R 1 8.041e+01 2.291e+02 3.402e+01
s>                ( - 2.440e+02 1 0)
s>                ( WDBNDRY_E 0 6.546e+01 1.606e+02 3.302e+01
s>                    ( - 1.352e+02 1 0)
s>                    ( QUESTION6 -1 9.081e+01 1.525e+02 3.102e+01
s>                        ( - 1.720e+02 1 0)
s>                        ( QUESTION2_14_L -1 7.135e+01 2.524e+02 2.902e+01
s>                            ( - 2.407e+02 1 0)
s>                            ( WDBNDRY_S 0 8.301e+01 1.362e+02 2.802e+01
s>                                ( - 1.341e+02 1 0)
s>                                ( - 8.509e+01 6 0 QUESTION4 -1 1.309e+02 2.502e+01))))))))INFO: ../dtree.c(1327): Comp split 1
s>    ( QUESTION0_20_R 1 9.210e+01 2.432e+02 3.502e+01
s>        ( - 2.440e+02 1 0)
s>        ( QUESTION9 1 9.129e+01 2.421e+02 3.402e+01
s>            ( - 2.441e+02 1 0)
s>            ( QUESTION0_4_R 1 8.934e+01 2.289e+02 3.302e+01
s>                ( - 2.440e+02 1 0)
s>                ( WDBNDRY_E 0 7.417e+01 1.640e+02 3.202e+01
s>                    ( - 1.352e+02 1 0)
s>                    ( QUESTION6 -1 1.030e+02 1.520e+02 3.002e+01
s>                        ( - 1.720e+02 1 0)
s>                        ( WDBNDRY_S 0 8.301e+01 1.362e+02 2.802e+01
s>                            ( - 1.341e+02 1 0)
s>                            ( QUESTION4 -1 8.509e+01 1.309e+02 2.502e+01
s>                                ( - 1.813e+02 1 0)
s>                                ( - 3.474e+01 5 0 QUESTION0_18_R 1 2.377e+02 1.200e+01))))))))INFO: ../dtree.c(1327): Comp split 2
s>    ( QUESTION9 1 9.129e+01 2.421e+02 3.402e+01
s>        ( - 2.441e+02 1 0)
s>        ( QUESTION0_4_R 1 8.934e+01 2.289e+02 3.302e+01
s>            ( - 2.440e+02 1 0)
s>            ( WDBNDRY_E 0 7.417e+01 1.640e+02 3.202e+01
s>                ( - 1.352e+02 1 0)
s>                ( QUESTION6 -1 1.030e+02 1.520e+02 3.002e+01
s>                    ( - 1.720e+02 1 0)
s>                    ( WDBNDRY_S 0 8.301e+01 1.362e+02 2.802e+01
s>                        ( - 1.341e+02 1 0)
s>                        ( QUESTION4 -1 8.509e+01 1.309e+02 2.502e+01
s>                            ( - 1.813e+02 1 0)
s>                            ( QUESTION0_18_R 1 3.474e+01 2.377e+02 1.200e+01
s>                                ( - 2.440e+02 1 0)
s>                                ( - 2.841e+01 4 0 QUESTION0_0_R 1 1.178e+02 1.100e+01))))))))INFO: ../dtree.c(1327): Comp split 3
INFO: ../dtree.c(1459): stop. leaf nodes are specific
s>    ( QUESTION0_4_R 1 8.934e+01 2.289e+02 3.302e+01
s>        ( - 2.440e+02 1 0)
s>        ( WDBNDRY_E 0 7.417e+01 1.640e+02 3.202e+01
s>            ( - 1.352e+02 1 0)
s>            ( QUESTION6 -1 1.030e+02 1.520e+02 3.002e+01
s>                ( - 1.720e+02 1 0)
s>                ( - 8.301e+01 7 0))))INFO: ../dtree.c(1327): Comp split 4
s>    ( WDBNDRY_E 0 7.417e+01 1.640e+02 3.202e+01
s>        ( - 1.352e+02 1 0)
s>        ( QUESTION6 -1 1.030e+02 1.520e+02 3.002e+01
s>            ( - 1.720e+02 1 0)
s>            ( WDBNDRY_S 0 8.301e+01 1.362e+02 2.802e+01
s>                ( - 1.341e+02 1 0)
s>                ( QUESTION4 -1 8.509e+01 1.309e+02 2.502e+01
s>                    ( - 1.813e+02 1 0)
s>                    ( QUESTION0_18_R 1 3.474e+01 2.377e+02 1.200e+01
s>                        ( - 2.440e+02 1 0)
s>                        ( QUESTION0_0_R 1 2.841e+01 1.178e+02 1.100e+01
s>                            ( - 4.080e+01 1 0)
s>                            ( QUESTION0_15_R 1 1.054e+02 9.845e+01 6.000e+00
s>                                ( - 9.127e+01 2 0)
s>                                ( - 1.125e+02 1 0))))))))INFO: ../dtree.c(1327): Comp split 5
INFO: ../dtree.c(1459): stop. leaf nodes are specific
s>    ( WDBNDRY_E 0 6.976e+01 1.627e+02 3.102e+01
s>        ( - 1.352e+02 1 0)
s>        ( - 9.726e+01 7 0))INFO: ../dtree.c(1327): Comp split 6
INFO: ../dtree.c(1459): stop. leaf nodes are specific
s>    ( QUESTION6 -1 9.726e+01 1.526e+02 2.902e+01
s>        ( - 1.720e+02 1 0)
s>        ( WDBNDRY_S 0 7.793e+01 1.364e+02 2.702e+01
s>            ( - 1.341e+02 1 0)
s>            ( QUESTION0_0_R 1 8.026e+01 1.336e+02 2.402e+01
s>                ( - 4.080e+01 1 0)
s>                ( QUESTION0_18_R 1 1.731e+02 1.135e+02 1.902e+01
s>                    ( - 1.813e+02 1 0)
s>                    ( QUESTION0_15_R 1 1.054e+02 9.845e+01 6.000e+00
s>                        ( - 9.127e+01 2 0)
s>                        ( - 1.125e+02 1 0))))))INFO: ../dtree.c(1327): Comp split 7
INFO: ../dtree.c(1459): stop. leaf nodes are specific
s>    ( WDBNDRY_S 0 7.793e+01 1.364e+02 2.702e+01
s>        ( - 1.341e+02 1 0)
s>        ( - 8.026e+01 5 0))INFO: ../dtree.c(1327): Comp split 8
INFO: ../dtree.c(1459): stop. leaf nodes are specific
s>    ( QUESTION0_0_R 1 8.026e+01 1.336e+02 2.402e+01
s>        ( - 4.080e+01 1 0)
s>        ( QUESTION0_18_R 1 1.731e+02 1.135e+02 1.902e+01
s>            ( - 1.813e+02 1 0)
s>            ( QUESTION0_15_R 1 1.054e+02 9.845e+01 6.000e+00
s>                ( - 9.127e+01 2 0)
s>                ( - 1.125e+02 1 0))))INFO: ../dtree.c(1327): Comp split 9
INFO: ../dtree.c(1459): stop. leaf nodes are specific
s>    ( QUESTION0_18_R 1 1.731e+02 1.135e+02 1.902e+01
s>        ( - 1.813e+02 1 0)
s>        ( QUESTION0_15_R 1 1.054e+02 9.845e+01 6.000e+00
s>            ( - 9.127e+01 2 0)
s>            ( - 1.125e+02 1 0)))INFO: ../dtree.c(1327): Comp split 10
INFO: ../dtree.c(1459): stop. leaf nodes are specific
s>    ( QUESTION0_15_R 1 1.054e+02 9.845e+01 6.000e+00
s>        ( - 9.127e+01 2 0)
s>        ( - 1.125e+02 1 0))INFO: ../dtree.c(1327): Comp split 11
INFO: ../dtree.c(1327): Comp split 12
INFO: ../dtree.c(1330): stop. leaf nodes are specific
