../..//s3trainer/bin.linux/bldtree \
 -treefn ../..//trees/MODELSET1.unpruned/F-2.dtree \
 -moddeffn ../..//model_architecture/MODELSET1.untied.mdef \
 -mixwfn ../..//model_parameters/MODELSET1.cd_continuous_untied/mixture_weights \
 -ts2cbfn .cont. \
 -meanfn ../..//model_parameters/MODELSET1.cd_continuous_untied/means \
 -varfn ../..//model_parameters/MODELSET1.cd_continuous_untied/variances \
 -mwfloor 1e-8 \
 -psetfn ../..//c_scripts/03.buildtrees/linguistic_questions.automatic \
 -phone F \
 -state 2 \
 -stwt 1.0 0.05 0.0 \
 -ssplitmin 1 \
 -ssplitmax 7 \
 -ssplitthr 0 \
 -csplitmin 1 \
 -csplitmax 2000 \
 -csplitthr 0 \
 -cntthresh 1

[Switch]   [Default] [Value]
-treefn              ../..//trees/MODELSET1.unpruned/F-2.dtree
-moddeffn            ../..//model_architecture/MODELSET1.untied.mdef
-ts2cbfn   .semi.    .cont. 
-meanfn              ../..//model_parameters/MODELSET1.cd_continuous_untied/means
-varfn               ../..//model_parameters/MODELSET1.cd_continuous_untied/variances
-varfloor  0.00001   1.000000e-05
-cntthresh 0.00001   1.000000e+00
-mixwfn              ../..//model_parameters/MODELSET1.cd_continuous_untied/mixture_weights
-psetfn              ../..//c_scripts/03.buildtrees/linguistic_questions.automatic
-phone               F      
-state               2      
-mwfloor   1e-4      1.000000e-08
-stwt                1.0 0.05 0.0
-ssplitthr 8e-4      0.000000e+00
-ssplitmin 1         1      
-ssplitmax 5         7      
-csplitthr 8e-4      0.000000e+00
-csplitmin 1         1      
-csplitmax 100       2000   
INFO: ../main.c(152): Reading: ../..//model_architecture/MODELSET1.untied.mdef
INFO: ../model_def_io.c(562): Model definition info:
INFO: ../model_def_io.c(563): 1000 total models defined (50 base, 950 tri)
INFO: ../model_def_io.c(564): 4000 total states
INFO: ../model_def_io.c(565): 3000 total tied states
INFO: ../model_def_io.c(566): 150 total tied CI states
INFO: ../model_def_io.c(567): 50 total tied transition matrices
INFO: ../model_def_io.c(568): 4 max state/model
INFO: ../model_def_io.c(569): 20 min state/model
INFO: ../main.c(196): Building trees for [F AA SH e] through [F T AO b]
INFO: ../main.c(224): Covering states |[1038 1115]| == 78
INFO: ../main.c(231): Reading: ../..//model_parameters/MODELSET1.cd_continuous_untied/mixture_weights
INFO: ../s3mixw_io.c(151): Read ../..//model_parameters/MODELSET1.cd_continuous_untied/mixture_weights [78x1x1 array]
INFO: ../main.c(269): 26 of 26 models have observation count greater than 1.000000
INFO: ../main.c(67): nrm stwt: 0.000 0.048 0.952 
INFO: ../s3gau_io.c(128): Read ../..//model_parameters/MODELSET1.cd_continuous_untied/means [3000x1x1 array]
INFO: ../s3gau_io.c(128): Read ../..//model_parameters/MODELSET1.cd_continuous_untied/variances [3000x1x1 array]
INFO: ../main.c(510): Reading: ../..//c_scripts/03.buildtrees/linguistic_questions.automatic
INFO: ../main.c(547): 176 total simple questions (168 phone; 8 word bndry)
INFO: ../main.c(549): 42 Left Only questions, and 42 Right Only questions
N model = 26
s>    ( QUESTION0_17_R 1 3.819e+02 2.752e+02 8.700e+01
s>        ( - 3.799e+02 2 0)
s>        ( QUESTION0_11_R 1 2.773e+02 2.672e+02 7.600e+01
s>            ( - 2.440e+02 1 0)
s>            ( QUESTION0_8_R 1 3.005e+02 2.647e+02 7.500e+01
s>                ( - 2.711e+02 1 0)
s>                ( QUESTION9 -1 2.940e+02 2.455e+02 7.400e+01
s>                    ( QUESTION0_2_R 1 2.933e+02 2.561e+02 1.500e+01
s>                        ( - 2.440e+02 1 0)
s>                        ( - 3.054e+02 1 0))
s>                    ( QUESTION13 -1 2.462e+02 2.464e+02 5.900e+01
s>                        ( - 2.440e+02 1 0)
s>                        ( QUESTION0_7_R 1 2.486e+02 2.401e+02 5.800e+01
s>                            ( - 2.581e+02 1 0)
s>                            ( - 2.305e+02 18 0 QUESTION0_6_R 1 2.642e+02 5.700e+01)))))))INFO: ../dtree.c(1327): Comp split 0
s>    ( QUESTION0_11_R 1 2.773e+02 2.672e+02 7.600e+01
s>        ( - 2.440e+02 1 0)
s>        ( QUESTION0_8_R 1 3.005e+02 2.647e+02 7.500e+01
s>            ( - 2.711e+02 1 0)
s>            ( QUESTION9 -1 2.940e+02 2.455e+02 7.400e+01
s>                ( QUESTION0_2_R 1 2.933e+02 2.561e+02 1.500e+01
s>                    ( - 2.440e+02 1 0)
s>                    ( - 3.054e+02 1 0))
s>                ( QUESTION13 -1 2.462e+02 2.464e+02 5.900e+01
s>                    ( - 2.440e+02 1 0)
s>                    ( QUESTION0_7_R 1 2.486e+02 2.401e+02 5.800e+01
s>                        ( - 2.581e+02 1 0)
s>                        ( QUESTION0_6_R 1 2.305e+02 2.642e+02 5.700e+01
s>                            ( - 2.440e+02 1 0)
s>                            ( - 2.508e+02 17 0 QUESTION0_15_R 1 2.367e+02 5.600e+01)))))))INFO: ../dtree.c(1327): Comp split 1
s>    ( QUESTION0_8_R 1 3.005e+02 2.647e+02 7.500e+01
s>        ( - 2.711e+02 1 0)
s>        ( QUESTION9 -1 2.940e+02 2.455e+02 7.400e+01
s>            ( QUESTION0_2_R 1 2.933e+02 2.561e+02 1.500e+01
s>                ( - 2.440e+02 1 0)
s>                ( - 3.054e+02 1 0))
s>            ( QUESTION13 -1 2.462e+02 2.464e+02 5.900e+01
s>                ( - 2.440e+02 1 0)
s>                ( QUESTION0_7_R 1 2.486e+02 2.401e+02 5.800e+01
s>                    ( - 2.581e+02 1 0)
s>                    ( QUESTION0_6_R 1 2.305e+02 2.642e+02 5.700e+01
s>                        ( - 2.440e+02 1 0)
s>                        ( QUESTION0_15_R 1 2.508e+02 2.367e+02 5.600e+01
s>                            ( - 2.582e+02 1 0)
s>                            ( - 2.293e+02 16 0 QUESTION4 -1 1.658e+02 5.500e+01)))))))INFO: ../dtree.c(1327): Comp split 2
INFO: ../dtree.c(1459): stop. leaf nodes are specific
s>    ( QUESTION0_2_R 1 3.152e+02 2.342e+02 1.500e+01
s>        ( - 2.440e+02 1 0)
s>        ( - 3.054e+02 1 0))s>    ( QUESTION0_8_R 1 2.521e+02 2.646e+02 6.000e+01
s>        ( - 2.711e+02 1 0)
s>        ( QUESTION9 -1 2.456e+02 2.470e+02 5.900e+01
s>            ( - 2.440e+02 1 0)
s>            ( QUESTION0_7_R 1 2.486e+02 2.401e+02 5.800e+01
s>                ( - 2.581e+02 1 0)
s>                ( QUESTION0_6_R 1 2.305e+02 2.642e+02 5.700e+01
s>                    ( - 2.440e+02 1 0)
s>                    ( QUESTION0_15_R 1 2.508e+02 2.367e+02 5.600e+01
s>                        ( - 2.582e+02 1 0)
s>                        ( QUESTION4 -1 2.293e+02 1.658e+02 5.500e+01
s>                            ( - 1.859e+02 1 0)
s>                            ( QUESTION2_20_L -1 2.092e+02 1.602e+02 5.100e+01
s>                                ( - 2.862e+02 6 0 QUESTION2 -1 2.037e+02 3.100e+01)
s>                                ( - 8.321e+01 9 0 SILENCE -1 1.507e+02 2.000e+01))))))))INFO: ../dtree.c(1327): Comp split 3
INFO: ../dtree.c(1327): Comp split 4
s>    ( QUESTION9 -1 2.456e+02 2.470e+02 5.900e+01
s>        ( - 2.440e+02 1 0)
s>        ( QUESTION0_7_R 1 2.486e+02 2.401e+02 5.800e+01
s>            ( - 2.581e+02 1 0)
s>            ( QUESTION0_6_R 1 2.305e+02 2.642e+02 5.700e+01
s>                ( - 2.440e+02 1 0)
s>                ( QUESTION0_15_R 1 2.508e+02 2.367e+02 5.600e+01
s>                    ( - 2.582e+02 1 0)
s>                    ( QUESTION4 -1 2.293e+02 1.658e+02 5.500e+01
s>                        ( - 1.859e+02 1 0)
s>                        ( QUESTION2_20_L -1 2.092e+02 1.602e+02 5.100e+01
s>                            ( QUESTION2 -1 2.862e+02 2.037e+02 3.100e+01
s>                                ( - 1.710e+02 4 0 WDBNDRY_B 0 1.995e+02 2.200e+01)
s>                                ( - 3.189e+02 2 0 WDBNDRY_B 0 2.135e+02 9.000e+00))
s>                            ( - 8.321e+01 9 0 SILENCE -1 1.507e+02 2.000e+01)))))))INFO: ../dtree.c(1327): Comp split 5
INFO: ../dtree.c(1459): stop. leaf nodes are specific
s>    ( QUESTION9 -1 2.651e+02 2.475e+02 5.800e+01
s>        ( - 2.440e+02 1 0)
s>        ( QUESTION0_6_R 1 2.685e+02 2.403e+02 5.700e+01
s>            ( - 2.581e+02 1 0)
s>            ( QUESTION0_15_R 1 2.508e+02 2.367e+02 5.600e+01
s>                ( - 2.582e+02 1 0)
s>                ( QUESTION4 -1 2.293e+02 1.658e+02 5.500e+01
s>                    ( - 1.859e+02 1 0)
s>                    ( - 2.092e+02 15 0)))))INFO: ../dtree.c(1327): Comp split 6
s>    ( QUESTION0_6_R 1 2.685e+02 2.403e+02 5.700e+01
s>        ( - 2.581e+02 1 0)
s>        ( QUESTION0_15_R 1 2.508e+02 2.367e+02 5.600e+01
s>            ( - 2.582e+02 1 0)
s>            ( QUESTION4 -1 2.293e+02 1.658e+02 5.500e+01
s>                ( - 1.859e+02 1 0)
s>                ( QUESTION2_20_L -1 2.092e+02 1.602e+02 5.100e+01
s>                    ( QUESTION2 -1 2.862e+02 2.037e+02 3.100e+01
s>                        ( WDBNDRY_B 0 1.710e+02 1.995e+02 2.200e+01
s>                            ( - 2.302e+02 1 0)
s>                            ( QUESTION2 1 1.404e+02 1.593e+02 1.900e+01
s>                                ( - 1.359e+02 2 0 QUESTION0_3_R 1 2.572e+02 1.500e+01)
s>                                ( - 1.637e+02 1 0)))
s>                        ( - 3.189e+02 2 0))
s>                    ( - 8.321e+01 9 0 SILENCE -1 1.507e+02 2.000e+01)))))INFO: ../dtree.c(1327): Comp split 7
s>    ( QUESTION0_15_R 1 2.508e+02 2.367e+02 5.600e+01
s>        ( - 2.582e+02 1 0)
s>        ( QUESTION4 -1 2.293e+02 1.658e+02 5.500e+01
s>            ( - 1.859e+02 1 0)
s>            ( QUESTION2_20_L -1 2.092e+02 1.602e+02 5.100e+01
s>                ( QUESTION2 -1 2.862e+02 2.037e+02 3.100e+01
s>                    ( WDBNDRY_B 0 1.710e+02 1.995e+02 2.200e+01
s>                        ( - 2.302e+02 1 0)
s>                        ( QUESTION2 1 1.404e+02 1.593e+02 1.900e+01
s>                            ( QUESTION0_3_R 1 1.359e+02 2.572e+02 1.500e+01
s>                                ( - 1.491e+02 1 0)
s>                                ( - 2.440e+02 1 0))
s>                            ( - 1.637e+02 1 0)))
s>                    ( - 3.189e+02 2 0))
s>                ( - 8.321e+01 9 0 SILENCE -1 1.507e+02 2.000e+01))))INFO: ../dtree.c(1327): Comp split 8
INFO: ../dtree.c(1459): stop. leaf nodes are specific
s>    ( QUESTION0_15_R 1 2.618e+02 2.368e+02 5.500e+01
s>        ( - 2.582e+02 1 0)
s>        ( QUESTION4 -1 2.404e+02 1.644e+02 5.400e+01
s>            ( - 1.859e+02 1 0)
s>            ( - 2.189e+02 14 0)))INFO: ../dtree.c(1327): Comp split 9
s>    ( QUESTION4 -1 2.404e+02 1.644e+02 5.400e+01
s>        ( - 1.859e+02 1 0)
s>        ( QUESTION2_20_L -1 2.189e+02 1.728e+02 5.000e+01
s>            ( QUESTION2 -1 3.085e+02 2.012e+02 3.000e+01
s>                ( WDBNDRY_B 0 1.908e+02 1.964e+02 2.100e+01
s>                    ( - 2.302e+02 1 0)
s>                    ( QUESTION0_3_R 1 1.570e+02 1.558e+02 1.800e+01
s>                        ( - 1.491e+02 1 0)
s>                        ( - 1.637e+02 1 0)))
s>                ( WDBNDRY_B 0 3.189e+02 2.135e+02 9.000e+00
s>                    ( - 3.478e+02 1 0)
s>                    ( - 1.846e+02 1 0)))
s>            ( SILENCE -1 8.321e+01 1.507e+02 2.000e+01
s>                ( - 1.476e+02 1 0)
s>                ( - 8.622e+01 8 0 QUESTION4 1 1.511e+02 1.800e+01))))INFO: ../dtree.c(1327): Comp split 10
INFO: ../dtree.c(1327): Comp split 11
INFO: ../dtree.c(1330): stop. leaf nodes are specific
