../..//s3trainer/bin.linux/bldtree \
 -treefn ../..//trees/MODELSET1.unpruned/SH-1.dtree \
 -moddeffn ../..//model_architecture/MODELSET1.untied.mdef \
 -mixwfn ../..//model_parameters/MODELSET1.cd_continuous_untied/mixture_weights \
 -ts2cbfn .cont. \
 -meanfn ../..//model_parameters/MODELSET1.cd_continuous_untied/means \
 -varfn ../..//model_parameters/MODELSET1.cd_continuous_untied/variances \
 -mwfloor 1e-8 \
 -psetfn ../..//c_scripts/03.buildtrees/linguistic_questions.automatic \
 -phone SH \
 -state 1 \
 -stwt 1.0 0.05 0.0 \
 -ssplitmin 1 \
 -ssplitmax 7 \
 -ssplitthr 0 \
 -csplitmin 1 \
 -csplitmax 2000 \
 -csplitthr 0 \
 -cntthresh 1

[Switch]   [Default] [Value]
-treefn              ../..//trees/MODELSET1.unpruned/SH-1.dtree
-moddeffn            ../..//model_architecture/MODELSET1.untied.mdef
-ts2cbfn   .semi.    .cont. 
-meanfn              ../..//model_parameters/MODELSET1.cd_continuous_untied/means
-varfn               ../..//model_parameters/MODELSET1.cd_continuous_untied/variances
-varfloor  0.00001   1.000000e-05
-cntthresh 0.00001   1.000000e+00
-mixwfn              ../..//model_parameters/MODELSET1.cd_continuous_untied/mixture_weights
-psetfn              ../..//c_scripts/03.buildtrees/linguistic_questions.automatic
-phone               SH     
-state               1      
-mwfloor   1e-4      1.000000e-08
-stwt                1.0 0.05 0.0
-ssplitthr 8e-4      0.000000e+00
-ssplitmin 1         1      
-ssplitmax 5         7      
-csplitthr 8e-4      0.000000e+00
-csplitmin 1         1      
-csplitmax 100       2000   
INFO: ../main.c(152): Reading: ../..//model_architecture/MODELSET1.untied.mdef
INFO: ../model_def_io.c(562): Model definition info:
INFO: ../model_def_io.c(563): 1000 total models defined (50 base, 950 tri)
INFO: ../model_def_io.c(564): 4000 total states
INFO: ../model_def_io.c(565): 3000 total tied states
INFO: ../model_def_io.c(566): 150 total tied CI states
INFO: ../model_def_io.c(567): 50 total tied transition matrices
INFO: ../model_def_io.c(568): 4 max state/model
INFO: ../model_def_io.c(569): 20 min state/model
INFO: ../main.c(196): Building trees for [SH AY I b] through [SH Z U b]
INFO: ../main.c(224): Covering states |[2472 2504]| == 33
INFO: ../main.c(231): Reading: ../..//model_parameters/MODELSET1.cd_continuous_untied/mixture_weights
INFO: ../s3mixw_io.c(151): Read ../..//model_parameters/MODELSET1.cd_continuous_untied/mixture_weights [33x1x1 array]
INFO: ../main.c(269): 11 of 11 models have observation count greater than 1.000000
INFO: ../main.c(67): nrm stwt: 0.045 0.909 0.045 
INFO: ../s3gau_io.c(128): Read ../..//model_parameters/MODELSET1.cd_continuous_untied/means [3000x1x1 array]
INFO: ../s3gau_io.c(128): Read ../..//model_parameters/MODELSET1.cd_continuous_untied/variances [3000x1x1 array]
INFO: ../main.c(510): Reading: ../..//c_scripts/03.buildtrees/linguistic_questions.automatic
INFO: ../main.c(547): 176 total simple questions (168 phone; 8 word bndry)
INFO: ../main.c(549): 42 Left Only questions, and 42 Right Only questions
N model = 11
s>    ( QUESTION0_13_R 1 -8.279e+01 2.544e+02 3.009e+01
s>        ( - 2.361e+02 1 0)
s>        ( QUESTION2_5_L -1 -6.451e+01 2.525e+02 2.909e+01
s>            ( - 2.322e+02 1 0)
s>            ( QUESTION13 -1 -4.425e+01 2.507e+02 2.809e+01
s>                ( - 2.410e+02 1 0)
s>                ( QUESTION0_4_R 1 -3.457e+01 2.357e+02 2.709e+01
s>                    ( - 2.352e+02 1 0)
s>                    ( QUESTION3 -1 -3.407e+01 2.545e+02 2.609e+01
s>                        ( - 2.440e+02 1 0)
s>                        ( QUESTION5 1 -2.364e+01 2.400e+02 2.509e+01
s>                            ( - 2.440e+02 1 0)
s>                            ( QUESTION2 -1 -2.768e+01 2.460e+02 2.409e+01
s>                                ( - 2.425e+02 1 0)
s>                                ( - -2.418e+01 4 0 QUESTION0_2_R 1 1.351e+02 2.309e+01))))))))INFO: ../dtree.c(1327): Comp split 0
s>    ( QUESTION2_5_L -1 -6.451e+01 2.525e+02 2.909e+01
s>        ( - 2.322e+02 1 0)
s>        ( QUESTION13 -1 -4.425e+01 2.507e+02 2.809e+01
s>            ( - 2.410e+02 1 0)
s>            ( QUESTION0_4_R 1 -3.457e+01 2.357e+02 2.709e+01
s>                ( - 2.352e+02 1 0)
s>                ( QUESTION3 -1 -3.407e+01 2.545e+02 2.609e+01
s>                    ( - 2.440e+02 1 0)
s>                    ( QUESTION5 1 -2.364e+01 2.400e+02 2.509e+01
s>                        ( - 2.440e+02 1 0)
s>                        ( QUESTION2 -1 -2.768e+01 2.460e+02 2.409e+01
s>                            ( - 2.425e+02 1 0)
s>                            ( QUESTION0_2_R 1 -2.418e+01 1.351e+02 2.309e+01
s>                                ( - 9.843e+01 1 0)
s>                                ( - 1.247e+01 3 0 SILENCE -1 1.127e+02 1.400e+01))))))))INFO: ../dtree.c(1327): Comp split 1
INFO: ../dtree.c(1459): stop. leaf nodes are specific
s>    ( QUESTION2_5_L -1 -5.501e+01 2.521e+02 2.809e+01
s>        ( - 2.322e+02 1 0)
s>        ( QUESTION13 -1 -3.509e+01 2.512e+02 2.709e+01
s>            ( - 2.410e+02 1 0)
s>            ( - -2.489e+01 7 0)))INFO: ../dtree.c(1327): Comp split 2
s>    ( QUESTION13 -1 -3.509e+01 2.512e+02 2.709e+01
s>        ( - 2.410e+02 1 0)
s>        ( QUESTION0_4_R 1 -2.489e+01 2.364e+02 2.609e+01
s>            ( - 2.352e+02 1 0)
s>            ( QUESTION5 1 -2.364e+01 2.400e+02 2.509e+01
s>                ( - 2.440e+02 1 0)
s>                ( QUESTION2 -1 -2.768e+01 2.460e+02 2.409e+01
s>                    ( - 2.425e+02 1 0)
s>                    ( QUESTION0_2_R 1 -2.418e+01 1.351e+02 2.309e+01
s>                        ( - 9.843e+01 1 0)
s>                        ( SILENCE -1 1.247e+01 1.127e+02 1.400e+01
s>                            ( - 7.481e+01 1 0)
s>                            ( WDBNDRY_B 0 5.040e+01 2.498e+02 8.999e+00
s>                                ( - 2.440e+02 1 0)
s>                                ( - 5.619e+01 1 0))))))))INFO: ../dtree.c(1327): Comp split 3
INFO: ../dtree.c(1459): stop. leaf nodes are specific
s>    ( QUESTION0_4_R 1 -2.489e+01 2.364e+02 2.609e+01
s>        ( - 2.352e+02 1 0)
s>        ( QUESTION5 1 -2.364e+01 2.400e+02 2.509e+01
s>            ( - 2.440e+02 1 0)
s>            ( QUESTION2 -1 -2.768e+01 2.460e+02 2.409e+01
s>                ( - 2.425e+02 1 0)
s>                ( QUESTION0_2_R 1 -2.418e+01 1.351e+02 2.309e+01
s>                    ( - 9.843e+01 1 0)
s>                    ( SILENCE -1 1.247e+01 1.127e+02 1.400e+01
s>                        ( - 7.481e+01 1 0)
s>                        ( WDBNDRY_B 0 5.040e+01 2.498e+02 8.999e+00
s>                            ( - 2.440e+02 1 0)
s>                            ( - 5.619e+01 1 0)))))))INFO: ../dtree.c(1327): Comp split 4
INFO: ../dtree.c(1459): stop. leaf nodes are specific
s>    ( QUESTION0_4_R 1 -2.096e+01 2.368e+02 2.509e+01
s>        ( - 2.352e+02 1 0)
s>        ( QUESTION5 1 -1.936e+01 2.397e+02 2.409e+01
s>            ( - 2.440e+02 1 0)
s>            ( QUESTION2 -1 -2.372e+01 2.463e+02 2.309e+01
s>                ( - 2.425e+02 1 0)
s>                ( QUESTION0_2_R 1 -1.989e+01 1.381e+02 2.209e+01
s>                    ( - 9.843e+01 1 0)
s>                    ( WDBNDRY_B 0 1.981e+01 1.112e+02 1.300e+01
s>                        ( - 7.481e+01 1 0)
s>                        ( - 5.619e+01 1 0))))))INFO: ../dtree.c(1327): Comp split 5
INFO: ../dtree.c(1459): stop. leaf nodes are specific
s>    ( QUESTION6 -1 -1.858e+01 2.408e+02 2.409e+01
s>        ( - 2.440e+02 1 0)
s>        ( QUESTION0_4_R 1 -2.188e+01 2.372e+02 2.309e+01
s>            ( - 2.352e+02 1 0)
s>            ( QUESTION0_2_R 1 -1.989e+01 1.381e+02 2.209e+01
s>                ( - 9.843e+01 1 0)
s>                ( WDBNDRY_B 0 1.981e+01 1.112e+02 1.300e+01
s>                    ( - 7.481e+01 1 0)
s>                    ( - 5.619e+01 1 0)))))INFO: ../dtree.c(1327): Comp split 6
INFO: ../dtree.c(1459): stop. leaf nodes are specific
s>    ( QUESTION0_4_R 1 -2.188e+01 2.372e+02 2.309e+01
s>        ( - 2.352e+02 1 0)
s>        ( QUESTION0_2_R 1 -1.989e+01 1.381e+02 2.209e+01
s>            ( - 9.843e+01 1 0)
s>            ( WDBNDRY_B 0 1.981e+01 1.112e+02 1.300e+01
s>                ( - 7.481e+01 1 0)
s>                ( - 5.619e+01 1 0))))INFO: ../dtree.c(1327): Comp split 7
INFO: ../dtree.c(1459): stop. leaf nodes are specific
s>    ( QUESTION0_2_R 1 -1.989e+01 1.381e+02 2.209e+01
s>        ( - 9.843e+01 1 0)
s>        ( WDBNDRY_B 0 1.981e+01 1.112e+02 1.300e+01
s>            ( - 7.481e+01 1 0)
s>            ( - 5.619e+01 1 0)))INFO: ../dtree.c(1327): Comp split 8
INFO: ../dtree.c(1336): stop. b_n->wt_ent_dec (-2.854e+01) <= 0
