../..//s3trainer/bin.linux/bldtree \
 -treefn ../..//trees/MODELSET1.unpruned/EY-1.dtree \
 -moddeffn ../..//model_architecture/MODELSET1.untied.mdef \
 -mixwfn ../..//model_parameters/MODELSET1.cd_continuous_untied/mixture_weights \
 -ts2cbfn .cont. \
 -meanfn ../..//model_parameters/MODELSET1.cd_continuous_untied/means \
 -varfn ../..//model_parameters/MODELSET1.cd_continuous_untied/variances \
 -mwfloor 1e-8 \
 -psetfn ../..//c_scripts/03.buildtrees/linguistic_questions.automatic \
 -phone EY \
 -state 1 \
 -stwt 1.0 0.05 0.0 \
 -ssplitmin 1 \
 -ssplitmax 7 \
 -ssplitthr 0 \
 -csplitmin 1 \
 -csplitmax 2000 \
 -csplitthr 0 \
 -cntthresh 1

[Switch]   [Default] [Value]
-treefn              ../..//trees/MODELSET1.unpruned/EY-1.dtree
-moddeffn            ../..//model_architecture/MODELSET1.untied.mdef
-ts2cbfn   .semi.    .cont. 
-meanfn              ../..//model_parameters/MODELSET1.cd_continuous_untied/means
-varfn               ../..//model_parameters/MODELSET1.cd_continuous_untied/variances
-varfloor  0.00001   1.000000e-05
-cntthresh 0.00001   1.000000e+00
-mixwfn              ../..//model_parameters/MODELSET1.cd_continuous_untied/mixture_weights
-psetfn              ../..//c_scripts/03.buildtrees/linguistic_questions.automatic
-phone               EY     
-state               1      
-mwfloor   1e-4      1.000000e-08
-stwt                1.0 0.05 0.0
-ssplitthr 8e-4      0.000000e+00
-ssplitmin 1         1      
-ssplitmax 5         7      
-csplitthr 8e-4      0.000000e+00
-csplitmin 1         1      
-csplitmax 100       2000   
INFO: ../main.c(152): Reading: ../..//model_architecture/MODELSET1.untied.mdef
INFO: ../model_def_io.c(562): Model definition info:
INFO: ../model_def_io.c(563): 1000 total models defined (50 base, 950 tri)
INFO: ../model_def_io.c(564): 4000 total states
INFO: ../model_def_io.c(565): 3000 total tied states
INFO: ../model_def_io.c(566): 150 total tied CI states
INFO: ../model_def_io.c(567): 50 total tied transition matrices
INFO: ../model_def_io.c(568): 4 max state/model
INFO: ../model_def_io.c(569): 20 min state/model
INFO: ../main.c(196): Building trees for [EY D K i] through [EY Z F b]
INFO: ../main.c(224): Covering states |[984 1037]| == 54
INFO: ../main.c(231): Reading: ../..//model_parameters/MODELSET1.cd_continuous_untied/mixture_weights
INFO: ../s3mixw_io.c(151): Read ../..//model_parameters/MODELSET1.cd_continuous_untied/mixture_weights [54x1x1 array]
INFO: ../main.c(269): 18 of 18 models have observation count greater than 1.000000
INFO: ../main.c(67): nrm stwt: 0.045 0.909 0.045 
INFO: ../s3gau_io.c(128): Read ../..//model_parameters/MODELSET1.cd_continuous_untied/means [3000x1x1 array]
INFO: ../s3gau_io.c(128): Read ../..//model_parameters/MODELSET1.cd_continuous_untied/variances [3000x1x1 array]
INFO: ../main.c(510): Reading: ../..//c_scripts/03.buildtrees/linguistic_questions.automatic
INFO: ../main.c(547): 176 total simple questions (168 phone; 8 word bndry)
INFO: ../main.c(549): 42 Left Only questions, and 42 Right Only questions
N model = 18
s>    ( QUESTION13 -1 2.475e+02 2.641e+02 3.400e+01
s>        ( - 2.440e+02 1 0)
s>        ( QUESTION2_16_L -1 2.675e+02 2.273e+02 3.300e+01
s>            ( - 2.400e+02 1 0)
s>            ( WDBNDRY_E 0 2.548e+02 2.326e+02 3.200e+01
s>                ( - 2.552e+02 1 0)
s>                ( QUESTION9 -1 2.322e+02 1.858e+02 3.100e+01
s>                    ( - 2.142e+02 1 0)
s>                    ( QUESTION5 -1 2.038e+02 1.767e+02 2.900e+01
s>                        ( - 1.985e+02 1 0)
s>                        ( QUESTION0_13_R 1 1.819e+02 2.532e+02 2.700e+01
s>                            ( - 2.440e+02 1 0)
s>                            ( WDBNDRY_B 0 1.911e+02 2.293e+02 2.600e+01
s>                                ( - 2.437e+02 1 0)
s>                                ( - 1.768e+02 11 0 QUESTION2_4_L -1 1.668e+02 2.500e+01))))))))INFO: ../dtree.c(1327): Comp split 0
INFO: ../dtree.c(1459): stop. leaf nodes are specific
s>    ( QUESTION2_16_L -1 2.675e+02 2.273e+02 3.300e+01
s>        ( - 2.400e+02 1 0)
s>        ( WDBNDRY_E 0 2.548e+02 2.326e+02 3.200e+01
s>            ( - 2.552e+02 1 0)
s>            ( QUESTION9 -1 2.322e+02 1.858e+02 3.100e+01
s>                ( - 2.142e+02 1 0)
s>                ( QUESTION5 -1 2.038e+02 1.767e+02 2.900e+01
s>                    ( - 1.985e+02 1 0)
s>                    ( - 1.819e+02 13 0)))))INFO: ../dtree.c(1327): Comp split 1
s>    ( WDBNDRY_E 0 2.446e+02 2.276e+02 3.200e+01
s>        ( - 2.400e+02 1 0)
s>        ( QUESTION9 -1 2.322e+02 1.858e+02 3.100e+01
s>            ( - 2.142e+02 1 0)
s>            ( QUESTION5 -1 2.038e+02 1.767e+02 2.900e+01
s>                ( - 1.985e+02 1 0)
s>                ( QUESTION0_13_R 1 1.819e+02 2.532e+02 2.700e+01
s>                    ( - 2.440e+02 1 0)
s>                    ( WDBNDRY_B 0 1.911e+02 2.293e+02 2.600e+01
s>                        ( - 2.437e+02 1 0)
s>                        ( QUESTION2_4_L -1 1.768e+02 1.668e+02 2.500e+01
s>                            ( QUESTION0_15_R 1 2.495e+02 2.682e+02 1.900e+01
s>                                ( - 2.440e+02 1 0)
s>                                ( - 2.736e+02 5 0 QUESTION0_20_R 1 1.500e+02 1.800e+01))
s>                            ( - 9.414e+01 5 0 QUESTION2 -1 2.573e+02 6.000e+00)))))))INFO: ../dtree.c(1327): Comp split 2
INFO: ../dtree.c(1327): Comp split 3
INFO: ../dtree.c(1330): stop. leaf nodes are specific
