../..//s3trainer/bin.linux/bldtree \
 -treefn ../..//trees/MODELSET1.unpruned/OO-2.dtree \
 -moddeffn ../..//model_architecture/MODELSET1.untied.mdef \
 -mixwfn ../..//model_parameters/MODELSET1.cd_continuous_untied/mixture_weights \
 -ts2cbfn .cont. \
 -meanfn ../..//model_parameters/MODELSET1.cd_continuous_untied/means \
 -varfn ../..//model_parameters/MODELSET1.cd_continuous_untied/variances \
 -mwfloor 1e-8 \
 -psetfn ../..//c_scripts/03.buildtrees/linguistic_questions.automatic \
 -phone OO \
 -state 2 \
 -stwt 1.0 0.05 0.0 \
 -ssplitmin 1 \
 -ssplitmax 7 \
 -ssplitthr 0 \
 -csplitmin 1 \
 -csplitmax 2000 \
 -csplitthr 0 \
 -cntthresh 1

[Switch]   [Default] [Value]
-treefn              ../..//trees/MODELSET1.unpruned/OO-2.dtree
-moddeffn            ../..//model_architecture/MODELSET1.untied.mdef
-ts2cbfn   .semi.    .cont. 
-meanfn              ../..//model_parameters/MODELSET1.cd_continuous_untied/means
-varfn               ../..//model_parameters/MODELSET1.cd_continuous_untied/variances
-varfloor  0.00001   1.000000e-05
-cntthresh 0.00001   1.000000e+00
-mixwfn              ../..//model_parameters/MODELSET1.cd_continuous_untied/mixture_weights
-psetfn              ../..//c_scripts/03.buildtrees/linguistic_questions.automatic
-phone               OO     
-state               2      
-mwfloor   1e-4      1.000000e-08
-stwt                1.0 0.05 0.0
-ssplitthr 8e-4      0.000000e+00
-ssplitmin 1         1      
-ssplitmax 5         7      
-csplitthr 8e-4      0.000000e+00
-csplitmin 1         1      
-csplitmax 100       2000   
INFO: ../main.c(152): Reading: ../..//model_architecture/MODELSET1.untied.mdef
INFO: ../model_def_io.c(562): Model definition info:
INFO: ../model_def_io.c(563): 1000 total models defined (50 base, 950 tri)
INFO: ../model_def_io.c(564): 4000 total states
INFO: ../model_def_io.c(565): 3000 total tied states
INFO: ../model_def_io.c(566): 150 total tied CI states
INFO: ../model_def_io.c(567): 50 total tied transition matrices
INFO: ../model_def_io.c(568): 4 max state/model
INFO: ../model_def_io.c(569): 20 min state/model
INFO: ../main.c(196): Building trees for [OO L ZH i] through [OO Y Z i]
INFO: ../main.c(224): Covering states |[2022 2051]| == 30
INFO: ../main.c(231): Reading: ../..//model_parameters/MODELSET1.cd_continuous_untied/mixture_weights
INFO: ../s3mixw_io.c(151): Read ../..//model_parameters/MODELSET1.cd_continuous_untied/mixture_weights [30x1x1 array]
INFO: ../main.c(269): 10 of 10 models have observation count greater than 1.000000
INFO: ../main.c(67): nrm stwt: 0.000 0.048 0.952 
INFO: ../s3gau_io.c(128): Read ../..//model_parameters/MODELSET1.cd_continuous_untied/means [3000x1x1 array]
INFO: ../s3gau_io.c(128): Read ../..//model_parameters/MODELSET1.cd_continuous_untied/variances [3000x1x1 array]
INFO: ../main.c(510): Reading: ../..//c_scripts/03.buildtrees/linguistic_questions.automatic
INFO: ../main.c(547): 176 total simple questions (168 phone; 8 word bndry)
INFO: ../main.c(549): 42 Left Only questions, and 42 Right Only questions
N model = 10
s>    ( QUESTION12 1 1.341e+03 2.536e+02 9.900e+01
s>        ( - 2.413e+02 1 0)
s>        ( QUESTION7 1 1.354e+03 2.635e+02 9.800e+01
s>            ( - 2.440e+02 1 0)
s>            ( QUESTION0 1 1.373e+03 2.493e+02 9.700e+01
s>                ( - 2.440e+02 1 0)
s>                ( QUESTION0_2_R 1 1.378e+03 2.480e+02 9.600e+01
s>                    ( - 2.392e+02 1 0)
s>                    ( QUESTION0_17_R 1 1.387e+03 1.916e+02 9.500e+01
s>                        ( - 2.225e+02 1 0)
s>                        ( WDBNDRY_E 0 1.356e+03 1.667e+02 8.800e+01
s>                            ( QUESTION0_0_R 1 5.089e+02 1.429e+02 2.100e+01
s>                                ( - 3.977e+02 1 0)
s>                                ( - 2.541e+02 2 0 SILENCE 1 1.334e+02 9.000e+00))
s>                            ( - 1.014e+03 2 0)))))))INFO: ../dtree.c(1327): Comp split 0
s>    ( QUESTION7 1 1.361e+03 2.534e+02 9.800e+01
s>        ( - 2.413e+02 1 0)
s>        ( QUESTION0 1 1.373e+03 2.493e+02 9.700e+01
s>            ( - 2.440e+02 1 0)
s>            ( QUESTION0_2_R 1 1.378e+03 2.480e+02 9.600e+01
s>                ( - 2.392e+02 1 0)
s>                ( QUESTION0_17_R 1 1.387e+03 1.916e+02 9.500e+01
s>                    ( - 2.225e+02 1 0)
s>                    ( WDBNDRY_E 0 1.356e+03 1.667e+02 8.800e+01
s>                        ( QUESTION0_0_R 1 5.089e+02 1.429e+02 2.100e+01
s>                            ( - 3.977e+02 1 0)
s>                            ( SILENCE 1 2.541e+02 1.334e+02 9.000e+00
s>                                ( - 1.443e+02 1 0)
s>                                ( - 2.432e+02 1 0)))
s>                        ( - 1.014e+03 2 0))))))INFO: ../dtree.c(1327): Comp split 1
INFO: ../dtree.c(1459): stop. leaf nodes are specific
s>    ( QUESTION0 1 1.373e+03 2.493e+02 9.700e+01
s>        ( - 2.440e+02 1 0)
s>        ( QUESTION0_2_R 1 1.378e+03 2.480e+02 9.600e+01
s>            ( - 2.392e+02 1 0)
s>            ( QUESTION0_17_R 1 1.387e+03 1.916e+02 9.500e+01
s>                ( - 2.225e+02 1 0)
s>                ( WDBNDRY_E 0 1.356e+03 1.667e+02 8.800e+01
s>                    ( QUESTION0_0_R 1 5.089e+02 1.429e+02 2.100e+01
s>                        ( - 3.977e+02 1 0)
s>                        ( SILENCE 1 2.541e+02 1.334e+02 9.000e+00
s>                            ( - 1.443e+02 1 0)
s>                            ( - 2.432e+02 1 0)))
s>                    ( - 1.014e+03 2 0)))))INFO: ../dtree.c(1327): Comp split 2
INFO: ../dtree.c(1459): stop. leaf nodes are specific
s>    ( QUESTION0_2_R 1 1.378e+03 2.480e+02 9.600e+01
s>        ( - 2.392e+02 1 0)
s>        ( QUESTION0_17_R 1 1.387e+03 1.916e+02 9.500e+01
s>            ( - 2.225e+02 1 0)
s>            ( WDBNDRY_E 0 1.356e+03 1.667e+02 8.800e+01
s>                ( QUESTION0_0_R 1 5.089e+02 1.429e+02 2.100e+01
s>                    ( - 3.977e+02 1 0)
s>                    ( SILENCE 1 2.541e+02 1.334e+02 9.000e+00
s>                        ( - 1.443e+02 1 0)
s>                        ( - 2.432e+02 1 0)))
s>                ( - 1.014e+03 2 0))))INFO: ../dtree.c(1327): Comp split 3
INFO: ../dtree.c(1459): stop. leaf nodes are specific
s>    ( QUESTION0_17_R 1 1.387e+03 1.916e+02 9.500e+01
s>        ( - 2.225e+02 1 0)
s>        ( WDBNDRY_E 0 1.356e+03 1.667e+02 8.800e+01
s>            ( QUESTION0_0_R 1 5.089e+02 1.429e+02 2.100e+01
s>                ( - 3.977e+02 1 0)
s>                ( SILENCE 1 2.541e+02 1.334e+02 9.000e+00
s>                    ( - 1.443e+02 1 0)
s>                    ( - 2.432e+02 1 0)))
s>            ( - 1.014e+03 2 0)))INFO: ../dtree.c(1327): Comp split 4
INFO: ../dtree.c(1459): stop. leaf nodes are specific
s>    ( WDBNDRY_E 0 1.356e+03 1.667e+02 8.800e+01
s>        ( QUESTION0_0_R 1 5.089e+02 1.429e+02 2.100e+01
s>            ( - 3.977e+02 1 0)
s>            ( SILENCE 1 2.541e+02 1.334e+02 9.000e+00
s>                ( - 1.443e+02 1 0)
s>                ( - 2.432e+02 1 0)))
s>        ( - 1.014e+03 2 0))INFO: ../dtree.c(1327): Comp split 5
INFO: ../dtree.c(1459): stop. leaf nodes are specific
s>    ( QUESTION0_0_R 1 5.089e+02 1.429e+02 2.100e+01
s>        ( - 3.977e+02 1 0)
s>        ( SILENCE 1 2.541e+02 1.334e+02 9.000e+00
s>            ( - 1.443e+02 1 0)
s>            ( - 2.432e+02 1 0)))INFO: ../dtree.c(1327): Comp split 6
INFO: ../dtree.c(1459): stop. leaf nodes are specific
s>    ( SILENCE 1 2.541e+02 1.334e+02 9.000e+00
s>        ( - 1.443e+02 1 0)
s>        ( - 2.432e+02 1 0))INFO: ../dtree.c(1327): Comp split 7
INFO: ../dtree.c(1327): Comp split 8
INFO: ../dtree.c(1330): stop. leaf nodes are specific
