../..//s3trainer/bin.linux/bldtree \
 -treefn ../..//trees/MODELSET1.unpruned/B-1.dtree \
 -moddeffn ../..//model_architecture/MODELSET1.untied.mdef \
 -mixwfn ../..//model_parameters/MODELSET1.cd_continuous_untied/mixture_weights \
 -ts2cbfn .cont. \
 -meanfn ../..//model_parameters/MODELSET1.cd_continuous_untied/means \
 -varfn ../..//model_parameters/MODELSET1.cd_continuous_untied/variances \
 -mwfloor 1e-8 \
 -psetfn ../..//c_scripts/03.buildtrees/linguistic_questions.automatic \
 -phone B \
 -state 1 \
 -stwt 1.0 0.05 0.0 \
 -ssplitmin 1 \
 -ssplitmax 7 \
 -ssplitthr 0 \
 -csplitmin 1 \
 -csplitmax 2000 \
 -csplitthr 0 \
 -cntthresh 1

[Switch]   [Default] [Value]
-treefn              ../..//trees/MODELSET1.unpruned/B-1.dtree
-moddeffn            ../..//model_architecture/MODELSET1.untied.mdef
-ts2cbfn   .semi.    .cont. 
-meanfn              ../..//model_parameters/MODELSET1.cd_continuous_untied/means
-varfn               ../..//model_parameters/MODELSET1.cd_continuous_untied/variances
-varfloor  0.00001   1.000000e-05
-cntthresh 0.00001   1.000000e+00
-mixwfn              ../..//model_parameters/MODELSET1.cd_continuous_untied/mixture_weights
-psetfn              ../..//c_scripts/03.buildtrees/linguistic_questions.automatic
-phone               B      
-state               1      
-mwfloor   1e-4      1.000000e-08
-stwt                1.0 0.05 0.0
-ssplitthr 8e-4      0.000000e+00
-ssplitmin 1         1      
-ssplitmax 5         7      
-csplitthr 8e-4      0.000000e+00
-csplitmin 1         1      
-csplitmax 100       2000   
INFO: ../main.c(152): Reading: ../..//model_architecture/MODELSET1.untied.mdef
INFO: ../model_def_io.c(562): Model definition info:
INFO: ../model_def_io.c(563): 1000 total models defined (50 base, 950 tri)
INFO: ../model_def_io.c(564): 4000 total states
INFO: ../model_def_io.c(565): 3000 total tied states
INFO: ../model_def_io.c(566): 150 total tied CI states
INFO: ../model_def_io.c(567): 50 total tied transition matrices
INFO: ../model_def_io.c(568): 4 max state/model
INFO: ../model_def_io.c(569): 20 min state/model
INFO: ../main.c(196): Building trees for [B AE D i] through [B Z AX b]
INFO: ../main.c(224): Covering states |[525 569]| == 45
INFO: ../main.c(231): Reading: ../..//model_parameters/MODELSET1.cd_continuous_untied/mixture_weights
INFO: ../s3mixw_io.c(151): Read ../..//model_parameters/MODELSET1.cd_continuous_untied/mixture_weights [45x1x1 array]
INFO: ../main.c(269): 15 of 15 models have observation count greater than 1.000000
INFO: ../main.c(67): nrm stwt: 0.045 0.909 0.045 
INFO: ../s3gau_io.c(128): Read ../..//model_parameters/MODELSET1.cd_continuous_untied/means [3000x1x1 array]
INFO: ../s3gau_io.c(128): Read ../..//model_parameters/MODELSET1.cd_continuous_untied/variances [3000x1x1 array]
INFO: ../main.c(510): Reading: ../..//c_scripts/03.buildtrees/linguistic_questions.automatic
INFO: ../main.c(547): 176 total simple questions (168 phone; 8 word bndry)
INFO: ../main.c(549): 42 Left Only questions, and 42 Right Only questions
N model = 15
s>    ( QUESTION2_8_L -1 -5.126e+01 2.534e+02 2.000e+01
s>        ( - 2.440e+02 1 0)
s>        ( QUESTION0_7_R 1 -4.186e+01 2.505e+02 1.900e+01
s>            ( - 2.418e+02 1 0)
s>            ( QUESTION0_6_R 1 -3.313e+01 2.554e+02 1.800e+01
s>                ( - 2.367e+02 1 0)
s>                ( QUESTION0_3_R 1 -1.444e+01 2.384e+02 1.700e+01
s>                    ( - 2.382e+02 1 0)
s>                    ( QUESTION12 -1 -1.433e+01 2.530e+02 1.600e+01
s>                        ( - 2.381e+02 1 0)
s>                        ( QUESTION8 1 5.766e-01 2.342e+02 1.500e+01
s>                            ( - 2.411e+02 1 0)
s>                            ( QUESTION5 -1 -6.380e+00 2.409e+02 1.400e+01
s>                                ( - 2.441e+02 1 0)
s>                                ( - -9.499e+00 8 0 QUESTION0_16_R 1 1.346e+02 1.300e+01))))))))INFO: ../dtree.c(1327): Comp split 0
s>    ( QUESTION2_8_L -1 -3.182e+01 2.530e+02 1.900e+01
s>        ( - 2.440e+02 1 0)
s>        ( QUESTION0_6_R 1 -2.291e+01 2.503e+02 1.800e+01
s>            ( - 2.418e+02 1 0)
s>            ( QUESTION0_3_R 1 -1.444e+01 2.384e+02 1.700e+01
s>                ( - 2.382e+02 1 0)
s>                ( QUESTION12 -1 -1.433e+01 2.530e+02 1.600e+01
s>                    ( - 2.381e+02 1 0)
s>                    ( QUESTION8 1 5.766e-01 2.342e+02 1.500e+01
s>                        ( - 2.411e+02 1 0)
s>                        ( QUESTION5 -1 -6.380e+00 2.409e+02 1.400e+01
s>                            ( - 2.441e+02 1 0)
s>                            ( QUESTION0_16_R 1 -9.499e+00 1.346e+02 1.300e+01
s>                                ( - 1.230e+02 2 0 WDBNDRY_B 0 3.650e+02 2.000e+00)
s>                                ( - 2.136e+00 6 0 QUESTION3 -1 1.985e+02 1.100e+01))))))))INFO: ../dtree.c(1327): Comp split 1
s>    ( QUESTION0_6_R 1 -2.291e+01 2.503e+02 1.800e+01
s>        ( - 2.418e+02 1 0)
s>        ( QUESTION0_3_R 1 -1.444e+01 2.384e+02 1.700e+01
s>            ( - 2.382e+02 1 0)
s>            ( QUESTION12 -1 -1.433e+01 2.530e+02 1.600e+01
s>                ( - 2.381e+02 1 0)
s>                ( QUESTION8 1 5.766e-01 2.342e+02 1.500e+01
s>                    ( - 2.411e+02 1 0)
s>                    ( QUESTION5 -1 -6.380e+00 2.409e+02 1.400e+01
s>                        ( - 2.441e+02 1 0)
s>                        ( QUESTION0_16_R 1 -9.499e+00 1.346e+02 1.300e+01
s>                            ( WDBNDRY_B 0 1.230e+02 3.650e+02 2.000e+00
s>                                ( - 2.440e+02 1 0)
s>                                ( - 2.440e+02 1 0))
s>                            ( - 2.136e+00 6 0 QUESTION3 -1 1.985e+02 1.100e+01)))))))INFO: ../dtree.c(1327): Comp split 2
s>    ( QUESTION0_3_R 1 -1.444e+01 2.384e+02 1.700e+01
s>        ( - 2.382e+02 1 0)
s>        ( QUESTION12 -1 -1.433e+01 2.530e+02 1.600e+01
s>            ( - 2.381e+02 1 0)
s>            ( QUESTION8 1 5.766e-01 2.342e+02 1.500e+01
s>                ( - 2.411e+02 1 0)
s>                ( QUESTION5 -1 -6.380e+00 2.409e+02 1.400e+01
s>                    ( - 2.441e+02 1 0)
s>                    ( QUESTION0_16_R 1 -9.499e+00 1.346e+02 1.300e+01
s>                        ( WDBNDRY_B 0 1.230e+02 3.650e+02 2.000e+00
s>                            ( - 2.440e+02 1 0)
s>                            ( - 2.440e+02 1 0))
s>                        ( QUESTION3 -1 2.136e+00 1.985e+02 1.100e+01
s>                            ( - 1.664e+02 1 0)
s>                            ( - 3.423e+01 5 0 WDBNDRY_B 0 1.052e+02 9.000e+00)))))))INFO: ../dtree.c(1327): Comp split 3
s>    ( QUESTION0_3_R 1 -1.238e+00 2.401e+02 1.600e+01
s>        ( - 2.382e+02 1 0)
s>        ( QUESTION8 1 5.766e-01 2.342e+02 1.500e+01
s>            ( - 2.411e+02 1 0)
s>            ( QUESTION5 -1 -6.380e+00 2.409e+02 1.400e+01
s>                ( - 2.441e+02 1 0)
s>                ( QUESTION0_16_R 1 -9.499e+00 1.346e+02 1.300e+01
s>                    ( WDBNDRY_B 0 1.230e+02 3.650e+02 2.000e+00
s>                        ( - 2.440e+02 1 0)
s>                        ( - 2.440e+02 1 0))
s>                    ( QUESTION3 -1 2.136e+00 1.985e+02 1.100e+01
s>                        ( - 1.664e+02 1 0)
s>                        ( WDBNDRY_B 0 3.423e+01 1.052e+02 9.000e+00
s>                            ( - 8.781e+01 2 0 QUESTION2 1 4.003e+02 2.000e+00)
s>                            ( - 5.162e+01 3 0 QUESTION2_20_L -1 2.393e+02 7.000e+00)))))))INFO: ../dtree.c(1327): Comp split 4
s>    ( QUESTION0_3_R 1 6.035e+00 2.422e+02 1.500e+01
s>        ( - 2.382e+02 1 0)
s>        ( QUESTION8 1 9.971e+00 2.339e+02 1.400e+01
s>            ( - 2.411e+02 1 0)
s>            ( QUESTION0_16_R 1 2.766e+00 2.467e+02 1.300e+01
s>                ( - 2.440e+02 1 0)
s>                ( QUESTION5 -1 5.408e+00 2.408e+02 1.200e+01
s>                    ( - 2.441e+02 1 0)
s>                    ( QUESTION3 -1 2.136e+00 1.985e+02 1.100e+01
s>                        ( - 1.664e+02 1 0)
s>                        ( WDBNDRY_B 0 3.423e+01 1.052e+02 9.000e+00
s>                            ( QUESTION2 1 8.781e+01 4.003e+02 2.000e+00
s>                                ( - 2.440e+02 1 0)
s>                                ( - 2.440e+02 1 0))
s>                            ( - 5.162e+01 3 0 QUESTION2_20_L -1 2.393e+02 7.000e+00)))))))INFO: ../dtree.c(1327): Comp split 5
s>    ( QUESTION0_3_R 1 2.538e+01 2.434e+02 1.400e+01
s>        ( - 2.382e+02 1 0)
s>        ( QUESTION8 1 3.056e+01 2.338e+02 1.300e+01
s>            ( - 2.411e+02 1 0)
s>            ( QUESTION0_16_R 1 2.323e+01 2.459e+02 1.200e+01
s>                ( - 2.440e+02 1 0)
s>                ( WDBNDRY_B 0 2.515e+01 2.429e+02 1.100e+01
s>                    ( - 2.440e+02 1 0)
s>                    ( QUESTION5 -1 2.400e+01 2.399e+02 1.000e+01
s>                        ( - 2.441e+02 1 0)
s>                        ( QUESTION2_20_L -1 1.990e+01 2.420e+02 9.000e+00
s>                            ( - 2.440e+02 1 0)
s>                            ( QUESTION3 -1 1.785e+01 1.955e+02 8.000e+00
s>                                ( - 1.664e+02 1 0)
s>                                ( - 4.692e+01 2 0 QUESTION0_2_R 1 1.235e+02 6.000e+00))))))))INFO: ../dtree.c(1327): Comp split 6
s>    ( WDBNDRY_B 0 2.676e+01 2.441e+02 1.300e+01
s>        ( - 2.440e+02 1 0)
s>        ( QUESTION0_3_R 1 2.676e+01 2.420e+02 1.200e+01
s>            ( - 2.382e+02 1 0)
s>            ( QUESTION0_16_R 1 3.052e+01 2.346e+02 1.100e+01
s>                ( - 2.411e+02 1 0)
s>                ( QUESTION5 -1 2.400e+01 2.399e+02 1.000e+01
s>                    ( - 2.441e+02 1 0)
s>                    ( QUESTION2_20_L -1 1.990e+01 2.420e+02 9.000e+00
s>                        ( - 2.440e+02 1 0)
s>                        ( QUESTION3 -1 1.785e+01 1.955e+02 8.000e+00
s>                            ( - 1.664e+02 1 0)
s>                            ( QUESTION0_2_R 1 4.692e+01 1.235e+02 6.000e+00
s>                                ( - 8.499e+01 1 0)
s>                                ( - 8.544e+01 1 0))))))))INFO: ../dtree.c(1327): Comp split 7
INFO: ../dtree.c(1459): stop. leaf nodes are specific
s>    ( QUESTION0_3_R 1 2.676e+01 2.420e+02 1.200e+01
s>        ( - 2.382e+02 1 0)
s>        ( QUESTION0_16_R 1 3.052e+01 2.346e+02 1.100e+01
s>            ( - 2.411e+02 1 0)
s>            ( QUESTION5 -1 2.400e+01 2.399e+02 1.000e+01
s>                ( - 2.441e+02 1 0)
s>                ( QUESTION2_20_L -1 1.990e+01 2.420e+02 9.000e+00
s>                    ( - 2.440e+02 1 0)
s>                    ( QUESTION3 -1 1.785e+01 1.955e+02 8.000e+00
s>                        ( - 1.664e+02 1 0)
s>                        ( QUESTION0_2_R 1 4.692e+01 1.235e+02 6.000e+00
s>                            ( - 8.499e+01 1 0)
s>                            ( - 8.544e+01 1 0)))))))INFO: ../dtree.c(1327): Comp split 8
INFO: ../dtree.c(1459): stop. leaf nodes are specific
s>    ( QUESTION0_16_R 1 3.052e+01 2.346e+02 1.100e+01
s>        ( - 2.411e+02 1 0)
s>        ( QUESTION5 -1 2.400e+01 2.399e+02 1.000e+01
s>            ( - 2.441e+02 1 0)
s>            ( QUESTION2_20_L -1 1.990e+01 2.420e+02 9.000e+00
s>                ( - 2.440e+02 1 0)
s>                ( QUESTION3 -1 1.785e+01 1.955e+02 8.000e+00
s>                    ( - 1.664e+02 1 0)
s>                    ( QUESTION0_2_R 1 4.692e+01 1.235e+02 6.000e+00
s>                        ( - 8.499e+01 1 0)
s>                        ( - 8.544e+01 1 0))))))INFO: ../dtree.c(1327): Comp split 9
INFO: ../dtree.c(1459): stop. leaf nodes are specific
s>    ( QUESTION0_16_R 1 2.504e+01 2.360e+02 1.000e+01
s>        ( - 2.411e+02 1 0)
s>        ( QUESTION2_20_L -1 1.990e+01 2.420e+02 9.000e+00
s>            ( - 2.440e+02 1 0)
s>            ( QUESTION3 -1 1.785e+01 1.955e+02 8.000e+00
s>                ( - 1.664e+02 1 0)
s>                ( QUESTION0_2_R 1 4.692e+01 1.235e+02 6.000e+00
s>                    ( - 8.499e+01 1 0)
s>                    ( - 8.544e+01 1 0)))))INFO: ../dtree.c(1327): Comp split 10
INFO: ../dtree.c(1327): Comp split 11
INFO: ../dtree.c(1330): stop. leaf nodes are specific
