../..//s3trainer/bin.linux/bldtree \
 -treefn ../..//trees/MODELSET1.unpruned/R-2.dtree \
 -moddeffn ../..//model_architecture/MODELSET1.untied.mdef \
 -mixwfn ../..//model_parameters/MODELSET1.cd_continuous_untied/mixture_weights \
 -ts2cbfn .cont. \
 -meanfn ../..//model_parameters/MODELSET1.cd_continuous_untied/means \
 -varfn ../..//model_parameters/MODELSET1.cd_continuous_untied/variances \
 -mwfloor 1e-8 \
 -psetfn ../..//c_scripts/03.buildtrees/linguistic_questions.automatic \
 -phone R \
 -state 2 \
 -stwt 1.0 0.05 0.0 \
 -ssplitmin 1 \
 -ssplitmax 7 \
 -ssplitthr 0 \
 -csplitmin 1 \
 -csplitmax 2000 \
 -csplitthr 0 \
 -cntthresh 1

[Switch]   [Default] [Value]
-treefn              ../..//trees/MODELSET1.unpruned/R-2.dtree
-moddeffn            ../..//model_architecture/MODELSET1.untied.mdef
-ts2cbfn   .semi.    .cont. 
-meanfn              ../..//model_parameters/MODELSET1.cd_continuous_untied/means
-varfn               ../..//model_parameters/MODELSET1.cd_continuous_untied/variances
-varfloor  0.00001   1.000000e-05
-cntthresh 0.00001   1.000000e+00
-mixwfn              ../..//model_parameters/MODELSET1.cd_continuous_untied/mixture_weights
-psetfn              ../..//c_scripts/03.buildtrees/linguistic_questions.automatic
-phone               R      
-state               2      
-mwfloor   1e-4      1.000000e-08
-stwt                1.0 0.05 0.0
-ssplitthr 8e-4      0.000000e+00
-ssplitmin 1         1      
-ssplitmax 5         7      
-csplitthr 8e-4      0.000000e+00
-csplitmin 1         1      
-csplitmax 100       2000   
INFO: ../main.c(152): Reading: ../..//model_architecture/MODELSET1.untied.mdef
INFO: ../model_def_io.c(562): Model definition info:
INFO: ../model_def_io.c(563): 1000 total models defined (50 base, 950 tri)
INFO: ../model_def_io.c(564): 4000 total states
INFO: ../model_def_io.c(565): 3000 total tied states
INFO: ../model_def_io.c(566): 150 total tied CI states
INFO: ../model_def_io.c(567): 50 total tied transition matrices
INFO: ../model_def_io.c(568): 4 max state/model
INFO: ../model_def_io.c(569): 20 min state/model
INFO: ../main.c(196): Building trees for [R AA AX e] through [R V AX i]
INFO: ../main.c(224): Covering states |[2178 2330]| == 153
INFO: ../main.c(231): Reading: ../..//model_parameters/MODELSET1.cd_continuous_untied/mixture_weights
INFO: ../s3mixw_io.c(151): Read ../..//model_parameters/MODELSET1.cd_continuous_untied/mixture_weights [153x1x1 array]
INFO: ../main.c(269): 51 of 51 models have observation count greater than 1.000000
INFO: ../main.c(67): nrm stwt: 0.000 0.048 0.952 
INFO: ../s3gau_io.c(128): Read ../..//model_parameters/MODELSET1.cd_continuous_untied/means [3000x1x1 array]
INFO: ../s3gau_io.c(128): Read ../..//model_parameters/MODELSET1.cd_continuous_untied/variances [3000x1x1 array]
INFO: ../main.c(510): Reading: ../..//c_scripts/03.buildtrees/linguistic_questions.automatic
INFO: ../main.c(547): 176 total simple questions (168 phone; 8 word bndry)
INFO: ../main.c(549): 42 Left Only questions, and 42 Right Only questions
N model = 51
s>    ( SILENCE 1 -1.110e+03 3.390e+02 2.580e+02
s>        ( - 3.076e+02 1 0)
s>        ( QUESTION4 -1 -1.078e+03 2.533e+02 2.070e+02
s>            ( QUESTION0_6_R 1 -1.039e+02 2.409e+02 5.700e+01
s>                ( - 2.422e+02 1 0)
s>                ( - -1.052e+02 5 0 QUESTION0_2_R 1 1.503e+02 5.600e+01))
s>            ( QUESTION18 1 -7.211e+02 2.534e+02 1.500e+02
s>                ( - 2.440e+02 1 0)
s>                ( QUESTION4 1 -7.118e+02 1.753e+02 1.490e+02
s>                    ( WDBNDRY_E 0 -5.057e+01 2.692e+02 2.200e+01
s>                        ( - 2.440e+02 1 0)
s>                        ( QUESTION2_5_L -1 -2.535e+01 2.604e+02 2.100e+01
s>                            ( - 2.440e+02 1 0)
s>                            ( - -9.027e+00 6 0 QUESTION2_16_L -1 2.465e+02 2.000e+01)))
s>                    ( - -4.859e+02 35 0 QUESTION0_17_R 1 2.460e+02 1.270e+02)))))INFO: ../dtree.c(1327): Comp split 0
INFO: ../dtree.c(1336): stop. b_n->wt_ent_dec (-7.681e+02) <= 0
