../..//s3trainer/bin.linux/bldtree \
 -treefn ../..//trees/MODELSET1.unpruned/Z-0.dtree \
 -moddeffn ../..//model_architecture/MODELSET1.untied.mdef \
 -mixwfn ../..//model_parameters/MODELSET1.cd_continuous_untied/mixture_weights \
 -ts2cbfn .cont. \
 -meanfn ../..//model_parameters/MODELSET1.cd_continuous_untied/means \
 -varfn ../..//model_parameters/MODELSET1.cd_continuous_untied/variances \
 -mwfloor 1e-8 \
 -psetfn ../..//c_scripts/03.buildtrees/linguistic_questions.automatic \
 -phone Z \
 -state 0 \
 -stwt 1.0 0.05 0.0 \
 -ssplitmin 1 \
 -ssplitmax 7 \
 -ssplitthr 0 \
 -csplitmin 1 \
 -csplitmax 2000 \
 -csplitthr 0 \
 -cntthresh 1

[Switch]   [Default] [Value]
-treefn              ../..//trees/MODELSET1.unpruned/Z-0.dtree
-moddeffn            ../..//model_architecture/MODELSET1.untied.mdef
-ts2cbfn   .semi.    .cont. 
-meanfn              ../..//model_parameters/MODELSET1.cd_continuous_untied/means
-varfn               ../..//model_parameters/MODELSET1.cd_continuous_untied/variances
-varfloor  0.00001   1.000000e-05
-cntthresh 0.00001   1.000000e+00
-mixwfn              ../..//model_parameters/MODELSET1.cd_continuous_untied/mixture_weights
-psetfn              ../..//c_scripts/03.buildtrees/linguistic_questions.automatic
-phone               Z      
-state               0      
-mwfloor   1e-4      1.000000e-08
-stwt                1.0 0.05 0.0
-ssplitthr 8e-4      0.000000e+00
-ssplitmin 1         1      
-ssplitmax 5         7      
-csplitthr 8e-4      0.000000e+00
-csplitmin 1         1      
-csplitmax 100       2000   
INFO: ../main.c(152): Reading: ../..//model_architecture/MODELSET1.untied.mdef
INFO: ../model_def_io.c(562): Model definition info:
INFO: ../model_def_io.c(563): 1000 total models defined (50 base, 950 tri)
INFO: ../model_def_io.c(564): 4000 total states
INFO: ../model_def_io.c(565): 3000 total tied states
INFO: ../model_def_io.c(566): 150 total tied CI states
INFO: ../model_def_io.c(567): 50 total tied transition matrices
INFO: ../model_def_io.c(568): 4 max state/model
INFO: ../model_def_io.c(569): 20 min state/model
INFO: ../main.c(196): Building trees for [Z AE AX i] through [Z ng AA e]
INFO: ../main.c(224): Covering states |[2850 2963]| == 114
INFO: ../main.c(231): Reading: ../..//model_parameters/MODELSET1.cd_continuous_untied/mixture_weights
INFO: ../s3mixw_io.c(151): Read ../..//model_parameters/MODELSET1.cd_continuous_untied/mixture_weights [114x1x1 array]
INFO: ../main.c(269): 38 of 38 models have observation count greater than 1.000000
INFO: ../main.c(67): nrm stwt: 0.952 0.048 0.000 
INFO: ../s3gau_io.c(128): Read ../..//model_parameters/MODELSET1.cd_continuous_untied/means [3000x1x1 array]
INFO: ../s3gau_io.c(128): Read ../..//model_parameters/MODELSET1.cd_continuous_untied/variances [3000x1x1 array]
INFO: ../main.c(510): Reading: ../..//c_scripts/03.buildtrees/linguistic_questions.automatic
INFO: ../main.c(547): 176 total simple questions (168 phone; 8 word bndry)
INFO: ../main.c(549): 42 Left Only questions, and 42 Right Only questions
N model = 38
s>    ( QUESTION10 -1 2.582e+02 2.440e+02 9.290e+01
s>        ( - 2.440e+02 1 0)
s>        ( QUESTION0_6_R 1 2.582e+02 2.389e+02 9.190e+01
s>            ( - 2.440e+02 1 0)
s>            ( QUESTION10 1 2.531e+02 2.146e+02 9.090e+01
s>                ( - 1.979e+02 1 0)
s>                ( QUESTION0_12_R 1 2.698e+02 2.079e+02 8.890e+01
s>                    ( - 1.911e+02 1 0)
s>                    ( QUESTION14 1 2.866e+02 2.575e+02 8.690e+01
s>                        ( - 2.440e+02 1 0)
s>                        ( QUESTION0_5_R 1 3.001e+02 2.540e+02 8.590e+01
s>                            ( - 2.456e+02 1 0)
s>                            ( QUESTION13 1 3.084e+02 2.489e+02 8.490e+01
s>                                ( - 2.467e+02 1 0)
s>                                ( - 3.106e+02 31 0 QUESTION17 -1 1.859e+02 8.390e+01))))))))INFO: ../dtree.c(1327): Comp split 0
INFO: ../dtree.c(1459): stop. leaf nodes are specific
s>    ( QUESTION10 -1 2.716e+02 2.440e+02 9.190e+01
s>        ( - 2.440e+02 1 0)
s>        ( QUESTION0_6_R 1 2.715e+02 2.391e+02 9.090e+01
s>            ( - 2.440e+02 1 0)
s>            ( QUESTION10 1 2.666e+02 2.148e+02 8.990e+01
s>                ( - 1.979e+02 1 0)
s>                ( QUESTION0_12_R 1 2.834e+02 2.077e+02 8.790e+01
s>                    ( - 1.911e+02 1 0)
s>                    ( - 3.001e+02 33 0)))))INFO: ../dtree.c(1327): Comp split 1
INFO: ../dtree.c(1327): Comp split 2
INFO: ../dtree.c(1330): stop. leaf nodes are specific
