../..//s3trainer/bin.linux/bldtree \
 -treefn ../..//trees/MODELSET1.unpruned/W-0.dtree \
 -moddeffn ../..//model_architecture/MODELSET1.untied.mdef \
 -mixwfn ../..//model_parameters/MODELSET1.cd_continuous_untied/mixture_weights \
 -ts2cbfn .cont. \
 -meanfn ../..//model_parameters/MODELSET1.cd_continuous_untied/means \
 -varfn ../..//model_parameters/MODELSET1.cd_continuous_untied/variances \
 -mwfloor 1e-8 \
 -psetfn ../..//c_scripts/03.buildtrees/linguistic_questions.automatic \
 -phone W \
 -state 0 \
 -stwt 1.0 0.05 0.0 \
 -ssplitmin 1 \
 -ssplitmax 7 \
 -ssplitthr 0 \
 -csplitmin 1 \
 -csplitmax 2000 \
 -csplitthr 0 \
 -cntthresh 1

[Switch]   [Default] [Value]
-treefn              ../..//trees/MODELSET1.unpruned/W-0.dtree
-moddeffn            ../..//model_architecture/MODELSET1.untied.mdef
-ts2cbfn   .semi.    .cont. 
-meanfn              ../..//model_parameters/MODELSET1.cd_continuous_untied/means
-varfn               ../..//model_parameters/MODELSET1.cd_continuous_untied/variances
-varfloor  0.00001   1.000000e-05
-cntthresh 0.00001   1.000000e+00
-mixwfn              ../..//model_parameters/MODELSET1.cd_continuous_untied/mixture_weights
-psetfn              ../..//c_scripts/03.buildtrees/linguistic_questions.automatic
-phone               W      
-state               0      
-mwfloor   1e-4      1.000000e-08
-stwt                1.0 0.05 0.0
-ssplitthr 8e-4      0.000000e+00
-ssplitmin 1         1      
-ssplitmax 5         7      
-csplitthr 8e-4      0.000000e+00
-csplitmin 1         1      
-csplitmax 100       2000   
INFO: ../main.c(152): Reading: ../..//model_architecture/MODELSET1.untied.mdef
INFO: ../model_def_io.c(562): Model definition info:
INFO: ../model_def_io.c(563): 1000 total models defined (50 base, 950 tri)
INFO: ../model_def_io.c(564): 4000 total states
INFO: ../model_def_io.c(565): 3000 total tied states
INFO: ../model_def_io.c(566): 150 total tied CI states
INFO: ../model_def_io.c(567): 50 total tied transition matrices
INFO: ../model_def_io.c(568): 4 max state/model
INFO: ../model_def_io.c(569): 20 min state/model
INFO: ../main.c(196): Building trees for [W AA AO b] through [W ng AX i]
INFO: ../main.c(224): Covering states |[2778 2831]| == 54
INFO: ../main.c(231): Reading: ../..//model_parameters/MODELSET1.cd_continuous_untied/mixture_weights
INFO: ../s3mixw_io.c(151): Read ../..//model_parameters/MODELSET1.cd_continuous_untied/mixture_weights [54x1x1 array]
INFO: ../main.c(269): 18 of 18 models have observation count greater than 1.000000
INFO: ../main.c(67): nrm stwt: 0.952 0.048 0.000 
INFO: ../s3gau_io.c(128): Read ../..//model_parameters/MODELSET1.cd_continuous_untied/means [3000x1x1 array]
INFO: ../s3gau_io.c(128): Read ../..//model_parameters/MODELSET1.cd_continuous_untied/variances [3000x1x1 array]
INFO: ../main.c(510): Reading: ../..//c_scripts/03.buildtrees/linguistic_questions.automatic
INFO: ../main.c(547): 176 total simple questions (168 phone; 8 word bndry)
INFO: ../main.c(549): 42 Left Only questions, and 42 Right Only questions
N model = 18
s>    ( QUESTION0_10_R 1 -1.425e+02 2.563e+02 4.500e+01
s>        ( - 2.440e+02 1 0)
s>        ( QUESTION11 -1 -1.303e+02 2.419e+02 4.400e+01
s>            ( - 2.440e+02 1 0)
s>            ( QUESTION2_14_L -1 -1.324e+02 2.785e+02 4.300e+01
s>                ( - 2.440e+02 1 0)
s>                ( QUESTION0_13_R 1 -9.790e+01 2.013e+02 4.200e+01
s>                    ( - 2.346e+02 1 0)
s>                    ( SILENCE -1 -1.312e+02 1.880e+02 3.000e+01
s>                        ( - 1.652e+02 1 0)
s>                        ( QUESTION6 -1 -1.084e+02 1.653e+02 2.800e+01
s>                            ( - 1.488e+02 1 0)
s>                            ( QUESTION2_18_L -1 -9.180e+01 1.533e+02 2.500e+01
s>                                ( - 7.901e+01 2 0 WDBNDRY_B 0 2.231e+02 5.000e+00)
s>                                ( - -1.748e+01 10 0 QUESTION2_16_L -1 1.487e+02 2.000e+01))))))))INFO: ../dtree.c(1327): Comp split 0
s>    ( QUESTION0_10_R 1 -1.074e+02 2.562e+02 4.400e+01
s>        ( - 2.440e+02 1 0)
s>        ( QUESTION11 -1 -9.522e+01 2.414e+02 4.300e+01
s>            ( - 2.440e+02 1 0)
s>            ( QUESTION0_13_R 1 -9.790e+01 2.013e+02 4.200e+01
s>                ( - 2.346e+02 1 0)
s>                ( SILENCE -1 -1.312e+02 1.880e+02 3.000e+01
s>                    ( - 1.652e+02 1 0)
s>                    ( QUESTION6 -1 -1.084e+02 1.653e+02 2.800e+01
s>                        ( - 1.488e+02 1 0)
s>                        ( QUESTION2_18_L -1 -9.180e+01 1.533e+02 2.500e+01
s>                            ( WDBNDRY_B 0 7.901e+01 2.231e+02 5.000e+00
s>                                ( - 1.363e+02 1 0)
s>                                ( - 1.658e+02 1 0))
s>                            ( - -1.748e+01 10 0 QUESTION2_16_L -1 1.487e+02 2.000e+01)))))))INFO: ../dtree.c(1327): Comp split 1
INFO: ../dtree.c(1327): Comp split 2
INFO: ../dtree.c(1330): stop. leaf nodes are specific
