../..//s3trainer/bin.linux/bldtree \
 -treefn ../..//trees/MODELSET1.unpruned/N-0.dtree \
 -moddeffn ../..//model_architecture/MODELSET1.untied.mdef \
 -mixwfn ../..//model_parameters/MODELSET1.cd_continuous_untied/mixture_weights \
 -ts2cbfn .cont. \
 -meanfn ../..//model_parameters/MODELSET1.cd_continuous_untied/means \
 -varfn ../..//model_parameters/MODELSET1.cd_continuous_untied/variances \
 -mwfloor 1e-8 \
 -psetfn ../..//c_scripts/03.buildtrees/linguistic_questions.automatic \
 -phone N \
 -state 0 \
 -stwt 1.0 0.05 0.0 \
 -ssplitmin 1 \
 -ssplitmax 7 \
 -ssplitthr 0 \
 -csplitmin 1 \
 -csplitmax 2000 \
 -csplitthr 0 \
 -cntthresh 1

[Switch]   [Default] [Value]
-treefn              ../..//trees/MODELSET1.unpruned/N-0.dtree
-moddeffn            ../..//model_architecture/MODELSET1.untied.mdef
-ts2cbfn   .semi.    .cont. 
-meanfn              ../..//model_parameters/MODELSET1.cd_continuous_untied/means
-varfn               ../..//model_parameters/MODELSET1.cd_continuous_untied/variances
-varfloor  0.00001   1.000000e-05
-cntthresh 0.00001   1.000000e+00
-mixwfn              ../..//model_parameters/MODELSET1.cd_continuous_untied/mixture_weights
-psetfn              ../..//c_scripts/03.buildtrees/linguistic_questions.automatic
-phone               N      
-state               0      
-mwfloor   1e-4      1.000000e-08
-stwt                1.0 0.05 0.0
-ssplitthr 8e-4      0.000000e+00
-ssplitmin 1         1      
-ssplitmax 5         7      
-csplitthr 8e-4      0.000000e+00
-csplitmin 1         1      
-csplitmax 100       2000   
INFO: ../main.c(152): Reading: ../..//model_architecture/MODELSET1.untied.mdef
INFO: ../model_def_io.c(562): Model definition info:
INFO: ../model_def_io.c(563): 1000 total models defined (50 base, 950 tri)
INFO: ../model_def_io.c(564): 4000 total states
INFO: ../model_def_io.c(565): 3000 total tied states
INFO: ../model_def_io.c(566): 150 total tied CI states
INFO: ../model_def_io.c(567): 50 total tied transition matrices
INFO: ../model_def_io.c(568): 4 max state/model
INFO: ../model_def_io.c(569): 20 min state/model
INFO: ../main.c(196): Building trees for [N AA D i] through [N Z I i]
INFO: ../main.c(224): Covering states |[1836 2009]| == 174
INFO: ../main.c(231): Reading: ../..//model_parameters/MODELSET1.cd_continuous_untied/mixture_weights
INFO: ../s3mixw_io.c(151): Read ../..//model_parameters/MODELSET1.cd_continuous_untied/mixture_weights [174x1x1 array]
INFO: ../main.c(269): 58 of 58 models have observation count greater than 1.000000
INFO: ../main.c(67): nrm stwt: 0.952 0.048 0.000 
INFO: ../s3gau_io.c(128): Read ../..//model_parameters/MODELSET1.cd_continuous_untied/means [3000x1x1 array]
INFO: ../s3gau_io.c(128): Read ../..//model_parameters/MODELSET1.cd_continuous_untied/variances [3000x1x1 array]
INFO: ../main.c(510): Reading: ../..//c_scripts/03.buildtrees/linguistic_questions.automatic
INFO: ../main.c(547): 176 total simple questions (168 phone; 8 word bndry)
INFO: ../main.c(549): 42 Left Only questions, and 42 Right Only questions
N model = 58
s>    ( QUESTION12 1 5.836e+02 2.508e+02 2.197e+02
s>        ( - 1.612e+02 1 0)
s>        ( QUESTION0_12_R 1 6.731e+02 2.505e+02 2.107e+02
s>            ( - 2.503e+02 1 0)
s>            ( QUESTION0_10_R 1 6.733e+02 2.556e+02 2.097e+02
s>                ( QUESTION0_11_R 1 3.428e+02 2.596e+02 1.800e+01
s>                    ( - 2.412e+02 1 0)
s>                    ( - 3.612e+02 1 0))
s>                ( QUESTION0_7_R 1 5.862e+02 1.752e+02 1.917e+02
s>                    ( - 2.340e+02 1 0)
s>                    ( QUESTION8 -1 5.274e+02 1.734e+02 1.867e+02
s>                        ( - 1.753e+02 1 0)
s>                        ( QUESTION17 -1 5.255e+02 1.712e+02 1.847e+02
s>                            ( - 1.642e+02 1 0)
s>                            ( - 5.325e+02 51 0 SILENCE 1 1.427e+02 1.776e+02)))))))INFO: ../dtree.c(1327): Comp split 0
s>    ( QUESTION0_12_R 1 5.005e+02 2.495e+02 2.027e+02
s>        ( - 2.503e+02 1 0)
s>        ( QUESTION0_10_R 1 4.997e+02 2.459e+02 2.017e+02
s>            ( - 2.412e+02 1 0)
s>            ( QUESTION12 1 5.045e+02 2.430e+02 2.007e+02
s>                ( - 1.612e+02 1 0)
s>                ( QUESTION0_7_R 1 5.862e+02 1.752e+02 1.917e+02
s>                    ( - 2.340e+02 1 0)
s>                    ( QUESTION8 -1 5.274e+02 1.734e+02 1.867e+02
s>                        ( - 1.753e+02 1 0)
s>                        ( QUESTION17 -1 5.255e+02 1.712e+02 1.847e+02
s>                            ( - 1.642e+02 1 0)
s>                            ( SILENCE 1 5.325e+02 1.427e+02 1.776e+02
s>                                ( - 1.026e+02 2 0 QUESTION3 -1 3.855e+02 2.000e+00)
s>                                ( - 5.726e+02 49 0 QUESTION11 -1 1.482e+02 1.756e+02))))))))INFO: ../dtree.c(1327): Comp split 1
s>    ( QUESTION0_10_R 1 4.997e+02 2.459e+02 2.017e+02
s>        ( - 2.412e+02 1 0)
s>        ( QUESTION12 1 5.045e+02 2.430e+02 2.007e+02
s>            ( - 1.612e+02 1 0)
s>            ( QUESTION0_7_R 1 5.862e+02 1.752e+02 1.917e+02
s>                ( - 2.340e+02 1 0)
s>                ( QUESTION8 -1 5.274e+02 1.734e+02 1.867e+02
s>                    ( - 1.753e+02 1 0)
s>                    ( QUESTION17 -1 5.255e+02 1.712e+02 1.847e+02
s>                        ( - 1.642e+02 1 0)
s>                        ( SILENCE 1 5.325e+02 1.427e+02 1.776e+02
s>                            ( QUESTION3 -1 1.026e+02 3.855e+02 2.000e+00
s>                                ( - 2.440e+02 1 0)
s>                                ( - 2.441e+02 1 0))
s>                            ( - 5.726e+02 49 0 QUESTION11 -1 1.482e+02 1.756e+02)))))))INFO: ../dtree.c(1327): Comp split 2
s>    ( SILENCE 1 5.305e+02 2.537e+02 2.007e+02
s>        ( - 2.441e+02 1 0)
s>        ( QUESTION0_10_R 1 5.401e+02 2.458e+02 1.997e+02
s>            ( - 2.412e+02 1 0)
s>            ( QUESTION12 1 5.448e+02 2.430e+02 1.987e+02
s>                ( - 1.612e+02 1 0)
s>                ( QUESTION17 -1 6.265e+02 1.749e+02 1.897e+02
s>                    ( - 1.642e+02 1 0)
s>                    ( QUESTION8 -1 6.373e+02 1.723e+02 1.826e+02
s>                        ( - 1.753e+02 1 0)
s>                        ( QUESTION0_7_R 1 6.342e+02 1.724e+02 1.806e+02
s>                            ( - 2.340e+02 1 0)
s>                            ( QUESTION11 -1 5.726e+02 1.482e+02 1.756e+02
s>                                ( - 1.609e+02 6 0 QUESTION13 1 2.501e+02 1.900e+01)
s>                                ( - 5.599e+02 43 0 QUESTION8 1 1.347e+02 1.566e+02))))))))INFO: ../dtree.c(1327): Comp split 3
INFO: ../dtree.c(1459): stop. leaf nodes are specific
s>    ( QUESTION0_10_R 1 5.401e+02 2.458e+02 1.997e+02
s>        ( - 2.412e+02 1 0)
s>        ( QUESTION12 1 5.448e+02 2.430e+02 1.987e+02
s>            ( - 1.612e+02 1 0)
s>            ( QUESTION17 -1 6.265e+02 1.749e+02 1.897e+02
s>                ( - 1.642e+02 1 0)
s>                ( - 6.373e+02 51 0))))INFO: ../dtree.c(1327): Comp split 4
s>    ( QUESTION12 1 5.448e+02 2.430e+02 1.987e+02
s>        ( - 1.612e+02 1 0)
s>        ( QUESTION17 -1 6.265e+02 1.749e+02 1.897e+02
s>            ( - 1.642e+02 1 0)
s>            ( QUESTION8 -1 6.373e+02 1.723e+02 1.826e+02
s>                ( - 1.753e+02 1 0)
s>                ( QUESTION0_7_R 1 6.342e+02 1.724e+02 1.806e+02
s>                    ( - 2.340e+02 1 0)
s>                    ( QUESTION11 -1 5.726e+02 1.482e+02 1.756e+02
s>                        ( QUESTION13 1 1.609e+02 2.501e+02 1.900e+01
s>                            ( - 2.440e+02 1 0)
s>                            ( QUESTION0_20_R 1 1.670e+02 2.439e+02 1.800e+01
s>                                ( - 2.549e+02 1 0)
s>                                ( - 1.560e+02 4 0 WDBNDRY_E 0 2.378e+02 1.700e+01)))
s>                        ( - 5.599e+02 43 0 QUESTION8 1 1.347e+02 1.566e+02))))))INFO: ../dtree.c(1327): Comp split 5
INFO: ../dtree.c(1327): Comp split 6
INFO: ../dtree.c(1330): stop. leaf nodes are specific
