../..//s3trainer/bin.linux/bldtree \
 -treefn ../..//trees/MODELSET1.unpruned/ER-2.dtree \
 -moddeffn ../..//model_architecture/MODELSET1.untied.mdef \
 -mixwfn ../..//model_parameters/MODELSET1.cd_continuous_untied/mixture_weights \
 -ts2cbfn .cont. \
 -meanfn ../..//model_parameters/MODELSET1.cd_continuous_untied/means \
 -varfn ../..//model_parameters/MODELSET1.cd_continuous_untied/variances \
 -mwfloor 1e-8 \
 -psetfn ../..//c_scripts/03.buildtrees/linguistic_questions.automatic \
 -phone ER \
 -state 2 \
 -stwt 1.0 0.05 0.0 \
 -ssplitmin 1 \
 -ssplitmax 7 \
 -ssplitthr 0 \
 -csplitmin 1 \
 -csplitmax 2000 \
 -csplitthr 0 \
 -cntthresh 1

[Switch]   [Default] [Value]
-treefn              ../..//trees/MODELSET1.unpruned/ER-2.dtree
-moddeffn            ../..//model_architecture/MODELSET1.untied.mdef
-ts2cbfn   .semi.    .cont. 
-meanfn              ../..//model_parameters/MODELSET1.cd_continuous_untied/means
-varfn               ../..//model_parameters/MODELSET1.cd_continuous_untied/variances
-varfloor  0.00001   1.000000e-05
-cntthresh 0.00001   1.000000e+00
-mixwfn              ../..//model_parameters/MODELSET1.cd_continuous_untied/mixture_weights
-psetfn              ../..//c_scripts/03.buildtrees/linguistic_questions.automatic
-phone               ER     
-state               2      
-mwfloor   1e-4      1.000000e-08
-stwt                1.0 0.05 0.0
-ssplitthr 8e-4      0.000000e+00
-ssplitmin 1         1      
-ssplitmax 5         7      
-csplitthr 8e-4      0.000000e+00
-csplitmin 1         1      
-csplitmax 100       2000   
INFO: ../main.c(152): Reading: ../..//model_architecture/MODELSET1.untied.mdef
INFO: ../model_def_io.c(562): Model definition info:
INFO: ../model_def_io.c(563): 1000 total models defined (50 base, 950 tri)
INFO: ../model_def_io.c(564): 4000 total states
INFO: ../model_def_io.c(565): 3000 total tied states
INFO: ../model_def_io.c(566): 150 total tied CI states
INFO: ../model_def_io.c(567): 50 total tied transition matrices
INFO: ../model_def_io.c(568): 4 max state/model
INFO: ../model_def_io.c(569): 20 min state/model
INFO: ../main.c(196): Building trees for [ER AW Z i] through [ER W S i]
INFO: ../main.c(224): Covering states |[885 983]| == 99
INFO: ../main.c(231): Reading: ../..//model_parameters/MODELSET1.cd_continuous_untied/mixture_weights
INFO: ../s3mixw_io.c(151): Read ../..//model_parameters/MODELSET1.cd_continuous_untied/mixture_weights [99x1x1 array]
INFO: ../main.c(269): 33 of 33 models have observation count greater than 1.000000
INFO: ../main.c(67): nrm stwt: 0.000 0.048 0.952 
INFO: ../s3gau_io.c(128): Read ../..//model_parameters/MODELSET1.cd_continuous_untied/means [3000x1x1 array]
INFO: ../s3gau_io.c(128): Read ../..//model_parameters/MODELSET1.cd_continuous_untied/variances [3000x1x1 array]
INFO: ../main.c(510): Reading: ../..//c_scripts/03.buildtrees/linguistic_questions.automatic
INFO: ../main.c(547): 176 total simple questions (168 phone; 8 word bndry)
INFO: ../main.c(549): 42 Left Only questions, and 42 Right Only questions
N model = 33
s>    ( QUESTION18 -1 -9.829e+01 2.707e+02 6.000e+01
s>        ( - 2.440e+02 1 0)
s>        ( QUESTION14 1 -7.155e+01 2.608e+02 5.900e+01
s>            ( - 2.440e+02 1 0)
s>            ( QUESTION4 1 -5.476e+01 2.603e+02 5.800e+01
s>                ( - 2.440e+02 1 0)
s>                ( QUESTION0_18_R 1 -3.850e+01 2.525e+02 5.700e+01
s>                    ( - 2.440e+02 1 0)
s>                    ( QUESTION10 -1 -3.003e+01 2.497e+02 5.600e+01
s>                        ( - 2.440e+02 1 0)
s>                        ( QUESTION14 -1 -2.442e+01 2.341e+02 5.500e+01
s>                            ( - 2.399e+02 1 0)
s>                            ( QUESTION8 1 -3.021e+01 1.872e+02 5.400e+01
s>                                ( - 1.671e+02 1 0)
s>                                ( - -1.006e+01 26 0 QUESTION13 -1 2.385e+02 4.800e+01))))))))INFO: ../dtree.c(1327): Comp split 0
s>    ( QUESTION14 1 -7.155e+01 2.608e+02 5.900e+01
s>        ( - 2.440e+02 1 0)
s>        ( QUESTION4 1 -5.476e+01 2.603e+02 5.800e+01
s>            ( - 2.440e+02 1 0)
s>            ( QUESTION0_18_R 1 -3.850e+01 2.525e+02 5.700e+01
s>                ( - 2.440e+02 1 0)
s>                ( QUESTION10 -1 -3.003e+01 2.497e+02 5.600e+01
s>                    ( - 2.440e+02 1 0)
s>                    ( QUESTION14 -1 -2.442e+01 2.341e+02 5.500e+01
s>                        ( - 2.399e+02 1 0)
s>                        ( QUESTION8 1 -3.021e+01 1.872e+02 5.400e+01
s>                            ( - 1.671e+02 1 0)
s>                            ( QUESTION13 -1 -1.006e+01 2.385e+02 4.800e+01
s>                                ( - 2.406e+02 1 0)
s>                                ( - -1.216e+01 25 0 QUESTION0_5_R 1 2.429e+02 4.700e+01))))))))INFO: ../dtree.c(1327): Comp split 1
s>    ( QUESTION4 1 -5.476e+01 2.603e+02 5.800e+01
s>        ( - 2.440e+02 1 0)
s>        ( QUESTION0_18_R 1 -3.850e+01 2.525e+02 5.700e+01
s>            ( - 2.440e+02 1 0)
s>            ( QUESTION10 -1 -3.003e+01 2.497e+02 5.600e+01
s>                ( - 2.440e+02 1 0)
s>                ( QUESTION14 -1 -2.442e+01 2.341e+02 5.500e+01
s>                    ( - 2.399e+02 1 0)
s>                    ( QUESTION8 1 -3.021e+01 1.872e+02 5.400e+01
s>                        ( - 1.671e+02 1 0)
s>                        ( QUESTION13 -1 -1.006e+01 2.385e+02 4.800e+01
s>                            ( - 2.406e+02 1 0)
s>                            ( QUESTION0_5_R 1 -1.216e+01 2.429e+02 4.700e+01
s>                                ( - 2.440e+02 1 0)
s>                                ( - -1.329e+01 24 0 QUESTION9 -1 1.624e+02 4.600e+01))))))))INFO: ../dtree.c(1327): Comp split 2
s>    ( QUESTION0_18_R 1 -3.850e+01 2.525e+02 5.700e+01
s>        ( - 2.440e+02 1 0)
s>        ( QUESTION10 -1 -3.003e+01 2.497e+02 5.600e+01
s>            ( - 2.440e+02 1 0)
s>            ( QUESTION14 -1 -2.442e+01 2.341e+02 5.500e+01
s>                ( - 2.399e+02 1 0)
s>                ( QUESTION8 1 -3.021e+01 1.872e+02 5.400e+01
s>                    ( - 1.671e+02 1 0)
s>                    ( QUESTION13 -1 -1.006e+01 2.385e+02 4.800e+01
s>                        ( - 2.406e+02 1 0)
s>                        ( QUESTION0_5_R 1 -1.216e+01 2.429e+02 4.700e+01
s>                            ( - 2.440e+02 1 0)
s>                            ( QUESTION9 -1 -1.329e+01 1.624e+02 4.600e+01
s>                                ( - 1.793e+02 2 0 QUESTION2 1 2.152e+02 6.000e+00)
s>                                ( - -3.016e+01 22 0 QUESTION0_13_R 1 1.276e+02 4.000e+01))))))))INFO: ../dtree.c(1327): Comp split 3
INFO: ../dtree.c(1459): stop. leaf nodes are specific
s>    ( QUESTION10 -1 -3.003e+01 2.497e+02 5.600e+01
s>        ( - 2.440e+02 1 0)
s>        ( QUESTION14 -1 -2.442e+01 2.341e+02 5.500e+01
s>            ( - 2.399e+02 1 0)
s>            ( QUESTION8 1 -3.021e+01 1.872e+02 5.400e+01
s>                ( - 1.671e+02 1 0)
s>                ( - -1.006e+01 26 0))))INFO: ../dtree.c(1327): Comp split 4
s>    ( QUESTION14 -1 -2.442e+01 2.341e+02 5.500e+01
s>        ( - 2.399e+02 1 0)
s>        ( QUESTION8 1 -3.021e+01 1.872e+02 5.400e+01
s>            ( - 1.671e+02 1 0)
s>            ( QUESTION13 -1 -1.006e+01 2.385e+02 4.800e+01
s>                ( - 2.406e+02 1 0)
s>                ( QUESTION0_5_R 1 -1.216e+01 2.429e+02 4.700e+01
s>                    ( - 2.440e+02 1 0)
s>                    ( QUESTION9 -1 -1.329e+01 1.624e+02 4.600e+01
s>                        ( QUESTION2 1 1.793e+02 2.152e+02 6.000e+00
s>                            ( - 1.959e+02 1 0)
s>                            ( - 1.986e+02 1 0))
s>                        ( QUESTION0_13_R 1 -3.016e+01 1.276e+02 4.000e+01
s>                            ( - 1.618e+01 5 0 QUESTION2 1 2.408e+02 9.000e+00)
s>                            ( - 8.126e+01 17 0 QUESTION2_12_L -1 1.621e+02 3.100e+01)))))))INFO: ../dtree.c(1327): Comp split 5
s>    ( QUESTION0_5_R 1 -2.528e+01 2.372e+02 5.400e+01
s>        ( - 2.406e+02 1 0)
s>        ( QUESTION14 -1 -2.875e+01 2.341e+02 5.300e+01
s>            ( - 2.399e+02 1 0)
s>            ( QUESTION8 1 -3.457e+01 1.884e+02 5.200e+01
s>                ( - 1.671e+02 1 0)
s>                ( QUESTION9 -1 -1.329e+01 1.624e+02 4.600e+01
s>                    ( QUESTION2 1 1.793e+02 2.152e+02 6.000e+00
s>                        ( - 1.959e+02 1 0)
s>                        ( - 1.986e+02 1 0))
s>                    ( QUESTION0_13_R 1 -3.016e+01 1.276e+02 4.000e+01
s>                        ( QUESTION2 1 1.618e+01 2.408e+02 9.000e+00
s>                            ( - 1.297e+01 4 0 WDBNDRY_S 0 2.512e+02 8.000e+00)
s>                            ( - 2.441e+02 1 0))
s>                        ( - 8.126e+01 17 0 QUESTION2_12_L -1 1.621e+02 3.100e+01))))))INFO: ../dtree.c(1327): Comp split 6
s>    ( QUESTION0_5_R 1 -3.108e+01 2.371e+02 5.300e+01
s>        ( - 2.406e+02 1 0)
s>        ( QUESTION14 -1 -3.467e+01 2.343e+02 5.200e+01
s>            ( - 2.399e+02 1 0)
s>            ( QUESTION8 1 -4.024e+01 1.878e+02 5.100e+01
s>                ( - 1.671e+02 1 0)
s>                ( QUESTION9 -1 -1.952e+01 1.618e+02 4.500e+01
s>                    ( QUESTION2 1 1.793e+02 2.152e+02 6.000e+00
s>                        ( - 1.959e+02 1 0)
s>                        ( - 1.986e+02 1 0))
s>                    ( QUESTION0_13_R 1 -3.707e+01 1.313e+02 3.900e+01
s>                        ( WDBNDRY_S 0 1.297e+01 2.512e+02 8.000e+00
s>                            ( - 2.440e+02 1 0)
s>                            ( - 2.014e+01 3 0))
s>                        ( - 8.126e+01 17 0 QUESTION2_12_L -1 1.621e+02 3.100e+01))))))INFO: ../dtree.c(1327): Comp split 7
s>    ( QUESTION0_5_R 1 -1.628e+01 2.373e+02 5.200e+01
s>        ( - 2.406e+02 1 0)
s>        ( QUESTION14 -1 -1.966e+01 2.346e+02 5.100e+01
s>            ( - 2.399e+02 1 0)
s>            ( QUESTION8 1 -2.501e+01 1.866e+02 5.000e+01
s>                ( - 1.671e+02 1 0)
s>                ( QUESTION9 -1 -5.504e+00 1.612e+02 4.400e+01
s>                    ( QUESTION2 1 1.793e+02 2.152e+02 6.000e+00
s>                        ( - 1.959e+02 1 0)
s>                        ( - 1.986e+02 1 0))
s>                    ( QUESTION2_14_L -1 -2.358e+01 1.254e+02 3.800e+01
s>                        ( QUESTION0_17_R 1 8.775e+01 3.946e+02 2.000e+00
s>                            ( - 2.383e+02 1 0)
s>                            ( - 2.440e+02 1 0))
s>                        ( - 1.403e+01 18 0 QUESTION5 -1 2.613e+02 3.600e+01))))))INFO: ../dtree.c(1327): Comp split 8
INFO: ../dtree.c(1459): stop. leaf nodes are specific
s>    ( QUESTION0_5_R 1 4.977e+00 2.369e+02 5.100e+01
s>        ( - 2.406e+02 1 0)
s>        ( QUESTION14 -1 1.266e+00 2.345e+02 5.000e+01
s>            ( - 2.399e+02 1 0)
s>            ( QUESTION8 1 -4.155e+00 1.867e+02 4.900e+01
s>                ( - 1.671e+02 1 0)
s>                ( - 1.543e+01 21 0))))INFO: ../dtree.c(1327): Comp split 9
INFO: ../dtree.c(1459): stop. leaf nodes are specific
s>    ( QUESTION14 -1 1.266e+00 2.345e+02 5.000e+01
s>        ( - 2.399e+02 1 0)
s>        ( - -4.155e+00 22 0))INFO: ../dtree.c(1327): Comp split 10
INFO: ../dtree.c(1327): Comp split 11
INFO: ../dtree.c(1330): stop. leaf nodes are specific
