../..//s3trainer/bin.linux/bldtree \
 -treefn ../..//trees/MODELSET1.unpruned/AX-2.dtree \
 -moddeffn ../..//model_architecture/MODELSET1.untied.mdef \
 -mixwfn ../..//model_parameters/MODELSET1.cd_continuous_untied/mixture_weights \
 -ts2cbfn .cont. \
 -meanfn ../..//model_parameters/MODELSET1.cd_continuous_untied/means \
 -varfn ../..//model_parameters/MODELSET1.cd_continuous_untied/variances \
 -mwfloor 1e-8 \
 -psetfn ../..//c_scripts/03.buildtrees/linguistic_questions.automatic \
 -phone AX \
 -state 2 \
 -stwt 1.0 0.05 0.0 \
 -ssplitmin 1 \
 -ssplitmax 7 \
 -ssplitthr 0 \
 -csplitmin 1 \
 -csplitmax 2000 \
 -csplitthr 0 \
 -cntthresh 1

[Switch]   [Default] [Value]
-treefn              ../..//trees/MODELSET1.unpruned/AX-2.dtree
-moddeffn            ../..//model_architecture/MODELSET1.untied.mdef
-ts2cbfn   .semi.    .cont. 
-meanfn              ../..//model_parameters/MODELSET1.cd_continuous_untied/means
-varfn               ../..//model_parameters/MODELSET1.cd_continuous_untied/variances
-varfloor  0.00001   1.000000e-05
-cntthresh 0.00001   1.000000e+00
-mixwfn              ../..//model_parameters/MODELSET1.cd_continuous_untied/mixture_weights
-psetfn              ../..//c_scripts/03.buildtrees/linguistic_questions.automatic
-phone               AX     
-state               2      
-mwfloor   1e-4      1.000000e-08
-stwt                1.0 0.05 0.0
-ssplitthr 8e-4      0.000000e+00
-ssplitmin 1         1      
-ssplitmax 5         7      
-csplitthr 8e-4      0.000000e+00
-csplitmin 1         1      
-csplitmax 100       2000   
INFO: ../main.c(152): Reading: ../..//model_architecture/MODELSET1.untied.mdef
INFO: ../model_def_io.c(562): Model definition info:
INFO: ../model_def_io.c(563): 1000 total models defined (50 base, 950 tri)
INFO: ../model_def_io.c(564): 4000 total states
INFO: ../model_def_io.c(565): 3000 total tied states
INFO: ../model_def_io.c(566): 150 total tied CI states
INFO: ../model_def_io.c(567): 50 total tied transition matrices
INFO: ../model_def_io.c(568): 4 max state/model
INFO: ../model_def_io.c(569): 20 min state/model
INFO: ../main.c(196): Building trees for [AX B N i] through [AX ZH N i]
INFO: ../main.c(224): Covering states |[357 482]| == 126
INFO: ../main.c(231): Reading: ../..//model_parameters/MODELSET1.cd_continuous_untied/mixture_weights
INFO: ../s3mixw_io.c(151): Read ../..//model_parameters/MODELSET1.cd_continuous_untied/mixture_weights [126x1x1 array]
INFO: ../main.c(269): 42 of 42 models have observation count greater than 1.000000
INFO: ../main.c(67): nrm stwt: 0.000 0.048 0.952 
INFO: ../s3gau_io.c(128): Read ../..//model_parameters/MODELSET1.cd_continuous_untied/means [3000x1x1 array]
INFO: ../s3gau_io.c(128): Read ../..//model_parameters/MODELSET1.cd_continuous_untied/variances [3000x1x1 array]
INFO: ../main.c(510): Reading: ../..//c_scripts/03.buildtrees/linguistic_questions.automatic
INFO: ../main.c(547): 176 total simple questions (168 phone; 8 word bndry)
INFO: ../main.c(549): 42 Left Only questions, and 42 Right Only questions
N model = 42
s>    ( QUESTION2 -1 1.885e+04 7.882e+02 9.886e+02
s>        ( QUESTION0_0_R 1 9.781e+03 7.521e+02 5.896e+02
s>            ( - 8.556e+03 4 0 WDBNDRY_I 0 2.125e+02 3.979e+02)
s>            ( - 1.976e+03 25 0 QUESTION0_4_R 1 2.596e+02 1.917e+02))
s>        ( QUESTION0_16_R 1 9.862e+03 5.648e+02 3.990e+02
s>            ( - 2.014e+02 3 0 QUESTION0_18_R 1 2.302e+02 1.400e+01)
s>            ( QUESTION0_2_R 1 1.023e+04 3.188e+02 3.850e+02
s>                ( - 2.320e+03 3 0 QUESTION2 1 2.773e+02 6.900e+01)
s>                ( WDBNDRY_B 0 8.225e+03 3.088e+02 3.160e+02
s>                    ( - 2.440e+02 1 0)
s>                    ( QUESTION8 1 8.290e+03 3.056e+02 3.150e+02
s>                        ( - 2.440e+02 1 0)
s>                        ( QUESTION0 -1 8.351e+03 3.051e+02 3.140e+02
s>                            ( - 2.440e+02 1 0)
s>                            ( - 8.412e+03 4 0 QUESTION0_0_R 1 1.370e+02 3.130e+02)))))))INFO: ../dtree.c(1327): Comp split 0
s>    ( QUESTION0_0_R 1 1.820e+04 7.811e+02 7.799e+02
s>        ( QUESTION2_14_L -1 8.581e+03 2.127e+02 4.019e+02
s>            ( - 9.020e+02 1 0)
s>            ( QUESTION5 -1 7.891e+03 1.812e+02 3.779e+02
s>                ( - 9.325e+02 1 0)
s>                ( WDBNDRY_B 0 7.140e+03 1.658e+02 3.350e+02
s>                    ( - 4.295e+02 1 0)
s>                    ( - 6.876e+03 2 0 WDBNDRY_E 0 1.195e+02 3.250e+02))))
s>        ( QUESTION19 1 1.040e+04 3.387e+02 3.780e+02
s>            ( QUESTION0_3_R 1 2.356e+03 1.443e+02 6.800e+01
s>                ( - 1.849e+02 1 0)
s>                ( - 2.315e+03 1 0))
s>            ( QUESTION0_2_R 1 8.382e+03 2.644e+02 3.100e+02
s>                ( - 2.413e+02 1 0)
s>                ( - 8.405e+03 3 0 WDBNDRY_S 0 1.123e+02 3.090e+02))))INFO: ../dtree.c(1459): stop. leaf nodes are specific
s>    ( QUESTION0_0_R 1 1.963e+03 2.635e+02 2.087e+02
s>        ( - 2.440e+02 1 0)
s>        ( QUESTION0_4_R 1 1.983e+03 2.586e+02 2.077e+02
s>            ( - 2.440e+02 1 0)
s>            ( - 1.997e+03 29 0)))INFO: ../dtree.c(1327): Comp split 1
INFO: ../dtree.c(1459): stop. leaf nodes are specific
s>    ( QUESTION0_13_R 1 7.942e+03 2.434e+02 3.809e+02
s>        ( - 2.413e+02 1 0)
s>        ( QUESTION5 -1 7.944e+03 1.817e+02 3.799e+02
s>            ( - 9.325e+02 1 0)
s>            ( WDBNDRY_B 0 7.194e+03 1.654e+02 3.370e+02
s>                ( - 4.295e+02 1 0)
s>                ( QUESTION0_0_R 1 6.930e+03 1.318e+02 3.270e+02
s>                    ( WDBNDRY_E 0 6.876e+03 1.195e+02 3.250e+02
s>                        ( - 6.852e+03 1 0)
s>                        ( - 1.442e+02 1 0))
s>                    ( - 1.849e+02 1 0)))))INFO: ../dtree.c(1459): stop. leaf nodes are specific
s>    ( QUESTION2_4_L -1 1.112e+04 3.553e+02 3.990e+02
s>        ( QUESTION0_0_R 1 3.073e+03 1.439e+02 9.000e+01
s>            ( - 9.020e+02 1 0)
s>            ( - 2.315e+03 1 0))
s>        ( WDBNDRY_S 0 8.405e+03 1.123e+02 3.090e+02
s>            ( - 4.787e+02 1 0)
s>            ( - 8.039e+03 2 0)))INFO: ../dtree.c(1327): Comp split 2
INFO: ../dtree.c(1459): stop. leaf nodes are specific
s>    ( QUESTION0_0_R 1 3.073e+03 1.439e+02 9.000e+01
s>        ( - 9.020e+02 1 0)
s>        ( - 2.315e+03 1 0))INFO: ../dtree.c(1459): stop. leaf nodes are specific
s>    ( WDBNDRY_S 0 8.405e+03 1.123e+02 3.090e+02
s>        ( - 4.787e+02 1 0)
s>        ( - 8.039e+03 2 0))INFO: ../dtree.c(1327): Comp split 3
INFO: ../dtree.c(1327): Comp split 4
INFO: ../dtree.c(1459): stop. leaf nodes are specific
s>    ( QUESTION5 -1 7.944e+03 1.817e+02 3.799e+02
s>        ( - 9.325e+02 1 0)
s>        ( WDBNDRY_B 0 7.194e+03 1.654e+02 3.370e+02
s>            ( - 4.295e+02 1 0)
s>            ( QUESTION0_0_R 1 6.930e+03 1.318e+02 3.270e+02
s>                ( WDBNDRY_E 0 6.876e+03 1.195e+02 3.250e+02
s>                    ( - 6.852e+03 1 0)
s>                    ( - 1.442e+02 1 0))
s>                ( - 1.849e+02 1 0))))INFO: ../dtree.c(1327): Comp split 5
INFO: ../dtree.c(1459): stop. leaf nodes are specific
s>    ( WDBNDRY_B 0 7.194e+03 1.654e+02 3.370e+02
s>        ( - 4.295e+02 1 0)
s>        ( QUESTION0_0_R 1 6.930e+03 1.318e+02 3.270e+02
s>            ( WDBNDRY_E 0 6.876e+03 1.195e+02 3.250e+02
s>                ( - 6.852e+03 1 0)
s>                ( - 1.442e+02 1 0))
s>            ( - 1.849e+02 1 0)))INFO: ../dtree.c(1327): Comp split 6
INFO: ../dtree.c(1459): stop. leaf nodes are specific
s>    ( QUESTION0_0_R 1 6.930e+03 1.318e+02 3.270e+02
s>        ( WDBNDRY_E 0 6.876e+03 1.195e+02 3.250e+02
s>            ( - 6.852e+03 1 0)
s>            ( - 1.442e+02 1 0))
s>        ( - 1.849e+02 1 0))INFO: ../dtree.c(1327): Comp split 7
INFO: ../dtree.c(1459): stop. leaf nodes are specific
s>    ( WDBNDRY_E 0 6.876e+03 1.195e+02 3.250e+02
s>        ( - 6.852e+03 1 0)
s>        ( - 1.442e+02 1 0))INFO: ../dtree.c(1327): Comp split 8
INFO: ../dtree.c(1327): Comp split 9
INFO: ../dtree.c(1327): Comp split 10
s>    ( QUESTION0_4_R 1 1.983e+03 2.586e+02 2.077e+02
s>        ( - 2.440e+02 1 0)
s>        ( QUESTION0 -1 1.997e+03 2.550e+02 2.067e+02
s>            ( - 2.440e+02 1 0)
s>            ( QUESTION13 -1 2.008e+03 2.477e+02 2.057e+02
s>                ( QUESTION0_17_R 1 1.275e+03 2.463e+02 9.401e+01
s>                    ( - 2.404e+02 1 0)
s>                    ( - 1.281e+03 6 0 QUESTION14 -1 1.562e+02 9.301e+01))
s>                ( QUESTION2_17_L -1 9.806e+02 2.455e+02 1.117e+02
s>                    ( - 2.440e+02 1 0)
s>                    ( QUESTION2_12_L -1 9.820e+02 2.321e+02 1.107e+02
s>                        ( - 2.440e+02 1 0)
s>                        ( QUESTION2_7_L -1 9.701e+02 1.912e+02 1.097e+02
s>                            ( - 8.882e+02 8 0 WDBNDRY_B 0 1.797e+02 7.970e+01)
s>                            ( - 2.730e+02 11 0 QUESTION13 1 1.916e+02 3.000e+01)))))))INFO: ../dtree.c(1327): Comp split 11
INFO: ../dtree.c(1459): stop. leaf nodes are specific
s>    ( QUESTION7 -1 1.293e+03 2.318e+02 9.401e+01
s>        ( - 2.440e+02 1 0)
s>        ( QUESTION14 -1 1.281e+03 1.562e+02 9.301e+01
s>            ( QUESTION9 1 2.562e+02 1.869e+02 1.600e+01
s>                ( - 1.913e+02 1 0)
s>                ( QUESTION0_2_R 1 2.518e+02 1.388e+02 1.400e+01
s>                    ( - 1.292e+02 1 0)
s>                    ( WDBNDRY_E 0 2.614e+02 1.011e+02 1.200e+01
s>                        ( - 2.089e+02 1 0)
s>                        ( - 1.536e+02 1 0))))
s>            ( QUESTION0_2_R 1 1.181e+03 1.356e+02 7.701e+01
s>                ( - 1.230e+03 1 0)
s>                ( - 8.647e+01 1 0))))s>    ( QUESTION0_4_R 1 9.544e+02 2.563e+02 1.137e+02
s>        ( - 2.440e+02 1 0)
s>        ( QUESTION0 -1 9.666e+02 2.508e+02 1.127e+02
s>            ( - 2.440e+02 1 0)
s>            ( QUESTION2_17_L -1 9.733e+02 2.454e+02 1.117e+02
s>                ( - 2.440e+02 1 0)
s>                ( QUESTION0_19_R 1 9.747e+02 2.358e+02 1.107e+02
s>                    ( - 2.404e+02 1 0)
s>                    ( QUESTION2_7_L -1 9.701e+02 1.912e+02 1.097e+02
s>                        ( WDBNDRY_B 0 8.882e+02 1.797e+02 7.970e+01
s>                            ( - 2.724e+02 1 0)
s>                            ( - 7.956e+02 7 0 QUESTION3 1 1.677e+02 7.470e+01))
s>                        ( QUESTION13 1 2.730e+02 1.916e+02 3.000e+01
s>                            ( - 2.064e+02 1 0)
s>                            ( - 2.581e+02 10 0 QUESTION0_20_R 1 1.603e+02 2.800e+01)))))))INFO: ../dtree.c(1327): Comp split 12
INFO: ../dtree.c(1459): stop. leaf nodes are specific
s>    ( QUESTION14 -1 1.281e+03 1.562e+02 9.301e+01
s>        ( QUESTION9 1 2.562e+02 1.869e+02 1.600e+01
s>            ( - 1.913e+02 1 0)
s>            ( QUESTION0_2_R 1 2.518e+02 1.388e+02 1.400e+01
s>                ( - 1.292e+02 1 0)
s>                ( WDBNDRY_E 0 2.614e+02 1.011e+02 1.200e+01
s>                    ( - 2.089e+02 1 0)
s>                    ( - 1.536e+02 1 0))))
s>        ( QUESTION0_2_R 1 1.181e+03 1.356e+02 7.701e+01
s>            ( - 1.230e+03 1 0)
s>            ( - 8.647e+01 1 0)))INFO: ../dtree.c(1327): Comp split 13
INFO: ../dtree.c(1459): stop. leaf nodes are specific
s>    ( QUESTION0_2_R 1 1.241e+03 1.802e+02 7.701e+01
s>        ( - 1.230e+03 1 0)
s>        ( - 1.913e+02 1 0))INFO: ../dtree.c(1459): stop. leaf nodes are specific
s>    ( QUESTION0_2_R 1 2.466e+02 1.372e+02 1.600e+01
s>        ( - 1.292e+02 1 0)
s>        ( WDBNDRY_E 0 2.547e+02 9.682e+01 1.400e+01
s>            ( - 2.089e+02 1 0)
s>            ( - 1.426e+02 2 0)))INFO: ../dtree.c(1327): Comp split 14
INFO: ../dtree.c(1327): Comp split 15
s>    ( QUESTION0 -1 9.666e+02 2.508e+02 1.127e+02
s>        ( - 2.440e+02 1 0)
s>        ( QUESTION2_17_L -1 9.733e+02 2.454e+02 1.117e+02
s>            ( - 2.440e+02 1 0)
s>            ( QUESTION0_19_R 1 9.747e+02 2.358e+02 1.107e+02
s>                ( - 2.404e+02 1 0)
s>                ( QUESTION2_7_L -1 9.701e+02 1.912e+02 1.097e+02
s>                    ( WDBNDRY_B 0 8.882e+02 1.797e+02 7.970e+01
s>                        ( - 2.724e+02 1 0)
s>                        ( QUESTION3 1 7.956e+02 1.677e+02 7.470e+01
s>                            ( - 3.462e+02 1 0)
s>                            ( - 6.171e+02 6 0 QUESTION9 -1 2.399e+02 6.270e+01)))
s>                    ( QUESTION13 1 2.730e+02 1.916e+02 3.000e+01
s>                        ( - 2.064e+02 1 0)
s>                        ( - 2.581e+02 10 0 QUESTION0_20_R 1 1.603e+02 2.800e+01))))))INFO: ../dtree.c(1327): Comp split 16
s>    ( QUESTION2_17_L -1 9.733e+02 2.454e+02 1.117e+02
s>        ( - 2.440e+02 1 0)
s>        ( QUESTION0_19_R 1 9.747e+02 2.358e+02 1.107e+02
s>            ( - 2.404e+02 1 0)
s>            ( QUESTION2_7_L -1 9.701e+02 1.912e+02 1.097e+02
s>                ( - 8.882e+02 8 0)
s>                ( QUESTION13 1 2.730e+02 1.916e+02 3.000e+01
s>                    ( - 2.064e+02 1 0)
s>                    ( QUESTION0_20_R 1 2.581e+02 1.603e+02 2.800e+01
s>                        ( - 1.951e+02 1 0)
s>                        ( WDBNDRY_B 0 2.233e+02 1.261e+02 2.600e+01
s>                            ( QUESTION2 -1 1.872e+02 3.007e+02 1.100e+01
s>                                ( - 2.440e+02 1 0)
s>                                ( - 2.439e+02 1 0))
s>                            ( - 1.622e+02 7 0 QUESTION2 -1 2.062e+02 1.500e+01)))))))INFO: ../dtree.c(1327): Comp split 17
s>    ( QUESTION2_17_L -1 1.012e+03 2.456e+02 1.107e+02
s>        ( - 2.440e+02 1 0)
s>        ( QUESTION0_19_R 1 1.014e+03 2.362e+02 1.097e+02
s>            ( - 2.404e+02 1 0)
s>            ( QUESTION2_7_L -1 1.009e+03 1.779e+02 1.087e+02
s>                ( WDBNDRY_B 0 8.882e+02 1.797e+02 7.970e+01
s>                    ( - 2.724e+02 1 0)
s>                    ( QUESTION3 1 7.956e+02 1.677e+02 7.470e+01
s>                        ( - 3.462e+02 1 0)
s>                        ( QUESTION9 -1 6.171e+02 2.399e+02 6.270e+01
s>                            ( - 2.440e+02 1 0)
s>                            ( - 6.129e+02 5 0 QUESTION4 -1 1.201e+02 6.170e+01))))
s>                ( QUESTION13 1 2.991e+02 1.893e+02 2.900e+01
s>                    ( - 2.064e+02 1 0)
s>                    ( - 2.819e+02 9 0 WDBNDRY_B 0 1.627e+02 2.700e+01)))))INFO: ../dtree.c(1327): Comp split 18
s>    ( QUESTION0_19_R 1 1.014e+03 2.362e+02 1.097e+02
s>        ( - 2.404e+02 1 0)
s>        ( QUESTION2_7_L -1 1.009e+03 1.779e+02 1.087e+02
s>            ( WDBNDRY_B 0 8.882e+02 1.797e+02 7.970e+01
s>                ( - 2.724e+02 1 0)
s>                ( QUESTION3 1 7.956e+02 1.677e+02 7.470e+01
s>                    ( - 3.462e+02 1 0)
s>                    ( QUESTION9 -1 6.171e+02 2.399e+02 6.270e+01
s>                        ( - 2.440e+02 1 0)
s>                        ( - 6.129e+02 5 0))))
s>            ( QUESTION13 1 2.991e+02 1.893e+02 2.900e+01
s>                ( - 2.064e+02 1 0)
s>                ( WDBNDRY_B 0 2.819e+02 1.627e+02 2.700e+01
s>                    ( - 2.439e+02 1 0)
s>                    ( - 2.007e+02 8 0 QUESTION2 -1 2.107e+02 1.700e+01)))))INFO: ../dtree.c(1327): Comp split 19
s>    ( QUESTION0_19_R 1 1.008e+03 2.362e+02 1.087e+02
s>        ( - 2.404e+02 1 0)
s>        ( QUESTION2_7_L -1 1.003e+03 1.796e+02 1.077e+02
s>            ( WDBNDRY_B 0 8.840e+02 1.795e+02 7.870e+01
s>                ( - 2.724e+02 1 0)
s>                ( - 7.911e+02 6 0))
s>            ( QUESTION13 1 2.991e+02 1.893e+02 2.900e+01
s>                ( - 2.064e+02 1 0)
s>                ( WDBNDRY_B 0 2.819e+02 1.627e+02 2.700e+01
s>                    ( - 2.439e+02 1 0)
s>                    ( QUESTION2 -1 2.007e+02 2.107e+02 1.700e+01
s>                        ( WDBNDRY_S 0 2.024e+02 2.283e+02 1.500e+01
s>                            ( - 2.389e+02 1 0)
s>                            ( - 1.919e+02 6 0 QUESTION0_16_R 1 1.523e+02 1.400e+01))
s>                        ( - 2.089e+02 1 0))))))INFO: ../dtree.c(1327): Comp split 20
s>    ( QUESTION0_19_R 1 1.054e+03 2.372e+02 1.067e+02
s>        ( - 2.404e+02 1 0)
s>        ( QUESTION0_18_R 1 1.051e+03 2.234e+02 1.057e+02
s>            ( - 2.389e+02 1 0)
s>            ( WDBNDRY_S 0 1.035e+03 2.093e+02 1.047e+02
s>                ( - 2.064e+02 1 0)
s>                ( QUESTION3 1 1.038e+03 1.643e+02 1.027e+02
s>                    ( WDBNDRY_B 0 4.351e+02 1.550e+02 2.200e+01
s>                        ( - 2.439e+02 1 0)
s>                        ( - 3.462e+02 1 0))
s>                    ( WDBNDRY_B 0 7.673e+02 1.843e+02 8.070e+01
s>                        ( - 2.724e+02 1 0)
s>                        ( QUESTION0_16_R 1 6.792e+02 1.537e+02 7.570e+01
s>                            ( - 1.951e+02 1 0)
s>                            ( - 6.378e+02 10 0 QUESTION2_7_L -1 1.241e+02 7.370e+01)))))))INFO: ../dtree.c(1327): Comp split 21
s>    ( QUESTION0_18_R 1 1.051e+03 2.234e+02 1.057e+02
s>        ( - 2.389e+02 1 0)
s>        ( WDBNDRY_S 0 1.035e+03 2.093e+02 1.047e+02
s>            ( - 2.064e+02 1 0)
s>            ( QUESTION3 1 1.038e+03 1.643e+02 1.027e+02
s>                ( WDBNDRY_B 0 4.351e+02 1.550e+02 2.200e+01
s>                    ( - 2.439e+02 1 0)
s>                    ( - 3.462e+02 1 0))
s>                ( WDBNDRY_B 0 7.673e+02 1.843e+02 8.070e+01
s>                    ( - 2.724e+02 1 0)
s>                    ( QUESTION0_16_R 1 6.792e+02 1.537e+02 7.570e+01
s>                        ( - 1.951e+02 1 0)
s>                        ( QUESTION2_7_L -1 6.378e+02 1.241e+02 7.370e+01
s>                            ( - 6.129e+02 5 0 QUESTION4 -1 1.201e+02 6.170e+01)
s>                            ( - 1.490e+02 5 0 QUESTION4 -1 7.221e+01 1.200e+01)))))))INFO: ../dtree.c(1327): Comp split 22
s>    ( WDBNDRY_S 0 1.035e+03 2.093e+02 1.047e+02
s>        ( - 2.064e+02 1 0)
s>        ( QUESTION3 1 1.038e+03 1.643e+02 1.027e+02
s>            ( WDBNDRY_B 0 4.351e+02 1.550e+02 2.200e+01
s>                ( - 2.439e+02 1 0)
s>                ( - 3.462e+02 1 0))
s>            ( WDBNDRY_B 0 7.673e+02 1.843e+02 8.070e+01
s>                ( - 2.724e+02 1 0)
s>                ( QUESTION0_16_R 1 6.792e+02 1.537e+02 7.570e+01
s>                    ( - 1.951e+02 1 0)
s>                    ( QUESTION2_7_L -1 6.378e+02 1.241e+02 7.370e+01
s>                        ( QUESTION4 -1 6.129e+02 1.201e+02 6.170e+01
s>                            ( - 1.536e+02 1 0)
s>                            ( - 5.794e+02 4 0 QUESTION0_2_R 1 1.495e+02 5.570e+01))
s>                        ( - 1.490e+02 5 0 QUESTION4 -1 7.221e+01 1.200e+01))))))INFO: ../dtree.c(1327): Comp split 23
INFO: ../dtree.c(1327): Comp split 24
INFO: ../dtree.c(1459): stop. leaf nodes are specific
s>    ( WDBNDRY_E 0 2.547e+02 9.682e+01 1.400e+01
s>        ( - 2.089e+02 1 0)
s>        ( QUESTION2 1 1.426e+02 9.744e+01 7.000e+00
s>            ( - 8.647e+01 1 0)
s>            ( - 1.536e+02 1 0)))INFO: ../dtree.c(1327): Comp split 25
INFO: ../dtree.c(1459): stop. leaf nodes are specific
s>    ( QUESTION2 1 1.426e+02 9.744e+01 7.000e+00
s>        ( - 8.647e+01 1 0)
s>        ( - 1.536e+02 1 0))INFO: ../dtree.c(1327): Comp split 26
INFO: ../dtree.c(1327): Comp split 27
INFO: ../dtree.c(1330): stop. leaf nodes are specific
