../..//s3trainer/bin.linux/bldtree \
 -treefn ../..//trees/MODELSET1.unpruned/II-1.dtree \
 -moddeffn ../..//model_architecture/MODELSET1.untied.mdef \
 -mixwfn ../..//model_parameters/MODELSET1.cd_continuous_untied/mixture_weights \
 -ts2cbfn .cont. \
 -meanfn ../..//model_parameters/MODELSET1.cd_continuous_untied/means \
 -varfn ../..//model_parameters/MODELSET1.cd_continuous_untied/variances \
 -mwfloor 1e-8 \
 -psetfn ../..//c_scripts/03.buildtrees/linguistic_questions.automatic \
 -phone II \
 -state 1 \
 -stwt 1.0 0.05 0.0 \
 -ssplitmin 1 \
 -ssplitmax 7 \
 -ssplitthr 0 \
 -csplitmin 1 \
 -csplitmax 2000 \
 -csplitthr 0 \
 -cntthresh 1

[Switch]   [Default] [Value]
-treefn              ../..//trees/MODELSET1.unpruned/II-1.dtree
-moddeffn            ../..//model_architecture/MODELSET1.untied.mdef
-ts2cbfn   .semi.    .cont. 
-meanfn              ../..//model_parameters/MODELSET1.cd_continuous_untied/means
-varfn               ../..//model_parameters/MODELSET1.cd_continuous_untied/variances
-varfloor  0.00001   1.000000e-05
-cntthresh 0.00001   1.000000e+00
-mixwfn              ../..//model_parameters/MODELSET1.cd_continuous_untied/mixture_weights
-psetfn              ../..//c_scripts/03.buildtrees/linguistic_questions.automatic
-phone               II     
-state               1      
-mwfloor   1e-4      1.000000e-08
-stwt                1.0 0.05 0.0
-ssplitthr 8e-4      0.000000e+00
-ssplitmin 1         1      
-ssplitmax 5         7      
-csplitthr 8e-4      0.000000e+00
-csplitmin 1         1      
-csplitmax 100       2000   
INFO: ../main.c(152): Reading: ../..//model_architecture/MODELSET1.untied.mdef
INFO: ../model_def_io.c(562): Model definition info:
INFO: ../model_def_io.c(563): 1000 total models defined (50 base, 950 tri)
INFO: ../model_def_io.c(564): 4000 total states
INFO: ../model_def_io.c(565): 3000 total tied states
INFO: ../model_def_io.c(566): 150 total tied CI states
INFO: ../model_def_io.c(567): 50 total tied transition matrices
INFO: ../model_def_io.c(568): 4 max state/model
INFO: ../model_def_io.c(569): 20 min state/model
INFO: ../main.c(196): Building trees for [II B F e] through [II Z R i]
INFO: ../main.c(224): Covering states |[1362 1487]| == 126
INFO: ../main.c(231): Reading: ../..//model_parameters/MODELSET1.cd_continuous_untied/mixture_weights
INFO: ../s3mixw_io.c(151): Read ../..//model_parameters/MODELSET1.cd_continuous_untied/mixture_weights [126x1x1 array]
INFO: ../main.c(269): 42 of 42 models have observation count greater than 1.000000
INFO: ../main.c(67): nrm stwt: 0.045 0.909 0.045 
INFO: ../s3gau_io.c(128): Read ../..//model_parameters/MODELSET1.cd_continuous_untied/means [3000x1x1 array]
INFO: ../s3gau_io.c(128): Read ../..//model_parameters/MODELSET1.cd_continuous_untied/variances [3000x1x1 array]
INFO: ../main.c(510): Reading: ../..//c_scripts/03.buildtrees/linguistic_questions.automatic
INFO: ../main.c(547): 176 total simple questions (168 phone; 8 word bndry)
INFO: ../main.c(549): 42 Left Only questions, and 42 Right Only questions
N model = 42
s>    ( WDBNDRY_S 0 1.207e+03 2.853e+02 1.861e+02
s>        ( - 2.440e+02 1 0)
s>        ( QUESTION0_0_R 1 1.248e+03 2.778e+02 1.851e+02
s>            ( - 2.384e+02 1 0)
s>            ( QUESTION8 1 1.287e+03 2.676e+02 1.841e+02
s>                ( - 2.323e+02 1 0)
s>                ( QUESTION2_19_L -1 1.323e+03 2.571e+02 1.831e+02
s>                    ( - 2.398e+02 1 0)
s>                    ( WDBNDRY_B 0 1.340e+03 2.549e+02 1.821e+02
s>                        ( - 2.401e+02 1 0)
s>                        ( QUESTION0_6_R 1 1.355e+03 2.373e+02 1.811e+02
s>                            ( - 2.395e+02 1 0)
s>                            ( QUESTION7 1 1.352e+03 2.279e+02 1.801e+02
s>                                ( - 3.074e+02 1 0)
s>                                ( - 1.273e+03 35 0 QUESTION2 1 2.142e+02 1.711e+02))))))))INFO: ../dtree.c(1327): Comp split 0
s>    ( QUESTION0_0_R 1 1.248e+03 2.778e+02 1.851e+02
s>        ( - 2.384e+02 1 0)
s>        ( QUESTION8 1 1.287e+03 2.676e+02 1.841e+02
s>            ( - 2.323e+02 1 0)
s>            ( QUESTION2_19_L -1 1.323e+03 2.571e+02 1.831e+02
s>                ( - 2.398e+02 1 0)
s>                ( WDBNDRY_B 0 1.340e+03 2.549e+02 1.821e+02
s>                    ( - 2.401e+02 1 0)
s>                    ( QUESTION0_6_R 1 1.355e+03 2.373e+02 1.811e+02
s>                        ( - 2.395e+02 1 0)
s>                        ( QUESTION7 1 1.352e+03 2.279e+02 1.801e+02
s>                            ( - 3.074e+02 1 0)
s>                            ( QUESTION2 1 1.273e+03 2.142e+02 1.711e+02
s>                                ( - 5.186e+02 16 0 QUESTION4 1 1.803e+02 6.912e+01)
s>                                ( - 9.686e+02 19 0 QUESTION2_12_L -1 2.584e+02 1.020e+02))))))))INFO: ../dtree.c(1327): Comp split 1
s>    ( QUESTION8 1 1.287e+03 2.676e+02 1.841e+02
s>        ( - 2.323e+02 1 0)
s>        ( QUESTION2_19_L -1 1.323e+03 2.571e+02 1.831e+02
s>            ( - 2.398e+02 1 0)
s>            ( WDBNDRY_B 0 1.340e+03 2.549e+02 1.821e+02
s>                ( - 2.401e+02 1 0)
s>                ( QUESTION0_6_R 1 1.355e+03 2.373e+02 1.811e+02
s>                    ( - 2.395e+02 1 0)
s>                    ( QUESTION7 1 1.352e+03 2.279e+02 1.801e+02
s>                        ( - 3.074e+02 1 0)
s>                        ( QUESTION2 1 1.273e+03 2.142e+02 1.711e+02
s>                            ( QUESTION4 1 5.186e+02 1.803e+02 6.912e+01
s>                                ( - 1.385e+02 5 0 WDBNDRY_E 0 1.723e+02 1.500e+01)
s>                                ( - 5.604e+02 11 0 QUESTION2_16_L -1 1.787e+02 5.412e+01))
s>                            ( - 9.686e+02 19 0)))))))INFO: ../dtree.c(1327): Comp split 2
s>    ( QUESTION2_19_L -1 1.323e+03 2.571e+02 1.831e+02
s>        ( - 2.398e+02 1 0)
s>        ( WDBNDRY_B 0 1.340e+03 2.549e+02 1.821e+02
s>            ( - 2.401e+02 1 0)
s>            ( QUESTION0_6_R 1 1.355e+03 2.373e+02 1.811e+02
s>                ( - 2.395e+02 1 0)
s>                ( QUESTION7 1 1.352e+03 2.279e+02 1.801e+02
s>                    ( - 3.074e+02 1 0)
s>                    ( QUESTION2 1 1.273e+03 2.142e+02 1.711e+02
s>                        ( QUESTION4 1 5.186e+02 1.803e+02 6.912e+01
s>                            ( - 1.385e+02 5 0 WDBNDRY_E 0 1.723e+02 1.500e+01)
s>                            ( QUESTION2_16_L -1 5.604e+02 1.787e+02 5.412e+01
s>                                ( - 2.264e+02 1 0)
s>                                ( - 5.126e+02 10 0 QUESTION0_12_R 1 1.579e+02 5.012e+01)))
s>                        ( - 9.686e+02 19 0))))))INFO: ../dtree.c(1327): Comp split 3
s>    ( QUESTION0_12_R 1 5.126e+02 1.579e+02 5.012e+01
s>        ( - 1.442e+02 1 0)
s>        ( QUESTION0_11_R 1 5.263e+02 1.828e+02 4.812e+01
s>            ( - 3.970e+02 1 0)
s>            ( QUESTION0_4_R 1 3.121e+02 1.409e+02 3.812e+01
s>                ( - 2.162e+02 1 0)
s>                ( QUESTION0_3_R 1 2.368e+02 1.360e+02 3.112e+01
s>                    ( - 5.676e+01 1 0)
s>                    ( WDBNDRY_E 0 3.160e+02 1.344e+02 2.912e+01
s>                        ( QUESTION3 1 1.803e+02 1.745e+02 1.300e+01
s>                            ( - 1.852e+02 2 0)
s>                            ( - 1.696e+02 1 0))
s>                        ( QUESTION0_17_R 1 2.701e+02 1.190e+02 1.612e+01
s>                            ( - 2.398e+02 1 0)
s>                            ( - 1.493e+02 2 0 QUESTION0_2_R 1 1.013e+02 8.117e+00)))))))s>    ( QUESTION2_12_L -1 1.083e+03 2.773e+02 1.330e+02
s>        ( - 3.904e+02 1 0)
s>        ( QUESTION5 -1 9.698e+02 2.544e+02 1.110e+02
s>            ( - 2.440e+02 1 0)
s>            ( QUESTION2_19_L -1 9.802e+02 2.542e+02 1.100e+02
s>                ( - 2.398e+02 1 0)
s>                ( WDBNDRY_B 0 9.946e+02 2.544e+02 1.090e+02
s>                    ( - 2.401e+02 1 0)
s>                    ( QUESTION0_3_R 1 1.009e+03 2.360e+02 1.080e+02
s>                        ( - 2.395e+02 1 0)
s>                        ( QUESTION7 -1 1.005e+03 2.072e+02 1.070e+02
s>                            ( - 1.948e+02 1 0)
s>                            ( QUESTION6 1 1.018e+03 1.978e+02 1.050e+02
s>                                ( - 3.074e+02 1 0)
s>                                ( - 9.083e+02 22 0 SILENCE 1 1.832e+02 9.600e+01))))))))INFO: ../dtree.c(1327): Comp split 4
INFO: ../dtree.c(1327): Comp split 5
INFO: ../dtree.c(1459): stop. leaf nodes are specific
s>    ( QUESTION0_4_R 1 4.970e+02 1.162e+02 1.700e+01
s>        ( - 2.162e+02 1 0)
s>        ( - 3.970e+02 1 0))INFO: ../dtree.c(1459): stop. leaf nodes are specific
s>    ( QUESTION0_11_R 1 2.290e+02 1.519e+02 3.312e+01
s>        ( - 1.442e+02 1 0)
s>        ( QUESTION0_3_R 1 2.368e+02 1.360e+02 3.112e+01
s>            ( - 5.676e+01 1 0)
s>            ( WDBNDRY_E 0 3.160e+02 1.344e+02 2.912e+01
s>                ( - 1.803e+02 3 0)
s>                ( QUESTION0_17_R 1 2.701e+02 1.190e+02 1.612e+01
s>                    ( - 2.398e+02 1 0)
s>                    ( QUESTION0_2_R 1 1.493e+02 1.013e+02 8.117e+00
s>                        ( - 1.464e+02 1 0)
s>                        ( - 1.042e+02 1 0))))))INFO: ../dtree.c(1327): Comp split 6
INFO: ../dtree.c(1327): Comp split 7
INFO: ../dtree.c(1459): stop. leaf nodes are specific
s>    ( QUESTION0_3_R 1 2.368e+02 1.360e+02 3.112e+01
s>        ( - 5.676e+01 1 0)
s>        ( WDBNDRY_E 0 3.160e+02 1.344e+02 2.912e+01
s>            ( QUESTION3 1 1.803e+02 1.745e+02 1.300e+01
s>                ( - 1.852e+02 2 0)
s>                ( - 1.696e+02 1 0))
s>            ( QUESTION0_17_R 1 2.701e+02 1.190e+02 1.612e+01
s>                ( - 2.398e+02 1 0)
s>                ( QUESTION0_2_R 1 1.493e+02 1.013e+02 8.117e+00
s>                    ( - 1.464e+02 1 0)
s>                    ( - 1.042e+02 1 0)))))INFO: ../dtree.c(1327): Comp split 8
INFO: ../dtree.c(1459): stop. leaf nodes are specific
s>    ( QUESTION0_3_R 1 2.081e+02 1.435e+02 2.212e+01
s>        ( - 5.676e+01 1 0)
s>        ( WDBNDRY_E 0 2.949e+02 1.449e+02 2.012e+01
s>            ( - 1.696e+02 1 0)
s>            ( QUESTION0_17_R 1 2.701e+02 1.190e+02 1.612e+01
s>                ( - 2.398e+02 1 0)
s>                ( QUESTION0_2_R 1 1.493e+02 1.013e+02 8.117e+00
s>                    ( - 1.464e+02 1 0)
s>                    ( - 1.042e+02 1 0)))))INFO: ../dtree.c(1327): Comp split 9
INFO: ../dtree.c(1459): stop. leaf nodes are specific
s>    ( WDBNDRY_E 0 2.949e+02 1.449e+02 2.012e+01
s>        ( - 1.696e+02 1 0)
s>        ( QUESTION0_17_R 1 2.701e+02 1.190e+02 1.612e+01
s>            ( - 2.398e+02 1 0)
s>            ( QUESTION0_2_R 1 1.493e+02 1.013e+02 8.117e+00
s>                ( - 1.464e+02 1 0)
s>                ( - 1.042e+02 1 0))))INFO: ../dtree.c(1327): Comp split 10
INFO: ../dtree.c(1459): stop. leaf nodes are specific
s>    ( QUESTION0_17_R 1 2.701e+02 1.190e+02 1.612e+01
s>        ( - 2.398e+02 1 0)
s>        ( QUESTION0_2_R 1 1.493e+02 1.013e+02 8.117e+00
s>            ( - 1.464e+02 1 0)
s>            ( - 1.042e+02 1 0)))INFO: ../dtree.c(1327): Comp split 11
INFO: ../dtree.c(1459): stop. leaf nodes are specific
s>    ( QUESTION0_2_R 1 1.493e+02 1.013e+02 8.117e+00
s>        ( - 1.464e+02 1 0)
s>        ( - 1.042e+02 1 0))INFO: ../dtree.c(1327): Comp split 12
INFO: ../dtree.c(1327): Comp split 13
INFO: ../dtree.c(1330): stop. leaf nodes are specific
