../..//s3trainer/bin.linux/bldtree \
 -treefn ../..//trees/MODELSET1.unpruned/N-1.dtree \
 -moddeffn ../..//model_architecture/MODELSET1.untied.mdef \
 -mixwfn ../..//model_parameters/MODELSET1.cd_continuous_untied/mixture_weights \
 -ts2cbfn .cont. \
 -meanfn ../..//model_parameters/MODELSET1.cd_continuous_untied/means \
 -varfn ../..//model_parameters/MODELSET1.cd_continuous_untied/variances \
 -mwfloor 1e-8 \
 -psetfn ../..//c_scripts/03.buildtrees/linguistic_questions.automatic \
 -phone N \
 -state 1 \
 -stwt 1.0 0.05 0.0 \
 -ssplitmin 1 \
 -ssplitmax 7 \
 -ssplitthr 0 \
 -csplitmin 1 \
 -csplitmax 2000 \
 -csplitthr 0 \
 -cntthresh 1

[Switch]   [Default] [Value]
-treefn              ../..//trees/MODELSET1.unpruned/N-1.dtree
-moddeffn            ../..//model_architecture/MODELSET1.untied.mdef
-ts2cbfn   .semi.    .cont. 
-meanfn              ../..//model_parameters/MODELSET1.cd_continuous_untied/means
-varfn               ../..//model_parameters/MODELSET1.cd_continuous_untied/variances
-varfloor  0.00001   1.000000e-05
-cntthresh 0.00001   1.000000e+00
-mixwfn              ../..//model_parameters/MODELSET1.cd_continuous_untied/mixture_weights
-psetfn              ../..//c_scripts/03.buildtrees/linguistic_questions.automatic
-phone               N      
-state               1      
-mwfloor   1e-4      1.000000e-08
-stwt                1.0 0.05 0.0
-ssplitthr 8e-4      0.000000e+00
-ssplitmin 1         1      
-ssplitmax 5         7      
-csplitthr 8e-4      0.000000e+00
-csplitmin 1         1      
-csplitmax 100       2000   
INFO: ../main.c(152): Reading: ../..//model_architecture/MODELSET1.untied.mdef
INFO: ../model_def_io.c(562): Model definition info:
INFO: ../model_def_io.c(563): 1000 total models defined (50 base, 950 tri)
INFO: ../model_def_io.c(564): 4000 total states
INFO: ../model_def_io.c(565): 3000 total tied states
INFO: ../model_def_io.c(566): 150 total tied CI states
INFO: ../model_def_io.c(567): 50 total tied transition matrices
INFO: ../model_def_io.c(568): 4 max state/model
INFO: ../model_def_io.c(569): 20 min state/model
INFO: ../main.c(196): Building trees for [N AA D i] through [N Z I i]
INFO: ../main.c(224): Covering states |[1836 2009]| == 174
INFO: ../main.c(231): Reading: ../..//model_parameters/MODELSET1.cd_continuous_untied/mixture_weights
INFO: ../s3mixw_io.c(151): Read ../..//model_parameters/MODELSET1.cd_continuous_untied/mixture_weights [174x1x1 array]
INFO: ../main.c(269): 58 of 58 models have observation count greater than 1.000000
INFO: ../main.c(67): nrm stwt: 0.045 0.909 0.045 
INFO: ../s3gau_io.c(128): Read ../..//model_parameters/MODELSET1.cd_continuous_untied/means [3000x1x1 array]
INFO: ../s3gau_io.c(128): Read ../..//model_parameters/MODELSET1.cd_continuous_untied/variances [3000x1x1 array]
INFO: ../main.c(510): Reading: ../..//c_scripts/03.buildtrees/linguistic_questions.automatic
INFO: ../main.c(547): 176 total simple questions (168 phone; 8 word bndry)
INFO: ../main.c(549): 42 Left Only questions, and 42 Right Only questions
N model = 58
s>    ( QUESTION12 1 1.172e+03 2.838e+02 2.610e+02
s>        ( - 4.098e+02 1 0)
s>        ( QUESTION0_12_R 1 1.047e+03 2.794e+02 2.470e+02
s>            ( - 3.616e+02 1 0)
s>            ( QUESTION0_10_R 1 9.642e+02 2.501e+02 2.410e+02
s>                ( QUESTION0_11_R 1 4.552e+02 2.428e+02 1.700e+01
s>                    ( - 1.853e+02 1 0)
s>                    ( - 5.127e+02 1 0))
s>                ( QUESTION17 -1 7.592e+02 2.264e+02 2.240e+02
s>                    ( - 1.445e+02 1 0)
s>                    ( QUESTION8 -1 8.410e+02 2.243e+02 1.932e+02
s>                        ( - 2.312e+02 1 0)
s>                        ( QUESTION0_4_R 1 8.342e+02 1.938e+02 1.922e+02
s>                            ( - 5.016e+02 7 0 QUESTION3 -1 3.497e+02 4.300e+01)
s>                            ( - 5.263e+02 45 0 QUESTION14 -1 2.290e+02 1.492e+02)))))))INFO: ../dtree.c(1327): Comp split 0
s>    ( QUESTION12 1 9.700e+02 2.815e+02 2.460e+02
s>        ( - 4.098e+02 1 0)
s>        ( QUESTION0_12_R 1 8.418e+02 2.793e+02 2.320e+02
s>            ( - 3.616e+02 1 0)
s>            ( QUESTION17 -1 7.594e+02 2.260e+02 2.260e+02
s>                ( - 1.445e+02 1 0)
s>                ( QUESTION8 -1 8.409e+02 2.244e+02 1.952e+02
s>                    ( - 2.312e+02 1 0)
s>                    ( QUESTION0_4_R 1 8.341e+02 1.901e+02 1.942e+02
s>                        ( QUESTION3 -1 5.016e+02 3.497e+02 4.300e+01
s>                            ( - 4.726e+02 1 0)
s>                            ( WDBNDRY_I 0 3.787e+02 2.531e+02 2.200e+01
s>                                ( - 2.395e+02 1 0)
s>                                ( - 3.924e+02 5 0 QUESTION13 -1 2.028e+02 2.100e+01)))
s>                        ( - 5.226e+02 46 0 QUESTION14 -1 2.262e+02 1.512e+02))))))INFO: ../dtree.c(1327): Comp split 1
s>    ( QUESTION12 1 8.694e+02 2.879e+02 2.250e+02
s>        ( - 4.098e+02 1 0)
s>        ( QUESTION0_12_R 1 7.476e+02 2.786e+02 2.110e+02
s>            ( - 3.616e+02 1 0)
s>            ( QUESTION17 -1 6.646e+02 2.431e+02 2.050e+02
s>                ( - 1.445e+02 1 0)
s>                ( QUESTION8 -1 7.631e+02 2.240e+02 1.742e+02
s>                    ( - 2.312e+02 1 0)
s>                    ( QUESTION0_10_R 1 7.560e+02 1.893e+02 1.732e+02
s>                        ( - 1.853e+02 1 0)
s>                        ( QUESTION0_2_R 1 7.600e+02 1.738e+02 1.712e+02
s>                            ( - 5.918e+02 18 0 QUESTION14 -1 2.004e+02 5.339e+01)
s>                            ( QUESTION13 -1 3.420e+02 2.360e+02 1.178e+02
s>                                ( - 2.348e+02 1 0)
s>                                ( - 3.431e+02 32 0 QUESTION2_10_L -1 1.833e+02 1.128e+02))))))))INFO: ../dtree.c(1327): Comp split 2
INFO: ../dtree.c(1459): stop. leaf nodes are specific
s>    ( QUESTION0_2_R 1 5.187e+02 2.731e+02 2.500e+01
s>        ( - 3.616e+02 1 0)
s>        ( WDBNDRY_E 0 4.302e+02 2.144e+02 1.900e+01
s>            ( - 4.098e+02 1 0)
s>            ( - 2.348e+02 1 0)))s>    ( QUESTION17 -1 6.545e+02 2.437e+02 2.000e+02
s>        ( - 1.445e+02 1 0)
s>        ( QUESTION8 -1 7.537e+02 2.241e+02 1.692e+02
s>            ( - 2.312e+02 1 0)
s>            ( QUESTION0_10_R 1 7.466e+02 1.918e+02 1.682e+02
s>                ( - 1.853e+02 1 0)
s>                ( QUESTION14 -1 7.532e+02 1.876e+02 1.662e+02
s>                    ( - 1.939e+02 1 0)
s>                    ( QUESTION0_2_R 1 7.469e+02 1.946e+02 1.642e+02
s>                        ( QUESTION4 1 5.984e+02 2.030e+02 5.139e+01
s>                            ( QUESTION2 -1 4.559e+02 2.537e+02 1.500e+01
s>                                ( - 4.939e+02 2 0 QUESTION0_3_R 1 2.020e+02 1.200e+01)
s>                                ( - 2.158e+02 1 0))
s>                            ( - 3.455e+02 14 0 QUESTION13 -1 1.753e+02 3.639e+01))
s>                        ( - 3.431e+02 32 0 QUESTION2_10_L -1 1.833e+02 1.128e+02))))))INFO: ../dtree.c(1327): Comp split 3
s>    ( QUESTION17 -1 4.728e+02 2.463e+02 1.880e+02
s>        ( - 1.445e+02 1 0)
s>        ( QUESTION8 -1 5.745e+02 2.243e+02 1.572e+02
s>            ( - 2.312e+02 1 0)
s>            ( QUESTION0_10_R 1 5.677e+02 1.921e+02 1.562e+02
s>                ( - 1.853e+02 1 0)
s>                ( QUESTION14 -1 5.745e+02 1.858e+02 1.542e+02
s>                    ( - 1.939e+02 1 0)
s>                    ( QUESTION13 -1 5.665e+02 1.811e+02 1.522e+02
s>                        ( - 2.134e+02 1 0)
s>                        ( QUESTION2_7_L -1 5.341e+02 1.578e+02 1.492e+02
s>                            ( WDBNDRY_B 0 3.555e+02 2.420e+02 3.100e+01
s>                                ( - 2.418e+02 1 0)
s>                                ( - 3.557e+02 7 0 QUESTION0_2_R 1 1.740e+02 3.000e+01))
s>                            ( - 3.364e+02 38 0 QUESTION11 -1 1.443e+02 1.182e+02)))))))INFO: ../dtree.c(1327): Comp split 4
INFO: ../dtree.c(1459): stop. leaf nodes are specific
s>    ( WDBNDRY_E 0 4.302e+02 2.144e+02 1.900e+01
s>        ( - 4.098e+02 1 0)
s>        ( - 2.348e+02 1 0))INFO: ../dtree.c(1327): Comp split 5
s>    ( QUESTION8 -1 5.745e+02 2.243e+02 1.572e+02
s>        ( - 2.312e+02 1 0)
s>        ( QUESTION0_10_R 1 5.677e+02 1.921e+02 1.562e+02
s>            ( - 1.853e+02 1 0)
s>            ( QUESTION14 -1 5.745e+02 1.858e+02 1.542e+02
s>                ( - 1.939e+02 1 0)
s>                ( QUESTION13 -1 5.665e+02 1.811e+02 1.522e+02
s>                    ( - 2.134e+02 1 0)
s>                    ( QUESTION2_7_L -1 5.341e+02 1.578e+02 1.492e+02
s>                        ( WDBNDRY_B 0 3.555e+02 2.420e+02 3.100e+01
s>                            ( - 2.418e+02 1 0)
s>                            ( QUESTION0_2_R 1 3.557e+02 1.740e+02 3.000e+01
s>                                ( - 1.923e+02 1 0)
s>                                ( - 3.374e+02 6 0 QUESTION4 -1 1.348e+02 2.800e+01)))
s>                        ( - 3.364e+02 38 0 QUESTION11 -1 1.443e+02 1.182e+02))))))INFO: ../dtree.c(1327): Comp split 6
INFO: ../dtree.c(1459): stop. leaf nodes are specific
s>    ( QUESTION8 -1 5.717e+02 2.243e+02 1.562e+02
s>        ( - 2.312e+02 1 0)
s>        ( - 5.649e+02 48 0))INFO: ../dtree.c(1327): Comp split 7
INFO: ../dtree.c(1327): Comp split 8
INFO: ../dtree.c(1327): Comp split 9
INFO: ../dtree.c(1330): stop. leaf nodes are specific
