../..//s3trainer/bin.linux/bldtree \
 -treefn ../..//trees/MODELSET1.unpruned/K-0.dtree \
 -moddeffn ../..//model_architecture/MODELSET1.untied.mdef \
 -mixwfn ../..//model_parameters/MODELSET1.cd_continuous_untied/mixture_weights \
 -ts2cbfn .cont. \
 -meanfn ../..//model_parameters/MODELSET1.cd_continuous_untied/means \
 -varfn ../..//model_parameters/MODELSET1.cd_continuous_untied/variances \
 -mwfloor 1e-8 \
 -psetfn ../..//c_scripts/03.buildtrees/linguistic_questions.automatic \
 -phone K \
 -state 0 \
 -stwt 1.0 0.05 0.0 \
 -ssplitmin 1 \
 -ssplitmax 7 \
 -ssplitthr 0 \
 -csplitmin 1 \
 -csplitmax 2000 \
 -csplitthr 0 \
 -cntthresh 1

[Switch]   [Default] [Value]
-treefn              ../..//trees/MODELSET1.unpruned/K-0.dtree
-moddeffn            ../..//model_architecture/MODELSET1.untied.mdef
-ts2cbfn   .semi.    .cont. 
-meanfn              ../..//model_parameters/MODELSET1.cd_continuous_untied/means
-varfn               ../..//model_parameters/MODELSET1.cd_continuous_untied/variances
-varfloor  0.00001   1.000000e-05
-cntthresh 0.00001   1.000000e+00
-mixwfn              ../..//model_parameters/MODELSET1.cd_continuous_untied/mixture_weights
-psetfn              ../..//c_scripts/03.buildtrees/linguistic_questions.automatic
-phone               K      
-state               0      
-mwfloor   1e-4      1.000000e-08
-stwt                1.0 0.05 0.0
-ssplitthr 8e-4      0.000000e+00
-ssplitmin 1         1      
-ssplitmax 5         7      
-csplitthr 8e-4      0.000000e+00
-csplitmin 1         1      
-csplitmax 100       2000   
INFO: ../main.c(152): Reading: ../..//model_architecture/MODELSET1.untied.mdef
INFO: ../model_def_io.c(562): Model definition info:
INFO: ../model_def_io.c(563): 1000 total models defined (50 base, 950 tri)
INFO: ../model_def_io.c(564): 4000 total states
INFO: ../model_def_io.c(565): 3000 total tied states
INFO: ../model_def_io.c(566): 150 total tied CI states
INFO: ../model_def_io.c(567): 50 total tied transition matrices
INFO: ../model_def_io.c(568): 4 max state/model
INFO: ../model_def_io.c(569): 20 min state/model
INFO: ../main.c(196): Building trees for [K AA T i] through [K Z L b]
INFO: ../main.c(224): Covering states |[1500 1604]| == 105
INFO: ../main.c(231): Reading: ../..//model_parameters/MODELSET1.cd_continuous_untied/mixture_weights
INFO: ../s3mixw_io.c(151): Read ../..//model_parameters/MODELSET1.cd_continuous_untied/mixture_weights [105x1x1 array]
INFO: ../main.c(269): 35 of 35 models have observation count greater than 1.000000
INFO: ../main.c(67): nrm stwt: 0.952 0.048 0.000 
INFO: ../s3gau_io.c(128): Read ../..//model_parameters/MODELSET1.cd_continuous_untied/means [3000x1x1 array]
INFO: ../s3gau_io.c(128): Read ../..//model_parameters/MODELSET1.cd_continuous_untied/variances [3000x1x1 array]
INFO: ../main.c(510): Reading: ../..//c_scripts/03.buildtrees/linguistic_questions.automatic
INFO: ../main.c(547): 176 total simple questions (168 phone; 8 word bndry)
INFO: ../main.c(549): 42 Left Only questions, and 42 Right Only questions
N model = 35
s>    ( QUESTION13 -1 -1.369e+03 2.400e+02 1.180e+02
s>        ( - 2.392e+02 1 0)
s>        ( QUESTION9 -1 -1.368e+03 1.969e+02 1.170e+02
s>            ( - 1.386e+02 1 0)
s>            ( QUESTION0_11_R 1 -1.310e+03 2.056e+02 1.130e+02
s>                ( - 1.459e+02 1 0)
s>                ( QUESTION6 -1 -1.250e+03 2.156e+02 1.050e+02
s>                    ( - 1.124e+02 1 0)
s>                    ( SILENCE -1 -1.147e+03 1.664e+02 1.020e+02
s>                        ( - 1.505e+02 1 0)
s>                        ( QUESTION2_7_L -1 -1.131e+03 1.608e+02 9.800e+01
s>                            ( QUESTION0_2_R 1 -9.781e+01 2.518e+02 1.700e+01
s>                                ( - 2.440e+02 1 0)
s>                                ( - -9.002e+01 2 0 WDBNDRY_E 0 1.495e+02 1.600e+01))
s>                            ( - -8.724e+02 27 0 QUESTION2_5_L -1 1.386e+02 8.100e+01)))))))INFO: ../dtree.c(1327): Comp split 0
INFO: ../dtree.c(1336): stop. b_n->wt_ent_dec (-1.258e+03) <= 0
