../..//s3trainer/bin.linux/bldtree \
 -treefn ../..//trees/MODELSET1.unpruned/EH-2.dtree \
 -moddeffn ../..//model_architecture/MODELSET1.untied.mdef \
 -mixwfn ../..//model_parameters/MODELSET1.cd_continuous_untied/mixture_weights \
 -ts2cbfn .cont. \
 -meanfn ../..//model_parameters/MODELSET1.cd_continuous_untied/means \
 -varfn ../..//model_parameters/MODELSET1.cd_continuous_untied/variances \
 -mwfloor 1e-8 \
 -psetfn ../..//c_scripts/03.buildtrees/linguistic_questions.automatic \
 -phone EH \
 -state 2 \
 -stwt 1.0 0.05 0.0 \
 -ssplitmin 1 \
 -ssplitmax 7 \
 -ssplitthr 0 \
 -csplitmin 1 \
 -csplitmax 2000 \
 -csplitthr 0 \
 -cntthresh 1

[Switch]   [Default] [Value]
-treefn              ../..//trees/MODELSET1.unpruned/EH-2.dtree
-moddeffn            ../..//model_architecture/MODELSET1.untied.mdef
-ts2cbfn   .semi.    .cont. 
-meanfn              ../..//model_parameters/MODELSET1.cd_continuous_untied/means
-varfn               ../..//model_parameters/MODELSET1.cd_continuous_untied/variances
-varfloor  0.00001   1.000000e-05
-cntthresh 0.00001   1.000000e+00
-mixwfn              ../..//model_parameters/MODELSET1.cd_continuous_untied/mixture_weights
-psetfn              ../..//c_scripts/03.buildtrees/linguistic_questions.automatic
-phone               EH     
-state               2      
-mwfloor   1e-4      1.000000e-08
-stwt                1.0 0.05 0.0
-ssplitthr 8e-4      0.000000e+00
-ssplitmin 1         1      
-ssplitmax 5         7      
-csplitthr 8e-4      0.000000e+00
-csplitmin 1         1      
-csplitmax 100       2000   
INFO: ../main.c(152): Reading: ../..//model_architecture/MODELSET1.untied.mdef
INFO: ../model_def_io.c(562): Model definition info:
INFO: ../model_def_io.c(563): 1000 total models defined (50 base, 950 tri)
INFO: ../model_def_io.c(564): 4000 total states
INFO: ../model_def_io.c(565): 3000 total tied states
INFO: ../model_def_io.c(566): 150 total tied CI states
INFO: ../model_def_io.c(567): 50 total tied transition matrices
INFO: ../model_def_io.c(568): 4 max state/model
INFO: ../model_def_io.c(569): 20 min state/model
INFO: ../main.c(196): Building trees for [EH AY N b] through [EH W N i]
INFO: ../main.c(224): Covering states |[786 884]| == 99
INFO: ../main.c(231): Reading: ../..//model_parameters/MODELSET1.cd_continuous_untied/mixture_weights
INFO: ../s3mixw_io.c(151): Read ../..//model_parameters/MODELSET1.cd_continuous_untied/mixture_weights [99x1x1 array]
INFO: ../main.c(269): 33 of 33 models have observation count greater than 1.000000
INFO: ../main.c(67): nrm stwt: 0.000 0.048 0.952 
INFO: ../s3gau_io.c(128): Read ../..//model_parameters/MODELSET1.cd_continuous_untied/means [3000x1x1 array]
INFO: ../s3gau_io.c(128): Read ../..//model_parameters/MODELSET1.cd_continuous_untied/variances [3000x1x1 array]
INFO: ../main.c(510): Reading: ../..//c_scripts/03.buildtrees/linguistic_questions.automatic
INFO: ../main.c(547): 176 total simple questions (168 phone; 8 word bndry)
INFO: ../main.c(549): 42 Left Only questions, and 42 Right Only questions
N model = 33
s>    ( QUESTION11 1 6.441e+02 2.531e+02 9.310e+01
s>        ( - 2.440e+02 1 0)
s>        ( QUESTION0_18_R 1 6.532e+02 2.500e+02 9.210e+01
s>            ( - 2.440e+02 1 0)
s>            ( QUESTION4 1 6.591e+02 2.404e+02 9.110e+01
s>                ( - 2.440e+02 1 0)
s>                ( SILENCE -1 6.555e+02 2.393e+02 9.010e+01
s>                    ( - 2.417e+02 1 0)
s>                    ( QUESTION18 -1 6.531e+02 2.369e+02 8.910e+01
s>                        ( - 2.418e+02 1 0)
s>                        ( QUESTION0_3_R 1 6.483e+02 2.351e+02 8.810e+01
s>                            ( - 2.440e+02 1 0)
s>                            ( QUESTION14 -1 6.394e+02 2.303e+02 8.710e+01
s>                                ( - 2.441e+02 1 0)
s>                                ( - 6.257e+02 26 0 QUESTION2_5_L -1 2.284e+02 8.610e+01))))))))INFO: ../dtree.c(1327): Comp split 0
s>    ( QUESTION0_18_R 1 6.532e+02 2.500e+02 9.210e+01
s>        ( - 2.440e+02 1 0)
s>        ( QUESTION4 1 6.591e+02 2.404e+02 9.110e+01
s>            ( - 2.440e+02 1 0)
s>            ( SILENCE -1 6.555e+02 2.393e+02 9.010e+01
s>                ( - 2.417e+02 1 0)
s>                ( QUESTION18 -1 6.531e+02 2.369e+02 8.910e+01
s>                    ( - 2.418e+02 1 0)
s>                    ( QUESTION0_3_R 1 6.483e+02 2.351e+02 8.810e+01
s>                        ( - 2.440e+02 1 0)
s>                        ( QUESTION14 -1 6.394e+02 2.303e+02 8.710e+01
s>                            ( - 2.441e+02 1 0)
s>                            ( QUESTION2_5_L -1 6.257e+02 2.284e+02 8.610e+01
s>                                ( - 2.452e+02 1 0)
s>                                ( - 6.089e+02 25 0 QUESTION0_17_R 1 2.105e+02 8.510e+01))))))))INFO: ../dtree.c(1327): Comp split 1
s>    ( QUESTION4 1 6.591e+02 2.404e+02 9.110e+01
s>        ( - 2.440e+02 1 0)
s>        ( SILENCE -1 6.555e+02 2.393e+02 9.010e+01
s>            ( - 2.417e+02 1 0)
s>            ( QUESTION18 -1 6.531e+02 2.369e+02 8.910e+01
s>                ( - 2.418e+02 1 0)
s>                ( QUESTION0_3_R 1 6.483e+02 2.351e+02 8.810e+01
s>                    ( - 2.440e+02 1 0)
s>                    ( QUESTION14 -1 6.394e+02 2.303e+02 8.710e+01
s>                        ( - 2.441e+02 1 0)
s>                        ( QUESTION2_5_L -1 6.257e+02 2.284e+02 8.610e+01
s>                            ( - 2.452e+02 1 0)
s>                            ( QUESTION0_17_R 1 6.089e+02 2.105e+02 8.510e+01
s>                                ( - 4.066e+02 2 0 QUESTION2 -1 2.973e+02 1.400e+01)
s>                                ( - 4.128e+02 23 0 QUESTION5 -1 2.122e+02 7.110e+01))))))))INFO: ../dtree.c(1327): Comp split 2
s>    ( SILENCE -1 6.555e+02 2.393e+02 9.010e+01
s>        ( - 2.417e+02 1 0)
s>        ( QUESTION18 -1 6.531e+02 2.369e+02 8.910e+01
s>            ( - 2.418e+02 1 0)
s>            ( QUESTION0_3_R 1 6.483e+02 2.351e+02 8.810e+01
s>                ( - 2.440e+02 1 0)
s>                ( QUESTION14 -1 6.394e+02 2.303e+02 8.710e+01
s>                    ( - 2.441e+02 1 0)
s>                    ( QUESTION2_5_L -1 6.257e+02 2.284e+02 8.610e+01
s>                        ( - 2.452e+02 1 0)
s>                        ( QUESTION0_17_R 1 6.089e+02 2.105e+02 8.510e+01
s>                            ( QUESTION2 -1 4.066e+02 2.973e+02 1.400e+01
s>                                ( - 2.440e+02 1 0)
s>                                ( - 4.599e+02 1 0))
s>                            ( - 4.128e+02 23 0)))))))INFO: ../dtree.c(1327): Comp split 3
s>    ( QUESTION0_17_R 1 4.642e+02 2.422e+02 7.710e+01
s>        ( - 2.440e+02 1 0)
s>        ( SILENCE -1 4.624e+02 2.398e+02 7.610e+01
s>            ( - 2.417e+02 1 0)
s>            ( QUESTION18 -1 4.604e+02 2.357e+02 7.510e+01
s>                ( - 2.418e+02 1 0)
s>                ( QUESTION0_3_R 1 4.544e+02 2.336e+02 7.410e+01
s>                    ( - 2.440e+02 1 0)
s>                    ( QUESTION14 -1 4.439e+02 2.306e+02 7.310e+01
s>                        ( - 2.441e+02 1 0)
s>                        ( QUESTION2_5_L -1 4.305e+02 2.275e+02 7.210e+01
s>                            ( - 2.452e+02 1 0)
s>                            ( QUESTION5 -1 4.128e+02 2.122e+02 7.110e+01
s>                                ( - 5.129e+02 7 0 QUESTION7 1 2.585e+02 3.910e+01)
s>                                ( - 1.122e+02 16 0 QUESTION0_0_R 1 1.195e+02 3.200e+01))))))))INFO: ../dtree.c(1327): Comp split 4
INFO: ../dtree.c(1459): stop. leaf nodes are specific
s>    ( SILENCE -1 4.624e+02 2.398e+02 7.610e+01
s>        ( - 2.417e+02 1 0)
s>        ( QUESTION18 -1 4.604e+02 2.357e+02 7.510e+01
s>            ( - 2.418e+02 1 0)
s>            ( - 4.544e+02 26 0)))INFO: ../dtree.c(1327): Comp split 5
INFO: ../dtree.c(1459): stop. leaf nodes are specific
s>    ( QUESTION18 -1 4.604e+02 2.357e+02 7.510e+01
s>        ( - 2.418e+02 1 0)
s>        ( QUESTION0_3_R 1 4.544e+02 2.336e+02 7.410e+01
s>            ( - 2.440e+02 1 0)
s>            ( - 4.439e+02 25 0)))INFO: ../dtree.c(1327): Comp split 6
INFO: ../dtree.c(1327): Comp split 7
INFO: ../dtree.c(1330): stop. leaf nodes are specific
