../..//s3trainer/bin.linux/bldtree \
 -treefn ../..//trees/MODELSET1.unpruned/F-1.dtree \
 -moddeffn ../..//model_architecture/MODELSET1.untied.mdef \
 -mixwfn ../..//model_parameters/MODELSET1.cd_continuous_untied/mixture_weights \
 -ts2cbfn .cont. \
 -meanfn ../..//model_parameters/MODELSET1.cd_continuous_untied/means \
 -varfn ../..//model_parameters/MODELSET1.cd_continuous_untied/variances \
 -mwfloor 1e-8 \
 -psetfn ../..//c_scripts/03.buildtrees/linguistic_questions.automatic \
 -phone F \
 -state 1 \
 -stwt 1.0 0.05 0.0 \
 -ssplitmin 1 \
 -ssplitmax 7 \
 -ssplitthr 0 \
 -csplitmin 1 \
 -csplitmax 2000 \
 -csplitthr 0 \
 -cntthresh 1

[Switch]   [Default] [Value]
-treefn              ../..//trees/MODELSET1.unpruned/F-1.dtree
-moddeffn            ../..//model_architecture/MODELSET1.untied.mdef
-ts2cbfn   .semi.    .cont. 
-meanfn              ../..//model_parameters/MODELSET1.cd_continuous_untied/means
-varfn               ../..//model_parameters/MODELSET1.cd_continuous_untied/variances
-varfloor  0.00001   1.000000e-05
-cntthresh 0.00001   1.000000e+00
-mixwfn              ../..//model_parameters/MODELSET1.cd_continuous_untied/mixture_weights
-psetfn              ../..//c_scripts/03.buildtrees/linguistic_questions.automatic
-phone               F      
-state               1      
-mwfloor   1e-4      1.000000e-08
-stwt                1.0 0.05 0.0
-ssplitthr 8e-4      0.000000e+00
-ssplitmin 1         1      
-ssplitmax 5         7      
-csplitthr 8e-4      0.000000e+00
-csplitmin 1         1      
-csplitmax 100       2000   
INFO: ../main.c(152): Reading: ../..//model_architecture/MODELSET1.untied.mdef
INFO: ../model_def_io.c(562): Model definition info:
INFO: ../model_def_io.c(563): 1000 total models defined (50 base, 950 tri)
INFO: ../model_def_io.c(564): 4000 total states
INFO: ../model_def_io.c(565): 3000 total tied states
INFO: ../model_def_io.c(566): 150 total tied CI states
INFO: ../model_def_io.c(567): 50 total tied transition matrices
INFO: ../model_def_io.c(568): 4 max state/model
INFO: ../model_def_io.c(569): 20 min state/model
INFO: ../main.c(196): Building trees for [F AA SH e] through [F T AO b]
INFO: ../main.c(224): Covering states |[1038 1115]| == 78
INFO: ../main.c(231): Reading: ../..//model_parameters/MODELSET1.cd_continuous_untied/mixture_weights
INFO: ../s3mixw_io.c(151): Read ../..//model_parameters/MODELSET1.cd_continuous_untied/mixture_weights [78x1x1 array]
INFO: ../main.c(269): 26 of 26 models have observation count greater than 1.000000
INFO: ../main.c(67): nrm stwt: 0.045 0.909 0.045 
INFO: ../s3gau_io.c(128): Read ../..//model_parameters/MODELSET1.cd_continuous_untied/means [3000x1x1 array]
INFO: ../s3gau_io.c(128): Read ../..//model_parameters/MODELSET1.cd_continuous_untied/variances [3000x1x1 array]
INFO: ../main.c(510): Reading: ../..//c_scripts/03.buildtrees/linguistic_questions.automatic
INFO: ../main.c(547): 176 total simple questions (168 phone; 8 word bndry)
INFO: ../main.c(549): 42 Left Only questions, and 42 Right Only questions
N model = 26
s>    ( QUESTION0_8_R 1 2.272e+03 4.992e+02 1.590e+02
s>        ( - 7.554e+02 1 0)
s>        ( QUESTION0_11_R 1 2.015e+03 2.793e+02 1.400e+02
s>            ( - 2.440e+02 1 0)
s>            ( QUESTION0_7_R 1 2.051e+03 2.767e+02 1.390e+02
s>                ( - 5.041e+02 1 0)
s>                ( QUESTION0_6_R 1 1.823e+03 2.825e+02 1.280e+02
s>                    ( - 2.440e+02 1 0)
s>                    ( QUESTION13 -1 1.862e+03 2.671e+02 1.270e+02
s>                        ( - 2.440e+02 1 0)
s>                        ( QUESTION8 -1 1.885e+03 2.587e+02 1.260e+02
s>                            ( QUESTION0_2_R 1 6.776e+02 3.032e+02 3.199e+01
s>                                ( - 2.440e+02 1 0)
s>                                ( - 7.368e+02 2 0))
s>                            ( - 1.466e+03 18 0 SILENCE -1 2.486e+02 9.400e+01)))))))INFO: ../dtree.c(1327): Comp split 0
INFO: ../dtree.c(1459): stop. leaf nodes are specific
s>    ( QUESTION0_11_R 1 2.015e+03 2.793e+02 1.400e+02
s>        ( - 2.440e+02 1 0)
s>        ( - 2.051e+03 24 0))INFO: ../dtree.c(1327): Comp split 1
s>    ( QUESTION0_7_R 1 2.051e+03 2.767e+02 1.390e+02
s>        ( - 5.041e+02 1 0)
s>        ( QUESTION0_6_R 1 1.823e+03 2.825e+02 1.280e+02
s>            ( - 2.440e+02 1 0)
s>            ( QUESTION13 -1 1.862e+03 2.671e+02 1.270e+02
s>                ( - 2.440e+02 1 0)
s>                ( QUESTION8 -1 1.885e+03 2.587e+02 1.260e+02
s>                    ( QUESTION0_2_R 1 6.776e+02 3.032e+02 3.199e+01
s>                        ( - 2.440e+02 1 0)
s>                        ( - 7.368e+02 2 0))
s>                    ( SILENCE -1 1.466e+03 2.486e+02 9.400e+01
s>                        ( - 2.361e+02 1 0)
s>                        ( QUESTION2 1 1.478e+03 2.139e+02 9.300e+01
s>                            ( - 1.362e+03 16 0 QUESTION0_15_R 1 1.924e+02 8.600e+01)
s>                            ( - 3.299e+02 1 0)))))))INFO: ../dtree.c(1327): Comp split 2
s>    ( QUESTION0_7_R 1 1.623e+03 2.734e+02 1.080e+02
s>        ( - 5.041e+02 1 0)
s>        ( QUESTION0_6_R 1 1.392e+03 2.793e+02 9.700e+01
s>            ( - 2.440e+02 1 0)
s>            ( QUESTION8 -1 1.427e+03 2.633e+02 9.600e+01
s>                ( - 2.440e+02 1 0)
s>                ( QUESTION13 -1 1.447e+03 2.634e+02 9.500e+01
s>                    ( - 2.440e+02 1 0)
s>                    ( SILENCE -1 1.466e+03 2.486e+02 9.400e+01
s>                        ( - 2.361e+02 1 0)
s>                        ( QUESTION2 1 1.478e+03 2.139e+02 9.300e+01
s>                            ( QUESTION0_15_R 1 1.362e+03 1.924e+02 8.600e+01
s>                                ( - 4.691e+02 2 0 QUESTION3 -1 2.709e+02 2.300e+01)
s>                                ( - 1.086e+03 14 0 QUESTION6 -1 2.550e+02 6.300e+01))
s>                            ( - 3.299e+02 1 0)))))))INFO: ../dtree.c(1327): Comp split 3
INFO: ../dtree.c(1459): stop. leaf nodes are specific
s>    ( QUESTION0_6_R 1 1.659e+03 2.722e+02 1.070e+02
s>        ( - 5.041e+02 1 0)
s>        ( QUESTION8 -1 1.427e+03 2.633e+02 9.600e+01
s>            ( - 2.440e+02 1 0)
s>            ( QUESTION13 -1 1.447e+03 2.634e+02 9.500e+01
s>                ( - 2.440e+02 1 0)
s>                ( SILENCE -1 1.466e+03 2.486e+02 9.400e+01
s>                    ( - 2.361e+02 1 0)
s>                    ( - 1.478e+03 17 0)))))INFO: ../dtree.c(1327): Comp split 4
s>    ( QUESTION8 -1 1.427e+03 2.633e+02 9.600e+01
s>        ( - 2.440e+02 1 0)
s>        ( QUESTION13 -1 1.447e+03 2.634e+02 9.500e+01
s>            ( - 2.440e+02 1 0)
s>            ( SILENCE -1 1.466e+03 2.486e+02 9.400e+01
s>                ( - 2.361e+02 1 0)
s>                ( QUESTION2 1 1.478e+03 2.139e+02 9.300e+01
s>                    ( QUESTION0_15_R 1 1.362e+03 1.924e+02 8.600e+01
s>                        ( QUESTION3 -1 4.691e+02 2.709e+02 2.300e+01
s>                            ( - 5.143e+02 1 0)
s>                            ( - 2.257e+02 1 0))
s>                        ( QUESTION6 -1 1.086e+03 2.550e+02 6.300e+01
s>                            ( - 2.440e+02 1 0)
s>                            ( - 1.097e+03 13 0 WDBNDRY_I 0 1.858e+02 6.200e+01)))
s>                    ( - 3.299e+02 1 0)))))INFO: ../dtree.c(1327): Comp split 5
INFO: ../dtree.c(1459): stop. leaf nodes are specific
s>    ( QUESTION13 -1 1.447e+03 2.634e+02 9.500e+01
s>        ( - 2.440e+02 1 0)
s>        ( SILENCE -1 1.466e+03 2.486e+02 9.400e+01
s>            ( - 2.361e+02 1 0)
s>            ( QUESTION2 1 1.478e+03 2.139e+02 9.300e+01
s>                ( QUESTION0_15_R 1 1.362e+03 1.924e+02 8.600e+01
s>                    ( QUESTION3 -1 4.691e+02 2.709e+02 2.300e+01
s>                        ( - 5.143e+02 1 0)
s>                        ( - 2.257e+02 1 0))
s>                    ( - 1.086e+03 14 0))
s>                ( - 3.299e+02 1 0))))INFO: ../dtree.c(1327): Comp split 6
s>    ( SILENCE -1 1.466e+03 2.486e+02 9.400e+01
s>        ( - 2.361e+02 1 0)
s>        ( QUESTION2 1 1.478e+03 2.139e+02 9.300e+01
s>            ( QUESTION0_15_R 1 1.362e+03 1.924e+02 8.600e+01
s>                ( QUESTION3 -1 4.691e+02 2.709e+02 2.300e+01
s>                    ( - 5.143e+02 1 0)
s>                    ( - 2.257e+02 1 0))
s>                ( QUESTION6 -1 1.086e+03 2.550e+02 6.300e+01
s>                    ( - 2.440e+02 1 0)
s>                    ( WDBNDRY_I 0 1.097e+03 1.858e+02 6.200e+01
s>                        ( QUESTION0_2_R 1 3.811e+02 2.528e+02 1.300e+01
s>                            ( - 4.902e+02 1 0)
s>                            ( - 1.437e+02 2 0 QUESTION2_4_L -1 3.250e+02 4.000e+00))
s>                        ( - 9.015e+02 10 0 QUESTION2 -1 2.006e+02 4.900e+01))))
s>            ( - 3.299e+02 1 0)))INFO: ../dtree.c(1327): Comp split 7
INFO: ../dtree.c(1459): stop. leaf nodes are specific
s>    ( WDBNDRY_E 0 6.611e+02 1.590e+02 1.600e+01
s>        ( - 3.299e+02 1 0)
s>        ( - 4.902e+02 1 0))INFO: ../dtree.c(1459): stop. leaf nodes are specific
s>    ( SILENCE -1 1.147e+03 2.492e+02 7.800e+01
s>        ( - 2.361e+02 1 0)
s>        ( QUESTION0_15_R 1 1.160e+03 2.090e+02 7.700e+01
s>            ( QUESTION3 -1 4.691e+02 2.709e+02 2.300e+01
s>                ( - 5.143e+02 1 0)
s>                ( - 2.257e+02 1 0))
s>            ( - 8.997e+02 13 0)))INFO: ../dtree.c(1327): Comp split 8
s>    ( QUESTION0_15_R 1 1.160e+03 2.090e+02 7.700e+01
s>        ( QUESTION3 -1 4.691e+02 2.709e+02 2.300e+01
s>            ( - 5.143e+02 1 0)
s>            ( - 2.257e+02 1 0))
s>        ( QUESTION6 -1 8.997e+02 2.561e+02 5.400e+01
s>            ( - 2.440e+02 1 0)
s>            ( QUESTION3 1 9.117e+02 1.801e+02 5.300e+01
s>                ( QUESTION0_13_R 1 8.129e+02 2.769e+02 4.800e+01
s>                    ( - 2.440e+02 1 0)
s>                    ( QUESTION2_5_L -1 8.458e+02 1.662e+02 4.700e+01
s>                        ( QUESTION0_2_R 1 9.345e+01 2.710e+02 3.000e+00
s>                            ( - 2.394e+02 1 0)
s>                            ( - 1.251e+02 2 0 WDBNDRY_B 0 3.582e+02 2.000e+00))
s>                        ( - 9.186e+02 7 0 QUESTION2 -1 2.309e+02 4.400e+01)))
s>                ( - 2.789e+02 1 0))))INFO: ../dtree.c(1327): Comp split 9
s>    ( QUESTION0_15_R 1 1.191e+03 2.086e+02 7.600e+01
s>        ( QUESTION3 -1 4.691e+02 2.709e+02 2.300e+01
s>            ( - 5.143e+02 1 0)
s>            ( - 2.257e+02 1 0))
s>        ( QUESTION6 -1 9.302e+02 2.591e+02 5.300e+01
s>            ( - 2.440e+02 1 0)
s>            ( QUESTION0_13_R 1 9.453e+02 1.795e+02 5.200e+01
s>                ( - 2.789e+02 1 0)
s>                ( QUESTION2_5_L -1 8.458e+02 1.662e+02 4.700e+01
s>                    ( QUESTION0_2_R 1 9.345e+01 2.710e+02 3.000e+00
s>                        ( - 2.394e+02 1 0)
s>                        ( WDBNDRY_B 0 1.251e+02 3.582e+02 2.000e+00
s>                            ( - 2.440e+02 1 0)
s>                            ( - 2.392e+02 1 0)))
s>                    ( - 9.186e+02 7 0 QUESTION2 -1 2.309e+02 4.400e+01)))))INFO: ../dtree.c(1327): Comp split 10
s>    ( QUESTION2 -1 1.226e+03 2.159e+02 7.500e+01
s>        ( QUESTION0_20_R 1 7.723e+02 2.398e+02 5.100e+01
s>            ( - 4.157e+02 1 0)
s>            ( QUESTION3 -1 5.964e+02 1.644e+02 4.100e+01
s>                ( - 6.358e+02 5 0 QUESTION0_15_R 1 1.725e+02 3.900e+01)
s>                ( - 1.251e+02 2 0 QUESTION0_2_R 1 3.447e+02 2.000e+00)))
s>        ( WDBNDRY_B 0 6.697e+02 2.535e+02 2.400e+01
s>            ( QUESTION0_3_R 1 7.795e+02 2.490e+02 2.000e+01
s>                ( - 2.394e+02 1 0)
s>                ( QUESTION0_2_R 1 7.891e+02 2.308e+02 1.900e+01
s>                    ( - 2.789e+02 1 0)
s>                    ( - 7.409e+02 1 0)))
s>            ( QUESTION2_4_L -1 1.437e+02 3.250e+02 4.000e+00
s>                ( - 2.392e+02 1 0)
s>                ( - 2.295e+02 1 0))))INFO: ../dtree.c(1327): Comp split 11
s>    ( QUESTION0_13_R 1 8.710e+02 2.036e+02 6.100e+01
s>        ( - 2.789e+02 1 0)
s>        ( QUESTION0_15_R 1 7.957e+02 1.810e+02 5.600e+01
s>            ( QUESTION3 -1 4.691e+02 2.709e+02 2.300e+01
s>                ( - 5.143e+02 1 0)
s>                ( - 2.257e+02 1 0))
s>            ( QUESTION6 -1 5.075e+02 2.545e+02 3.300e+01
s>                ( - 2.440e+02 1 0)
s>                ( WDBNDRY_B 0 5.180e+02 1.559e+02 3.200e+01
s>                    ( - 4.412e+02 3 0)
s>                    ( QUESTION2_4_L -1 2.328e+02 2.582e+02 1.600e+01
s>                        ( - 2.392e+02 1 0)
s>                        ( WDBNDRY_E 0 2.518e+02 2.034e+02 1.500e+01
s>                            ( - 2.257e+02 3 0 QUESTION0_2_R 1 1.319e+02 1.200e+01)
s>                            ( - 2.295e+02 1 0)))))))INFO: ../dtree.c(1327): Comp split 12
s>    ( QUESTION6 -1 8.838e+02 2.468e+02 6.000e+01
s>        ( - 2.257e+02 1 0)
s>        ( QUESTION0_15_R 1 9.049e+02 2.159e+02 5.900e+01
s>            ( - 5.143e+02 1 0)
s>            ( QUESTION0_13_R 1 6.065e+02 1.905e+02 3.700e+01
s>                ( - 2.789e+02 1 0)
s>                ( WDBNDRY_B 0 5.180e+02 1.559e+02 3.200e+01
s>                    ( QUESTION2 -1 4.412e+02 2.749e+02 1.600e+01
s>                        ( - 4.766e+02 2 0 QUESTION0_2_R 1 1.587e+02 1.500e+01)
s>                        ( - 2.394e+02 1 0))
s>                    ( QUESTION2_4_L -1 2.328e+02 2.582e+02 1.600e+01
s>                        ( - 2.392e+02 1 0)
s>                        ( WDBNDRY_E 0 2.518e+02 2.034e+02 1.500e+01
s>                            ( - 2.257e+02 3 0 QUESTION0_2_R 1 1.319e+02 1.200e+01)
s>                            ( - 2.295e+02 1 0)))))))INFO: ../dtree.c(1327): Comp split 13
s>    ( QUESTION6 -1 8.978e+02 2.498e+02 5.900e+01
s>        ( - 2.257e+02 1 0)
s>        ( QUESTION0_20_R 1 9.219e+02 2.266e+02 5.800e+01
s>            ( WDBNDRY_B 0 4.410e+02 2.042e+02 1.300e+01
s>                ( - 4.157e+02 1 0)
s>                ( - 2.295e+02 1 0))
s>            ( QUESTION0_13_R 1 7.075e+02 2.110e+02 4.500e+01
s>                ( - 2.789e+02 1 0)
s>                ( QUESTION2 -1 6.396e+02 2.356e+02 4.000e+01
s>                    ( QUESTION0_15_R 1 6.358e+02 1.725e+02 3.900e+01
s>                        ( - 5.143e+02 1 0)
s>                        ( WDBNDRY_B 0 2.940e+02 1.513e+02 1.700e+01
s>                            ( - 2.196e+02 1 0)
s>                            ( - 2.257e+02 3 0 QUESTION0_2_R 1 1.319e+02 1.200e+01)))
s>                    ( - 2.394e+02 1 0)))))INFO: ../dtree.c(1327): Comp split 14
s>    ( QUESTION0_20_R 1 9.219e+02 2.266e+02 5.800e+01
s>        ( WDBNDRY_B 0 4.410e+02 2.042e+02 1.300e+01
s>            ( - 4.157e+02 1 0)
s>            ( - 2.295e+02 1 0))
s>        ( QUESTION0_13_R 1 7.075e+02 2.110e+02 4.500e+01
s>            ( - 2.789e+02 1 0)
s>            ( QUESTION2 -1 6.396e+02 2.356e+02 4.000e+01
s>                ( QUESTION0_15_R 1 6.358e+02 1.725e+02 3.900e+01
s>                    ( - 5.143e+02 1 0)
s>                    ( WDBNDRY_B 0 2.940e+02 1.513e+02 1.700e+01
s>                        ( - 2.196e+02 1 0)
s>                        ( QUESTION0_2_R 1 2.257e+02 1.319e+02 1.200e+01
s>                            ( - 2.492e+02 1 0)
s>                            ( - 1.084e+02 2 0))))
s>                ( - 2.394e+02 1 0))))INFO: ../dtree.c(1327): Comp split 15
INFO: ../dtree.c(1459): stop. leaf nodes are specific
s>    ( QUESTION0_20_R 1 9.137e+02 2.266e+02 5.700e+01
s>        ( WDBNDRY_B 0 4.410e+02 2.042e+02 1.300e+01
s>            ( - 4.157e+02 1 0)
s>            ( - 2.295e+02 1 0))
s>        ( QUESTION0_13_R 1 6.993e+02 2.154e+02 4.400e+01
s>            ( - 2.789e+02 1 0)
s>            ( QUESTION0_15_R 1 6.358e+02 1.725e+02 3.900e+01
s>                ( - 5.143e+02 1 0)
s>                ( WDBNDRY_B 0 2.940e+02 1.513e+02 1.700e+01
s>                    ( - 2.196e+02 1 0)
s>                    ( QUESTION0_2_R 1 2.257e+02 1.319e+02 1.200e+01
s>                        ( - 2.492e+02 1 0)
s>                        ( - 1.084e+02 2 0))))))INFO: ../dtree.c(1327): Comp split 16
INFO: ../dtree.c(1459): stop. leaf nodes are specific
s>    ( QUESTION0_13_R 1 6.993e+02 2.154e+02 4.400e+01
s>        ( - 2.789e+02 1 0)
s>        ( QUESTION0_15_R 1 6.358e+02 1.725e+02 3.900e+01
s>            ( - 5.143e+02 1 0)
s>            ( WDBNDRY_B 0 2.940e+02 1.513e+02 1.700e+01
s>                ( - 2.196e+02 1 0)
s>                ( QUESTION0_2_R 1 2.257e+02 1.319e+02 1.200e+01
s>                    ( - 2.492e+02 1 0)
s>                    ( - 1.084e+02 2 0)))))INFO: ../dtree.c(1327): Comp split 17
INFO: ../dtree.c(1459): stop. leaf nodes are specific
s>    ( QUESTION0_15_R 1 6.358e+02 1.725e+02 3.900e+01
s>        ( - 5.143e+02 1 0)
s>        ( WDBNDRY_B 0 2.940e+02 1.513e+02 1.700e+01
s>            ( - 2.196e+02 1 0)
s>            ( QUESTION0_2_R 1 2.257e+02 1.319e+02 1.200e+01
s>                ( - 2.492e+02 1 0)
s>                ( - 1.084e+02 2 0))))INFO: ../dtree.c(1327): Comp split 18
INFO: ../dtree.c(1459): stop. leaf nodes are specific
s>    ( WDBNDRY_B 0 2.940e+02 1.513e+02 1.700e+01
s>        ( - 2.196e+02 1 0)
s>        ( QUESTION0_2_R 1 2.257e+02 1.319e+02 1.200e+01
s>            ( - 2.492e+02 1 0)
s>            ( - 1.084e+02 2 0)))INFO: ../dtree.c(1327): Comp split 19
INFO: ../dtree.c(1327): Comp split 20
INFO: ../dtree.c(1459): stop. leaf nodes are specific
s>    ( QUESTION0_2_R 1 2.257e+02 1.319e+02 1.200e+01
s>        ( - 2.492e+02 1 0)
s>        ( - 1.084e+02 2 0))INFO: ../dtree.c(1327): Comp split 21
INFO: ../dtree.c(1327): Comp split 22
INFO: ../dtree.c(1330): stop. leaf nodes are specific
