../..//s3trainer/bin.linux/bldtree \
 -treefn ../..//trees/MODELSET1.unpruned/L-1.dtree \
 -moddeffn ../..//model_architecture/MODELSET1.untied.mdef \
 -mixwfn ../..//model_parameters/MODELSET1.cd_continuous_untied/mixture_weights \
 -ts2cbfn .cont. \
 -meanfn ../..//model_parameters/MODELSET1.cd_continuous_untied/means \
 -varfn ../..//model_parameters/MODELSET1.cd_continuous_untied/variances \
 -mwfloor 1e-8 \
 -psetfn ../..//c_scripts/03.buildtrees/linguistic_questions.automatic \
 -phone L \
 -state 1 \
 -stwt 1.0 0.05 0.0 \
 -ssplitmin 1 \
 -ssplitmax 7 \
 -ssplitthr 0 \
 -csplitmin 1 \
 -csplitmax 2000 \
 -csplitthr 0 \
 -cntthresh 1

[Switch]   [Default] [Value]
-treefn              ../..//trees/MODELSET1.unpruned/L-1.dtree
-moddeffn            ../..//model_architecture/MODELSET1.untied.mdef
-ts2cbfn   .semi.    .cont. 
-meanfn              ../..//model_parameters/MODELSET1.cd_continuous_untied/means
-varfn               ../..//model_parameters/MODELSET1.cd_continuous_untied/variances
-varfloor  0.00001   1.000000e-05
-cntthresh 0.00001   1.000000e+00
-mixwfn              ../..//model_parameters/MODELSET1.cd_continuous_untied/mixture_weights
-psetfn              ../..//c_scripts/03.buildtrees/linguistic_questions.automatic
-phone               L      
-state               1      
-mwfloor   1e-4      1.000000e-08
-stwt                1.0 0.05 0.0
-ssplitthr 8e-4      0.000000e+00
-ssplitmin 1         1      
-ssplitmax 5         7      
-csplitthr 8e-4      0.000000e+00
-csplitmin 1         1      
-csplitmax 100       2000   
INFO: ../main.c(152): Reading: ../..//model_architecture/MODELSET1.untied.mdef
INFO: ../model_def_io.c(562): Model definition info:
INFO: ../model_def_io.c(563): 1000 total models defined (50 base, 950 tri)
INFO: ../model_def_io.c(564): 4000 total states
INFO: ../model_def_io.c(565): 3000 total tied states
INFO: ../model_def_io.c(566): 150 total tied CI states
INFO: ../model_def_io.c(567): 50 total tied transition matrices
INFO: ../model_def_io.c(568): 4 max state/model
INFO: ../model_def_io.c(569): 20 min state/model
INFO: ../main.c(196): Building trees for [L AE AX i] through [L U ER i]
INFO: ../main.c(224): Covering states |[1605 1733]| == 129
INFO: ../main.c(231): Reading: ../..//model_parameters/MODELSET1.cd_continuous_untied/mixture_weights
INFO: ../s3mixw_io.c(151): Read ../..//model_parameters/MODELSET1.cd_continuous_untied/mixture_weights [129x1x1 array]
INFO: ../main.c(269): 43 of 43 models have observation count greater than 1.000000
INFO: ../main.c(67): nrm stwt: 0.045 0.909 0.045 
INFO: ../s3gau_io.c(128): Read ../..//model_parameters/MODELSET1.cd_continuous_untied/means [3000x1x1 array]
INFO: ../s3gau_io.c(128): Read ../..//model_parameters/MODELSET1.cd_continuous_untied/variances [3000x1x1 array]
INFO: ../main.c(510): Reading: ../..//c_scripts/03.buildtrees/linguistic_questions.automatic
INFO: ../main.c(547): 176 total simple questions (168 phone; 8 word bndry)
INFO: ../main.c(549): 42 Left Only questions, and 42 Right Only questions
N model = 43
s>    ( QUESTION8 -1 2.299e+03 3.661e+02 1.520e+02
s>        ( QUESTION0_2_R 1 1.173e+03 3.072e+02 4.200e+01
s>            ( QUESTION2 1 2.118e+02 2.878e+02 9.000e+00
s>                ( WDBNDRY_E 0 2.555e+02 3.044e+02 8.000e+00
s>                    ( - 3.159e+02 1 0)
s>                    ( - 2.440e+02 1 0))
s>                ( - 2.441e+02 1 0))
s>            ( - 1.269e+03 2 0))
s>        ( QUESTION5 1 1.492e+03 2.798e+02 1.100e+02
s>            ( QUESTION0_2_R 1 1.168e+03 2.682e+02 5.300e+01
s>                ( QUESTION4 -1 1.192e+03 2.668e+02 5.200e+01
s>                    ( - 2.440e+02 1 0)
s>                    ( - 1.215e+03 8 0 WDBNDRY_B 0 2.596e+02 5.100e+01))
s>                ( - 2.440e+02 1 0))
s>            ( - 6.035e+02 28 0 QUESTION18 -1 2.387e+02 5.700e+01)))INFO: ../dtree.c(1327): Comp split 0
s>    ( QUESTION5 1 1.561e+03 2.490e+02 1.190e+02
s>        ( QUESTION0_2_R 1 1.201e+03 2.663e+02 6.100e+01
s>            ( QUESTION4 -1 1.223e+03 2.631e+02 6.000e+01
s>                ( - 2.440e+02 1 0)
s>                ( WDBNDRY_B 0 1.242e+03 2.583e+02 5.900e+01
s>                    ( - 2.399e+02 1 0)
s>                    ( QUESTION2 -1 1.261e+03 2.505e+02 5.800e+01
s>                        ( QUESTION0_4_R 1 1.269e+03 2.432e+02 5.700e+01
s>                            ( - 2.417e+02 1 0)
s>                            ( - 1.271e+03 7 0 QUESTION8 -1 2.358e+02 5.600e+01))
s>                        ( - 2.422e+02 1 0))))
s>            ( - 2.440e+02 1 0))
s>        ( QUESTION8 -1 6.086e+02 2.390e+02 5.800e+01
s>            ( - 2.441e+02 1 0)
s>            ( - 6.035e+02 28 0 QUESTION18 -1 2.387e+02 5.700e+01)))INFO: ../dtree.c(1327): Comp split 1
INFO: ../dtree.c(1459): stop. leaf nodes are specific
s>    ( QUESTION8 -1 1.271e+03 2.358e+02 5.600e+01
s>        ( WDBNDRY_E 0 2.555e+02 3.044e+02 8.000e+00
s>            ( - 3.159e+02 1 0)
s>            ( - 2.440e+02 1 0))
s>        ( QUESTION0_11_R 1 1.251e+03 2.560e+02 4.800e+01
s>            ( - 2.440e+02 1 0)
s>            ( QUESTION0_3_R 1 1.263e+03 2.467e+02 4.700e+01
s>                ( - 2.404e+02 1 0)
s>                ( WDBNDRY_E 0 1.269e+03 1.964e+02 4.600e+01
s>                    ( QUESTION3 -1 7.684e+02 1.469e+02 2.300e+01
s>                        ( - 4.911e+02 1 0)
s>                        ( - 4.241e+02 1 0))
s>                    ( - 6.971e+02 1 0)))))s>    ( QUESTION18 -1 6.119e+02 2.386e+02 6.300e+01
s>        ( - 2.440e+02 1 0)
s>        ( QUESTION8 -1 6.064e+02 2.367e+02 6.200e+01
s>            ( - 2.441e+02 1 0)
s>            ( QUESTION0_0_R 1 5.990e+02 2.358e+02 6.100e+01
s>                ( - 2.440e+02 1 0)
s>                ( QUESTION0_12_R 1 5.907e+02 2.333e+02 6.000e+01
s>                    ( - 2.387e+02 1 0)
s>                    ( QUESTION0_11_R 1 5.853e+02 2.315e+02 5.900e+01
s>                        ( - 2.399e+02 1 0)
s>                        ( QUESTION0_4_R 1 5.769e+02 2.314e+02 5.800e+01
s>                            ( - 2.417e+02 1 0)
s>                            ( WDBNDRY_B 0 5.667e+02 2.233e+02 5.700e+01
s>                                ( - 2.441e+02 1 0)
s>                                ( - 5.459e+02 27 0 QUESTION2 -1 1.790e+02 5.600e+01))))))))INFO: ../dtree.c(1327): Comp split 2
INFO: ../dtree.c(1459): stop. leaf nodes are specific
s>    ( QUESTION8 -1 1.237e+03 2.580e+02 4.900e+01
s>        ( - 2.440e+02 1 0)
s>        ( QUESTION0_11_R 1 1.251e+03 2.560e+02 4.800e+01
s>            ( - 2.440e+02 1 0)
s>            ( QUESTION0_3_R 1 1.263e+03 2.467e+02 4.700e+01
s>                ( - 2.404e+02 1 0)
s>                ( WDBNDRY_E 0 1.269e+03 1.964e+02 4.600e+01
s>                    ( QUESTION3 -1 7.684e+02 1.469e+02 2.300e+01
s>                        ( - 4.911e+02 1 0)
s>                        ( - 4.241e+02 1 0))
s>                    ( - 6.971e+02 1 0)))))INFO: ../dtree.c(1327): Comp split 3
INFO: ../dtree.c(1459): stop. leaf nodes are specific
s>    ( QUESTION0_11_R 1 1.251e+03 2.560e+02 4.800e+01
s>        ( - 2.440e+02 1 0)
s>        ( QUESTION0_3_R 1 1.263e+03 2.467e+02 4.700e+01
s>            ( - 2.404e+02 1 0)
s>            ( WDBNDRY_E 0 1.269e+03 1.964e+02 4.600e+01
s>                ( QUESTION3 -1 7.684e+02 1.469e+02 2.300e+01
s>                    ( - 4.911e+02 1 0)
s>                    ( - 4.241e+02 1 0))
s>                ( - 6.971e+02 1 0))))INFO: ../dtree.c(1327): Comp split 4
INFO: ../dtree.c(1459): stop. leaf nodes are specific
s>    ( QUESTION0_3_R 1 1.263e+03 2.467e+02 4.700e+01
s>        ( - 2.404e+02 1 0)
s>        ( WDBNDRY_E 0 1.269e+03 1.964e+02 4.600e+01
s>            ( QUESTION3 -1 7.684e+02 1.469e+02 2.300e+01
s>                ( - 4.911e+02 1 0)
s>                ( - 4.241e+02 1 0))
s>            ( - 6.971e+02 1 0)))INFO: ../dtree.c(1327): Comp split 5
INFO: ../dtree.c(1459): stop. leaf nodes are specific
s>    ( WDBNDRY_E 0 1.269e+03 1.964e+02 4.600e+01
s>        ( QUESTION3 -1 7.684e+02 1.469e+02 2.300e+01
s>            ( - 4.911e+02 1 0)
s>            ( - 4.241e+02 1 0))
s>        ( - 6.971e+02 1 0))INFO: ../dtree.c(1327): Comp split 6
INFO: ../dtree.c(1459): stop. leaf nodes are specific
s>    ( QUESTION3 -1 7.684e+02 1.469e+02 2.300e+01
s>        ( - 4.911e+02 1 0)
s>        ( - 4.241e+02 1 0))INFO: ../dtree.c(1327): Comp split 7
s>    ( QUESTION8 -1 6.064e+02 2.367e+02 6.200e+01
s>        ( - 2.441e+02 1 0)
s>        ( QUESTION0_0_R 1 5.990e+02 2.358e+02 6.100e+01
s>            ( - 2.440e+02 1 0)
s>            ( QUESTION0_12_R 1 5.907e+02 2.333e+02 6.000e+01
s>                ( - 2.387e+02 1 0)
s>                ( QUESTION0_11_R 1 5.853e+02 2.315e+02 5.900e+01
s>                    ( - 2.399e+02 1 0)
s>                    ( QUESTION0_4_R 1 5.769e+02 2.314e+02 5.800e+01
s>                        ( - 2.417e+02 1 0)
s>                        ( WDBNDRY_B 0 5.667e+02 2.233e+02 5.700e+01
s>                            ( - 2.441e+02 1 0)
s>                            ( QUESTION2 -1 5.459e+02 1.790e+02 5.600e+01
s>                                ( - 3.209e+02 23 0 QUESTION0_10_R 1 2.488e+02 4.200e+01)
s>                                ( - 4.040e+02 4 0 QUESTION0_13_R 1 2.618e+02 1.400e+01))))))))INFO: ../dtree.c(1327): Comp split 8
s>    ( QUESTION0_0_R 1 5.990e+02 2.358e+02 6.100e+01
s>        ( - 2.440e+02 1 0)
s>        ( QUESTION0_12_R 1 5.907e+02 2.333e+02 6.000e+01
s>            ( - 2.387e+02 1 0)
s>            ( QUESTION0_11_R 1 5.853e+02 2.315e+02 5.900e+01
s>                ( - 2.399e+02 1 0)
s>                ( QUESTION0_4_R 1 5.769e+02 2.314e+02 5.800e+01
s>                    ( - 2.417e+02 1 0)
s>                    ( WDBNDRY_B 0 5.667e+02 2.233e+02 5.700e+01
s>                        ( - 2.441e+02 1 0)
s>                        ( QUESTION2 -1 5.459e+02 1.790e+02 5.600e+01
s>                            ( - 3.209e+02 23 0 QUESTION0_10_R 1 2.488e+02 4.200e+01)
s>                            ( QUESTION0_13_R 1 4.040e+02 2.618e+02 1.400e+01
s>                                ( - 2.409e+02 1 0)
s>                                ( - 4.249e+02 3 0 QUESTION6 1 2.731e+02 1.300e+01))))))))INFO: ../dtree.c(1327): Comp split 9
s>    ( QUESTION0_12_R 1 5.907e+02 2.333e+02 6.000e+01
s>        ( - 2.387e+02 1 0)
s>        ( QUESTION0_11_R 1 5.853e+02 2.315e+02 5.900e+01
s>            ( - 2.399e+02 1 0)
s>            ( QUESTION0_4_R 1 5.769e+02 2.314e+02 5.800e+01
s>                ( - 2.417e+02 1 0)
s>                ( WDBNDRY_B 0 5.667e+02 2.233e+02 5.700e+01
s>                    ( - 2.441e+02 1 0)
s>                    ( QUESTION2 -1 5.459e+02 1.790e+02 5.600e+01
s>                        ( - 3.209e+02 23 0 QUESTION0_10_R 1 2.488e+02 4.200e+01)
s>                        ( QUESTION0_13_R 1 4.040e+02 2.618e+02 1.400e+01
s>                            ( - 2.409e+02 1 0)
s>                            ( QUESTION6 1 4.249e+02 2.731e+02 1.300e+01
s>                                ( - 3.277e+02 1 0)
s>                                ( - 3.704e+02 2 0 WDBNDRY_E 0 2.756e+02 7.000e+00))))))))INFO: ../dtree.c(1327): Comp split 10
INFO: ../dtree.c(1459): stop. leaf nodes are specific
s>    ( QUESTION0_12_R 1 5.173e+02 2.324e+02 5.400e+01
s>        ( - 2.387e+02 1 0)
s>        ( QUESTION0_4_R 1 5.111e+02 2.321e+02 5.300e+01
s>            ( - 2.417e+02 1 0)
s>            ( QUESTION0_11_R 1 5.015e+02 2.299e+02 5.200e+01
s>                ( - 2.399e+02 1 0)
s>                ( WDBNDRY_B 0 4.915e+02 2.228e+02 5.100e+01
s>                    ( - 2.441e+02 1 0)
s>                    ( - 4.702e+02 26 0)))))INFO: ../dtree.c(1327): Comp split 11
INFO: ../dtree.c(1327): Comp split 12
s>    ( QUESTION0_4_R 1 5.111e+02 2.321e+02 5.300e+01
s>        ( - 2.417e+02 1 0)
s>        ( QUESTION0_11_R 1 5.015e+02 2.299e+02 5.200e+01
s>            ( - 2.399e+02 1 0)
s>            ( WDBNDRY_B 0 4.915e+02 2.228e+02 5.100e+01
s>                ( - 2.441e+02 1 0)
s>                ( QUESTION2 -1 4.702e+02 1.850e+02 5.000e+01
s>                    ( QUESTION0_10_R 1 3.209e+02 2.488e+02 4.200e+01
s>                        ( - 2.440e+02 1 0)
s>                        ( - 3.256e+02 22 0 QUESTION5 1 2.625e+02 4.100e+01))
s>                    ( QUESTION0_13_R 1 3.343e+02 2.770e+02 8.000e+00
s>                        ( - 2.409e+02 1 0)
s>                        ( WDBNDRY_E 0 3.704e+02 2.756e+02 7.000e+00
s>                            ( - 2.422e+02 1 0)
s>                            ( - 4.038e+02 1 0)))))))INFO: ../dtree.c(1327): Comp split 13
s>    ( QUESTION0_4_R 1 3.749e+02 2.316e+02 4.700e+01
s>        ( - 2.417e+02 1 0)
s>        ( QUESTION0_11_R 1 3.648e+02 2.293e+02 4.600e+01
s>            ( - 2.399e+02 1 0)
s>            ( WDBNDRY_B 0 3.542e+02 2.233e+02 4.500e+01
s>                ( - 2.441e+02 1 0)
s>                ( QUESTION0_6_R 1 3.335e+02 1.501e+02 4.400e+01
s>                    ( WDBNDRY_E 0 2.477e+02 2.733e+02 9.000e+00
s>                        ( - 2.440e+02 1 0)
s>                        ( QUESTION7 -1 2.770e+02 3.165e+02 8.000e+00
s>                            ( - 2.409e+02 1 0)
s>                            ( - 3.526e+02 1 0)))
s>                    ( QUESTION9 1 2.359e+02 1.329e+02 3.500e+01
s>                        ( - 1.755e+02 2 0 WDBNDRY_E 0 1.964e+02 4.000e+00)
s>                        ( - 1.934e+02 20 0 QUESTION2 -1 1.229e+02 3.100e+01))))))INFO: ../dtree.c(1327): Comp split 14
s>    ( QUESTION0_4_R 1 2.758e+02 2.326e+02 4.000e+01
s>        ( - 2.417e+02 1 0)
s>        ( QUESTION0_11_R 1 2.668e+02 2.289e+02 3.900e+01
s>            ( - 2.399e+02 1 0)
s>            ( WDBNDRY_B 0 2.558e+02 2.232e+02 3.800e+01
s>                ( - 2.441e+02 1 0)
s>                ( QUESTION9 1 2.349e+02 1.349e+02 3.700e+01
s>                    ( WDBNDRY_E 0 1.755e+02 1.964e+02 4.000e+00
s>                        ( - 1.243e+02 1 0)
s>                        ( - 2.475e+02 1 0))
s>                    ( QUESTION2 -1 1.943e+02 1.241e+02 3.300e+01
s>                        ( - 1.837e+02 20 0 QUESTION0_10_R 1 2.461e+02 3.100e+01)
s>                        ( QUESTION0_3_R 1 1.347e+02 3.484e+02 2.000e+00
s>                            ( - 2.422e+02 1 0)
s>                            ( - 2.409e+02 1 0)))))))INFO: ../dtree.c(1327): Comp split 15
s>    ( QUESTION0_4_R 1 2.720e+02 2.333e+02 3.900e+01
s>        ( - 2.417e+02 1 0)
s>        ( QUESTION0_11_R 1 2.635e+02 2.288e+02 3.800e+01
s>            ( - 2.399e+02 1 0)
s>            ( QUESTION0_10_R 1 2.524e+02 2.459e+02 3.700e+01
s>                ( - 2.440e+02 1 0)
s>                ( QUESTION5 1 2.543e+02 2.590e+02 3.600e+01
s>                    ( - 2.440e+02 1 0)
s>                    ( WDBNDRY_B 0 2.693e+02 2.228e+02 3.500e+01
s>                        ( - 2.441e+02 1 0)
s>                        ( QUESTION2 -1 2.480e+02 2.371e+02 3.400e+01
s>                            ( QUESTION13 1 2.442e+02 2.405e+02 3.300e+01
s>                                ( - 2.409e+02 1 0)
s>                                ( - 2.438e+02 19 0 QUESTION9 1 1.334e+02 3.200e+01))
s>                            ( - 2.409e+02 1 0)))))))INFO: ../dtree.c(1327): Comp split 16
INFO: ../dtree.c(1459): stop. leaf nodes are specific
s>    ( QUESTION0_4_R 1 2.873e+02 2.330e+02 3.800e+01
s>        ( - 2.417e+02 1 0)
s>        ( QUESTION0_11_R 1 2.786e+02 2.287e+02 3.700e+01
s>            ( - 2.399e+02 1 0)
s>            ( - 2.674e+02 23 0)))INFO: ../dtree.c(1327): Comp split 17
INFO: ../dtree.c(1327): Comp split 18
INFO: ../dtree.c(1330): stop. leaf nodes are specific
