../..//s3trainer/bin.linux/bldtree \
 -treefn ../..//trees/MODELSET1.unpruned/U-0.dtree \
 -moddeffn ../..//model_architecture/MODELSET1.untied.mdef \
 -mixwfn ../..//model_parameters/MODELSET1.cd_continuous_untied/mixture_weights \
 -ts2cbfn .cont. \
 -meanfn ../..//model_parameters/MODELSET1.cd_continuous_untied/means \
 -varfn ../..//model_parameters/MODELSET1.cd_continuous_untied/variances \
 -mwfloor 1e-8 \
 -psetfn ../..//c_scripts/03.buildtrees/linguistic_questions.automatic \
 -phone U \
 -state 0 \
 -stwt 1.0 0.05 0.0 \
 -ssplitmin 1 \
 -ssplitmax 7 \
 -ssplitthr 0 \
 -csplitmin 1 \
 -csplitmax 2000 \
 -csplitthr 0 \
 -cntthresh 1

[Switch]   [Default] [Value]
-treefn              ../..//trees/MODELSET1.unpruned/U-0.dtree
-moddeffn            ../..//model_architecture/MODELSET1.untied.mdef
-ts2cbfn   .semi.    .cont. 
-meanfn              ../..//model_parameters/MODELSET1.cd_continuous_untied/means
-varfn               ../..//model_parameters/MODELSET1.cd_continuous_untied/variances
-varfloor  0.00001   1.000000e-05
-cntthresh 0.00001   1.000000e+00
-mixwfn              ../..//model_parameters/MODELSET1.cd_continuous_untied/mixture_weights
-psetfn              ../..//c_scripts/03.buildtrees/linguistic_questions.automatic
-phone               U      
-state               0      
-mwfloor   1e-4      1.000000e-08
-stwt                1.0 0.05 0.0
-ssplitthr 8e-4      0.000000e+00
-ssplitmin 1         1      
-ssplitmax 5         7      
-csplitthr 8e-4      0.000000e+00
-csplitmin 1         1      
-csplitmax 100       2000   
INFO: ../main.c(152): Reading: ../..//model_architecture/MODELSET1.untied.mdef
INFO: ../model_def_io.c(562): Model definition info:
INFO: ../model_def_io.c(563): 1000 total models defined (50 base, 950 tri)
INFO: ../model_def_io.c(564): 4000 total states
INFO: ../model_def_io.c(565): 3000 total tied states
INFO: ../model_def_io.c(566): 150 total tied CI states
INFO: ../model_def_io.c(567): 50 total tied transition matrices
INFO: ../model_def_io.c(568): 4 max state/model
INFO: ../model_def_io.c(569): 20 min state/model
INFO: ../main.c(196): Building trees for [U D AX e] through [U Y L i]
INFO: ../main.c(224): Covering states |[2700 2735]| == 36
INFO: ../main.c(231): Reading: ../..//model_parameters/MODELSET1.cd_continuous_untied/mixture_weights
INFO: ../s3mixw_io.c(151): Read ../..//model_parameters/MODELSET1.cd_continuous_untied/mixture_weights [36x1x1 array]
INFO: ../main.c(269): 12 of 12 models have observation count greater than 1.000000
INFO: ../main.c(67): nrm stwt: 0.952 0.048 0.000 
INFO: ../s3gau_io.c(128): Read ../..//model_parameters/MODELSET1.cd_continuous_untied/means [3000x1x1 array]
INFO: ../s3gau_io.c(128): Read ../..//model_parameters/MODELSET1.cd_continuous_untied/variances [3000x1x1 array]
INFO: ../main.c(510): Reading: ../..//c_scripts/03.buildtrees/linguistic_questions.automatic
INFO: ../main.c(547): 176 total simple questions (168 phone; 8 word bndry)
INFO: ../main.c(549): 42 Left Only questions, and 42 Right Only questions
N model = 12
s>    ( QUESTION2_13_L -1 4.436e+02 2.710e+02 6.200e+01
s>        ( - 2.440e+02 1 0)
s>        ( QUESTION0_13_R 1 4.705e+02 3.165e+02 6.100e+01
s>            ( - 2.400e+02 1 0)
s>            ( QUESTION0_10_R 1 5.471e+02 2.539e+02 6.000e+01
s>                ( - 2.440e+02 1 0)
s>                ( QUESTION0_16_R 1 5.569e+02 1.535e+02 5.900e+01
s>                    ( QUESTION13 1 4.384e+02 1.159e+02 3.700e+01
s>                        ( - 1.681e+02 1 0)
s>                        ( WDBNDRY_E 0 3.861e+02 1.311e+02 3.100e+01
s>                            ( - 1.635e+02 1 0)
s>                            ( - 3.536e+02 2 0 QUESTION2 -1 8.021e+01 2.300e+01)))
s>                    ( QUESTION0_2_R 1 2.720e+02 1.380e+02 2.200e+01
s>                        ( - 2.137e+02 1 0)
s>                        ( - 1.963e+02 4 0 WDBNDRY_E 0 1.125e+02 1.500e+01))))))INFO: ../dtree.c(1327): Comp split 0
s>    ( QUESTION0_13_R 1 5.104e+02 2.807e+02 6.100e+01
s>        ( - 2.440e+02 1 0)
s>        ( QUESTION0_10_R 1 5.471e+02 2.539e+02 6.000e+01
s>            ( - 2.440e+02 1 0)
s>            ( QUESTION0_16_R 1 5.569e+02 1.535e+02 5.900e+01
s>                ( QUESTION13 1 4.384e+02 1.159e+02 3.700e+01
s>                    ( - 1.681e+02 1 0)
s>                    ( WDBNDRY_E 0 3.861e+02 1.311e+02 3.100e+01
s>                        ( - 1.635e+02 1 0)
s>                        ( - 3.536e+02 2 0 QUESTION2 -1 8.021e+01 2.300e+01)))
s>                ( QUESTION0_2_R 1 2.720e+02 1.380e+02 2.200e+01
s>                    ( - 2.137e+02 1 0)
s>                    ( WDBNDRY_E 0 1.963e+02 1.125e+02 1.500e+01
s>                        ( - 1.929e+02 3 0 QUESTION2 1 2.493e+02 1.100e+01)
s>                        ( - 1.159e+02 1 0))))))INFO: ../dtree.c(1327): Comp split 1
s>    ( QUESTION0_10_R 1 5.471e+02 2.539e+02 6.000e+01
s>        ( - 2.440e+02 1 0)
s>        ( QUESTION0_16_R 1 5.569e+02 1.535e+02 5.900e+01
s>            ( QUESTION13 1 4.384e+02 1.159e+02 3.700e+01
s>                ( - 1.681e+02 1 0)
s>                ( WDBNDRY_E 0 3.861e+02 1.311e+02 3.100e+01
s>                    ( - 1.635e+02 1 0)
s>                    ( - 3.536e+02 2 0 QUESTION2 -1 8.021e+01 2.300e+01)))
s>            ( QUESTION0_2_R 1 2.720e+02 1.380e+02 2.200e+01
s>                ( - 2.137e+02 1 0)
s>                ( WDBNDRY_E 0 1.963e+02 1.125e+02 1.500e+01
s>                    ( QUESTION2 1 1.929e+02 2.493e+02 1.100e+01
s>                        ( - 2.440e+02 1 0)
s>                        ( - 1.982e+02 2 0 SILENCE 1 1.132e+02 1.000e+01))
s>                    ( - 1.159e+02 1 0)))))INFO: ../dtree.c(1327): Comp split 2
s>    ( QUESTION0_10_R 1 5.577e+02 2.555e+02 5.900e+01
s>        ( - 2.440e+02 1 0)
s>        ( QUESTION0_16_R 1 5.692e+02 1.523e+02 5.800e+01
s>            ( QUESTION13 1 4.384e+02 1.159e+02 3.700e+01
s>                ( - 1.681e+02 1 0)
s>                ( WDBNDRY_E 0 3.861e+02 1.311e+02 3.100e+01
s>                    ( - 1.635e+02 1 0)
s>                    ( QUESTION2 -1 3.536e+02 8.021e+01 2.300e+01
s>                        ( - 2.212e+02 1 0)
s>                        ( - 2.127e+02 1 0))))
s>            ( QUESTION0_2_R 1 2.830e+02 1.318e+02 2.100e+01
s>                ( - 2.137e+02 1 0)
s>                ( WDBNDRY_E 0 2.012e+02 1.129e+02 1.400e+01
s>                    ( - 1.982e+02 2 0)
s>                    ( - 1.159e+02 1 0)))))INFO: ../dtree.c(1327): Comp split 3
INFO: ../dtree.c(1327): Comp split 4
INFO: ../dtree.c(1330): stop. leaf nodes are specific
