../..//s3trainer/bin.linux/bldtree \
 -treefn ../..//trees/MODELSET1.unpruned/AO-2.dtree \
 -moddeffn ../..//model_architecture/MODELSET1.untied.mdef \
 -mixwfn ../..//model_parameters/MODELSET1.cd_continuous_untied/mixture_weights \
 -ts2cbfn .cont. \
 -meanfn ../..//model_parameters/MODELSET1.cd_continuous_untied/means \
 -varfn ../..//model_parameters/MODELSET1.cd_continuous_untied/variances \
 -mwfloor 1e-8 \
 -psetfn ../..//c_scripts/03.buildtrees/linguistic_questions.automatic \
 -phone AO \
 -state 2 \
 -stwt 1.0 0.05 0.0 \
 -ssplitmin 1 \
 -ssplitmax 7 \
 -ssplitthr 0 \
 -csplitmin 1 \
 -csplitmax 2000 \
 -csplitthr 0 \
 -cntthresh 1

[Switch]   [Default] [Value]
-treefn              ../..//trees/MODELSET1.unpruned/AO-2.dtree
-moddeffn            ../..//model_architecture/MODELSET1.untied.mdef
-ts2cbfn   .semi.    .cont. 
-meanfn              ../..//model_parameters/MODELSET1.cd_continuous_untied/means
-varfn               ../..//model_parameters/MODELSET1.cd_continuous_untied/variances
-varfloor  0.00001   1.000000e-05
-cntthresh 0.00001   1.000000e+00
-mixwfn              ../..//model_parameters/MODELSET1.cd_continuous_untied/mixture_weights
-psetfn              ../..//c_scripts/03.buildtrees/linguistic_questions.automatic
-phone               AO     
-state               2      
-mwfloor   1e-4      1.000000e-08
-stwt                1.0 0.05 0.0
-ssplitthr 8e-4      0.000000e+00
-ssplitmin 1         1      
-ssplitmax 5         7      
-csplitthr 8e-4      0.000000e+00
-csplitmin 1         1      
-csplitmax 100       2000   
INFO: ../main.c(152): Reading: ../..//model_architecture/MODELSET1.untied.mdef
INFO: ../model_def_io.c(562): Model definition info:
INFO: ../model_def_io.c(563): 1000 total models defined (50 base, 950 tri)
INFO: ../model_def_io.c(564): 4000 total states
INFO: ../model_def_io.c(565): 3000 total tied states
INFO: ../model_def_io.c(566): 150 total tied CI states
INFO: ../model_def_io.c(567): 50 total tied transition matrices
INFO: ../model_def_io.c(568): 4 max state/model
INFO: ../model_def_io.c(569): 20 min state/model
INFO: ../main.c(196): Building trees for [AO AY K i] through [AO ng F b]
INFO: ../main.c(224): Covering states |[288 350]| == 63
INFO: ../main.c(231): Reading: ../..//model_parameters/MODELSET1.cd_continuous_untied/mixture_weights
INFO: ../s3mixw_io.c(151): Read ../..//model_parameters/MODELSET1.cd_continuous_untied/mixture_weights [63x1x1 array]
INFO: ../main.c(269): 21 of 21 models have observation count greater than 1.000000
INFO: ../main.c(67): nrm stwt: 0.000 0.048 0.952 
INFO: ../s3gau_io.c(128): Read ../..//model_parameters/MODELSET1.cd_continuous_untied/means [3000x1x1 array]
INFO: ../s3gau_io.c(128): Read ../..//model_parameters/MODELSET1.cd_continuous_untied/variances [3000x1x1 array]
INFO: ../main.c(510): Reading: ../..//c_scripts/03.buildtrees/linguistic_questions.automatic
INFO: ../main.c(547): 176 total simple questions (168 phone; 8 word bndry)
INFO: ../main.c(549): 42 Left Only questions, and 42 Right Only questions
N model = 21
s>    ( QUESTION2_5_L -1 -5.970e+01 2.490e+02 1.155e+02
s>        ( - 2.379e+02 1 0)
s>        ( QUESTION6 -1 -4.866e+01 2.462e+02 1.145e+02
s>            ( - 2.391e+02 1 0)
s>            ( QUESTION0_19_R 1 -4.154e+01 2.086e+02 1.135e+02
s>                ( - 2.087e+02 1 0)
s>                ( QUESTION2_7_L -1 -4.171e+01 2.008e+02 1.115e+02
s>                    ( - 1.975e+02 5 0 QUESTION0_17_R 1 1.170e+02 1.800e+01)
s>                    ( QUESTION2_4_L -1 -3.842e+01 1.862e+02 9.354e+01
s>                        ( - 1.573e+02 2 0 QUESTION0_2_R 1 1.496e+02 1.100e+01)
s>                        ( QUESTION0_2_R 1 -9.470e+00 2.430e+02 8.254e+01
s>                            ( - 2.440e+02 1 0)
s>                            ( QUESTION5 -1 -1.055e+01 1.656e+02 8.154e+01
s>                                ( - 1.762e+02 2 0 WDBNDRY_B 0 3.170e+02 1.000e+01)
s>                                ( - -2.109e+01 8 0 QUESTION2 -1 1.583e+02 7.154e+01))))))))INFO: ../dtree.c(1327): Comp split 0
s>    ( QUESTION6 -1 -4.866e+01 2.462e+02 1.145e+02
s>        ( - 2.391e+02 1 0)
s>        ( QUESTION0_19_R 1 -4.154e+01 2.086e+02 1.135e+02
s>            ( - 2.087e+02 1 0)
s>            ( QUESTION2_7_L -1 -4.171e+01 2.008e+02 1.115e+02
s>                ( - 1.975e+02 5 0 QUESTION0_17_R 1 1.170e+02 1.800e+01)
s>                ( QUESTION2_4_L -1 -3.842e+01 1.862e+02 9.354e+01
s>                    ( - 1.573e+02 2 0 QUESTION0_2_R 1 1.496e+02 1.100e+01)
s>                    ( QUESTION0_2_R 1 -9.470e+00 2.430e+02 8.254e+01
s>                        ( - 2.440e+02 1 0)
s>                        ( QUESTION5 -1 -1.055e+01 1.656e+02 8.154e+01
s>                            ( WDBNDRY_B 0 1.762e+02 3.170e+02 1.000e+01
s>                                ( - 2.440e+02 1 0)
s>                                ( - 2.492e+02 1 0))
s>                            ( - -2.109e+01 8 0 QUESTION2 -1 1.583e+02 7.154e+01)))))))INFO: ../dtree.c(1327): Comp split 1
INFO: ../dtree.c(1459): stop. leaf nodes are specific
s>    ( QUESTION6 -1 -3.865e+01 2.465e+02 1.135e+02
s>        ( - 2.391e+02 1 0)
s>        ( QUESTION0_19_R 1 -3.119e+01 2.086e+02 1.125e+02
s>            ( - 2.087e+02 1 0)
s>            ( QUESTION2_7_L -1 -3.130e+01 2.010e+02 1.105e+02
s>                ( QUESTION0_17_R 1 1.975e+02 1.170e+02 1.800e+01
s>                    ( - 9.505e+01 2 0)
s>                    ( WDBNDRY_B 0 2.194e+02 1.004e+02 1.600e+01
s>                        ( - 9.186e+01 1 0)
s>                        ( QUESTION0_15_R 1 2.279e+02 1.847e+02 1.200e+01
s>                            ( - 2.879e+02 1 0)
s>                            ( - 1.248e+02 1 0))))
s>                ( - -2.777e+01 12 0))))INFO: ../dtree.c(1327): Comp split 2
INFO: ../dtree.c(1327): Comp split 3
INFO: ../dtree.c(1330): stop. leaf nodes are specific
