../..//s3trainer/bin.linux/bldtree \
 -treefn ../..//trees/MODELSET1.unpruned/AY-0.dtree \
 -moddeffn ../..//model_architecture/MODELSET1.untied.mdef \
 -mixwfn ../..//model_parameters/MODELSET1.cd_continuous_untied/mixture_weights \
 -ts2cbfn .cont. \
 -meanfn ../..//model_parameters/MODELSET1.cd_continuous_untied/means \
 -varfn ../..//model_parameters/MODELSET1.cd_continuous_untied/variances \
 -mwfloor 1e-8 \
 -psetfn ../..//c_scripts/03.buildtrees/linguistic_questions.automatic \
 -phone AY \
 -state 0 \
 -stwt 1.0 0.05 0.0 \
 -ssplitmin 1 \
 -ssplitmax 7 \
 -ssplitthr 0 \
 -csplitmin 1 \
 -csplitmax 2000 \
 -csplitthr 0 \
 -cntthresh 1

[Switch]   [Default] [Value]
-treefn              ../..//trees/MODELSET1.unpruned/AY-0.dtree
-moddeffn            ../..//model_architecture/MODELSET1.untied.mdef
-ts2cbfn   .semi.    .cont. 
-meanfn              ../..//model_parameters/MODELSET1.cd_continuous_untied/means
-varfn               ../..//model_parameters/MODELSET1.cd_continuous_untied/variances
-varfloor  0.00001   1.000000e-05
-cntthresh 0.00001   1.000000e+00
-mixwfn              ../..//model_parameters/MODELSET1.cd_continuous_untied/mixture_weights
-psetfn              ../..//c_scripts/03.buildtrees/linguistic_questions.automatic
-phone               AY     
-state               0      
-mwfloor   1e-4      1.000000e-08
-stwt                1.0 0.05 0.0
-ssplitthr 8e-4      0.000000e+00
-ssplitmin 1         1      
-ssplitmax 5         7      
-csplitthr 8e-4      0.000000e+00
-csplitmin 1         1      
-csplitmax 100       2000   
INFO: ../main.c(152): Reading: ../..//model_architecture/MODELSET1.untied.mdef
INFO: ../model_def_io.c(562): Model definition info:
INFO: ../model_def_io.c(563): 1000 total models defined (50 base, 950 tri)
INFO: ../model_def_io.c(564): 4000 total states
INFO: ../model_def_io.c(565): 3000 total tied states
INFO: ../model_def_io.c(566): 150 total tied CI states
INFO: ../model_def_io.c(567): 50 total tied transition matrices
INFO: ../model_def_io.c(568): 4 max state/model
INFO: ../model_def_io.c(569): 20 min state/model
INFO: ../main.c(196): Building trees for [AY D AO i] through [AY W SH e]
INFO: ../main.c(224): Covering states |[483 524]| == 42
INFO: ../main.c(231): Reading: ../..//model_parameters/MODELSET1.cd_continuous_untied/mixture_weights
INFO: ../s3mixw_io.c(151): Read ../..//model_parameters/MODELSET1.cd_continuous_untied/mixture_weights [42x1x1 array]
INFO: ../main.c(269): 14 of 14 models have observation count greater than 1.000000
INFO: ../main.c(67): nrm stwt: 0.952 0.048 0.000 
INFO: ../s3gau_io.c(128): Read ../..//model_parameters/MODELSET1.cd_continuous_untied/means [3000x1x1 array]
INFO: ../s3gau_io.c(128): Read ../..//model_parameters/MODELSET1.cd_continuous_untied/variances [3000x1x1 array]
INFO: ../main.c(510): Reading: ../..//c_scripts/03.buildtrees/linguistic_questions.automatic
INFO: ../main.c(547): 176 total simple questions (168 phone; 8 word bndry)
INFO: ../main.c(549): 42 Left Only questions, and 42 Right Only questions
N model = 14
s>    ( QUESTION0_18_R 1 5.488e+01 2.750e+02 4.698e+01
s>        ( QUESTION2 -1 3.002e+02 2.533e+02 2.298e+01
s>            ( - 3.095e+02 1 0)
s>            ( - 2.440e+02 1 0))
s>        ( WDBNDRY_S 0 2.960e+01 2.557e+02 2.400e+01
s>            ( - 2.385e+02 1 0)
s>            ( QUESTION9 1 4.686e+01 2.548e+02 2.300e+01
s>                ( - 2.440e+02 1 0)
s>                ( QUESTION0_13_R 1 5.765e+01 2.448e+02 2.200e+01
s>                    ( - 2.440e+02 1 0)
s>                    ( QUESTION0_20_R 1 5.838e+01 2.432e+02 2.100e+01
s>                        ( - 2.440e+02 1 0)
s>                        ( QUESTION0_4_R 1 5.751e+01 2.340e+02 2.000e+01
s>                            ( - 2.440e+02 1 0)
s>                            ( - 4.746e+01 7 0 QUESTION6 -1 2.321e+02 1.900e+01)))))))INFO: ../dtree.c(1327): Comp split 0
s>    ( WDBNDRY_S 0 3.953e+01 2.553e+02 2.500e+01
s>        ( - 2.385e+02 1 0)
s>        ( QUESTION9 1 5.636e+01 2.548e+02 2.400e+01
s>            ( - 2.440e+02 1 0)
s>            ( QUESTION0_13_R 1 6.708e+01 2.447e+02 2.300e+01
s>                ( - 2.440e+02 1 0)
s>                ( QUESTION0_20_R 1 6.770e+01 2.428e+02 2.200e+01
s>                    ( - 2.440e+02 1 0)
s>                    ( QUESTION0_18_R 1 6.650e+01 2.351e+02 2.100e+01
s>                        ( - 2.440e+02 1 0)
s>                        ( QUESTION0_4_R 1 5.751e+01 2.340e+02 2.000e+01
s>                            ( - 2.440e+02 1 0)
s>                            ( QUESTION6 -1 4.746e+01 2.321e+02 1.900e+01
s>                                ( - 2.405e+02 1 0)
s>                                ( - 3.899e+01 6 0 QUESTION2_4_L -1 2.614e+02 1.800e+01))))))))INFO: ../dtree.c(1327): Comp split 1
INFO: ../dtree.c(1327): Comp split 2
INFO: ../dtree.c(1330): stop. leaf nodes are specific
