../..//s3trainer/bin.linux/bldtree \
 -treefn ../..//trees/MODELSET1.unpruned/EY-0.dtree \
 -moddeffn ../..//model_architecture/MODELSET1.untied.mdef \
 -mixwfn ../..//model_parameters/MODELSET1.cd_continuous_untied/mixture_weights \
 -ts2cbfn .cont. \
 -meanfn ../..//model_parameters/MODELSET1.cd_continuous_untied/means \
 -varfn ../..//model_parameters/MODELSET1.cd_continuous_untied/variances \
 -mwfloor 1e-8 \
 -psetfn ../..//c_scripts/03.buildtrees/linguistic_questions.automatic \
 -phone EY \
 -state 0 \
 -stwt 1.0 0.05 0.0 \
 -ssplitmin 1 \
 -ssplitmax 7 \
 -ssplitthr 0 \
 -csplitmin 1 \
 -csplitmax 2000 \
 -csplitthr 0 \
 -cntthresh 1

[Switch]   [Default] [Value]
-treefn              ../..//trees/MODELSET1.unpruned/EY-0.dtree
-moddeffn            ../..//model_architecture/MODELSET1.untied.mdef
-ts2cbfn   .semi.    .cont. 
-meanfn              ../..//model_parameters/MODELSET1.cd_continuous_untied/means
-varfn               ../..//model_parameters/MODELSET1.cd_continuous_untied/variances
-varfloor  0.00001   1.000000e-05
-cntthresh 0.00001   1.000000e+00
-mixwfn              ../..//model_parameters/MODELSET1.cd_continuous_untied/mixture_weights
-psetfn              ../..//c_scripts/03.buildtrees/linguistic_questions.automatic
-phone               EY     
-state               0      
-mwfloor   1e-4      1.000000e-08
-stwt                1.0 0.05 0.0
-ssplitthr 8e-4      0.000000e+00
-ssplitmin 1         1      
-ssplitmax 5         7      
-csplitthr 8e-4      0.000000e+00
-csplitmin 1         1      
-csplitmax 100       2000   
INFO: ../main.c(152): Reading: ../..//model_architecture/MODELSET1.untied.mdef
INFO: ../model_def_io.c(562): Model definition info:
INFO: ../model_def_io.c(563): 1000 total models defined (50 base, 950 tri)
INFO: ../model_def_io.c(564): 4000 total states
INFO: ../model_def_io.c(565): 3000 total tied states
INFO: ../model_def_io.c(566): 150 total tied CI states
INFO: ../model_def_io.c(567): 50 total tied transition matrices
INFO: ../model_def_io.c(568): 4 max state/model
INFO: ../model_def_io.c(569): 20 min state/model
INFO: ../main.c(196): Building trees for [EY D K i] through [EY Z F b]
INFO: ../main.c(224): Covering states |[984 1037]| == 54
INFO: ../main.c(231): Reading: ../..//model_parameters/MODELSET1.cd_continuous_untied/mixture_weights
INFO: ../s3mixw_io.c(151): Read ../..//model_parameters/MODELSET1.cd_continuous_untied/mixture_weights [54x1x1 array]
INFO: ../main.c(269): 18 of 18 models have observation count greater than 1.000000
INFO: ../main.c(67): nrm stwt: 0.952 0.048 0.000 
INFO: ../s3gau_io.c(128): Read ../..//model_parameters/MODELSET1.cd_continuous_untied/means [3000x1x1 array]
INFO: ../s3gau_io.c(128): Read ../..//model_parameters/MODELSET1.cd_continuous_untied/variances [3000x1x1 array]
INFO: ../main.c(510): Reading: ../..//c_scripts/03.buildtrees/linguistic_questions.automatic
INFO: ../main.c(547): 176 total simple questions (168 phone; 8 word bndry)
INFO: ../main.c(549): 42 Left Only questions, and 42 Right Only questions
N model = 18
s>    ( QUESTION13 -1 1.343e+01 2.556e+02 5.400e+01
s>        ( - 2.440e+02 1 0)
s>        ( QUESTION9 -1 2.496e+01 2.046e+02 5.300e+01
s>            ( - 2.201e+02 1 0)
s>            ( QUESTION2_16_L -1 9.394e+00 1.618e+02 5.000e+01
s>                ( - 1.597e+02 1 0)
s>                ( WDBNDRY_E 0 1.147e+01 2.482e+02 4.800e+01
s>                    ( - 2.440e+02 1 0)
s>                    ( QUESTION5 -1 1.566e+01 1.498e+02 4.700e+01
s>                        ( - 1.610e+02 1 0)
s>                        ( QUESTION0_13_R 1 4.416e+00 2.471e+02 4.400e+01
s>                            ( - 2.440e+02 1 0)
s>                            ( QUESTION0_15_R 1 7.502e+00 1.270e+02 4.300e+01
s>                                ( - 1.094e+02 2 0 QUESTION2 -1 3.786e+02 2.000e+00)
s>                                ( - 2.503e+01 10 0 QUESTION0_20_R 1 1.277e+02 4.100e+01))))))))INFO: ../dtree.c(1327): Comp split 0
s>    ( QUESTION9 -1 2.496e+01 2.046e+02 5.300e+01
s>        ( - 2.201e+02 1 0)
s>        ( QUESTION2_16_L -1 9.394e+00 1.618e+02 5.000e+01
s>            ( - 1.597e+02 1 0)
s>            ( WDBNDRY_E 0 1.147e+01 2.482e+02 4.800e+01
s>                ( - 2.440e+02 1 0)
s>                ( QUESTION5 -1 1.566e+01 1.498e+02 4.700e+01
s>                    ( - 1.610e+02 1 0)
s>                    ( QUESTION0_13_R 1 4.416e+00 2.471e+02 4.400e+01
s>                        ( - 2.440e+02 1 0)
s>                        ( QUESTION0_15_R 1 7.502e+00 1.270e+02 4.300e+01
s>                            ( QUESTION2 -1 1.094e+02 3.786e+02 2.000e+00
s>                                ( - 2.440e+02 1 0)
s>                                ( - 2.440e+02 1 0))
s>                            ( - 2.503e+01 10 0 QUESTION0_20_R 1 1.277e+02 4.100e+01)))))))INFO: ../dtree.c(1327): Comp split 1
s>    ( QUESTION0_15_R 1 4.026e+01 2.497e+02 5.200e+01
s>        ( - 2.440e+02 1 0)
s>        ( QUESTION9 -1 4.594e+01 2.040e+02 5.100e+01
s>            ( - 2.201e+02 1 0)
s>            ( QUESTION2_16_L -1 2.987e+01 1.605e+02 4.800e+01
s>                ( - 1.597e+02 1 0)
s>                ( WDBNDRY_E 0 3.068e+01 2.476e+02 4.600e+01
s>                    ( - 2.440e+02 1 0)
s>                    ( QUESTION5 -1 3.426e+01 1.489e+02 4.500e+01
s>                        ( - 1.610e+02 1 0)
s>                        ( QUESTION0_13_R 1 2.217e+01 2.469e+02 4.200e+01
s>                            ( - 2.440e+02 1 0)
s>                            ( QUESTION0_20_R 1 2.503e+01 1.277e+02 4.100e+01
s>                                ( - 1.675e+02 1 0)
s>                                ( - -1.481e+01 9 0 WDBNDRY_B 0 1.264e+02 2.500e+01))))))))INFO: ../dtree.c(1327): Comp split 2
INFO: ../dtree.c(1459): stop. leaf nodes are specific
s>    ( QUESTION9 -1 4.594e+01 2.040e+02 5.100e+01
s>        ( - 2.201e+02 1 0)
s>        ( QUESTION2_16_L -1 2.987e+01 1.605e+02 4.800e+01
s>            ( - 1.597e+02 1 0)
s>            ( WDBNDRY_E 0 3.068e+01 2.476e+02 4.600e+01
s>                ( - 2.440e+02 1 0)
s>                ( QUESTION5 -1 3.426e+01 1.489e+02 4.500e+01
s>                    ( - 1.610e+02 1 0)
s>                    ( - 2.217e+01 11 0)))))INFO: ../dtree.c(1327): Comp split 3
s>    ( QUESTION9 -1 4.703e+01 2.048e+02 5.000e+01
s>        ( - 2.201e+02 1 0)
s>        ( WDBNDRY_E 0 3.172e+01 1.623e+02 4.700e+01
s>            ( - 1.597e+02 1 0)
s>            ( QUESTION5 -1 3.426e+01 1.489e+02 4.500e+01
s>                ( - 1.610e+02 1 0)
s>                ( QUESTION0_13_R 1 2.217e+01 2.469e+02 4.200e+01
s>                    ( - 2.440e+02 1 0)
s>                    ( QUESTION0_20_R 1 2.503e+01 1.277e+02 4.100e+01
s>                        ( - 1.675e+02 1 0)
s>                        ( WDBNDRY_B 0 -1.481e+01 1.264e+02 2.500e+01
s>                            ( - 1.175e+02 1 0)
s>                            ( QUESTION2_4_L -1 -5.970e+00 1.595e+02 2.100e+01
s>                                ( - 8.662e+01 4 0 QUESTION3 -1 1.236e+02 1.600e+01)
s>                                ( - 6.696e+01 4 0 QUESTION2 -1 2.701e+02 5.000e+00))))))))INFO: ../dtree.c(1327): Comp split 4
s>    ( QUESTION9 -1 4.990e+01 2.052e+02 4.900e+01
s>        ( - 2.201e+02 1 0)
s>        ( WDBNDRY_E 0 3.502e+01 1.612e+02 4.600e+01
s>            ( - 1.597e+02 1 0)
s>            ( QUESTION0_13_R 1 3.648e+01 1.496e+02 4.400e+01
s>                ( - 1.610e+02 1 0)
s>                ( QUESTION0_20_R 1 2.503e+01 1.277e+02 4.100e+01
s>                    ( - 1.675e+02 1 0)
s>                    ( WDBNDRY_B 0 -1.481e+01 1.264e+02 2.500e+01
s>                        ( - 1.175e+02 1 0)
s>                        ( QUESTION2_4_L -1 -5.970e+00 1.595e+02 2.100e+01
s>                            ( - 8.662e+01 4 0 QUESTION3 -1 1.236e+02 1.600e+01)
s>                            ( QUESTION2 -1 6.696e+01 2.701e+02 5.000e+00
s>                                ( - 2.440e+02 1 0)
s>                                ( - 9.308e+01 3 0 QUESTION0_2_R 1 2.682e+02 4.000e+00))))))))INFO: ../dtree.c(1327): Comp split 5
s>    ( QUESTION9 -1 7.474e+01 2.056e+02 4.800e+01
s>        ( - 2.201e+02 1 0)
s>        ( WDBNDRY_E 0 6.019e+01 1.603e+02 4.500e+01
s>            ( - 1.597e+02 1 0)
s>            ( QUESTION0_13_R 1 6.078e+01 1.522e+02 4.300e+01
s>                ( - 1.610e+02 1 0)
s>                ( QUESTION0_20_R 1 5.197e+01 1.285e+02 4.000e+01
s>                    ( - 1.675e+02 1 0)
s>                    ( WDBNDRY_B 0 1.288e+01 1.214e+02 2.400e+01
s>                        ( - 1.175e+02 1 0)
s>                        ( QUESTION2 -1 1.678e+01 1.629e+02 2.000e+01
s>                            ( - 8.662e+01 4 0 QUESTION3 -1 1.236e+02 1.600e+01)
s>                            ( QUESTION0_2_R 1 9.308e+01 2.682e+02 4.000e+00
s>                                ( - 1.218e+02 2 0)
s>                                ( - 2.395e+02 1 0))))))))INFO: ../dtree.c(1327): Comp split 6
s>    ( QUESTION9 -1 1.013e+02 2.041e+02 4.700e+01
s>        ( - 2.201e+02 1 0)
s>        ( WDBNDRY_E 0 8.531e+01 1.605e+02 4.400e+01
s>            ( - 1.597e+02 1 0)
s>            ( QUESTION0_13_R 1 8.615e+01 1.523e+02 4.200e+01
s>                ( - 1.610e+02 1 0)
s>                ( QUESTION0_20_R 1 7.741e+01 1.295e+02 3.900e+01
s>                    ( - 1.675e+02 1 0)
s>                    ( WDBNDRY_B 0 3.939e+01 1.172e+02 2.300e+01
s>                        ( - 1.175e+02 1 0)
s>                        ( QUESTION2 -1 3.900e+01 1.694e+02 1.900e+01
s>                            ( QUESTION3 -1 8.662e+01 1.236e+02 1.600e+01
s>                                ( - 1.138e+02 2 0 QUESTION0_2_R 1 2.977e+02 4.000e+00)
s>                                ( - 9.634e+01 2 0 QUESTION0_2_R 1 1.294e+02 1.200e+01))
s>                            ( - 1.218e+02 2 0)))))))INFO: ../dtree.c(1327): Comp split 7
INFO: ../dtree.c(1459): stop. leaf nodes are specific
s>    ( WDBNDRY_E 0 8.531e+01 1.605e+02 4.400e+01
s>        ( - 1.597e+02 1 0)
s>        ( QUESTION0_13_R 1 8.615e+01 1.523e+02 4.200e+01
s>            ( - 1.610e+02 1 0)
s>            ( QUESTION0_20_R 1 7.741e+01 1.295e+02 3.900e+01
s>                ( - 1.675e+02 1 0)
s>                ( - 3.939e+01 7 0))))INFO: ../dtree.c(1327): Comp split 8
s>    ( QUESTION0_13_R 1 8.615e+01 1.523e+02 4.200e+01
s>        ( - 1.610e+02 1 0)
s>        ( QUESTION0_20_R 1 7.741e+01 1.295e+02 3.900e+01
s>            ( - 1.675e+02 1 0)
s>            ( WDBNDRY_B 0 3.939e+01 1.172e+02 2.300e+01
s>                ( - 1.175e+02 1 0)
s>                ( QUESTION2 -1 3.900e+01 1.694e+02 1.900e+01
s>                    ( QUESTION3 -1 8.662e+01 1.236e+02 1.600e+01
s>                        ( QUESTION0_2_R 1 1.138e+02 2.977e+02 4.000e+00
s>                            ( - 1.676e+02 1 0)
s>                            ( - 2.440e+02 1 0))
s>                        ( QUESTION0_2_R 1 9.634e+01 1.294e+02 1.200e+01
s>                            ( - 8.431e+01 1 0)
s>                            ( - 1.414e+02 1 0)))
s>                    ( - 1.218e+02 2 0)))))INFO: ../dtree.c(1327): Comp split 9
INFO: ../dtree.c(1459): stop. leaf nodes are specific
s>    ( QUESTION0_13_R 1 1.065e+02 1.524e+02 4.100e+01
s>        ( - 1.610e+02 1 0)
s>        ( QUESTION3 -1 9.790e+01 1.394e+02 3.800e+01
s>            ( - 1.676e+02 1 0)
s>            ( - 6.978e+01 6 0)))INFO: ../dtree.c(1327): Comp split 10
INFO: ../dtree.c(1459): stop. leaf nodes are specific
s>    ( QUESTION3 -1 9.790e+01 1.394e+02 3.800e+01
s>        ( - 1.676e+02 1 0)
s>        ( QUESTION0_20_R 1 6.978e+01 1.399e+02 3.500e+01
s>            ( - 1.675e+02 1 0)
s>            ( QUESTION0_19_R 1 4.209e+01 1.321e+02 1.900e+01
s>                ( - 1.414e+02 1 0)
s>                ( WDBNDRY_B 0 3.277e+01 1.170e+02 1.700e+01
s>                    ( - 1.175e+02 1 0)
s>                    ( QUESTION2 -1 3.224e+01 1.739e+02 1.300e+01
s>                        ( - 8.431e+01 1 0)
s>                        ( - 1.218e+02 2 0))))))INFO: ../dtree.c(1327): Comp split 11
INFO: ../dtree.c(1459): stop. leaf nodes are specific
s>    ( QUESTION0_19_R 1 1.583e+02 1.405e+02 3.500e+01
s>        ( - 1.414e+02 1 0)
s>        ( QUESTION3 -1 1.574e+02 1.340e+02 3.300e+01
s>            ( - 1.676e+02 1 0)
s>            ( QUESTION0_20_R 1 1.239e+02 1.329e+02 3.000e+01
s>                ( - 1.675e+02 1 0)
s>                ( WDBNDRY_B 0 8.924e+01 1.126e+02 1.400e+01
s>                    ( - 1.175e+02 1 0)
s>                    ( - 8.431e+01 1 0)))))INFO: ../dtree.c(1327): Comp split 12
INFO: ../dtree.c(1459): stop. leaf nodes are specific
s>    ( QUESTION0_19_R 1 1.003e+02 1.304e+02 1.600e+01
s>        ( - 1.414e+02 1 0)
s>        ( WDBNDRY_B 0 8.924e+01 1.126e+02 1.400e+01
s>            ( - 1.175e+02 1 0)
s>            ( - 8.431e+01 1 0)))INFO: ../dtree.c(1327): Comp split 13
INFO: ../dtree.c(1459): stop. leaf nodes are specific
s>    ( WDBNDRY_B 0 8.924e+01 1.126e+02 1.400e+01
s>        ( - 1.175e+02 1 0)
s>        ( - 8.431e+01 1 0))INFO: ../dtree.c(1327): Comp split 14
INFO: ../dtree.c(1327): Comp split 15
INFO: ../dtree.c(1330): stop. leaf nodes are specific
