../..//s3trainer/bin.linux/bldtree \
 -treefn ../..//trees/MODELSET1.unpruned/P-0.dtree \
 -moddeffn ../..//model_architecture/MODELSET1.untied.mdef \
 -mixwfn ../..//model_parameters/MODELSET1.cd_continuous_untied/mixture_weights \
 -ts2cbfn .cont. \
 -meanfn ../..//model_parameters/MODELSET1.cd_continuous_untied/means \
 -varfn ../..//model_parameters/MODELSET1.cd_continuous_untied/variances \
 -mwfloor 1e-8 \
 -psetfn ../..//c_scripts/03.buildtrees/linguistic_questions.automatic \
 -phone P \
 -state 0 \
 -stwt 1.0 0.05 0.0 \
 -ssplitmin 1 \
 -ssplitmax 7 \
 -ssplitthr 0 \
 -csplitmin 1 \
 -csplitmax 2000 \
 -csplitthr 0 \
 -cntthresh 1

[Switch]   [Default] [Value]
-treefn              ../..//trees/MODELSET1.unpruned/P-0.dtree
-moddeffn            ../..//model_architecture/MODELSET1.untied.mdef
-ts2cbfn   .semi.    .cont. 
-meanfn              ../..//model_parameters/MODELSET1.cd_continuous_untied/means
-varfn               ../..//model_parameters/MODELSET1.cd_continuous_untied/variances
-varfloor  0.00001   1.000000e-05
-cntthresh 0.00001   1.000000e+00
-mixwfn              ../..//model_parameters/MODELSET1.cd_continuous_untied/mixture_weights
-psetfn              ../..//c_scripts/03.buildtrees/linguistic_questions.automatic
-phone               P      
-state               0      
-mwfloor   1e-4      1.000000e-08
-stwt                1.0 0.05 0.0
-ssplitthr 8e-4      0.000000e+00
-ssplitmin 1         1      
-ssplitmax 5         7      
-csplitthr 8e-4      0.000000e+00
-csplitmin 1         1      
-csplitmax 100       2000   
INFO: ../main.c(152): Reading: ../..//model_architecture/MODELSET1.untied.mdef
INFO: ../model_def_io.c(562): Model definition info:
INFO: ../model_def_io.c(563): 1000 total models defined (50 base, 950 tri)
INFO: ../model_def_io.c(564): 4000 total states
INFO: ../model_def_io.c(565): 3000 total tied states
INFO: ../model_def_io.c(566): 150 total tied CI states
INFO: ../model_def_io.c(567): 50 total tied transition matrices
INFO: ../model_def_io.c(568): 4 max state/model
INFO: ../model_def_io.c(569): 20 min state/model
INFO: ../main.c(196): Building trees for [P AE I i] through [P Z ER b]
INFO: ../main.c(224): Covering states |[2115 2177]| == 63
INFO: ../main.c(231): Reading: ../..//model_parameters/MODELSET1.cd_continuous_untied/mixture_weights
INFO: ../s3mixw_io.c(151): Read ../..//model_parameters/MODELSET1.cd_continuous_untied/mixture_weights [63x1x1 array]
INFO: ../main.c(269): 21 of 21 models have observation count greater than 1.000000
INFO: ../main.c(67): nrm stwt: 0.952 0.048 0.000 
INFO: ../s3gau_io.c(128): Read ../..//model_parameters/MODELSET1.cd_continuous_untied/means [3000x1x1 array]
INFO: ../s3gau_io.c(128): Read ../..//model_parameters/MODELSET1.cd_continuous_untied/variances [3000x1x1 array]
INFO: ../main.c(510): Reading: ../..//c_scripts/03.buildtrees/linguistic_questions.automatic
INFO: ../main.c(547): 176 total simple questions (168 phone; 8 word bndry)
INFO: ../main.c(549): 42 Left Only questions, and 42 Right Only questions
N model = 21
s>    ( QUESTION0_6_R 1 3.629e+03 2.992e+02 2.710e+02
s>        ( - 1.402e+03 2 0 QUESTION2 -1 1.719e+02 5.500e+01)
s>        ( QUESTION6 1 2.527e+03 2.652e+02 2.160e+02
s>            ( - 2.440e+02 1 0)
s>            ( QUESTION0_11_R 1 2.548e+03 2.245e+02 2.150e+02
s>                ( QUESTION6 -1 1.730e+03 2.694e+02 1.199e+02
s>                    ( - 2.441e+02 1 0)
s>                    ( QUESTION19 -1 1.755e+03 2.462e+02 1.189e+02
s>                        ( - 2.384e+02 1 0)
s>                        ( - 1.763e+03 2 0 WDBNDRY_B 0 1.117e+02 1.179e+02)))
s>                ( QUESTION2_2_L -1 1.043e+03 1.750e+02 9.506e+01
s>                    ( QUESTION2 1 8.535e+02 2.441e+02 6.306e+01
s>                        ( - 2.392e+02 1 0)
s>                        ( - 8.584e+02 3 0 QUESTION0_2_R 1 2.246e+02 6.206e+01))
s>                    ( - 3.645e+02 10 0 QUESTION13 -1 1.360e+02 3.200e+01)))))INFO: ../dtree.c(1327): Comp split 0
INFO: ../dtree.c(1459): stop. leaf nodes are specific
s>    ( QUESTION19 -1 2.980e+03 2.038e+02 1.729e+02
s>        ( - 1.395e+03 1 0)
s>        ( QUESTION0_6_R 1 1.790e+03 1.519e+02 1.199e+02
s>            ( - 1.788e+02 1 0)
s>            ( WDBNDRY_B 0 1.763e+03 1.117e+02 1.179e+02
s>                ( - 4.709e+02 1 0)
s>                ( - 1.404e+03 1 0))))s>    ( QUESTION6 1 1.004e+03 2.648e+02 9.806e+01
s>        ( - 2.440e+02 1 0)
s>        ( QUESTION6 -1 1.025e+03 1.636e+02 9.706e+01
s>            ( QUESTION0_11_R 1 8.293e+02 2.623e+02 6.906e+01
s>                ( - 2.441e+02 1 0)
s>                ( - 8.475e+02 6 0 QUESTION0_13_R 1 1.213e+02 6.806e+01))
s>            ( QUESTION0_11_R 1 3.596e+02 2.482e+02 2.800e+01
s>                ( - 2.384e+02 1 0)
s>                ( QUESTION0_3_R 1 3.694e+02 2.420e+02 2.700e+01
s>                    ( - 2.426e+02 1 0)
s>                    ( QUESTION19 -1 3.688e+02 1.390e+02 2.600e+01
s>                        ( - 2.013e+02 2 0 QUESTION0_15_R 1 1.303e+02 7.000e+00)
s>                        ( QUESTION2_5_L -1 3.066e+02 2.749e+02 1.900e+01
s>                            ( - 2.441e+02 1 0)
s>                            ( - 3.375e+02 4 0 QUESTION0_2_R 1 2.338e+02 1.800e+01)))))))INFO: ../dtree.c(1327): Comp split 1
INFO: ../dtree.c(1459): stop. leaf nodes are specific
s>    ( QUESTION0_6_R 1 1.790e+03 1.519e+02 1.199e+02
s>        ( - 1.788e+02 1 0)
s>        ( WDBNDRY_B 0 1.763e+03 1.117e+02 1.179e+02
s>            ( - 4.709e+02 1 0)
s>            ( - 1.404e+03 1 0)))INFO: ../dtree.c(1327): Comp split 2
INFO: ../dtree.c(1459): stop. leaf nodes are specific
s>    ( WDBNDRY_B 0 1.763e+03 1.117e+02 1.179e+02
s>        ( - 4.709e+02 1 0)
s>        ( - 1.404e+03 1 0))INFO: ../dtree.c(1327): Comp split 3
INFO: ../dtree.c(1327): Comp split 4
s>    ( QUESTION6 1 1.025e+03 2.648e+02 9.706e+01
s>        ( - 2.440e+02 1 0)
s>        ( QUESTION6 -1 1.046e+03 1.686e+02 9.606e+01
s>            ( QUESTION0_11_R 1 8.293e+02 2.623e+02 6.906e+01
s>                ( - 2.441e+02 1 0)
s>                ( - 8.475e+02 6 0 QUESTION0_13_R 1 1.213e+02 6.806e+01))
s>            ( QUESTION0_11_R 1 3.856e+02 2.576e+02 2.700e+01
s>                ( - 2.384e+02 1 0)
s>                ( QUESTION0_3_R 1 4.047e+02 2.434e+02 2.600e+01
s>                    ( - 2.426e+02 1 0)
s>                    ( QUESTION0_2_R 1 4.056e+02 2.327e+02 2.500e+01
s>                        ( - 2.390e+02 1 0)
s>                        ( QUESTION2_5_L -1 3.993e+02 1.404e+02 2.400e+01
s>                            ( - 1.756e+02 1 0)
s>                            ( - 3.640e+02 4 0 SILENCE -1 1.304e+02 2.100e+01)))))))INFO: ../dtree.c(1327): Comp split 5
s>    ( QUESTION6 -1 1.046e+03 1.686e+02 9.606e+01
s>        ( QUESTION0_11_R 1 8.293e+02 2.623e+02 6.906e+01
s>            ( - 2.441e+02 1 0)
s>            ( - 8.475e+02 6 0 QUESTION0_13_R 1 1.213e+02 6.806e+01))
s>        ( QUESTION0_11_R 1 3.856e+02 2.576e+02 2.700e+01
s>            ( - 2.384e+02 1 0)
s>            ( QUESTION0_3_R 1 4.047e+02 2.434e+02 2.600e+01
s>                ( - 2.426e+02 1 0)
s>                ( QUESTION0_2_R 1 4.056e+02 2.327e+02 2.500e+01
s>                    ( - 2.390e+02 1 0)
s>                    ( QUESTION2_5_L -1 3.993e+02 1.404e+02 2.400e+01
s>                        ( - 1.756e+02 1 0)
s>                        ( SILENCE -1 3.640e+02 1.304e+02 2.100e+01
s>                            ( - 1.864e+02 1 0)
s>                            ( - 3.081e+02 3 0 QUESTION0_15_R 1 1.190e+02 1.900e+01)))))))INFO: ../dtree.c(1327): Comp split 6
s>    ( QUESTION0_11_R 1 1.059e+03 2.454e+02 9.506e+01
s>        ( - 2.384e+02 1 0)
s>        ( QUESTION6 -1 1.066e+03 1.867e+02 9.406e+01
s>            ( QUESTION0_13_R 1 8.475e+02 1.213e+02 6.806e+01
s>                ( - 3.607e+02 3 0 QUESTION2 1 2.755e+02 1.800e+01)
s>                ( - 6.081e+02 3 0 QUESTION0_2_R 1 1.149e+02 5.006e+01))
s>            ( QUESTION0_3_R 1 4.047e+02 2.434e+02 2.600e+01
s>                ( - 2.426e+02 1 0)
s>                ( QUESTION0_2_R 1 4.056e+02 2.327e+02 2.500e+01
s>                    ( - 2.390e+02 1 0)
s>                    ( QUESTION2_5_L -1 3.993e+02 1.404e+02 2.400e+01
s>                        ( - 1.756e+02 1 0)
s>                        ( SILENCE -1 3.640e+02 1.304e+02 2.100e+01
s>                            ( - 1.864e+02 1 0)
s>                            ( - 3.081e+02 3 0 QUESTION0_15_R 1 1.190e+02 1.900e+01)))))))INFO: ../dtree.c(1327): Comp split 7
s>    ( QUESTION6 -1 1.066e+03 1.867e+02 9.406e+01
s>        ( QUESTION0_13_R 1 8.475e+02 1.213e+02 6.806e+01
s>            ( QUESTION2 1 3.607e+02 2.755e+02 1.800e+01
s>                ( - 2.392e+02 1 0)
s>                ( - 3.970e+02 2 0 QUESTION12 -1 1.968e+02 1.700e+01))
s>            ( - 6.081e+02 3 0))
s>        ( QUESTION0_3_R 1 4.047e+02 2.434e+02 2.600e+01
s>            ( - 2.426e+02 1 0)
s>            ( QUESTION0_2_R 1 4.056e+02 2.327e+02 2.500e+01
s>                ( - 2.390e+02 1 0)
s>                ( QUESTION2_5_L -1 3.993e+02 1.404e+02 2.400e+01
s>                    ( - 1.756e+02 1 0)
s>                    ( SILENCE -1 3.640e+02 1.304e+02 2.100e+01
s>                        ( - 1.864e+02 1 0)
s>                        ( - 3.081e+02 3 0 QUESTION0_15_R 1 1.190e+02 1.900e+01))))))INFO: ../dtree.c(1327): Comp split 8
s>    ( QUESTION6 -1 1.069e+03 1.870e+02 9.306e+01
s>        ( QUESTION0_13_R 1 8.510e+02 1.542e+02 6.706e+01
s>            ( QUESTION12 -1 3.970e+02 1.968e+02 1.700e+01
s>                ( - 1.434e+02 1 0)
s>                ( - 4.504e+02 1 0))
s>            ( - 6.081e+02 3 0 QUESTION0_2_R 1 1.149e+02 5.006e+01))
s>        ( QUESTION0_3_R 1 4.047e+02 2.434e+02 2.600e+01
s>            ( - 2.426e+02 1 0)
s>            ( QUESTION0_2_R 1 4.056e+02 2.327e+02 2.500e+01
s>                ( - 2.390e+02 1 0)
s>                ( QUESTION2_5_L -1 3.993e+02 1.404e+02 2.400e+01
s>                    ( - 1.756e+02 1 0)
s>                    ( SILENCE -1 3.640e+02 1.304e+02 2.100e+01
s>                        ( - 1.864e+02 1 0)
s>                        ( - 3.081e+02 3 0 QUESTION0_15_R 1 1.190e+02 1.900e+01))))))INFO: ../dtree.c(1327): Comp split 9
s>    ( QUESTION6 -1 8.652e+02 1.771e+02 7.906e+01
s>        ( - 6.376e+02 4 0 QUESTION0_3_R 1 1.146e+02 5.306e+01)
s>        ( QUESTION0_3_R 1 4.047e+02 2.434e+02 2.600e+01
s>            ( - 2.426e+02 1 0)
s>            ( QUESTION0_2_R 1 4.056e+02 2.327e+02 2.500e+01
s>                ( - 2.390e+02 1 0)
s>                ( QUESTION2_5_L -1 3.993e+02 1.404e+02 2.400e+01
s>                    ( - 1.756e+02 1 0)
s>                    ( SILENCE -1 3.640e+02 1.304e+02 2.100e+01
s>                        ( - 1.864e+02 1 0)
s>                        ( QUESTION0_15_R 1 3.081e+02 1.190e+02 1.900e+01
s>                            ( - 1.559e+02 1 0)
s>                            ( WDBNDRY_B 0 2.712e+02 1.283e+02 1.500e+01
s>                                ( - 1.733e+02 1 0)
s>                                ( - 2.262e+02 1 0))))))))INFO: ../dtree.c(1327): Comp split 10
s>    ( QUESTION6 -1 8.592e+02 1.766e+02 7.806e+01
s>        ( QUESTION0_3_R 1 6.376e+02 1.146e+02 5.306e+01
s>            ( - 9.046e+01 1 0)
s>            ( - 6.617e+02 3 0 QUESTION0_2_R 1 1.142e+02 5.106e+01))
s>        ( QUESTION0_2_R 1 3.982e+02 2.437e+02 2.500e+01
s>            ( - 2.426e+02 1 0)
s>            ( QUESTION2_5_L -1 3.993e+02 1.404e+02 2.400e+01
s>                ( - 1.756e+02 1 0)
s>                ( SILENCE -1 3.640e+02 1.304e+02 2.100e+01
s>                    ( - 1.864e+02 1 0)
s>                    ( QUESTION0_15_R 1 3.081e+02 1.190e+02 1.900e+01
s>                        ( - 1.559e+02 1 0)
s>                        ( WDBNDRY_B 0 2.712e+02 1.283e+02 1.500e+01
s>                            ( - 1.733e+02 1 0)
s>                            ( - 2.262e+02 1 0)))))))INFO: ../dtree.c(1327): Comp split 11
s>    ( QUESTION6 -1 8.487e+02 1.881e+02 7.706e+01
s>        ( QUESTION0_3_R 1 6.376e+02 1.146e+02 5.306e+01
s>            ( - 9.046e+01 1 0)
s>            ( QUESTION0_2_R 1 6.617e+02 1.142e+02 5.106e+01
s>                ( - 1.434e+02 1 0)
s>                ( - 6.326e+02 2 0 WDBNDRY_B 0 1.000e+02 4.806e+01)))
s>        ( QUESTION2_5_L -1 3.993e+02 1.404e+02 2.400e+01
s>            ( - 1.756e+02 1 0)
s>            ( SILENCE -1 3.640e+02 1.304e+02 2.100e+01
s>                ( - 1.864e+02 1 0)
s>                ( QUESTION0_15_R 1 3.081e+02 1.190e+02 1.900e+01
s>                    ( - 1.559e+02 1 0)
s>                    ( WDBNDRY_B 0 2.712e+02 1.283e+02 1.500e+01
s>                        ( - 1.733e+02 1 0)
s>                        ( - 2.262e+02 1 0))))))INFO: ../dtree.c(1327): Comp split 12
INFO: ../dtree.c(1459): stop. leaf nodes are specific
s>    ( QUESTION2_5_L -1 4.357e+02 1.395e+02 2.700e+01
s>        ( - 1.756e+02 1 0)
s>        ( QUESTION2_4_L -1 3.995e+02 1.305e+02 2.400e+01
s>            ( QUESTION0_15_R 1 2.460e+02 1.176e+02 1.200e+01
s>                ( - 1.559e+02 1 0)
s>                ( WDBNDRY_B 0 2.076e+02 1.090e+02 8.000e+00
s>                    ( - 1.733e+02 1 0)
s>                    ( - 1.434e+02 1 0)))
s>            ( WDBNDRY_B 0 2.840e+02 1.286e+02 1.200e+01
s>                ( - 1.864e+02 1 0)
s>                ( - 2.262e+02 1 0))))INFO: ../dtree.c(1459): stop. leaf nodes are specific
s>    ( QUESTION0_2_R 1 6.081e+02 1.149e+02 5.006e+01
s>        ( - 9.046e+01 1 0)
s>        ( WDBNDRY_B 0 6.326e+02 1.000e+02 4.806e+01
s>            ( - 6.954e+01 1 0)
s>            ( - 6.631e+02 1 0)))INFO: ../dtree.c(1327): Comp split 13
INFO: ../dtree.c(1459): stop. leaf nodes are specific
s>    ( WDBNDRY_B 0 7.265e+01 8.735e+01 7.000e+00
s>        ( - 6.954e+01 1 0)
s>        ( - 9.046e+01 1 0))INFO: ../dtree.c(1327): Comp split 14
INFO: ../dtree.c(1327): Comp split 15
INFO: ../dtree.c(1327): Comp split 16
INFO: ../dtree.c(1330): stop. leaf nodes are specific
