../..//s3trainer/bin.linux/bldtree \
 -treefn ../..//trees/MODELSET1.unpruned/M-0.dtree \
 -moddeffn ../..//model_architecture/MODELSET1.untied.mdef \
 -mixwfn ../..//model_parameters/MODELSET1.cd_continuous_untied/mixture_weights \
 -ts2cbfn .cont. \
 -meanfn ../..//model_parameters/MODELSET1.cd_continuous_untied/means \
 -varfn ../..//model_parameters/MODELSET1.cd_continuous_untied/variances \
 -mwfloor 1e-8 \
 -psetfn ../..//c_scripts/03.buildtrees/linguistic_questions.automatic \
 -phone M \
 -state 0 \
 -stwt 1.0 0.05 0.0 \
 -ssplitmin 1 \
 -ssplitmax 7 \
 -ssplitthr 0 \
 -csplitmin 1 \
 -csplitmax 2000 \
 -csplitthr 0 \
 -cntthresh 1

[Switch]   [Default] [Value]
-treefn              ../..//trees/MODELSET1.unpruned/M-0.dtree
-moddeffn            ../..//model_architecture/MODELSET1.untied.mdef
-ts2cbfn   .semi.    .cont. 
-meanfn              ../..//model_parameters/MODELSET1.cd_continuous_untied/means
-varfn               ../..//model_parameters/MODELSET1.cd_continuous_untied/variances
-varfloor  0.00001   1.000000e-05
-cntthresh 0.00001   1.000000e+00
-mixwfn              ../..//model_parameters/MODELSET1.cd_continuous_untied/mixture_weights
-psetfn              ../..//c_scripts/03.buildtrees/linguistic_questions.automatic
-phone               M      
-state               0      
-mwfloor   1e-4      1.000000e-08
-stwt                1.0 0.05 0.0
-ssplitthr 8e-4      0.000000e+00
-ssplitmin 1         1      
-ssplitmax 5         7      
-csplitthr 8e-4      0.000000e+00
-csplitmin 1         1      
-csplitmax 100       2000   
INFO: ../main.c(152): Reading: ../..//model_architecture/MODELSET1.untied.mdef
INFO: ../model_def_io.c(562): Model definition info:
INFO: ../model_def_io.c(563): 1000 total models defined (50 base, 950 tri)
INFO: ../model_def_io.c(564): 4000 total states
INFO: ../model_def_io.c(565): 3000 total tied states
INFO: ../model_def_io.c(566): 150 total tied CI states
INFO: ../model_def_io.c(567): 50 total tied transition matrices
INFO: ../model_def_io.c(568): 4 max state/model
INFO: ../model_def_io.c(569): 20 min state/model
INFO: ../main.c(196): Building trees for [M AE DH e] through [M V AY b]
INFO: ../main.c(224): Covering states |[1734 1835]| == 102
INFO: ../main.c(231): Reading: ../..//model_parameters/MODELSET1.cd_continuous_untied/mixture_weights
INFO: ../s3mixw_io.c(151): Read ../..//model_parameters/MODELSET1.cd_continuous_untied/mixture_weights [102x1x1 array]
INFO: ../main.c(269): 34 of 34 models have observation count greater than 1.000000
INFO: ../main.c(67): nrm stwt: 0.952 0.048 0.000 
INFO: ../s3gau_io.c(128): Read ../..//model_parameters/MODELSET1.cd_continuous_untied/means [3000x1x1 array]
INFO: ../s3gau_io.c(128): Read ../..//model_parameters/MODELSET1.cd_continuous_untied/variances [3000x1x1 array]
INFO: ../main.c(510): Reading: ../..//c_scripts/03.buildtrees/linguistic_questions.automatic
INFO: ../main.c(547): 176 total simple questions (168 phone; 8 word bndry)
INFO: ../main.c(549): 42 Left Only questions, and 42 Right Only questions
N model = 34
s>    ( QUESTION12 1 1.091e+02 2.551e+02 1.020e+02
s>        ( - 2.440e+02 1 0)
s>        ( QUESTION2_9_L -1 1.202e+02 2.470e+02 1.010e+02
s>            ( - 2.440e+02 1 0)
s>            ( QUESTION12 -1 1.231e+02 2.232e+02 1.000e+02
s>                ( - 1.768e+02 1 0)
s>                ( QUESTION13 -1 1.695e+02 2.126e+02 9.401e+01
s>                    ( - 2.278e+02 1 0)
s>                    ( QUESTION0_17_R 1 1.543e+02 1.877e+02 9.201e+01
s>                        ( - 2.239e+02 1 0)
s>                        ( QUESTION2_3_L -1 1.181e+02 1.744e+02 7.801e+01
s>                            ( - 1.625e+02 21 0 QUESTION0_6_R 1 2.291e+02 4.901e+01)
s>                            ( QUESTION0_4_R 1 1.300e+02 2.495e+02 2.901e+01
s>                                ( - 2.440e+02 1 0)
s>                                ( - 1.354e+02 7 0 QUESTION0_7_R 1 1.806e+02 2.801e+01))))))))INFO: ../dtree.c(1327): Comp split 0
s>    ( QUESTION2_9_L -1 1.202e+02 2.470e+02 1.010e+02
s>        ( - 2.440e+02 1 0)
s>        ( QUESTION12 -1 1.231e+02 2.232e+02 1.000e+02
s>            ( - 1.768e+02 1 0)
s>            ( QUESTION13 -1 1.695e+02 2.126e+02 9.401e+01
s>                ( - 2.278e+02 1 0)
s>                ( QUESTION0_17_R 1 1.543e+02 1.877e+02 9.201e+01
s>                    ( - 2.239e+02 1 0)
s>                    ( QUESTION2_3_L -1 1.181e+02 1.744e+02 7.801e+01
s>                        ( QUESTION0_6_R 1 1.625e+02 2.291e+02 4.901e+01
s>                            ( - 2.440e+02 1 0)
s>                            ( - 1.475e+02 20 0 QUESTION0_5_R 1 1.593e+02 4.801e+01))
s>                        ( QUESTION0_4_R 1 1.300e+02 2.495e+02 2.901e+01
s>                            ( - 2.440e+02 1 0)
s>                            ( - 1.354e+02 7 0 QUESTION0_7_R 1 1.806e+02 2.801e+01)))))))INFO: ../dtree.c(1327): Comp split 1
s>    ( QUESTION12 -1 1.231e+02 2.232e+02 1.000e+02
s>        ( - 1.768e+02 1 0)
s>        ( QUESTION13 -1 1.695e+02 2.126e+02 9.401e+01
s>            ( - 2.278e+02 1 0)
s>            ( QUESTION0_17_R 1 1.543e+02 1.877e+02 9.201e+01
s>                ( - 2.239e+02 1 0)
s>                ( QUESTION2_3_L -1 1.181e+02 1.744e+02 7.801e+01
s>                    ( QUESTION0_6_R 1 1.625e+02 2.291e+02 4.901e+01
s>                        ( - 2.440e+02 1 0)
s>                        ( - 1.475e+02 20 0 QUESTION0_5_R 1 1.593e+02 4.801e+01))
s>                    ( QUESTION0_4_R 1 1.300e+02 2.495e+02 2.901e+01
s>                        ( - 2.440e+02 1 0)
s>                        ( QUESTION0_7_R 1 1.354e+02 1.806e+02 2.801e+01
s>                            ( - 1.775e+02 1 0)
s>                            ( - 1.385e+02 6 0 QUESTION0_6_R 1 1.847e+02 2.601e+01)))))))INFO: ../dtree.c(1327): Comp split 2
s>    ( QUESTION12 -1 1.230e+02 2.217e+02 9.901e+01
s>        ( - 1.768e+02 1 0)
s>        ( QUESTION13 -1 1.679e+02 2.127e+02 9.301e+01
s>            ( - 2.278e+02 1 0)
s>            ( QUESTION0_17_R 1 1.528e+02 1.878e+02 9.101e+01
s>                ( - 2.239e+02 1 0)
s>                ( QUESTION2_3_L -1 1.167e+02 1.812e+02 7.701e+01
s>                    ( QUESTION0_6_R 1 1.625e+02 2.291e+02 4.901e+01
s>                        ( - 2.440e+02 1 0)
s>                        ( - 1.475e+02 20 0 QUESTION0_5_R 1 1.593e+02 4.801e+01))
s>                    ( QUESTION0_7_R 1 1.354e+02 1.806e+02 2.801e+01
s>                        ( - 1.775e+02 1 0)
s>                        ( QUESTION0_6_R 1 1.385e+02 1.847e+02 2.601e+01
s>                            ( - 1.836e+02 1 0)
s>                            ( - 1.396e+02 5 0 WDBNDRY_B 0 1.248e+02 2.401e+01)))))))INFO: ../dtree.c(1327): Comp split 3
INFO: ../dtree.c(1327): Comp split 4
INFO: ../dtree.c(1330): stop. leaf nodes are specific
