../..//s3trainer/bin.linux/bldtree \
 -treefn ../..//trees/MODELSET1.unpruned/DH-0.dtree \
 -moddeffn ../..//model_architecture/MODELSET1.untied.mdef \
 -mixwfn ../..//model_parameters/MODELSET1.cd_continuous_untied/mixture_weights \
 -ts2cbfn .cont. \
 -meanfn ../..//model_parameters/MODELSET1.cd_continuous_untied/means \
 -varfn ../..//model_parameters/MODELSET1.cd_continuous_untied/variances \
 -mwfloor 1e-8 \
 -psetfn ../..//c_scripts/03.buildtrees/linguistic_questions.automatic \
 -phone DH \
 -state 0 \
 -stwt 1.0 0.05 0.0 \
 -ssplitmin 1 \
 -ssplitmax 7 \
 -ssplitthr 0 \
 -csplitmin 1 \
 -csplitmax 2000 \
 -csplitthr 0 \
 -cntthresh 1

[Switch]   [Default] [Value]
-treefn              ../..//trees/MODELSET1.unpruned/DH-0.dtree
-moddeffn            ../..//model_architecture/MODELSET1.untied.mdef
-ts2cbfn   .semi.    .cont. 
-meanfn              ../..//model_parameters/MODELSET1.cd_continuous_untied/means
-varfn               ../..//model_parameters/MODELSET1.cd_continuous_untied/variances
-varfloor  0.00001   1.000000e-05
-cntthresh 0.00001   1.000000e+00
-mixwfn              ../..//model_parameters/MODELSET1.cd_continuous_untied/mixture_weights
-psetfn              ../..//c_scripts/03.buildtrees/linguistic_questions.automatic
-phone               DH     
-state               0      
-mwfloor   1e-4      1.000000e-08
-stwt                1.0 0.05 0.0
-ssplitthr 8e-4      0.000000e+00
-ssplitmin 1         1      
-ssplitmax 5         7      
-csplitthr 8e-4      0.000000e+00
-csplitmin 1         1      
-csplitmax 100       2000   
INFO: ../main.c(152): Reading: ../..//model_architecture/MODELSET1.untied.mdef
INFO: ../model_def_io.c(562): Model definition info:
INFO: ../model_def_io.c(563): 1000 total models defined (50 base, 950 tri)
INFO: ../model_def_io.c(564): 4000 total states
INFO: ../model_def_io.c(565): 3000 total tied states
INFO: ../model_def_io.c(566): 150 total tied CI states
INFO: ../model_def_io.c(567): 50 total tied transition matrices
INFO: ../model_def_io.c(568): 4 max state/model
INFO: ../model_def_io.c(569): 20 min state/model
INFO: ../main.c(196): Building trees for [DH D AE b] through [DH Z AX b]
INFO: ../main.c(224): Covering states |[714 758]| == 45
INFO: ../main.c(231): Reading: ../..//model_parameters/MODELSET1.cd_continuous_untied/mixture_weights
INFO: ../s3mixw_io.c(151): Read ../..//model_parameters/MODELSET1.cd_continuous_untied/mixture_weights [45x1x1 array]
INFO: ../main.c(269): 15 of 15 models have observation count greater than 1.000000
INFO: ../main.c(67): nrm stwt: 0.952 0.048 0.000 
INFO: ../s3gau_io.c(128): Read ../..//model_parameters/MODELSET1.cd_continuous_untied/means [3000x1x1 array]
INFO: ../s3gau_io.c(128): Read ../..//model_parameters/MODELSET1.cd_continuous_untied/variances [3000x1x1 array]
INFO: ../main.c(510): Reading: ../..//c_scripts/03.buildtrees/linguistic_questions.automatic
INFO: ../main.c(547): 176 total simple questions (168 phone; 8 word bndry)
INFO: ../main.c(549): 42 Left Only questions, and 42 Right Only questions
N model = 15
s>    ( QUESTION4 1 4.493e+02 2.548e+02 1.088e+02
s>        ( - 2.397e+02 1 0)
s>        ( QUESTION9 -1 4.643e+02 2.442e+02 1.078e+02
s>            ( - 2.440e+02 1 0)
s>            ( QUESTION0_5_R 1 4.645e+02 1.809e+02 1.068e+02
s>                ( - 1.135e+02 1 0)
s>                ( SILENCE -1 5.319e+02 1.768e+02 9.276e+01
s>                    ( - 2.096e+02 1 0)
s>                    ( QUESTION2 -1 4.990e+02 1.488e+02 9.076e+01
s>                        ( QUESTION0_0_R 1 5.727e+02 1.472e+02 8.876e+01
s>                            ( - 1.179e+02 1 0)
s>                            ( QUESTION0_2_R 1 6.020e+02 1.448e+02 8.576e+01
s>                                ( - 1.507e+02 1 0)
s>                                ( - 5.961e+02 7 0 QUESTION0_16_R 1 1.395e+02 8.376e+01)))
s>                        ( - 7.513e+01 2 0))))))INFO: ../dtree.c(1327): Comp split 0
s>    ( QUESTION9 -1 4.643e+02 2.442e+02 1.078e+02
s>        ( - 2.440e+02 1 0)
s>        ( QUESTION0_5_R 1 4.645e+02 1.809e+02 1.068e+02
s>            ( - 1.135e+02 1 0)
s>            ( SILENCE -1 5.319e+02 1.768e+02 9.276e+01
s>                ( - 2.096e+02 1 0)
s>                ( QUESTION2 -1 4.990e+02 1.488e+02 9.076e+01
s>                    ( QUESTION0_0_R 1 5.727e+02 1.472e+02 8.876e+01
s>                        ( - 1.179e+02 1 0)
s>                        ( QUESTION0_2_R 1 6.020e+02 1.448e+02 8.576e+01
s>                            ( - 1.507e+02 1 0)
s>                            ( QUESTION0_16_R 1 5.961e+02 1.395e+02 8.376e+01
s>                                ( - 1.493e+02 1 0)
s>                                ( - 5.862e+02 6 0 WDBNDRY_I 0 1.193e+02 8.076e+01))))
s>                    ( - 7.513e+01 2 0)))))INFO: ../dtree.c(1327): Comp split 1
s>    ( QUESTION0_5_R 1 4.645e+02 1.809e+02 1.068e+02
s>        ( - 1.135e+02 1 0)
s>        ( SILENCE -1 5.319e+02 1.768e+02 9.276e+01
s>            ( - 2.096e+02 1 0)
s>            ( QUESTION2 -1 4.990e+02 1.488e+02 9.076e+01
s>                ( QUESTION0_0_R 1 5.727e+02 1.472e+02 8.876e+01
s>                    ( - 1.179e+02 1 0)
s>                    ( QUESTION0_2_R 1 6.020e+02 1.448e+02 8.576e+01
s>                        ( - 1.507e+02 1 0)
s>                        ( QUESTION0_16_R 1 5.961e+02 1.395e+02 8.376e+01
s>                            ( - 1.493e+02 1 0)
s>                            ( WDBNDRY_I 0 5.862e+02 1.193e+02 8.076e+01
s>                                ( - 1.335e+02 1 0)
s>                                ( - 5.720e+02 5 0 WDBNDRY_B 0 1.151e+02 7.576e+01)))))
s>                ( - 7.513e+01 2 0))))INFO: ../dtree.c(1327): Comp split 2
INFO: ../dtree.c(1459): stop. leaf nodes are specific
s>    ( SILENCE -1 6.243e+02 1.769e+02 8.476e+01
s>        ( - 2.096e+02 1 0)
s>        ( QUESTION0_2_R 1 5.915e+02 1.454e+02 8.276e+01
s>            ( - 1.507e+02 1 0)
s>            ( WDBNDRY_I 0 5.862e+02 1.193e+02 8.076e+01
s>                ( - 1.335e+02 1 0)
s>                ( WDBNDRY_B 0 5.720e+02 1.151e+02 7.576e+01
s>                    ( QUESTION2_4_L -1 3.655e+02 7.331e+01 4.700e+01
s>                        ( - 1.028e+02 1 0)
s>                        ( QUESTION4 -1 3.360e+02 1.429e+02 3.700e+01
s>                            ( - 2.314e+02 1 0)
s>                            ( - 2.475e+02 2 0)))
s>                    ( - 3.217e+02 1 0)))))INFO: ../dtree.c(1459): stop. leaf nodes are specific
s>    ( WDBNDRY_B 0 4.130e+01 1.454e+02 2.200e+01
s>        ( QUESTION0_15_R 1 6.876e+01 1.499e+02 1.900e+01
s>            ( - 7.513e+01 2 0)
s>            ( QUESTION0_2_R 1 1.436e+02 1.193e+02 1.700e+01
s>                ( - 1.135e+02 1 0)
s>                ( - 1.493e+02 1 0)))
s>        ( - 1.179e+02 1 0))INFO: ../dtree.c(1327): Comp split 3
INFO: ../dtree.c(1459): stop. leaf nodes are specific
s>    ( QUESTION0_2_R 1 5.915e+02 1.454e+02 8.276e+01
s>        ( - 1.507e+02 1 0)
s>        ( WDBNDRY_I 0 5.862e+02 1.193e+02 8.076e+01
s>            ( - 1.335e+02 1 0)
s>            ( WDBNDRY_B 0 5.720e+02 1.151e+02 7.576e+01
s>                ( - 3.655e+02 4 0)
s>                ( - 3.217e+02 1 0))))INFO: ../dtree.c(1327): Comp split 4
INFO: ../dtree.c(1459): stop. leaf nodes are specific
s>    ( WDBNDRY_I 0 5.862e+02 1.193e+02 8.076e+01
s>        ( - 1.335e+02 1 0)
s>        ( WDBNDRY_B 0 5.720e+02 1.151e+02 7.576e+01
s>            ( QUESTION2_4_L -1 3.655e+02 7.331e+01 4.700e+01
s>                ( - 1.028e+02 1 0)
s>                ( QUESTION4 -1 3.360e+02 1.429e+02 3.700e+01
s>                    ( - 2.314e+02 1 0)
s>                    ( - 2.475e+02 2 0)))
s>            ( - 3.217e+02 1 0)))INFO: ../dtree.c(1327): Comp split 5
INFO: ../dtree.c(1459): stop. leaf nodes are specific
s>    ( WDBNDRY_I 0 5.041e+02 1.207e+02 7.176e+01
s>        ( - 1.335e+02 1 0)
s>        ( WDBNDRY_B 0 4.912e+02 1.159e+02 6.676e+01
s>            ( QUESTION4 -1 2.855e+02 6.474e+01 3.800e+01
s>                ( - 1.028e+02 1 0)
s>                ( - 2.475e+02 2 0))
s>            ( - 3.217e+02 1 0)))INFO: ../dtree.c(1327): Comp split 6
INFO: ../dtree.c(1459): stop. leaf nodes are specific
s>    ( WDBNDRY_B 0 4.912e+02 1.159e+02 6.676e+01
s>        ( QUESTION4 -1 2.855e+02 6.474e+01 3.800e+01
s>            ( - 1.028e+02 1 0)
s>            ( - 2.475e+02 2 0))
s>        ( - 3.217e+02 1 0))INFO: ../dtree.c(1327): Comp split 7
INFO: ../dtree.c(1459): stop. leaf nodes are specific
s>    ( QUESTION4 -1 2.855e+02 6.474e+01 3.800e+01
s>        ( - 1.028e+02 1 0)
s>        ( - 2.475e+02 2 0))INFO: ../dtree.c(1327): Comp split 8
INFO: ../dtree.c(1327): Comp split 9
INFO: ../dtree.c(1459): stop. leaf nodes are specific
s>    ( QUESTION0_15_R 1 6.876e+01 1.499e+02 1.900e+01
s>        ( - 7.513e+01 2 0)
s>        ( QUESTION0_2_R 1 1.436e+02 1.193e+02 1.700e+01
s>            ( - 1.135e+02 1 0)
s>            ( - 1.493e+02 1 0)))INFO: ../dtree.c(1327): Comp split 10
INFO: ../dtree.c(1459): stop. leaf nodes are specific
s>    ( QUESTION0_2_R 1 1.436e+02 1.193e+02 1.700e+01
s>        ( - 1.135e+02 1 0)
s>        ( - 1.493e+02 1 0))INFO: ../dtree.c(1327): Comp split 11
INFO: ../dtree.c(1327): Comp split 12
INFO: ../dtree.c(1330): stop. leaf nodes are specific
