../..//s3trainer/bin.linux/bldtree \
 -treefn ../..//trees/MODELSET1.unpruned/V-2.dtree \
 -moddeffn ../..//model_architecture/MODELSET1.untied.mdef \
 -mixwfn ../..//model_parameters/MODELSET1.cd_continuous_untied/mixture_weights \
 -ts2cbfn .cont. \
 -meanfn ../..//model_parameters/MODELSET1.cd_continuous_untied/means \
 -varfn ../..//model_parameters/MODELSET1.cd_continuous_untied/variances \
 -mwfloor 1e-8 \
 -psetfn ../..//c_scripts/03.buildtrees/linguistic_questions.automatic \
 -phone V \
 -state 2 \
 -stwt 1.0 0.05 0.0 \
 -ssplitmin 1 \
 -ssplitmax 7 \
 -ssplitthr 0 \
 -csplitmin 1 \
 -csplitmax 2000 \
 -csplitthr 0 \
 -cntthresh 1

[Switch]   [Default] [Value]
-treefn              ../..//trees/MODELSET1.unpruned/V-2.dtree
-moddeffn            ../..//model_architecture/MODELSET1.untied.mdef
-ts2cbfn   .semi.    .cont. 
-meanfn              ../..//model_parameters/MODELSET1.cd_continuous_untied/means
-varfn               ../..//model_parameters/MODELSET1.cd_continuous_untied/variances
-varfloor  0.00001   1.000000e-05
-cntthresh 0.00001   1.000000e+00
-mixwfn              ../..//model_parameters/MODELSET1.cd_continuous_untied/mixture_weights
-psetfn              ../..//c_scripts/03.buildtrees/linguistic_questions.automatic
-phone               V      
-state               2      
-mwfloor   1e-4      1.000000e-08
-stwt                1.0 0.05 0.0
-ssplitthr 8e-4      0.000000e+00
-ssplitmin 1         1      
-ssplitmax 5         7      
-csplitthr 8e-4      0.000000e+00
-csplitmin 1         1      
-csplitmax 100       2000   
INFO: ../main.c(152): Reading: ../..//model_architecture/MODELSET1.untied.mdef
INFO: ../model_def_io.c(562): Model definition info:
INFO: ../model_def_io.c(563): 1000 total models defined (50 base, 950 tri)
INFO: ../model_def_io.c(564): 4000 total states
INFO: ../model_def_io.c(565): 3000 total tied states
INFO: ../model_def_io.c(566): 150 total tied CI states
INFO: ../model_def_io.c(567): 50 total tied transition matrices
INFO: ../model_def_io.c(568): 4 max state/model
INFO: ../model_def_io.c(569): 20 min state/model
INFO: ../main.c(196): Building trees for [V AA AO b] through [V SIL I b]
INFO: ../main.c(224): Covering states |[2736 2777]| == 42
INFO: ../main.c(231): Reading: ../..//model_parameters/MODELSET1.cd_continuous_untied/mixture_weights
INFO: ../s3mixw_io.c(151): Read ../..//model_parameters/MODELSET1.cd_continuous_untied/mixture_weights [42x1x1 array]
INFO: ../main.c(269): 14 of 14 models have observation count greater than 1.000000
INFO: ../main.c(67): nrm stwt: 0.000 0.048 0.952 
INFO: ../s3gau_io.c(128): Read ../..//model_parameters/MODELSET1.cd_continuous_untied/means [3000x1x1 array]
INFO: ../s3gau_io.c(128): Read ../..//model_parameters/MODELSET1.cd_continuous_untied/variances [3000x1x1 array]
INFO: ../main.c(510): Reading: ../..//c_scripts/03.buildtrees/linguistic_questions.automatic
INFO: ../main.c(547): 176 total simple questions (168 phone; 8 word bndry)
INFO: ../main.c(549): 42 Left Only questions, and 42 Right Only questions
N model = 14
s>    ( QUESTION0_12_R 1 -9.867e+02 2.734e+02 1.378e+02
s>        ( - 2.440e+02 1 0)
s>        ( QUESTION13 1 -9.574e+02 2.522e+02 1.368e+02
s>            ( - 2.440e+02 1 0)
s>            ( QUESTION7 -1 -9.492e+02 1.757e+02 1.358e+02
s>                ( - 1.531e+02 1 0)
s>                ( QUESTION0_3_R 1 -9.266e+02 1.754e+02 1.338e+02
s>                    ( QUESTION2 -1 -8.197e+02 2.206e+02 1.038e+02
s>                        ( - -7.492e+02 5 0 WDBNDRY_B 0 1.284e+02 9.681e+01)
s>                        ( - 1.502e+02 1 0))
s>                    ( QUESTION2 1 6.848e+01 2.707e+02 2.999e+01
s>                        ( WDBNDRY_I 0 9.518e+01 2.377e+02 2.899e+01
s>                            ( - 2.440e+02 1 0)
s>                            ( - 8.885e+01 3 0 QUESTION0_2_R 1 1.369e+02 2.799e+01))
s>                        ( - 2.440e+02 1 0))))))INFO: ../dtree.c(1327): Comp split 0
INFO: ../dtree.c(1336): stop. b_n->wt_ent_dec (-8.380e+02) <= 0
