../..//s3trainer/bin.linux/bldtree \
 -treefn ../..//trees/MODELSET1.unpruned/AY-2.dtree \
 -moddeffn ../..//model_architecture/MODELSET1.untied.mdef \
 -mixwfn ../..//model_parameters/MODELSET1.cd_continuous_untied/mixture_weights \
 -ts2cbfn .cont. \
 -meanfn ../..//model_parameters/MODELSET1.cd_continuous_untied/means \
 -varfn ../..//model_parameters/MODELSET1.cd_continuous_untied/variances \
 -mwfloor 1e-8 \
 -psetfn ../..//c_scripts/03.buildtrees/linguistic_questions.automatic \
 -phone AY \
 -state 2 \
 -stwt 1.0 0.05 0.0 \
 -ssplitmin 1 \
 -ssplitmax 7 \
 -ssplitthr 0 \
 -csplitmin 1 \
 -csplitmax 2000 \
 -csplitthr 0 \
 -cntthresh 1

[Switch]   [Default] [Value]
-treefn              ../..//trees/MODELSET1.unpruned/AY-2.dtree
-moddeffn            ../..//model_architecture/MODELSET1.untied.mdef
-ts2cbfn   .semi.    .cont. 
-meanfn              ../..//model_parameters/MODELSET1.cd_continuous_untied/means
-varfn               ../..//model_parameters/MODELSET1.cd_continuous_untied/variances
-varfloor  0.00001   1.000000e-05
-cntthresh 0.00001   1.000000e+00
-mixwfn              ../..//model_parameters/MODELSET1.cd_continuous_untied/mixture_weights
-psetfn              ../..//c_scripts/03.buildtrees/linguistic_questions.automatic
-phone               AY     
-state               2      
-mwfloor   1e-4      1.000000e-08
-stwt                1.0 0.05 0.0
-ssplitthr 8e-4      0.000000e+00
-ssplitmin 1         1      
-ssplitmax 5         7      
-csplitthr 8e-4      0.000000e+00
-csplitmin 1         1      
-csplitmax 100       2000   
INFO: ../main.c(152): Reading: ../..//model_architecture/MODELSET1.untied.mdef
INFO: ../model_def_io.c(562): Model definition info:
INFO: ../model_def_io.c(563): 1000 total models defined (50 base, 950 tri)
INFO: ../model_def_io.c(564): 4000 total states
INFO: ../model_def_io.c(565): 3000 total tied states
INFO: ../model_def_io.c(566): 150 total tied CI states
INFO: ../model_def_io.c(567): 50 total tied transition matrices
INFO: ../model_def_io.c(568): 4 max state/model
INFO: ../model_def_io.c(569): 20 min state/model
INFO: ../main.c(196): Building trees for [AY D AO i] through [AY W SH e]
INFO: ../main.c(224): Covering states |[483 524]| == 42
INFO: ../main.c(231): Reading: ../..//model_parameters/MODELSET1.cd_continuous_untied/mixture_weights
INFO: ../s3mixw_io.c(151): Read ../..//model_parameters/MODELSET1.cd_continuous_untied/mixture_weights [42x1x1 array]
INFO: ../main.c(269): 14 of 14 models have observation count greater than 1.000000
INFO: ../main.c(67): nrm stwt: 0.000 0.048 0.952 
INFO: ../s3gau_io.c(128): Read ../..//model_parameters/MODELSET1.cd_continuous_untied/means [3000x1x1 array]
INFO: ../s3gau_io.c(128): Read ../..//model_parameters/MODELSET1.cd_continuous_untied/variances [3000x1x1 array]
INFO: ../main.c(510): Reading: ../..//c_scripts/03.buildtrees/linguistic_questions.automatic
INFO: ../main.c(547): 176 total simple questions (168 phone; 8 word bndry)
INFO: ../main.c(549): 42 Left Only questions, and 42 Right Only questions
N model = 14
s>    ( QUESTION0_13_R 1 1.818e+02 2.529e+02 4.400e+01
s>        ( - 2.440e+02 1 0)
s>        ( WDBNDRY_E 0 1.907e+02 2.534e+02 4.300e+01
s>            ( - 2.385e+02 1 0)
s>            ( QUESTION0_20_R 1 2.055e+02 2.488e+02 4.200e+01
s>                ( - 2.440e+02 1 0)
s>                ( QUESTION0_4_R 1 2.103e+02 2.351e+02 4.100e+01
s>                    ( - 2.440e+02 1 0)
s>                    ( QUESTION8 -1 2.013e+02 2.307e+02 4.000e+01
s>                        ( - 2.441e+02 1 0)
s>                        ( QUESTION5 -1 1.880e+02 1.847e+02 3.900e+01
s>                            ( QUESTION0_0_R 1 9.400e+01 1.798e+02 9.000e+00
s>                                ( - 9.913e+01 1 0)
s>                                ( - 1.746e+02 1 0))
s>                            ( - 2.786e+02 7 0 WDBNDRY_S 0 1.336e+02 3.000e+01)))))))INFO: ../dtree.c(1327): Comp split 0
INFO: ../dtree.c(1459): stop. leaf nodes are specific
s>    ( WDBNDRY_E 0 1.907e+02 2.534e+02 4.300e+01
s>        ( - 2.385e+02 1 0)
s>        ( - 2.055e+02 12 0))INFO: ../dtree.c(1327): Comp split 1
s>    ( QUESTION0_20_R 1 2.055e+02 2.488e+02 4.200e+01
s>        ( - 2.440e+02 1 0)
s>        ( QUESTION0_4_R 1 2.103e+02 2.351e+02 4.100e+01
s>            ( - 2.440e+02 1 0)
s>            ( QUESTION8 -1 2.013e+02 2.307e+02 4.000e+01
s>                ( - 2.441e+02 1 0)
s>                ( QUESTION5 -1 1.880e+02 1.847e+02 3.900e+01
s>                    ( QUESTION0_0_R 1 9.400e+01 1.798e+02 9.000e+00
s>                        ( - 9.913e+01 1 0)
s>                        ( - 1.746e+02 1 0))
s>                    ( WDBNDRY_S 0 2.786e+02 1.336e+02 3.000e+01
s>                        ( - 1.669e+02 1 0)
s>                        ( QUESTION3 -1 2.453e+02 9.601e+01 2.600e+01
s>                            ( - 1.255e+02 1 0)
s>                            ( - 2.159e+02 5 0 QUESTION0_18_R 1 2.520e+02 2.100e+01)))))))INFO: ../dtree.c(1327): Comp split 2
s>    ( QUESTION0_4_R 1 2.103e+02 2.351e+02 4.100e+01
s>        ( - 2.440e+02 1 0)
s>        ( QUESTION8 -1 2.013e+02 2.307e+02 4.000e+01
s>            ( - 2.441e+02 1 0)
s>            ( QUESTION5 -1 1.880e+02 1.847e+02 3.900e+01
s>                ( QUESTION0_0_R 1 9.400e+01 1.798e+02 9.000e+00
s>                    ( - 9.913e+01 1 0)
s>                    ( - 1.746e+02 1 0))
s>                ( WDBNDRY_S 0 2.786e+02 1.336e+02 3.000e+01
s>                    ( - 1.669e+02 1 0)
s>                    ( QUESTION3 -1 2.453e+02 9.601e+01 2.600e+01
s>                        ( - 1.255e+02 1 0)
s>                        ( QUESTION0_18_R 1 2.159e+02 2.520e+02 2.100e+01
s>                            ( - 2.440e+02 1 0)
s>                            ( - 2.238e+02 4 0 QUESTION2 -1 8.911e+01 2.000e+01)))))))INFO: ../dtree.c(1327): Comp split 3
INFO: ../dtree.c(1459): stop. leaf nodes are specific
s>    ( QUESTION0_4_R 1 2.188e+02 2.354e+02 4.000e+01
s>        ( - 2.440e+02 1 0)
s>        ( QUESTION8 -1 2.101e+02 2.304e+02 3.900e+01
s>            ( - 2.441e+02 1 0)
s>            ( QUESTION5 -1 1.965e+02 1.828e+02 3.800e+01
s>                ( QUESTION0_0_R 1 9.400e+01 1.798e+02 9.000e+00
s>                    ( - 9.913e+01 1 0)
s>                    ( - 1.746e+02 1 0))
s>                ( - 2.853e+02 6 0))))INFO: ../dtree.c(1327): Comp split 4
INFO: ../dtree.c(1459): stop. leaf nodes are specific
s>    ( QUESTION8 -1 2.101e+02 2.304e+02 3.900e+01
s>        ( - 2.441e+02 1 0)
s>        ( QUESTION5 -1 1.965e+02 1.828e+02 3.800e+01
s>            ( - 9.400e+01 2 0)
s>            ( WDBNDRY_S 0 2.853e+02 1.341e+02 2.900e+01
s>                ( - 1.669e+02 1 0)
s>                ( QUESTION0_18_R 1 2.524e+02 9.679e+01 2.500e+01
s>                    ( - 1.255e+02 1 0)
s>                    ( QUESTION2 -1 2.238e+02 8.911e+01 2.000e+01
s>                        ( - 1.361e+02 1 0)
s>                        ( QUESTION0_15_R 1 1.768e+02 9.672e+01 1.100e+01
s>                            ( - 1.003e+02 2 0)
s>                            ( - 1.732e+02 1 0)))))))INFO: ../dtree.c(1327): Comp split 5
INFO: ../dtree.c(1459): stop. leaf nodes are specific
s>    ( QUESTION5 -1 1.965e+02 1.828e+02 3.800e+01
s>        ( QUESTION0_0_R 1 9.400e+01 1.798e+02 9.000e+00
s>            ( - 9.913e+01 1 0)
s>            ( - 1.746e+02 1 0))
s>        ( WDBNDRY_S 0 2.853e+02 1.341e+02 2.900e+01
s>            ( - 1.669e+02 1 0)
s>            ( QUESTION0_18_R 1 2.524e+02 9.679e+01 2.500e+01
s>                ( - 1.255e+02 1 0)
s>                ( QUESTION2 -1 2.238e+02 8.911e+01 2.000e+01
s>                    ( - 1.361e+02 1 0)
s>                    ( - 1.768e+02 3 0)))))INFO: ../dtree.c(1327): Comp split 6
INFO: ../dtree.c(1459): stop. leaf nodes are specific
s>    ( QUESTION0_14_R 1 2.212e+02 1.654e+02 3.600e+01
s>        ( QUESTION0_18_R 1 2.524e+02 9.679e+01 2.500e+01
s>            ( - 1.255e+02 1 0)
s>            ( QUESTION2 -1 2.238e+02 8.911e+01 2.000e+01
s>                ( - 1.361e+02 1 0)
s>                ( QUESTION0_15_R 1 1.768e+02 9.672e+01 1.100e+01
s>                    ( - 1.003e+02 2 0)
s>                    ( - 1.732e+02 1 0))))
s>        ( WDBNDRY_S 0 1.341e+02 1.320e+02 1.100e+01
s>            ( - 1.669e+02 1 0)
s>            ( - 9.913e+01 1 0)))INFO: ../dtree.c(1327): Comp split 7
INFO: ../dtree.c(1459): stop. leaf nodes are specific
s>    ( QUESTION0_18_R 1 2.524e+02 9.679e+01 2.500e+01
s>        ( - 1.255e+02 1 0)
s>        ( QUESTION2 -1 2.238e+02 8.911e+01 2.000e+01
s>            ( - 1.361e+02 1 0)
s>            ( QUESTION0_15_R 1 1.768e+02 9.672e+01 1.100e+01
s>                ( - 1.003e+02 2 0)
s>                ( - 1.732e+02 1 0))))INFO: ../dtree.c(1459): stop. leaf nodes are specific
s>    ( WDBNDRY_S 0 1.341e+02 1.320e+02 1.100e+01
s>        ( - 1.669e+02 1 0)
s>        ( - 9.913e+01 1 0))INFO: ../dtree.c(1327): Comp split 8
INFO: ../dtree.c(1459): stop. leaf nodes are specific
s>    ( QUESTION2 -1 2.238e+02 8.911e+01 2.000e+01
s>        ( - 1.361e+02 1 0)
s>        ( QUESTION0_15_R 1 1.768e+02 9.672e+01 1.100e+01
s>            ( - 1.003e+02 2 0)
s>            ( - 1.732e+02 1 0)))INFO: ../dtree.c(1327): Comp split 9
INFO: ../dtree.c(1459): stop. leaf nodes are specific
s>    ( QUESTION0_15_R 1 2.177e+02 9.160e+01 1.700e+01
s>        ( - 1.361e+02 1 0)
s>        ( - 1.732e+02 1 0))INFO: ../dtree.c(1327): Comp split 10
INFO: ../dtree.c(1327): Comp split 11
INFO: ../dtree.c(1327): Comp split 12
INFO: ../dtree.c(1330): stop. leaf nodes are specific
