../..//s3trainer/bin.linux/bldtree \
 -treefn ../..//trees/MODELSET1.unpruned/AX-1.dtree \
 -moddeffn ../..//model_architecture/MODELSET1.untied.mdef \
 -mixwfn ../..//model_parameters/MODELSET1.cd_continuous_untied/mixture_weights \
 -ts2cbfn .cont. \
 -meanfn ../..//model_parameters/MODELSET1.cd_continuous_untied/means \
 -varfn ../..//model_parameters/MODELSET1.cd_continuous_untied/variances \
 -mwfloor 1e-8 \
 -psetfn ../..//c_scripts/03.buildtrees/linguistic_questions.automatic \
 -phone AX \
 -state 1 \
 -stwt 1.0 0.05 0.0 \
 -ssplitmin 1 \
 -ssplitmax 7 \
 -ssplitthr 0 \
 -csplitmin 1 \
 -csplitmax 2000 \
 -csplitthr 0 \
 -cntthresh 1

[Switch]   [Default] [Value]
-treefn              ../..//trees/MODELSET1.unpruned/AX-1.dtree
-moddeffn            ../..//model_architecture/MODELSET1.untied.mdef
-ts2cbfn   .semi.    .cont. 
-meanfn              ../..//model_parameters/MODELSET1.cd_continuous_untied/means
-varfn               ../..//model_parameters/MODELSET1.cd_continuous_untied/variances
-varfloor  0.00001   1.000000e-05
-cntthresh 0.00001   1.000000e+00
-mixwfn              ../..//model_parameters/MODELSET1.cd_continuous_untied/mixture_weights
-psetfn              ../..//c_scripts/03.buildtrees/linguistic_questions.automatic
-phone               AX     
-state               1      
-mwfloor   1e-4      1.000000e-08
-stwt                1.0 0.05 0.0
-ssplitthr 8e-4      0.000000e+00
-ssplitmin 1         1      
-ssplitmax 5         7      
-csplitthr 8e-4      0.000000e+00
-csplitmin 1         1      
-csplitmax 100       2000   
INFO: ../main.c(152): Reading: ../..//model_architecture/MODELSET1.untied.mdef
INFO: ../model_def_io.c(562): Model definition info:
INFO: ../model_def_io.c(563): 1000 total models defined (50 base, 950 tri)
INFO: ../model_def_io.c(564): 4000 total states
INFO: ../model_def_io.c(565): 3000 total tied states
INFO: ../model_def_io.c(566): 150 total tied CI states
INFO: ../model_def_io.c(567): 50 total tied transition matrices
INFO: ../model_def_io.c(568): 4 max state/model
INFO: ../model_def_io.c(569): 20 min state/model
INFO: ../main.c(196): Building trees for [AX B N i] through [AX ZH N i]
INFO: ../main.c(224): Covering states |[357 482]| == 126
INFO: ../main.c(231): Reading: ../..//model_parameters/MODELSET1.cd_continuous_untied/mixture_weights
INFO: ../s3mixw_io.c(151): Read ../..//model_parameters/MODELSET1.cd_continuous_untied/mixture_weights [126x1x1 array]
INFO: ../main.c(269): 42 of 42 models have observation count greater than 1.000000
INFO: ../main.c(67): nrm stwt: 0.045 0.909 0.045 
INFO: ../s3gau_io.c(128): Read ../..//model_parameters/MODELSET1.cd_continuous_untied/means [3000x1x1 array]
INFO: ../s3gau_io.c(128): Read ../..//model_parameters/MODELSET1.cd_continuous_untied/variances [3000x1x1 array]
INFO: ../main.c(510): Reading: ../..//c_scripts/03.buildtrees/linguistic_questions.automatic
INFO: ../main.c(547): 176 total simple questions (168 phone; 8 word bndry)
INFO: ../main.c(549): 42 Left Only questions, and 42 Right Only questions
N model = 42
s>    ( QUESTION0 -1 1.107e+03 2.534e+02 1.723e+02
s>        ( - 2.440e+02 1 0)
s>        ( QUESTION0_4_R 1 1.116e+03 2.443e+02 1.713e+02
s>            ( - 2.440e+02 1 0)
s>            ( QUESTION2_12_L -1 1.117e+03 2.380e+02 1.703e+02
s>                ( - 2.440e+02 1 0)
s>                ( SILENCE -1 1.111e+03 2.320e+02 1.693e+02
s>                    ( - 2.553e+02 1 0)
s>                    ( QUESTION2_5_L -1 1.087e+03 2.305e+02 1.683e+02
s>                        ( - 2.417e+02 1 0)
s>                        ( QUESTION0_6_R 1 1.076e+03 2.252e+02 1.673e+02
s>                            ( - 2.412e+02 1 0)
s>                            ( QUESTION6 1 1.060e+03 1.842e+02 1.663e+02
s>                                ( - 1.033e+03 16 0 WDBNDRY_S 0 2.431e+02 8.702e+01)
s>                                ( - 2.109e+02 20 0 WDBNDRY_E 0 1.701e+02 7.930e+01))))))))INFO: ../dtree.c(1327): Comp split 0
s>    ( QUESTION0_4_R 1 1.116e+03 2.443e+02 1.713e+02
s>        ( - 2.440e+02 1 0)
s>        ( QUESTION2_12_L -1 1.117e+03 2.380e+02 1.703e+02
s>            ( - 2.440e+02 1 0)
s>            ( SILENCE -1 1.111e+03 2.320e+02 1.693e+02
s>                ( - 2.553e+02 1 0)
s>                ( QUESTION2_5_L -1 1.087e+03 2.305e+02 1.683e+02
s>                    ( - 2.417e+02 1 0)
s>                    ( QUESTION0_6_R 1 1.076e+03 2.252e+02 1.673e+02
s>                        ( - 2.412e+02 1 0)
s>                        ( QUESTION6 1 1.060e+03 1.842e+02 1.663e+02
s>                            ( WDBNDRY_S 0 1.033e+03 2.431e+02 8.702e+01
s>                                ( - 2.394e+02 1 0)
s>                                ( - 1.037e+03 15 0 QUESTION2_13_L -1 1.662e+02 8.602e+01))
s>                            ( - 2.109e+02 20 0 WDBNDRY_E 0 1.701e+02 7.930e+01)))))))INFO: ../dtree.c(1327): Comp split 1
INFO: ../dtree.c(1459): stop. leaf nodes are specific
s>    ( QUESTION2_12_L -1 1.117e+03 2.380e+02 1.703e+02
s>        ( - 2.440e+02 1 0)
s>        ( - 1.111e+03 39 0))INFO: ../dtree.c(1327): Comp split 2
s>    ( SILENCE -1 1.111e+03 2.320e+02 1.693e+02
s>        ( - 2.553e+02 1 0)
s>        ( QUESTION2_5_L -1 1.087e+03 2.305e+02 1.683e+02
s>            ( - 2.417e+02 1 0)
s>            ( QUESTION0_6_R 1 1.076e+03 2.252e+02 1.673e+02
s>                ( - 2.412e+02 1 0)
s>                ( QUESTION6 1 1.060e+03 1.842e+02 1.663e+02
s>                    ( WDBNDRY_S 0 1.033e+03 2.431e+02 8.702e+01
s>                        ( - 2.394e+02 1 0)
s>                        ( QUESTION2_13_L -1 1.037e+03 1.662e+02 8.602e+01
s>                            ( - 3.056e+02 5 0 QUESTION0_2_R 1 1.535e+02 4.400e+01)
s>                            ( - 8.978e+02 10 0 WDBNDRY_B 0 1.505e+02 4.202e+01)))
s>                    ( WDBNDRY_E 0 2.109e+02 1.701e+02 7.930e+01
s>                        ( - 1.692e+02 1 0)
s>                        ( - 2.117e+02 19 0 QUESTION0_19_R 1 1.501e+02 7.730e+01))))))INFO: ../dtree.c(1327): Comp split 3
s>    ( SILENCE -1 1.110e+03 2.321e+02 1.683e+02
s>        ( - 2.553e+02 1 0)
s>        ( QUESTION2_5_L -1 1.087e+03 2.304e+02 1.673e+02
s>            ( - 2.417e+02 1 0)
s>            ( QUESTION0_6_R 1 1.076e+03 2.253e+02 1.663e+02
s>                ( - 2.412e+02 1 0)
s>                ( QUESTION6 1 1.060e+03 1.882e+02 1.653e+02
s>                    ( QUESTION2_13_L -1 1.037e+03 1.662e+02 8.602e+01
s>                        ( QUESTION0_2_R 1 3.056e+02 1.535e+02 4.400e+01
s>                            ( - 2.539e+02 1 0)
s>                            ( - 2.052e+02 4 0 QUESTION0_0_R 1 1.131e+02 2.000e+01))
s>                        ( - 8.978e+02 10 0 WDBNDRY_B 0 1.505e+02 4.202e+01))
s>                    ( WDBNDRY_E 0 2.109e+02 1.701e+02 7.930e+01
s>                        ( - 1.692e+02 1 0)
s>                        ( - 2.117e+02 19 0))))))INFO: ../dtree.c(1327): Comp split 4
INFO: ../dtree.c(1327): Comp split 5
INFO: ../dtree.c(1330): stop. leaf nodes are specific
