../..//s3trainer/bin.linux/bldtree \
 -treefn ../..//trees/MODELSET1.unpruned/HH-2.dtree \
 -moddeffn ../..//model_architecture/MODELSET1.untied.mdef \
 -mixwfn ../..//model_parameters/MODELSET1.cd_continuous_untied/mixture_weights \
 -ts2cbfn .cont. \
 -meanfn ../..//model_parameters/MODELSET1.cd_continuous_untied/means \
 -varfn ../..//model_parameters/MODELSET1.cd_continuous_untied/variances \
 -mwfloor 1e-8 \
 -psetfn ../..//c_scripts/03.buildtrees/linguistic_questions.automatic \
 -phone HH \
 -state 2 \
 -stwt 1.0 0.05 0.0 \
 -ssplitmin 1 \
 -ssplitmax 7 \
 -ssplitthr 0 \
 -csplitmin 1 \
 -csplitmax 2000 \
 -csplitthr 0 \
 -cntthresh 1

[Switch]   [Default] [Value]
-treefn              ../..//trees/MODELSET1.unpruned/HH-2.dtree
-moddeffn            ../..//model_architecture/MODELSET1.untied.mdef
-ts2cbfn   .semi.    .cont. 
-meanfn              ../..//model_parameters/MODELSET1.cd_continuous_untied/means
-varfn               ../..//model_parameters/MODELSET1.cd_continuous_untied/variances
-varfloor  0.00001   1.000000e-05
-cntthresh 0.00001   1.000000e+00
-mixwfn              ../..//model_parameters/MODELSET1.cd_continuous_untied/mixture_weights
-psetfn              ../..//c_scripts/03.buildtrees/linguistic_questions.automatic
-phone               HH     
-state               2      
-mwfloor   1e-4      1.000000e-08
-stwt                1.0 0.05 0.0
-ssplitthr 8e-4      0.000000e+00
-ssplitmin 1         1      
-ssplitmax 5         7      
-csplitthr 8e-4      0.000000e+00
-csplitmin 1         1      
-csplitmax 100       2000   
INFO: ../main.c(152): Reading: ../..//model_architecture/MODELSET1.untied.mdef
INFO: ../model_def_io.c(562): Model definition info:
INFO: ../model_def_io.c(563): 1000 total models defined (50 base, 950 tri)
INFO: ../model_def_io.c(564): 4000 total states
INFO: ../model_def_io.c(565): 3000 total tied states
INFO: ../model_def_io.c(566): 150 total tied CI states
INFO: ../model_def_io.c(567): 50 total tied transition matrices
INFO: ../model_def_io.c(568): 4 max state/model
INFO: ../model_def_io.c(569): 20 min state/model
INFO: ../main.c(196): Building trees for [HH ER AA b] through [HH ez AY b]
INFO: ../main.c(224): Covering states |[1149 1172]| == 24
INFO: ../main.c(231): Reading: ../..//model_parameters/MODELSET1.cd_continuous_untied/mixture_weights
INFO: ../s3mixw_io.c(151): Read ../..//model_parameters/MODELSET1.cd_continuous_untied/mixture_weights [24x1x1 array]
INFO: ../main.c(269): 8 of 8 models have observation count greater than 1.000000
INFO: ../main.c(67): nrm stwt: 0.000 0.048 0.952 
INFO: ../s3gau_io.c(128): Read ../..//model_parameters/MODELSET1.cd_continuous_untied/means [3000x1x1 array]
INFO: ../s3gau_io.c(128): Read ../..//model_parameters/MODELSET1.cd_continuous_untied/variances [3000x1x1 array]
INFO: ../main.c(510): Reading: ../..//c_scripts/03.buildtrees/linguistic_questions.automatic
INFO: ../main.c(547): 176 total simple questions (168 phone; 8 word bndry)
INFO: ../main.c(549): 42 Left Only questions, and 42 Right Only questions
N model = 8
s>    ( QUESTION6 -1 2.583e+02 2.791e+02 1.070e+02
s>        ( - 2.361e+02 1 0)
s>        ( QUESTION4 -1 3.013e+02 2.503e+02 1.060e+02
s>            ( - 2.440e+02 1 0)
s>            ( WDBNDRY_B 0 3.076e+02 1.569e+02 1.050e+02
s>                ( QUESTION0_3_R 1 2.875e+02 1.529e+02 1.030e+02
s>                    ( QUESTION0_6_R 1 2.776e+02 1.521e+02 7.400e+01
s>                        ( - 2.543e+02 1 0)
s>                        ( QUESTION2_4_L -1 1.755e+02 2.400e+02 8.000e+00
s>                            ( - 2.440e+02 1 0)
s>                            ( QUESTION0_4_R 1 1.714e+02 2.542e+02 7.000e+00
s>                                ( - 1.816e+02 1 0)
s>                                ( - 2.440e+02 1 0))))
s>                    ( - 1.627e+02 1 0))
s>                ( - 1.770e+02 1 0))))INFO: ../dtree.c(1327): Comp split 0
INFO: ../dtree.c(1459): stop. leaf nodes are specific
s>    ( QUESTION4 -1 3.013e+02 2.503e+02 1.060e+02
s>        ( - 2.440e+02 1 0)
s>        ( WDBNDRY_B 0 3.076e+02 1.569e+02 1.050e+02
s>            ( QUESTION0_3_R 1 2.875e+02 1.529e+02 1.030e+02
s>                ( QUESTION0_6_R 1 2.776e+02 1.521e+02 7.400e+01
s>                    ( - 2.543e+02 1 0)
s>                    ( QUESTION2_4_L -1 1.755e+02 2.400e+02 8.000e+00
s>                        ( - 2.440e+02 1 0)
s>                        ( QUESTION0_4_R 1 1.714e+02 2.542e+02 7.000e+00
s>                            ( - 1.816e+02 1 0)
s>                            ( - 2.440e+02 1 0))))
s>                ( - 1.627e+02 1 0))
s>            ( - 1.770e+02 1 0)))INFO: ../dtree.c(1327): Comp split 1
INFO: ../dtree.c(1459): stop. leaf nodes are specific
s>    ( WDBNDRY_B 0 3.076e+02 1.569e+02 1.050e+02
s>        ( QUESTION0_3_R 1 2.875e+02 1.529e+02 1.030e+02
s>            ( QUESTION0_6_R 1 2.776e+02 1.521e+02 7.400e+01
s>                ( - 2.543e+02 1 0)
s>                ( QUESTION2_4_L -1 1.755e+02 2.400e+02 8.000e+00
s>                    ( - 2.440e+02 1 0)
s>                    ( QUESTION0_4_R 1 1.714e+02 2.542e+02 7.000e+00
s>                        ( - 1.816e+02 1 0)
s>                        ( - 2.440e+02 1 0))))
s>            ( - 1.627e+02 1 0))
s>        ( - 1.770e+02 1 0))INFO: ../dtree.c(1327): Comp split 2
INFO: ../dtree.c(1459): stop. leaf nodes are specific
s>    ( QUESTION0_10_R 1 3.123e+02 2.419e+02 1.040e+02
s>        ( - 2.440e+02 1 0)
s>        ( WDBNDRY_B 0 3.102e+02 1.566e+02 1.030e+02
s>            ( QUESTION0_3_R 1 2.898e+02 1.566e+02 1.010e+02
s>                ( QUESTION0_4_R 1 2.837e+02 1.522e+02 7.200e+01
s>                    ( - 1.816e+02 1 0)
s>                    ( - 2.543e+02 1 0))
s>                ( - 1.627e+02 1 0))
s>            ( - 1.770e+02 1 0)))INFO: ../dtree.c(1327): Comp split 3
INFO: ../dtree.c(1459): stop. leaf nodes are specific
s>    ( WDBNDRY_B 0 3.102e+02 1.566e+02 1.030e+02
s>        ( QUESTION0_3_R 1 2.898e+02 1.566e+02 1.010e+02
s>            ( QUESTION0_4_R 1 2.837e+02 1.522e+02 7.200e+01
s>                ( - 1.816e+02 1 0)
s>                ( - 2.543e+02 1 0))
s>            ( - 1.627e+02 1 0))
s>        ( - 1.770e+02 1 0))INFO: ../dtree.c(1327): Comp split 4
INFO: ../dtree.c(1459): stop. leaf nodes are specific
s>    ( QUESTION0_3_R 1 2.898e+02 1.566e+02 1.010e+02
s>        ( QUESTION0_4_R 1 2.837e+02 1.522e+02 7.200e+01
s>            ( - 1.816e+02 1 0)
s>            ( - 2.543e+02 1 0))
s>        ( - 1.627e+02 1 0))INFO: ../dtree.c(1327): Comp split 5
INFO: ../dtree.c(1459): stop. leaf nodes are specific
s>    ( QUESTION0_4_R 1 2.837e+02 1.522e+02 7.200e+01
s>        ( - 1.816e+02 1 0)
s>        ( - 2.543e+02 1 0))INFO: ../dtree.c(1327): Comp split 6
INFO: ../dtree.c(1327): Comp split 7
INFO: ../dtree.c(1330): stop. leaf nodes are specific
