../..//s3trainer/bin.linux/bldtree \
 -treefn ../..//trees/MODELSET1.unpruned/EY-2.dtree \
 -moddeffn ../..//model_architecture/MODELSET1.untied.mdef \
 -mixwfn ../..//model_parameters/MODELSET1.cd_continuous_untied/mixture_weights \
 -ts2cbfn .cont. \
 -meanfn ../..//model_parameters/MODELSET1.cd_continuous_untied/means \
 -varfn ../..//model_parameters/MODELSET1.cd_continuous_untied/variances \
 -mwfloor 1e-8 \
 -psetfn ../..//c_scripts/03.buildtrees/linguistic_questions.automatic \
 -phone EY \
 -state 2 \
 -stwt 1.0 0.05 0.0 \
 -ssplitmin 1 \
 -ssplitmax 7 \
 -ssplitthr 0 \
 -csplitmin 1 \
 -csplitmax 2000 \
 -csplitthr 0 \
 -cntthresh 1

[Switch]   [Default] [Value]
-treefn              ../..//trees/MODELSET1.unpruned/EY-2.dtree
-moddeffn            ../..//model_architecture/MODELSET1.untied.mdef
-ts2cbfn   .semi.    .cont. 
-meanfn              ../..//model_parameters/MODELSET1.cd_continuous_untied/means
-varfn               ../..//model_parameters/MODELSET1.cd_continuous_untied/variances
-varfloor  0.00001   1.000000e-05
-cntthresh 0.00001   1.000000e+00
-mixwfn              ../..//model_parameters/MODELSET1.cd_continuous_untied/mixture_weights
-psetfn              ../..//c_scripts/03.buildtrees/linguistic_questions.automatic
-phone               EY     
-state               2      
-mwfloor   1e-4      1.000000e-08
-stwt                1.0 0.05 0.0
-ssplitthr 8e-4      0.000000e+00
-ssplitmin 1         1      
-ssplitmax 5         7      
-csplitthr 8e-4      0.000000e+00
-csplitmin 1         1      
-csplitmax 100       2000   
INFO: ../main.c(152): Reading: ../..//model_architecture/MODELSET1.untied.mdef
INFO: ../model_def_io.c(562): Model definition info:
INFO: ../model_def_io.c(563): 1000 total models defined (50 base, 950 tri)
INFO: ../model_def_io.c(564): 4000 total states
INFO: ../model_def_io.c(565): 3000 total tied states
INFO: ../model_def_io.c(566): 150 total tied CI states
INFO: ../model_def_io.c(567): 50 total tied transition matrices
INFO: ../model_def_io.c(568): 4 max state/model
INFO: ../model_def_io.c(569): 20 min state/model
INFO: ../main.c(196): Building trees for [EY D K i] through [EY Z F b]
INFO: ../main.c(224): Covering states |[984 1037]| == 54
INFO: ../main.c(231): Reading: ../..//model_parameters/MODELSET1.cd_continuous_untied/mixture_weights
INFO: ../s3mixw_io.c(151): Read ../..//model_parameters/MODELSET1.cd_continuous_untied/mixture_weights [54x1x1 array]
INFO: ../main.c(269): 18 of 18 models have observation count greater than 1.000000
INFO: ../main.c(67): nrm stwt: 0.000 0.048 0.952 
INFO: ../s3gau_io.c(128): Read ../..//model_parameters/MODELSET1.cd_continuous_untied/means [3000x1x1 array]
INFO: ../s3gau_io.c(128): Read ../..//model_parameters/MODELSET1.cd_continuous_untied/variances [3000x1x1 array]
INFO: ../main.c(510): Reading: ../..//c_scripts/03.buildtrees/linguistic_questions.automatic
INFO: ../main.c(547): 176 total simple questions (168 phone; 8 word bndry)
INFO: ../main.c(549): 42 Left Only questions, and 42 Right Only questions
N model = 18
s>    ( QUESTION7 -1 1.568e+03 2.930e+02 1.229e+02
s>        ( QUESTION0_15_R 1 1.224e+03 2.873e+02 7.493e+01
s>            ( - 2.440e+02 1 0)
s>            ( WDBNDRY_B 0 1.267e+03 2.654e+02 7.393e+01
s>                ( - 2.440e+02 1 0)
s>                ( - 1.288e+03 4 0 QUESTION0_17_R 1 2.272e+02 7.293e+01)))
s>        ( WDBNDRY_I 0 6.371e+02 3.352e+02 4.800e+01
s>            ( QUESTION0_15_R 1 3.539e+02 2.381e+02 2.800e+01
s>                ( - 2.440e+02 1 0)
s>                ( - 3.479e+02 7 0 QUESTION2 -1 2.189e+02 2.700e+01))
s>            ( QUESTION0_15_R 1 6.184e+02 2.895e+02 2.000e+01
s>                ( - 2.440e+02 1 0)
s>                ( QUESTION2_4_L -1 6.639e+02 2.494e+02 1.900e+01
s>                    ( - 2.440e+02 1 0)
s>                    ( - 6.692e+02 2 0 WDBNDRY_B 0 1.712e+02 1.800e+01)))))INFO: ../dtree.c(1327): Comp split 0
INFO: ../dtree.c(1459): stop. leaf nodes are specific
s>    ( QUESTION2_4_L -1 1.675e+03 2.885e+02 9.193e+01
s>        ( WDBNDRY_E 0 1.295e+03 2.378e+02 7.393e+01
s>            ( - 2.440e+02 1 0)
s>            ( QUESTION0_17_R 1 1.288e+03 2.272e+02 7.293e+01
s>                ( - 5.630e+02 1 0)
s>                ( QUESTION0_13_R 1 9.525e+02 2.083e+02 5.893e+01
s>                    ( - 3.127e+02 1 0)
s>                    ( QUESTION0_2_R 1 8.481e+02 1.782e+02 4.893e+01
s>                        ( - 6.310e+02 1 0)
s>                        ( - 3.954e+02 1 0)))))
s>        ( WDBNDRY_B 0 6.692e+02 1.712e+02 1.800e+01
s>            ( - 3.631e+02 1 0)
s>            ( - 4.773e+02 1 0)))INFO: ../dtree.c(1459): stop. leaf nodes are specific
s>    ( WDBNDRY_E 0 3.464e+02 2.603e+02 3.100e+01
s>        ( - 2.440e+02 1 0)
s>        ( WDBNDRY_B 0 3.627e+02 2.352e+02 3.000e+01
s>            ( - 2.440e+02 1 0)
s>            ( - 3.539e+02 9 0)))INFO: ../dtree.c(1327): Comp split 1
INFO: ../dtree.c(1459): stop. leaf nodes are specific
s>    ( WDBNDRY_I 0 1.008e+03 2.243e+02 3.200e+01
s>        ( - 5.630e+02 1 0)
s>        ( WDBNDRY_B 0 6.692e+02 1.712e+02 1.800e+01
s>            ( - 3.631e+02 1 0)
s>            ( - 4.773e+02 1 0)))INFO: ../dtree.c(1459): stop. leaf nodes are specific
s>    ( WDBNDRY_E 0 9.590e+02 2.375e+02 5.993e+01
s>        ( - 2.440e+02 1 0)
s>        ( QUESTION0_13_R 1 9.525e+02 2.083e+02 5.893e+01
s>            ( - 3.127e+02 1 0)
s>            ( QUESTION0_2_R 1 8.481e+02 1.782e+02 4.893e+01
s>                ( - 6.310e+02 1 0)
s>                ( - 3.954e+02 1 0))))INFO: ../dtree.c(1327): Comp split 2
INFO: ../dtree.c(1327): Comp split 3
INFO: ../dtree.c(1459): stop. leaf nodes are specific
s>    ( QUESTION0_13_R 1 9.525e+02 2.083e+02 5.893e+01
s>        ( - 3.127e+02 1 0)
s>        ( QUESTION0_2_R 1 8.481e+02 1.782e+02 4.893e+01
s>            ( - 6.310e+02 1 0)
s>            ( - 3.954e+02 1 0)))INFO: ../dtree.c(1327): Comp split 4
INFO: ../dtree.c(1459): stop. leaf nodes are specific
s>    ( QUESTION0_2_R 1 8.481e+02 1.782e+02 4.893e+01
s>        ( - 6.310e+02 1 0)
s>        ( - 3.954e+02 1 0))INFO: ../dtree.c(1327): Comp split 5
INFO: ../dtree.c(1327): Comp split 6
s>    ( WDBNDRY_B 0 3.627e+02 2.352e+02 3.000e+01
s>        ( - 2.440e+02 1 0)
s>        ( QUESTION6 -1 3.539e+02 2.440e+02 2.900e+01
s>            ( - 2.440e+02 1 0)
s>            ( QUESTION0_15_R 1 3.539e+02 2.381e+02 2.800e+01
s>                ( - 2.440e+02 1 0)
s>                ( QUESTION2 -1 3.479e+02 2.189e+02 2.700e+01
s>                    ( QUESTION0_2_R 1 1.803e+02 2.703e+02 1.000e+01
s>                        ( QUESTION0_3_R 1 2.066e+02 1.805e+02 9.000e+00
s>                            ( - 2.094e+02 2 0 QUESTION2_4_L -1 2.731e+02 7.000e+00)
s>                            ( - 1.776e+02 1 0))
s>                        ( - 2.440e+02 1 0))
s>                    ( QUESTION0_2_R 1 3.865e+02 2.549e+02 1.700e+01
s>                        ( - 4.019e+02 2 0)
s>                        ( - 2.395e+02 1 0))))))INFO: ../dtree.c(1327): Comp split 7
s>    ( QUESTION0_16_R 1 3.756e+02 2.467e+02 2.900e+01
s>        ( - 2.395e+02 1 0)
s>        ( WDBNDRY_B 0 3.828e+02 2.373e+02 2.800e+01
s>            ( - 2.440e+02 1 0)
s>            ( QUESTION6 -1 3.761e+02 2.481e+02 2.700e+01
s>                ( - 2.440e+02 1 0)
s>                ( QUESTION0_2_R 1 3.801e+02 2.389e+02 2.600e+01
s>                    ( QUESTION2 -1 3.750e+02 2.335e+02 2.500e+01
s>                        ( QUESTION0_3_R 1 2.066e+02 1.805e+02 9.000e+00
s>                            ( QUESTION2_4_L -1 2.094e+02 2.731e+02 7.000e+00
s>                                ( - 2.385e+02 1 0)
s>                                ( - 2.440e+02 1 0))
s>                            ( - 1.776e+02 1 0))
s>                        ( - 4.019e+02 2 0))
s>                    ( - 2.440e+02 1 0)))))INFO: ../dtree.c(1327): Comp split 8
INFO: ../dtree.c(1327): Comp split 9
INFO: ../dtree.c(1330): stop. leaf nodes are specific
