../..//s3trainer/bin.linux/bldtree \
 -treefn ../..//trees/MODELSET1.unpruned/AO-1.dtree \
 -moddeffn ../..//model_architecture/MODELSET1.untied.mdef \
 -mixwfn ../..//model_parameters/MODELSET1.cd_continuous_untied/mixture_weights \
 -ts2cbfn .cont. \
 -meanfn ../..//model_parameters/MODELSET1.cd_continuous_untied/means \
 -varfn ../..//model_parameters/MODELSET1.cd_continuous_untied/variances \
 -mwfloor 1e-8 \
 -psetfn ../..//c_scripts/03.buildtrees/linguistic_questions.automatic \
 -phone AO \
 -state 1 \
 -stwt 1.0 0.05 0.0 \
 -ssplitmin 1 \
 -ssplitmax 7 \
 -ssplitthr 0 \
 -csplitmin 1 \
 -csplitmax 2000 \
 -csplitthr 0 \
 -cntthresh 1

[Switch]   [Default] [Value]
-treefn              ../..//trees/MODELSET1.unpruned/AO-1.dtree
-moddeffn            ../..//model_architecture/MODELSET1.untied.mdef
-ts2cbfn   .semi.    .cont. 
-meanfn              ../..//model_parameters/MODELSET1.cd_continuous_untied/means
-varfn               ../..//model_parameters/MODELSET1.cd_continuous_untied/variances
-varfloor  0.00001   1.000000e-05
-cntthresh 0.00001   1.000000e+00
-mixwfn              ../..//model_parameters/MODELSET1.cd_continuous_untied/mixture_weights
-psetfn              ../..//c_scripts/03.buildtrees/linguistic_questions.automatic
-phone               AO     
-state               1      
-mwfloor   1e-4      1.000000e-08
-stwt                1.0 0.05 0.0
-ssplitthr 8e-4      0.000000e+00
-ssplitmin 1         1      
-ssplitmax 5         7      
-csplitthr 8e-4      0.000000e+00
-csplitmin 1         1      
-csplitmax 100       2000   
INFO: ../main.c(152): Reading: ../..//model_architecture/MODELSET1.untied.mdef
INFO: ../model_def_io.c(562): Model definition info:
INFO: ../model_def_io.c(563): 1000 total models defined (50 base, 950 tri)
INFO: ../model_def_io.c(564): 4000 total states
INFO: ../model_def_io.c(565): 3000 total tied states
INFO: ../model_def_io.c(566): 150 total tied CI states
INFO: ../model_def_io.c(567): 50 total tied transition matrices
INFO: ../model_def_io.c(568): 4 max state/model
INFO: ../model_def_io.c(569): 20 min state/model
INFO: ../main.c(196): Building trees for [AO AY K i] through [AO ng F b]
INFO: ../main.c(224): Covering states |[288 350]| == 63
INFO: ../main.c(231): Reading: ../..//model_parameters/MODELSET1.cd_continuous_untied/mixture_weights
INFO: ../s3mixw_io.c(151): Read ../..//model_parameters/MODELSET1.cd_continuous_untied/mixture_weights [63x1x1 array]
INFO: ../main.c(269): 21 of 21 models have observation count greater than 1.000000
INFO: ../main.c(67): nrm stwt: 0.045 0.909 0.045 
INFO: ../s3gau_io.c(128): Read ../..//model_parameters/MODELSET1.cd_continuous_untied/means [3000x1x1 array]
INFO: ../s3gau_io.c(128): Read ../..//model_parameters/MODELSET1.cd_continuous_untied/variances [3000x1x1 array]
INFO: ../main.c(510): Reading: ../..//c_scripts/03.buildtrees/linguistic_questions.automatic
INFO: ../main.c(547): 176 total simple questions (168 phone; 8 word bndry)
INFO: ../main.c(549): 42 Left Only questions, and 42 Right Only questions
N model = 21
s>    ( QUESTION2_17_L -1 -5.887e+02 2.052e+02 9.349e+01
s>        ( - 2.010e+02 1 0)
s>        ( QUESTION0_19_R 1 -5.846e+02 1.535e+02 9.149e+01
s>            ( - 1.496e+02 1 0)
s>            ( QUESTION0_15_R 1 -5.807e+02 1.501e+02 8.849e+01
s>                ( - -4.822e+02 11 0 QUESTION2 -1 1.412e+02 7.049e+01)
s>                ( QUESTION5 -1 5.166e+01 2.301e+02 1.800e+01
s>                    ( - 2.440e+02 1 0)
s>                    ( QUESTION6 -1 3.776e+01 1.593e+02 1.700e+01
s>                        ( - 1.503e+02 1 0)
s>                        ( WDBNDRY_B 0 4.681e+01 1.589e+02 1.500e+01
s>                            ( QUESTION2_6_L -1 2.960e+01 2.407e+02 1.200e+01
s>                                ( - 2.385e+02 1 0)
s>                                ( - 3.185e+01 4 0 QUESTION2_2_L -1 1.333e+02 1.100e+01))
s>                            ( - 1.761e+02 1 0)))))))INFO: ../dtree.c(1327): Comp split 0
INFO: ../dtree.c(1336): stop. b_n->wt_ent_dec (-4.670e+02) <= 0
