../..//s3trainer/bin.linux/bldtree \
 -treefn ../..//trees/MODELSET1.unpruned/D-2.dtree \
 -moddeffn ../..//model_architecture/MODELSET1.untied.mdef \
 -mixwfn ../..//model_parameters/MODELSET1.cd_continuous_untied/mixture_weights \
 -ts2cbfn .cont. \
 -meanfn ../..//model_parameters/MODELSET1.cd_continuous_untied/means \
 -varfn ../..//model_parameters/MODELSET1.cd_continuous_untied/variances \
 -mwfloor 1e-8 \
 -psetfn ../..//c_scripts/03.buildtrees/linguistic_questions.automatic \
 -phone D \
 -state 2 \
 -stwt 1.0 0.05 0.0 \
 -ssplitmin 1 \
 -ssplitmax 7 \
 -ssplitthr 0 \
 -csplitmin 1 \
 -csplitmax 2000 \
 -csplitthr 0 \
 -cntthresh 1

[Switch]   [Default] [Value]
-treefn              ../..//trees/MODELSET1.unpruned/D-2.dtree
-moddeffn            ../..//model_architecture/MODELSET1.untied.mdef
-ts2cbfn   .semi.    .cont. 
-meanfn              ../..//model_parameters/MODELSET1.cd_continuous_untied/means
-varfn               ../..//model_parameters/MODELSET1.cd_continuous_untied/variances
-varfloor  0.00001   1.000000e-05
-cntthresh 0.00001   1.000000e+00
-mixwfn              ../..//model_parameters/MODELSET1.cd_continuous_untied/mixture_weights
-psetfn              ../..//c_scripts/03.buildtrees/linguistic_questions.automatic
-phone               D      
-state               2      
-mwfloor   1e-4      1.000000e-08
-stwt                1.0 0.05 0.0
-ssplitthr 8e-4      0.000000e+00
-ssplitmin 1         1      
-ssplitmax 5         7      
-csplitthr 8e-4      0.000000e+00
-csplitmin 1         1      
-csplitmax 100       2000   
INFO: ../main.c(152): Reading: ../..//model_architecture/MODELSET1.untied.mdef
INFO: ../model_def_io.c(562): Model definition info:
INFO: ../model_def_io.c(563): 1000 total models defined (50 base, 950 tri)
INFO: ../model_def_io.c(564): 4000 total states
INFO: ../model_def_io.c(565): 3000 total tied states
INFO: ../model_def_io.c(566): 150 total tied CI states
INFO: ../model_def_io.c(567): 50 total tied transition matrices
INFO: ../model_def_io.c(568): 4 max state/model
INFO: ../model_def_io.c(569): 20 min state/model
INFO: ../main.c(196): Building trees for [D AE DH e] through [D Z U b]
INFO: ../main.c(224): Covering states |[585 713]| == 129
INFO: ../main.c(231): Reading: ../..//model_parameters/MODELSET1.cd_continuous_untied/mixture_weights
INFO: ../s3mixw_io.c(151): Read ../..//model_parameters/MODELSET1.cd_continuous_untied/mixture_weights [129x1x1 array]
INFO: ../main.c(269): 42 of 43 models have observation count greater than 1.000000
INFO: ../main.c(67): nrm stwt: 0.000 0.048 0.952 
INFO: ../s3gau_io.c(128): Read ../..//model_parameters/MODELSET1.cd_continuous_untied/means [3000x1x1 array]
INFO: ../s3gau_io.c(128): Read ../..//model_parameters/MODELSET1.cd_continuous_untied/variances [3000x1x1 array]
INFO: ../main.c(510): Reading: ../..//c_scripts/03.buildtrees/linguistic_questions.automatic
INFO: ../main.c(547): 176 total simple questions (168 phone; 8 word bndry)
INFO: ../main.c(549): 42 Left Only questions, and 42 Right Only questions
N model = 42
s>    ( QUESTION18 -1 -1.646e+03 2.627e+02 1.580e+02
s>        ( - 2.440e+02 1 0)
s>        ( QUESTION2_8_L -1 -1.627e+03 2.585e+02 1.570e+02
s>            ( - 2.440e+02 1 0)
s>            ( QUESTION0_10_R 1 -1.613e+03 2.491e+02 1.560e+02
s>                ( - 2.440e+02 1 0)
s>                ( QUESTION8 1 -1.607e+03 2.400e+02 1.550e+02
s>                    ( - 2.419e+02 1 0)
s>                    ( WDBNDRY_E 0 -1.609e+03 2.022e+02 1.540e+02
s>                        ( QUESTION4 1 -4.314e+02 2.559e+02 3.800e+01
s>                            ( - 2.403e+02 1 0)
s>                            ( QUESTION0_15_R 1 -4.158e+02 2.512e+02 3.700e+01
s>                                ( - 2.365e+02 1 0)
s>                                ( - -4.012e+02 11 0 QUESTION13 -1 2.449e+02 3.600e+01)))
s>                        ( - -9.757e+02 25 0 QUESTION9 -1 2.463e+02 1.160e+02))))))INFO: ../dtree.c(1327): Comp split 0
INFO: ../dtree.c(1336): stop. b_n->wt_ent_dec (-1.500e+03) <= 0
