../..//s3trainer/bin.linux/bldtree \
 -treefn ../..//trees/MODELSET1.unpruned/W-2.dtree \
 -moddeffn ../..//model_architecture/MODELSET1.untied.mdef \
 -mixwfn ../..//model_parameters/MODELSET1.cd_continuous_untied/mixture_weights \
 -ts2cbfn .cont. \
 -meanfn ../..//model_parameters/MODELSET1.cd_continuous_untied/means \
 -varfn ../..//model_parameters/MODELSET1.cd_continuous_untied/variances \
 -mwfloor 1e-8 \
 -psetfn ../..//c_scripts/03.buildtrees/linguistic_questions.automatic \
 -phone W \
 -state 2 \
 -stwt 1.0 0.05 0.0 \
 -ssplitmin 1 \
 -ssplitmax 7 \
 -ssplitthr 0 \
 -csplitmin 1 \
 -csplitmax 2000 \
 -csplitthr 0 \
 -cntthresh 1

[Switch]   [Default] [Value]
-treefn              ../..//trees/MODELSET1.unpruned/W-2.dtree
-moddeffn            ../..//model_architecture/MODELSET1.untied.mdef
-ts2cbfn   .semi.    .cont. 
-meanfn              ../..//model_parameters/MODELSET1.cd_continuous_untied/means
-varfn               ../..//model_parameters/MODELSET1.cd_continuous_untied/variances
-varfloor  0.00001   1.000000e-05
-cntthresh 0.00001   1.000000e+00
-mixwfn              ../..//model_parameters/MODELSET1.cd_continuous_untied/mixture_weights
-psetfn              ../..//c_scripts/03.buildtrees/linguistic_questions.automatic
-phone               W      
-state               2      
-mwfloor   1e-4      1.000000e-08
-stwt                1.0 0.05 0.0
-ssplitthr 8e-4      0.000000e+00
-ssplitmin 1         1      
-ssplitmax 5         7      
-csplitthr 8e-4      0.000000e+00
-csplitmin 1         1      
-csplitmax 100       2000   
INFO: ../main.c(152): Reading: ../..//model_architecture/MODELSET1.untied.mdef
INFO: ../model_def_io.c(562): Model definition info:
INFO: ../model_def_io.c(563): 1000 total models defined (50 base, 950 tri)
INFO: ../model_def_io.c(564): 4000 total states
INFO: ../model_def_io.c(565): 3000 total tied states
INFO: ../model_def_io.c(566): 150 total tied CI states
INFO: ../model_def_io.c(567): 50 total tied transition matrices
INFO: ../model_def_io.c(568): 4 max state/model
INFO: ../model_def_io.c(569): 20 min state/model
INFO: ../main.c(196): Building trees for [W AA AO b] through [W ng AX i]
INFO: ../main.c(224): Covering states |[2778 2831]| == 54
INFO: ../main.c(231): Reading: ../..//model_parameters/MODELSET1.cd_continuous_untied/mixture_weights
INFO: ../s3mixw_io.c(151): Read ../..//model_parameters/MODELSET1.cd_continuous_untied/mixture_weights [54x1x1 array]
INFO: ../main.c(269): 18 of 18 models have observation count greater than 1.000000
INFO: ../main.c(67): nrm stwt: 0.000 0.048 0.952 
INFO: ../s3gau_io.c(128): Read ../..//model_parameters/MODELSET1.cd_continuous_untied/means [3000x1x1 array]
INFO: ../s3gau_io.c(128): Read ../..//model_parameters/MODELSET1.cd_continuous_untied/variances [3000x1x1 array]
INFO: ../main.c(510): Reading: ../..//c_scripts/03.buildtrees/linguistic_questions.automatic
INFO: ../main.c(547): 176 total simple questions (168 phone; 8 word bndry)
INFO: ../main.c(549): 42 Left Only questions, and 42 Right Only questions
N model = 18
s>    ( QUESTION0_13_R 1 6.548e+01 2.519e+02 4.600e+01
s>        ( - 2.377e+02 1 0)
s>        ( QUESTION11 -1 7.961e+01 2.479e+02 3.700e+01
s>            ( - 2.440e+02 1 0)
s>            ( QUESTION2_14_L -1 8.341e+01 2.630e+02 3.600e+01
s>                ( - 2.440e+02 1 0)
s>                ( QUESTION6 -1 1.024e+02 1.892e+02 3.500e+01
s>                    ( - 1.587e+02 1 0)
s>                    ( QUESTION0_10_R 1 1.328e+02 1.893e+02 3.300e+01
s>                        ( - 1.731e+02 1 0)
s>                        ( SILENCE -1 1.490e+02 1.592e+02 3.100e+01
s>                            ( - 1.823e+02 1 0)
s>                            ( QUESTION4 1 1.259e+02 1.359e+02 2.800e+01
s>                                ( - 1.882e+02 2 0 QUESTION2 -1 2.867e+02 4.000e+00)
s>                                ( - 7.357e+01 10 0 QUESTION5 -1 2.497e+02 2.400e+01))))))))INFO: ../dtree.c(1327): Comp split 0
s>    ( QUESTION0_13_R 1 8.630e+01 2.499e+02 4.500e+01
s>        ( - 2.377e+02 1 0)
s>        ( QUESTION11 -1 9.845e+01 2.480e+02 3.600e+01
s>            ( - 2.440e+02 1 0)
s>            ( QUESTION6 -1 1.024e+02 1.892e+02 3.500e+01
s>                ( - 1.587e+02 1 0)
s>                ( QUESTION0_10_R 1 1.328e+02 1.893e+02 3.300e+01
s>                    ( - 1.731e+02 1 0)
s>                    ( SILENCE -1 1.490e+02 1.592e+02 3.100e+01
s>                        ( - 1.823e+02 1 0)
s>                        ( QUESTION4 1 1.259e+02 1.359e+02 2.800e+01
s>                            ( QUESTION2 -1 1.882e+02 2.867e+02 4.000e+00
s>                                ( - 2.399e+02 1 0)
s>                                ( - 2.351e+02 1 0))
s>                            ( - 7.357e+01 10 0 QUESTION5 -1 2.497e+02 2.400e+01)))))))INFO: ../dtree.c(1327): Comp split 1
s>    ( QUESTION11 -1 9.845e+01 2.480e+02 3.600e+01
s>        ( - 2.440e+02 1 0)
s>        ( QUESTION6 -1 1.024e+02 1.892e+02 3.500e+01
s>            ( - 1.587e+02 1 0)
s>            ( QUESTION0_10_R 1 1.328e+02 1.893e+02 3.300e+01
s>                ( - 1.731e+02 1 0)
s>                ( SILENCE -1 1.490e+02 1.592e+02 3.100e+01
s>                    ( - 1.823e+02 1 0)
s>                    ( QUESTION4 1 1.259e+02 1.359e+02 2.800e+01
s>                        ( QUESTION2 -1 1.882e+02 2.867e+02 4.000e+00
s>                            ( - 2.399e+02 1 0)
s>                            ( - 2.351e+02 1 0))
s>                        ( QUESTION5 -1 7.357e+01 2.497e+02 2.400e+01
s>                            ( - 2.413e+02 1 0)
s>                            ( - 8.198e+01 9 0 QUESTION2_20_L -1 1.443e+02 2.300e+01)))))))INFO: ../dtree.c(1327): Comp split 2
INFO: ../dtree.c(1459): stop. leaf nodes are specific
s>    ( QUESTION6 -1 1.024e+02 1.892e+02 3.500e+01
s>        ( - 1.587e+02 1 0)
s>        ( QUESTION0_10_R 1 1.328e+02 1.893e+02 3.300e+01
s>            ( - 1.731e+02 1 0)
s>            ( SILENCE -1 1.490e+02 1.592e+02 3.100e+01
s>                ( - 1.823e+02 1 0)
s>                ( - 1.259e+02 12 0))))INFO: ../dtree.c(1327): Comp split 3
s>    ( QUESTION0_10_R 1 1.328e+02 1.893e+02 3.300e+01
s>        ( - 1.731e+02 1 0)
s>        ( SILENCE -1 1.490e+02 1.592e+02 3.100e+01
s>            ( - 1.823e+02 1 0)
s>            ( QUESTION4 1 1.259e+02 1.359e+02 2.800e+01
s>                ( QUESTION2 -1 1.882e+02 2.867e+02 4.000e+00
s>                    ( - 2.399e+02 1 0)
s>                    ( - 2.351e+02 1 0))
s>                ( QUESTION5 -1 7.357e+01 2.497e+02 2.400e+01
s>                    ( - 2.413e+02 1 0)
s>                    ( QUESTION2_20_L -1 8.198e+01 1.443e+02 2.300e+01
s>                        ( - 1.507e+02 1 0)
s>                        ( QUESTION2_5_L -1 7.554e+01 1.307e+02 2.100e+01
s>                            ( - 1.201e+02 2 0 QUESTION0_4_R 1 2.595e+02 7.000e+00)
s>                            ( - 8.621e+01 6 0 QUESTION0_5_R 1 2.832e+02 1.400e+01)))))))INFO: ../dtree.c(1327): Comp split 4
s>    ( QUESTION5 -1 1.402e+02 2.402e+02 3.200e+01
s>        ( - 2.399e+02 1 0)
s>        ( QUESTION0_10_R 1 1.405e+02 1.884e+02 3.100e+01
s>            ( - 1.731e+02 1 0)
s>            ( SILENCE -1 1.557e+02 1.613e+02 2.900e+01
s>                ( - 1.823e+02 1 0)
s>                ( QUESTION4 1 1.347e+02 1.823e+02 2.600e+01
s>                    ( - 2.351e+02 1 0)
s>                    ( QUESTION2_20_L -1 8.198e+01 1.443e+02 2.300e+01
s>                        ( - 1.507e+02 1 0)
s>                        ( QUESTION2_5_L -1 7.554e+01 1.307e+02 2.100e+01
s>                            ( - 1.201e+02 2 0 QUESTION0_4_R 1 2.595e+02 7.000e+00)
s>                            ( QUESTION0_5_R 1 8.621e+01 2.832e+02 1.400e+01
s>                                ( - 2.405e+02 1 0)
s>                                ( - 1.289e+02 5 0 QUESTION0_2_R 1 1.773e+02 1.300e+01))))))))INFO: ../dtree.c(1327): Comp split 5
s>    ( QUESTION5 -1 1.751e+02 2.406e+02 3.100e+01
s>        ( - 2.399e+02 1 0)
s>        ( QUESTION0_10_R 1 1.758e+02 1.901e+02 3.000e+01
s>            ( - 1.731e+02 1 0)
s>            ( SILENCE -1 1.927e+02 1.593e+02 2.800e+01
s>                ( - 1.823e+02 1 0)
s>                ( QUESTION4 1 1.697e+02 1.799e+02 2.500e+01
s>                    ( - 2.351e+02 1 0)
s>                    ( QUESTION2_20_L -1 1.145e+02 1.443e+02 2.200e+01
s>                        ( - 1.507e+02 1 0)
s>                        ( QUESTION2_5_L -1 1.081e+02 1.409e+02 2.000e+01
s>                            ( QUESTION0_4_R 1 1.201e+02 2.595e+02 7.000e+00
s>                                ( - 2.365e+02 1 0)
s>                                ( - 1.430e+02 1 0))
s>                            ( - 1.289e+02 5 0 QUESTION0_2_R 1 1.773e+02 1.300e+01)))))))INFO: ../dtree.c(1327): Comp split 6
s>    ( QUESTION5 -1 2.037e+02 2.448e+02 3.000e+01
s>        ( - 2.399e+02 1 0)
s>        ( QUESTION0_10_R 1 2.086e+02 1.898e+02 2.900e+01
s>            ( - 1.731e+02 1 0)
s>            ( QUESTION0_4_R 1 2.253e+02 1.627e+02 2.700e+01
s>                ( - 2.604e+02 1 0)
s>                ( QUESTION2_7_L -1 1.276e+02 2.573e+02 1.900e+01
s>                    ( - 2.440e+02 1 0)
s>                    ( QUESTION3 1 1.408e+02 1.615e+02 1.800e+01
s>                        ( SILENCE -1 2.344e+02 1.830e+02 6.000e+00
s>                            ( - 1.823e+02 1 0)
s>                            ( - 2.351e+02 1 0))
s>                        ( QUESTION2_20_L -1 6.788e+01 1.476e+02 1.200e+01
s>                            ( - 1.507e+02 1 0)
s>                            ( - 6.478e+01 4 0 WDBNDRY_B 0 1.318e+02 1.000e+01)))))))INFO: ../dtree.c(1327): Comp split 7
s>    ( QUESTION5 -1 2.167e+02 2.447e+02 2.900e+01
s>        ( - 2.399e+02 1 0)
s>        ( QUESTION0_10_R 1 2.216e+02 1.939e+02 2.800e+01
s>            ( - 1.731e+02 1 0)
s>            ( QUESTION0_4_R 1 2.423e+02 1.589e+02 2.600e+01
s>                ( - 2.604e+02 1 0)
s>                ( QUESTION3 1 1.408e+02 1.615e+02 1.800e+01
s>                    ( SILENCE -1 2.344e+02 1.830e+02 6.000e+00
s>                        ( - 1.823e+02 1 0)
s>                        ( - 2.351e+02 1 0))
s>                    ( QUESTION2_20_L -1 6.788e+01 1.476e+02 1.200e+01
s>                        ( - 1.507e+02 1 0)
s>                        ( WDBNDRY_B 0 6.478e+01 1.318e+02 1.000e+01
s>                            ( - 1.234e+02 2 0 QUESTION0_2_R 1 2.591e+02 7.000e+00)
s>                            ( - 7.325e+01 2 0 QUESTION0_15_R 1 2.651e+02 3.000e+00)))))))INFO: ../dtree.c(1327): Comp split 8
s>    ( QUESTION0_10_R 1 2.216e+02 1.939e+02 2.800e+01
s>        ( - 1.731e+02 1 0)
s>        ( QUESTION0_4_R 1 2.423e+02 1.589e+02 2.600e+01
s>            ( - 2.604e+02 1 0)
s>            ( QUESTION3 1 1.408e+02 1.615e+02 1.800e+01
s>                ( SILENCE -1 2.344e+02 1.830e+02 6.000e+00
s>                    ( - 1.823e+02 1 0)
s>                    ( - 2.351e+02 1 0))
s>                ( QUESTION2_20_L -1 6.788e+01 1.476e+02 1.200e+01
s>                    ( - 1.507e+02 1 0)
s>                    ( WDBNDRY_B 0 6.478e+01 1.318e+02 1.000e+01
s>                        ( - 1.234e+02 2 0 QUESTION0_2_R 1 2.591e+02 7.000e+00)
s>                        ( QUESTION0_15_R 1 7.325e+01 2.651e+02 3.000e+00
s>                            ( - 9.437e+01 1 0)
s>                            ( - 2.440e+02 1 0)))))))INFO: ../dtree.c(1327): Comp split 9
s>    ( QUESTION2_16_L -1 2.533e+02 2.600e+02 2.700e+01
s>        ( - 2.394e+02 1 0)
s>        ( QUESTION0_10_R 1 2.739e+02 1.963e+02 2.600e+01
s>            ( - 1.731e+02 1 0)
s>            ( QUESTION0_4_R 1 2.970e+02 1.624e+02 2.400e+01
s>                ( - 2.604e+02 1 0)
s>                ( SILENCE -1 1.990e+02 1.525e+02 1.600e+01
s>                    ( - 1.823e+02 1 0)
s>                    ( QUESTION0_16_R 1 1.692e+02 1.804e+02 1.300e+01
s>                        ( - 2.351e+02 1 0)
s>                        ( QUESTION2_20_L -1 1.146e+02 1.471e+02 1.000e+01
s>                            ( - 1.507e+02 1 0)
s>                            ( WDBNDRY_B 0 1.110e+02 1.264e+02 8.000e+00
s>                                ( - 1.430e+02 1 0)
s>                                ( - 9.437e+01 1 0))))))))INFO: ../dtree.c(1327): Comp split 10
INFO: ../dtree.c(1459): stop. leaf nodes are specific
s>    ( QUESTION0_10_R 1 2.739e+02 1.963e+02 2.600e+01
s>        ( - 1.731e+02 1 0)
s>        ( QUESTION0_4_R 1 2.970e+02 1.624e+02 2.400e+01
s>            ( - 2.604e+02 1 0)
s>            ( SILENCE -1 1.990e+02 1.525e+02 1.600e+01
s>                ( - 1.823e+02 1 0)
s>                ( QUESTION0_16_R 1 1.692e+02 1.804e+02 1.300e+01
s>                    ( - 2.351e+02 1 0)
s>                    ( QUESTION2_20_L -1 1.146e+02 1.471e+02 1.000e+01
s>                        ( - 1.507e+02 1 0)
s>                        ( WDBNDRY_B 0 1.110e+02 1.264e+02 8.000e+00
s>                            ( - 1.430e+02 1 0)
s>                            ( - 9.437e+01 1 0)))))))INFO: ../dtree.c(1327): Comp split 11
INFO: ../dtree.c(1459): stop. leaf nodes are specific
s>    ( QUESTION0_4_R 1 2.970e+02 1.624e+02 2.400e+01
s>        ( - 2.604e+02 1 0)
s>        ( SILENCE -1 1.990e+02 1.525e+02 1.600e+01
s>            ( - 1.823e+02 1 0)
s>            ( QUESTION0_16_R 1 1.692e+02 1.804e+02 1.300e+01
s>                ( - 2.351e+02 1 0)
s>                ( QUESTION2_20_L -1 1.146e+02 1.471e+02 1.000e+01
s>                    ( - 1.507e+02 1 0)
s>                    ( WDBNDRY_B 0 1.110e+02 1.264e+02 8.000e+00
s>                        ( - 1.430e+02 1 0)
s>                        ( - 9.437e+01 1 0))))))INFO: ../dtree.c(1327): Comp split 12
INFO: ../dtree.c(1459): stop. leaf nodes are specific
s>    ( QUESTION0_4_R 1 2.312e+02 1.684e+02 2.100e+01
s>        ( - 2.604e+02 1 0)
s>        ( SILENCE -1 1.392e+02 1.577e+02 1.300e+01
s>            ( - 1.823e+02 1 0)
s>            ( QUESTION2_20_L -1 1.146e+02 1.471e+02 1.000e+01
s>                ( - 1.507e+02 1 0)
s>                ( WDBNDRY_B 0 1.110e+02 1.264e+02 8.000e+00
s>                    ( - 1.430e+02 1 0)
s>                    ( - 9.437e+01 1 0)))))INFO: ../dtree.c(1327): Comp split 13
INFO: ../dtree.c(1459): stop. leaf nodes are specific
s>    ( SILENCE -1 1.392e+02 1.577e+02 1.300e+01
s>        ( - 1.823e+02 1 0)
s>        ( QUESTION2_20_L -1 1.146e+02 1.471e+02 1.000e+01
s>            ( - 1.507e+02 1 0)
s>            ( WDBNDRY_B 0 1.110e+02 1.264e+02 8.000e+00
s>                ( - 1.430e+02 1 0)
s>                ( - 9.437e+01 1 0))))INFO: ../dtree.c(1327): Comp split 14
INFO: ../dtree.c(1459): stop. leaf nodes are specific
s>    ( QUESTION2_20_L -1 1.146e+02 1.471e+02 1.000e+01
s>        ( - 1.507e+02 1 0)
s>        ( WDBNDRY_B 0 1.110e+02 1.264e+02 8.000e+00
s>            ( - 1.430e+02 1 0)
s>            ( - 9.437e+01 1 0)))INFO: ../dtree.c(1327): Comp split 15
INFO: ../dtree.c(1459): stop. leaf nodes are specific
s>    ( WDBNDRY_B 0 1.110e+02 1.264e+02 8.000e+00
s>        ( - 1.430e+02 1 0)
s>        ( - 9.437e+01 1 0))INFO: ../dtree.c(1327): Comp split 16
INFO: ../dtree.c(1327): Comp split 17
INFO: ../dtree.c(1330): stop. leaf nodes are specific
