../..//s3trainer/bin.linux/bldtree \
 -treefn ../..//trees/MODELSET1.unpruned/S-0.dtree \
 -moddeffn ../..//model_architecture/MODELSET1.untied.mdef \
 -mixwfn ../..//model_parameters/MODELSET1.cd_continuous_untied/mixture_weights \
 -ts2cbfn .cont. \
 -meanfn ../..//model_parameters/MODELSET1.cd_continuous_untied/means \
 -varfn ../..//model_parameters/MODELSET1.cd_continuous_untied/variances \
 -mwfloor 1e-8 \
 -psetfn ../..//c_scripts/03.buildtrees/linguistic_questions.automatic \
 -phone S \
 -state 0 \
 -stwt 1.0 0.05 0.0 \
 -ssplitmin 1 \
 -ssplitmax 7 \
 -ssplitthr 0 \
 -csplitmin 1 \
 -csplitmax 2000 \
 -csplitthr 0 \
 -cntthresh 1

[Switch]   [Default] [Value]
-treefn              ../..//trees/MODELSET1.unpruned/S-0.dtree
-moddeffn            ../..//model_architecture/MODELSET1.untied.mdef
-ts2cbfn   .semi.    .cont. 
-meanfn              ../..//model_parameters/MODELSET1.cd_continuous_untied/means
-varfn               ../..//model_parameters/MODELSET1.cd_continuous_untied/variances
-varfloor  0.00001   1.000000e-05
-cntthresh 0.00001   1.000000e+00
-mixwfn              ../..//model_parameters/MODELSET1.cd_continuous_untied/mixture_weights
-psetfn              ../..//c_scripts/03.buildtrees/linguistic_questions.automatic
-phone               S      
-state               0      
-mwfloor   1e-4      1.000000e-08
-stwt                1.0 0.05 0.0
-ssplitthr 8e-4      0.000000e+00
-ssplitmin 1         1      
-ssplitmax 5         7      
-csplitthr 8e-4      0.000000e+00
-csplitmin 1         1      
-csplitmax 100       2000   
INFO: ../main.c(152): Reading: ../..//model_architecture/MODELSET1.untied.mdef
INFO: ../model_def_io.c(562): Model definition info:
INFO: ../model_def_io.c(563): 1000 total models defined (50 base, 950 tri)
INFO: ../model_def_io.c(564): 4000 total states
INFO: ../model_def_io.c(565): 3000 total tied states
INFO: ../model_def_io.c(566): 150 total tied CI states
INFO: ../model_def_io.c(567): 50 total tied transition matrices
INFO: ../model_def_io.c(568): 4 max state/model
INFO: ../model_def_io.c(569): 20 min state/model
INFO: ../main.c(196): Building trees for [S AE K i] through [S Z I b]
INFO: ../main.c(224): Covering states |[2331 2471]| == 141
INFO: ../main.c(231): Reading: ../..//model_parameters/MODELSET1.cd_continuous_untied/mixture_weights
INFO: ../s3mixw_io.c(151): Read ../..//model_parameters/MODELSET1.cd_continuous_untied/mixture_weights [141x1x1 array]
INFO: ../main.c(269): 47 of 47 models have observation count greater than 1.000000
INFO: ../main.c(67): nrm stwt: 0.952 0.048 0.000 
INFO: ../s3gau_io.c(128): Read ../..//model_parameters/MODELSET1.cd_continuous_untied/means [3000x1x1 array]
INFO: ../s3gau_io.c(128): Read ../..//model_parameters/MODELSET1.cd_continuous_untied/variances [3000x1x1 array]
INFO: ../main.c(510): Reading: ../..//c_scripts/03.buildtrees/linguistic_questions.automatic
INFO: ../main.c(547): 176 total simple questions (168 phone; 8 word bndry)
INFO: ../main.c(549): 42 Left Only questions, and 42 Right Only questions
N model = 47
s>    ( QUESTION2_5_L -1 1.037e+03 2.838e+02 1.880e+02
s>        ( QUESTION13 1 8.394e+02 2.520e+02 6.500e+01
s>            ( - 2.095e+02 1 0)
s>            ( QUESTION6 1 8.819e+02 2.522e+02 6.200e+01
s>                ( - 2.440e+02 1 0)
s>                ( QUESTION0_15_R 1 8.901e+02 2.539e+02 6.100e+01
s>                    ( - 2.440e+02 1 0)
s>                    ( QUESTION0_13_R 1 8.999e+02 2.533e+02 6.000e+01
s>                        ( - 2.440e+02 1 0)
s>                        ( - 9.092e+02 6 0 QUESTION2 -1 1.402e+02 5.900e+01)))))
s>        ( QUESTION12 -1 4.811e+02 2.652e+02 1.230e+02
s>            ( - 2.440e+02 1 0)
s>            ( QUESTION4 -1 5.022e+02 2.523e+02 1.220e+02
s>                ( - 2.440e+02 1 0)
s>                ( - 5.104e+02 35 0 SILENCE -1 2.502e+02 1.210e+02))))INFO: ../dtree.c(1327): Comp split 0
INFO: ../dtree.c(1459): stop. leaf nodes are specific
s>    ( QUESTION2 -1 9.092e+02 1.402e+02 5.900e+01
s>        ( QUESTION0_2_R 1 7.443e+02 1.158e+02 4.400e+01
s>            ( - 1.864e+02 1 0)
s>            ( WDBNDRY_E 0 6.738e+02 1.032e+02 3.900e+01
s>                ( - 3.273e+02 1 0)
s>                ( QUESTION0_17_R 1 4.497e+02 9.424e+01 2.900e+01
s>                    ( - 3.323e+02 1 0)
s>                    ( - 2.116e+02 1 0))))
s>        ( WDBNDRY_B 0 3.051e+02 1.280e+02 1.500e+01
s>            ( - 2.607e+02 1 0)
s>            ( - 1.725e+02 1 0)))INFO: ../dtree.c(1327): Comp split 1
INFO: ../dtree.c(1459): stop. leaf nodes are specific
s>    ( QUESTION2 -1 7.138e+02 1.324e+02 4.400e+01
s>        ( WDBNDRY_E 0 6.738e+02 1.032e+02 3.900e+01
s>            ( - 3.273e+02 1 0)
s>            ( QUESTION0_17_R 1 4.497e+02 9.424e+01 2.900e+01
s>                ( - 3.323e+02 1 0)
s>                ( - 2.116e+02 1 0)))
s>        ( - 1.725e+02 1 0))INFO: ../dtree.c(1459): stop. leaf nodes are specific
s>    ( WDBNDRY_B 0 3.362e+02 1.108e+02 1.500e+01
s>        ( - 2.607e+02 1 0)
s>        ( - 1.864e+02 1 0))INFO: ../dtree.c(1327): Comp split 2
INFO: ../dtree.c(1459): stop. leaf nodes are specific
s>    ( WDBNDRY_E 0 6.738e+02 1.032e+02 3.900e+01
s>        ( - 3.273e+02 1 0)
s>        ( QUESTION0_17_R 1 4.497e+02 9.424e+01 2.900e+01
s>            ( - 3.323e+02 1 0)
s>            ( - 2.116e+02 1 0)))INFO: ../dtree.c(1327): Comp split 3
INFO: ../dtree.c(1459): stop. leaf nodes are specific
s>    ( QUESTION0_17_R 1 4.497e+02 9.424e+01 2.900e+01
s>        ( - 3.323e+02 1 0)
s>        ( - 2.116e+02 1 0))INFO: ../dtree.c(1327): Comp split 4
INFO: ../dtree.c(1327): Comp split 5
INFO: ../dtree.c(1327): Comp split 6
INFO: ../dtree.c(1330): stop. leaf nodes are specific
