../..//s3trainer/bin.linux/bldtree \
 -treefn ../..//trees/MODELSET1.unpruned/EH-1.dtree \
 -moddeffn ../..//model_architecture/MODELSET1.untied.mdef \
 -mixwfn ../..//model_parameters/MODELSET1.cd_continuous_untied/mixture_weights \
 -ts2cbfn .cont. \
 -meanfn ../..//model_parameters/MODELSET1.cd_continuous_untied/means \
 -varfn ../..//model_parameters/MODELSET1.cd_continuous_untied/variances \
 -mwfloor 1e-8 \
 -psetfn ../..//c_scripts/03.buildtrees/linguistic_questions.automatic \
 -phone EH \
 -state 1 \
 -stwt 1.0 0.05 0.0 \
 -ssplitmin 1 \
 -ssplitmax 7 \
 -ssplitthr 0 \
 -csplitmin 1 \
 -csplitmax 2000 \
 -csplitthr 0 \
 -cntthresh 1

[Switch]   [Default] [Value]
-treefn              ../..//trees/MODELSET1.unpruned/EH-1.dtree
-moddeffn            ../..//model_architecture/MODELSET1.untied.mdef
-ts2cbfn   .semi.    .cont. 
-meanfn              ../..//model_parameters/MODELSET1.cd_continuous_untied/means
-varfn               ../..//model_parameters/MODELSET1.cd_continuous_untied/variances
-varfloor  0.00001   1.000000e-05
-cntthresh 0.00001   1.000000e+00
-mixwfn              ../..//model_parameters/MODELSET1.cd_continuous_untied/mixture_weights
-psetfn              ../..//c_scripts/03.buildtrees/linguistic_questions.automatic
-phone               EH     
-state               1      
-mwfloor   1e-4      1.000000e-08
-stwt                1.0 0.05 0.0
-ssplitthr 8e-4      0.000000e+00
-ssplitmin 1         1      
-ssplitmax 5         7      
-csplitthr 8e-4      0.000000e+00
-csplitmin 1         1      
-csplitmax 100       2000   
INFO: ../main.c(152): Reading: ../..//model_architecture/MODELSET1.untied.mdef
INFO: ../model_def_io.c(562): Model definition info:
INFO: ../model_def_io.c(563): 1000 total models defined (50 base, 950 tri)
INFO: ../model_def_io.c(564): 4000 total states
INFO: ../model_def_io.c(565): 3000 total tied states
INFO: ../model_def_io.c(566): 150 total tied CI states
INFO: ../model_def_io.c(567): 50 total tied transition matrices
INFO: ../model_def_io.c(568): 4 max state/model
INFO: ../model_def_io.c(569): 20 min state/model
INFO: ../main.c(196): Building trees for [EH AY N b] through [EH W N i]
INFO: ../main.c(224): Covering states |[786 884]| == 99
INFO: ../main.c(231): Reading: ../..//model_parameters/MODELSET1.cd_continuous_untied/mixture_weights
INFO: ../s3mixw_io.c(151): Read ../..//model_parameters/MODELSET1.cd_continuous_untied/mixture_weights [99x1x1 array]
INFO: ../main.c(269): 33 of 33 models have observation count greater than 1.000000
INFO: ../main.c(67): nrm stwt: 0.045 0.909 0.045 
INFO: ../s3gau_io.c(128): Read ../..//model_parameters/MODELSET1.cd_continuous_untied/means [3000x1x1 array]
INFO: ../s3gau_io.c(128): Read ../..//model_parameters/MODELSET1.cd_continuous_untied/variances [3000x1x1 array]
INFO: ../main.c(510): Reading: ../..//c_scripts/03.buildtrees/linguistic_questions.automatic
INFO: ../main.c(547): 176 total simple questions (168 phone; 8 word bndry)
INFO: ../main.c(549): 42 Left Only questions, and 42 Right Only questions
N model = 33
s>    ( QUESTION0_18_R 1 2.919e+02 2.480e+02 8.200e+01
s>        ( - 2.440e+02 1 0)
s>        ( QUESTION4 1 2.959e+02 2.459e+02 8.100e+01
s>            ( - 2.440e+02 1 0)
s>            ( QUESTION11 1 2.978e+02 2.370e+02 8.000e+01
s>                ( - 2.440e+02 1 0)
s>                ( QUESTION17 -1 2.907e+02 2.336e+02 7.900e+01
s>                    ( - 2.440e+02 1 0)
s>                    ( QUESTION0_3_R 1 2.802e+02 2.255e+02 7.800e+01
s>                        ( - 2.389e+02 1 0)
s>                        ( QUESTION2_5_L -1 2.668e+02 2.032e+02 7.700e+01
s>                            ( - 2.605e+02 1 0)
s>                            ( QUESTION14 -1 2.095e+02 1.957e+02 6.700e+01
s>                                ( - 2.004e+02 1 0)
s>                                ( - 2.049e+02 26 0 SILENCE -1 1.953e+02 6.500e+01))))))))INFO: ../dtree.c(1327): Comp split 0
s>    ( QUESTION4 1 2.959e+02 2.459e+02 8.100e+01
s>        ( - 2.440e+02 1 0)
s>        ( QUESTION11 1 2.978e+02 2.370e+02 8.000e+01
s>            ( - 2.440e+02 1 0)
s>            ( QUESTION17 -1 2.907e+02 2.336e+02 7.900e+01
s>                ( - 2.440e+02 1 0)
s>                ( QUESTION0_3_R 1 2.802e+02 2.255e+02 7.800e+01
s>                    ( - 2.389e+02 1 0)
s>                    ( QUESTION2_5_L -1 2.668e+02 2.032e+02 7.700e+01
s>                        ( - 2.605e+02 1 0)
s>                        ( QUESTION14 -1 2.095e+02 1.957e+02 6.700e+01
s>                            ( - 2.004e+02 1 0)
s>                            ( SILENCE -1 2.049e+02 1.953e+02 6.500e+01
s>                                ( - 1.931e+02 1 0)
s>                                ( - 2.072e+02 25 0 QUESTION0_0_R 1 1.363e+02 6.100e+01))))))))INFO: ../dtree.c(1327): Comp split 1
s>    ( QUESTION11 1 2.978e+02 2.370e+02 8.000e+01
s>        ( - 2.440e+02 1 0)
s>        ( QUESTION17 -1 2.907e+02 2.336e+02 7.900e+01
s>            ( - 2.440e+02 1 0)
s>            ( QUESTION0_3_R 1 2.802e+02 2.255e+02 7.800e+01
s>                ( - 2.389e+02 1 0)
s>                ( QUESTION2_5_L -1 2.668e+02 2.032e+02 7.700e+01
s>                    ( - 2.605e+02 1 0)
s>                    ( QUESTION14 -1 2.095e+02 1.957e+02 6.700e+01
s>                        ( - 2.004e+02 1 0)
s>                        ( SILENCE -1 2.049e+02 1.953e+02 6.500e+01
s>                            ( - 1.931e+02 1 0)
s>                            ( QUESTION0_0_R 1 2.072e+02 1.363e+02 6.100e+01
s>                                ( - 1.593e+02 2 0 WDBNDRY_B 0 2.474e+02 3.000e+00)
s>                                ( - 1.841e+02 23 0 QUESTION0_17_R 1 1.094e+02 5.800e+01))))))))INFO: ../dtree.c(1327): Comp split 2
INFO: ../dtree.c(1459): stop. leaf nodes are specific
s>    ( QUESTION17 -1 2.907e+02 2.336e+02 7.900e+01
s>        ( - 2.440e+02 1 0)
s>        ( QUESTION0_3_R 1 2.802e+02 2.255e+02 7.800e+01
s>            ( - 2.389e+02 1 0)
s>            ( QUESTION2_5_L -1 2.668e+02 2.032e+02 7.700e+01
s>                ( - 2.605e+02 1 0)
s>                ( - 2.095e+02 27 0))))INFO: ../dtree.c(1327): Comp split 3
s>    ( QUESTION0_3_R 1 2.802e+02 2.255e+02 7.800e+01
s>        ( - 2.389e+02 1 0)
s>        ( QUESTION2_5_L -1 2.668e+02 2.032e+02 7.700e+01
s>            ( - 2.605e+02 1 0)
s>            ( QUESTION14 -1 2.095e+02 1.957e+02 6.700e+01
s>                ( - 2.004e+02 1 0)
s>                ( SILENCE -1 2.049e+02 1.953e+02 6.500e+01
s>                    ( - 1.931e+02 1 0)
s>                    ( QUESTION0_0_R 1 2.072e+02 1.363e+02 6.100e+01
s>                        ( WDBNDRY_B 0 1.593e+02 2.474e+02 3.000e+00
s>                            ( - 1.626e+02 1 0)
s>                            ( - 2.440e+02 1 0))
s>                        ( QUESTION0_17_R 1 1.841e+02 1.094e+02 5.800e+01
s>                            ( - 1.334e+02 2 0 QUESTION2 -1 3.329e+02 4.000e+00)
s>                            ( - 1.601e+02 21 0 QUESTION9 -1 1.093e+02 5.400e+01)))))))INFO: ../dtree.c(1327): Comp split 4
INFO: ../dtree.c(1327): Comp split 5
INFO: ../dtree.c(1330): stop. leaf nodes are specific
