../..//s3trainer/bin.linux/bldtree \
 -treefn ../..//trees/MODELSET1.unpruned/AX-0.dtree \
 -moddeffn ../..//model_architecture/MODELSET1.untied.mdef \
 -mixwfn ../..//model_parameters/MODELSET1.cd_continuous_untied/mixture_weights \
 -ts2cbfn .cont. \
 -meanfn ../..//model_parameters/MODELSET1.cd_continuous_untied/means \
 -varfn ../..//model_parameters/MODELSET1.cd_continuous_untied/variances \
 -mwfloor 1e-8 \
 -psetfn ../..//c_scripts/03.buildtrees/linguistic_questions.automatic \
 -phone AX \
 -state 0 \
 -stwt 1.0 0.05 0.0 \
 -ssplitmin 1 \
 -ssplitmax 7 \
 -ssplitthr 0 \
 -csplitmin 1 \
 -csplitmax 2000 \
 -csplitthr 0 \
 -cntthresh 1

[Switch]   [Default] [Value]
-treefn              ../..//trees/MODELSET1.unpruned/AX-0.dtree
-moddeffn            ../..//model_architecture/MODELSET1.untied.mdef
-ts2cbfn   .semi.    .cont. 
-meanfn              ../..//model_parameters/MODELSET1.cd_continuous_untied/means
-varfn               ../..//model_parameters/MODELSET1.cd_continuous_untied/variances
-varfloor  0.00001   1.000000e-05
-cntthresh 0.00001   1.000000e+00
-mixwfn              ../..//model_parameters/MODELSET1.cd_continuous_untied/mixture_weights
-psetfn              ../..//c_scripts/03.buildtrees/linguistic_questions.automatic
-phone               AX     
-state               0      
-mwfloor   1e-4      1.000000e-08
-stwt                1.0 0.05 0.0
-ssplitthr 8e-4      0.000000e+00
-ssplitmin 1         1      
-ssplitmax 5         7      
-csplitthr 8e-4      0.000000e+00
-csplitmin 1         1      
-csplitmax 100       2000   
INFO: ../main.c(152): Reading: ../..//model_architecture/MODELSET1.untied.mdef
INFO: ../model_def_io.c(562): Model definition info:
INFO: ../model_def_io.c(563): 1000 total models defined (50 base, 950 tri)
INFO: ../model_def_io.c(564): 4000 total states
INFO: ../model_def_io.c(565): 3000 total tied states
INFO: ../model_def_io.c(566): 150 total tied CI states
INFO: ../model_def_io.c(567): 50 total tied transition matrices
INFO: ../model_def_io.c(568): 4 max state/model
INFO: ../model_def_io.c(569): 20 min state/model
INFO: ../main.c(196): Building trees for [AX B N i] through [AX ZH N i]
INFO: ../main.c(224): Covering states |[357 482]| == 126
INFO: ../main.c(231): Reading: ../..//model_parameters/MODELSET1.cd_continuous_untied/mixture_weights
INFO: ../s3mixw_io.c(151): Read ../..//model_parameters/MODELSET1.cd_continuous_untied/mixture_weights [126x1x1 array]
INFO: ../main.c(269): 42 of 42 models have observation count greater than 1.000000
INFO: ../main.c(67): nrm stwt: 0.952 0.048 0.000 
INFO: ../s3gau_io.c(128): Read ../..//model_parameters/MODELSET1.cd_continuous_untied/means [3000x1x1 array]
INFO: ../s3gau_io.c(128): Read ../..//model_parameters/MODELSET1.cd_continuous_untied/variances [3000x1x1 array]
INFO: ../main.c(510): Reading: ../..//c_scripts/03.buildtrees/linguistic_questions.automatic
INFO: ../main.c(547): 176 total simple questions (168 phone; 8 word bndry)
INFO: ../main.c(549): 42 Left Only questions, and 42 Right Only questions
N model = 42
s>    ( QUESTION8 -1 3.852e+02 2.830e+02 1.720e+02
s>        ( QUESTION2_12_L -1 2.719e+02 2.668e+02 2.800e+01
s>            ( - 2.440e+02 1 0)
s>            ( QUESTION0_3_R 1 2.946e+02 2.589e+02 2.700e+01
s>                ( - 2.402e+02 1 0)
s>                ( - 3.134e+02 1 0)))
s>        ( QUESTION0_4_R 1 3.964e+02 2.518e+02 1.440e+02
s>            ( - 2.440e+02 1 0)
s>            ( QUESTION2_5_L -1 4.041e+02 2.517e+02 1.430e+02
s>                ( - 2.440e+02 1 0)
s>                ( QUESTION0 -1 4.118e+02 2.504e+02 1.420e+02
s>                    ( - 2.440e+02 1 0)
s>                    ( SILENCE -1 4.182e+02 2.434e+02 1.410e+02
s>                        ( - 2.440e+02 1 0)
s>                        ( - 4.175e+02 35 0 QUESTION0_6_R 1 2.317e+02 1.400e+02))))))INFO: ../dtree.c(1327): Comp split 0
s>    ( QUESTION0_4_R 1 3.990e+02 2.519e+02 1.460e+02
s>        ( - 2.440e+02 1 0)
s>        ( QUESTION2_5_L -1 4.069e+02 2.515e+02 1.450e+02
s>            ( - 2.440e+02 1 0)
s>            ( QUESTION0 -1 4.143e+02 2.505e+02 1.440e+02
s>                ( - 2.440e+02 1 0)
s>                ( QUESTION2_12_L -1 4.208e+02 2.460e+02 1.430e+02
s>                    ( - 2.440e+02 1 0)
s>                    ( SILENCE -1 4.228e+02 2.432e+02 1.420e+02
s>                        ( - 2.440e+02 1 0)
s>                        ( QUESTION8 -1 4.220e+02 2.356e+02 1.410e+02
s>                            ( - 2.402e+02 1 0)
s>                            ( QUESTION0_6_R 1 4.175e+02 2.317e+02 1.400e+02
s>                                ( - 2.440e+02 1 0)
s>                                ( - 4.051e+02 34 0 QUESTION0_20_R 1 2.195e+02 1.390e+02))))))))INFO: ../dtree.c(1327): Comp split 1
INFO: ../dtree.c(1327): Comp split 2
INFO: ../dtree.c(1330): stop. leaf nodes are specific
