../..//s3trainer/bin.linux/bldtree \
 -treefn ../..//trees/MODELSET1.unpruned/OW-2.dtree \
 -moddeffn ../..//model_architecture/MODELSET1.untied.mdef \
 -mixwfn ../..//model_parameters/MODELSET1.cd_continuous_untied/mixture_weights \
 -ts2cbfn .cont. \
 -meanfn ../..//model_parameters/MODELSET1.cd_continuous_untied/means \
 -varfn ../..//model_parameters/MODELSET1.cd_continuous_untied/variances \
 -mwfloor 1e-8 \
 -psetfn ../..//c_scripts/03.buildtrees/linguistic_questions.automatic \
 -phone OW \
 -state 2 \
 -stwt 1.0 0.05 0.0 \
 -ssplitmin 1 \
 -ssplitmax 7 \
 -ssplitthr 0 \
 -csplitmin 1 \
 -csplitmax 2000 \
 -csplitthr 0 \
 -cntthresh 1

[Switch]   [Default] [Value]
-treefn              ../..//trees/MODELSET1.unpruned/OW-2.dtree
-moddeffn            ../..//model_architecture/MODELSET1.untied.mdef
-ts2cbfn   .semi.    .cont. 
-meanfn              ../..//model_parameters/MODELSET1.cd_continuous_untied/means
-varfn               ../..//model_parameters/MODELSET1.cd_continuous_untied/variances
-varfloor  0.00001   1.000000e-05
-cntthresh 0.00001   1.000000e+00
-mixwfn              ../..//model_parameters/MODELSET1.cd_continuous_untied/mixture_weights
-psetfn              ../..//c_scripts/03.buildtrees/linguistic_questions.automatic
-phone               OW     
-state               2      
-mwfloor   1e-4      1.000000e-08
-stwt                1.0 0.05 0.0
-ssplitthr 8e-4      0.000000e+00
-ssplitmin 1         1      
-ssplitmax 5         7      
-csplitthr 8e-4      0.000000e+00
-csplitmin 1         1      
-csplitmax 100       2000   
INFO: ../main.c(152): Reading: ../..//model_architecture/MODELSET1.untied.mdef
INFO: ../model_def_io.c(562): Model definition info:
INFO: ../model_def_io.c(563): 1000 total models defined (50 base, 950 tri)
INFO: ../model_def_io.c(564): 4000 total states
INFO: ../model_def_io.c(565): 3000 total tied states
INFO: ../model_def_io.c(566): 150 total tied CI states
INFO: ../model_def_io.c(567): 50 total tied transition matrices
INFO: ../model_def_io.c(568): 4 max state/model
INFO: ../model_def_io.c(569): 20 min state/model
INFO: ../main.c(196): Building trees for [OW ER L b] through [OW ng V b]
INFO: ../main.c(224): Covering states |[2052 2111]| == 60
INFO: ../main.c(231): Reading: ../..//model_parameters/MODELSET1.cd_continuous_untied/mixture_weights
INFO: ../s3mixw_io.c(151): Read ../..//model_parameters/MODELSET1.cd_continuous_untied/mixture_weights [60x1x1 array]
INFO: ../main.c(269): 20 of 20 models have observation count greater than 1.000000
INFO: ../main.c(67): nrm stwt: 0.000 0.048 0.952 
INFO: ../s3gau_io.c(128): Read ../..//model_parameters/MODELSET1.cd_continuous_untied/means [3000x1x1 array]
INFO: ../s3gau_io.c(128): Read ../..//model_parameters/MODELSET1.cd_continuous_untied/variances [3000x1x1 array]
INFO: ../main.c(510): Reading: ../..//c_scripts/03.buildtrees/linguistic_questions.automatic
INFO: ../main.c(547): 176 total simple questions (168 phone; 8 word bndry)
INFO: ../main.c(549): 42 Left Only questions, and 42 Right Only questions
N model = 20
s>    ( QUESTION2_2_L -1 9.051e+01 2.735e+02 4.200e+01
s>        ( - 2.440e+02 1 0)
s>        ( SILENCE -1 1.199e+02 2.508e+02 4.100e+01
s>            ( - 2.400e+02 1 0)
s>            ( QUESTION0_20_R 1 1.307e+02 2.549e+02 4.000e+01
s>                ( - 2.440e+02 1 0)
s>                ( QUESTION2_19_L -1 1.416e+02 2.503e+02 3.900e+01
s>                    ( - 2.440e+02 1 0)
s>                    ( QUESTION9 -1 1.478e+02 2.478e+02 3.800e+01
s>                        ( - 2.440e+02 1 0)
s>                        ( WDBNDRY_S 0 1.516e+02 2.375e+02 3.700e+01
s>                            ( - 2.137e+02 1 0)
s>                            ( QUESTION0_15_R 1 1.754e+02 1.642e+02 3.500e+01
s>                                ( - 2.386e+02 4 0 QUESTION4 -1 2.852e+02 1.400e+01)
s>                                ( - 1.009e+02 10 0 QUESTION2_13_L -1 2.515e+02 2.100e+01))))))))INFO: ../dtree.c(1327): Comp split 0
INFO: ../dtree.c(1459): stop. leaf nodes are specific
s>    ( SILENCE -1 1.199e+02 2.508e+02 4.100e+01
s>        ( - 2.400e+02 1 0)
s>        ( QUESTION0_20_R 1 1.307e+02 2.549e+02 4.000e+01
s>            ( - 2.440e+02 1 0)
s>            ( QUESTION2_19_L -1 1.416e+02 2.503e+02 3.900e+01
s>                ( - 2.440e+02 1 0)
s>                ( QUESTION9 -1 1.478e+02 2.478e+02 3.800e+01
s>                    ( - 2.440e+02 1 0)
s>                    ( WDBNDRY_S 0 1.516e+02 2.375e+02 3.700e+01
s>                        ( - 2.137e+02 1 0)
s>                        ( - 1.754e+02 14 0))))))INFO: ../dtree.c(1327): Comp split 1
INFO: ../dtree.c(1459): stop. leaf nodes are specific
s>    ( SILENCE -1 1.298e+02 2.518e+02 4.000e+01
s>        ( - 2.400e+02 1 0)
s>        ( - 1.416e+02 17 0))INFO: ../dtree.c(1327): Comp split 2
s>    ( QUESTION2_19_L -1 1.416e+02 2.503e+02 3.900e+01
s>        ( - 2.440e+02 1 0)
s>        ( QUESTION9 -1 1.478e+02 2.478e+02 3.800e+01
s>            ( - 2.440e+02 1 0)
s>            ( WDBNDRY_S 0 1.516e+02 2.375e+02 3.700e+01
s>                ( - 2.137e+02 1 0)
s>                ( QUESTION0_15_R 1 1.754e+02 1.642e+02 3.500e+01
s>                    ( QUESTION4 -1 2.386e+02 2.852e+02 1.400e+01
s>                        ( - 2.440e+02 1 0)
s>                        ( QUESTION2_16_L -1 2.798e+02 2.631e+02 1.300e+01
s>                            ( - 2.440e+02 1 0)
s>                            ( WDBNDRY_E 0 2.989e+02 2.685e+02 1.200e+01
s>                                ( - 2.247e+02 1 0)
s>                                ( - 3.427e+02 1 0))))
s>                    ( - 1.009e+02 10 0 QUESTION2_13_L -1 2.515e+02 2.100e+01)))))INFO: ../dtree.c(1327): Comp split 3
INFO: ../dtree.c(1327): Comp split 4
INFO: ../dtree.c(1330): stop. leaf nodes are specific
