../..//s3trainer/bin.linux/bldtree \
 -treefn ../..//trees/MODELSET1.unpruned/G-0.dtree \
 -moddeffn ../..//model_architecture/MODELSET1.untied.mdef \
 -mixwfn ../..//model_parameters/MODELSET1.cd_continuous_untied/mixture_weights \
 -ts2cbfn .cont. \
 -meanfn ../..//model_parameters/MODELSET1.cd_continuous_untied/means \
 -varfn ../..//model_parameters/MODELSET1.cd_continuous_untied/variances \
 -mwfloor 1e-8 \
 -psetfn ../..//c_scripts/03.buildtrees/linguistic_questions.automatic \
 -phone G \
 -state 0 \
 -stwt 1.0 0.05 0.0 \
 -ssplitmin 1 \
 -ssplitmax 7 \
 -ssplitthr 0 \
 -csplitmin 1 \
 -csplitmax 2000 \
 -csplitthr 0 \
 -cntthresh 1

[Switch]   [Default] [Value]
-treefn              ../..//trees/MODELSET1.unpruned/G-0.dtree
-moddeffn            ../..//model_architecture/MODELSET1.untied.mdef
-ts2cbfn   .semi.    .cont. 
-meanfn              ../..//model_parameters/MODELSET1.cd_continuous_untied/means
-varfn               ../..//model_parameters/MODELSET1.cd_continuous_untied/variances
-varfloor  0.00001   1.000000e-05
-cntthresh 0.00001   1.000000e+00
-mixwfn              ../..//model_parameters/MODELSET1.cd_continuous_untied/mixture_weights
-psetfn              ../..//c_scripts/03.buildtrees/linguistic_questions.automatic
-phone               G      
-state               0      
-mwfloor   1e-4      1.000000e-08
-stwt                1.0 0.05 0.0
-ssplitthr 8e-4      0.000000e+00
-ssplitmin 1         1      
-ssplitmax 5         7      
-csplitthr 8e-4      0.000000e+00
-csplitmin 1         1      
-csplitmax 100       2000   
INFO: ../main.c(152): Reading: ../..//model_architecture/MODELSET1.untied.mdef
INFO: ../model_def_io.c(562): Model definition info:
INFO: ../model_def_io.c(563): 1000 total models defined (50 base, 950 tri)
INFO: ../model_def_io.c(564): 4000 total states
INFO: ../model_def_io.c(565): 3000 total tied states
INFO: ../model_def_io.c(566): 150 total tied CI states
INFO: ../model_def_io.c(567): 50 total tied transition matrices
INFO: ../model_def_io.c(568): 4 max state/model
INFO: ../model_def_io.c(569): 20 min state/model
INFO: ../main.c(196): Building trees for [G AX R i] through [G ng ER i]
INFO: ../main.c(224): Covering states |[1116 1148]| == 33
INFO: ../main.c(231): Reading: ../..//model_parameters/MODELSET1.cd_continuous_untied/mixture_weights
INFO: ../s3mixw_io.c(151): Read ../..//model_parameters/MODELSET1.cd_continuous_untied/mixture_weights [33x1x1 array]
INFO: ../main.c(269): 11 of 11 models have observation count greater than 1.000000
INFO: ../main.c(67): nrm stwt: 0.952 0.048 0.000 
INFO: ../s3gau_io.c(128): Read ../..//model_parameters/MODELSET1.cd_continuous_untied/means [3000x1x1 array]
INFO: ../s3gau_io.c(128): Read ../..//model_parameters/MODELSET1.cd_continuous_untied/variances [3000x1x1 array]
INFO: ../main.c(510): Reading: ../..//c_scripts/03.buildtrees/linguistic_questions.automatic
INFO: ../main.c(547): 176 total simple questions (168 phone; 8 word bndry)
INFO: ../main.c(549): 42 Left Only questions, and 42 Right Only questions
N model = 11
s>    ( QUESTION2_4_L -1 6.549e+03 3.924e+02 2.686e+02
s>        ( QUESTION0_2_R 1 7.621e+01 2.588e+02 5.000e+00
s>            ( - 2.440e+02 1 0)
s>            ( WDBNDRY_B 0 9.095e+01 2.372e+02 4.000e+00
s>                ( - 2.441e+02 1 0)
s>                ( QUESTION3 -1 8.409e+01 2.491e+02 3.000e+00
s>                    ( - 8.918e+01 2 0)
s>                    ( - 2.440e+02 1 0))))
s>        ( WDBNDRY_B 0 6.865e+03 3.484e+02 2.636e+02
s>            ( - 2.440e+02 1 0)
s>            ( QUESTION0_10_R 1 6.970e+03 2.223e+02 2.626e+02
s>                ( - 2.418e+02 1 0)
s>                ( QUESTION0_2_R 1 6.950e+03 2.191e+02 2.616e+02
s>                    ( - 3.679e+03 1 0)
s>                    ( - 3.490e+03 3 0 QUESTION3 -1 1.211e+02 1.236e+02)))))INFO: ../dtree.c(1327): Comp split 0
INFO: ../dtree.c(1459): stop. leaf nodes are specific
s>    ( QUESTION0_10_R 1 6.970e+03 2.223e+02 2.626e+02
s>        ( - 2.418e+02 1 0)
s>        ( QUESTION0_2_R 1 6.950e+03 2.191e+02 2.616e+02
s>            ( - 3.679e+03 1 0)
s>            ( QUESTION3 -1 3.490e+03 1.211e+02 1.236e+02
s>                ( - 2.009e+02 1 0)
s>                ( QUESTION2 -1 3.411e+03 9.193e+01 1.196e+02
s>                    ( - 3.256e+02 1 0)
s>                    ( - 3.177e+03 1 0)))))INFO: ../dtree.c(1459): stop. leaf nodes are specific
s>    ( QUESTION0_2_R 1 8.590e+01 2.648e+02 6.000e+00
s>        ( - 2.440e+02 1 0)
s>        ( QUESTION6 -1 1.067e+02 2.303e+02 5.000e+00
s>            ( - 2.440e+02 1 0)
s>            ( QUESTION0_15_R 1 9.292e+01 2.272e+02 4.000e+00
s>                ( WDBNDRY_B 0 7.606e+01 2.572e+02 3.000e+00
s>                    ( - 2.441e+02 1 0)
s>                    ( - 8.918e+01 2 0))
s>                ( - 2.440e+02 1 0))))INFO: ../dtree.c(1327): Comp split 1
INFO: ../dtree.c(1459): stop. leaf nodes are specific
s>    ( QUESTION2 -1 3.258e+03 1.199e+02 1.116e+02
s>        ( - 2.009e+02 1 0)
s>        ( - 3.177e+03 1 0))INFO: ../dtree.c(1459): stop. leaf nodes are specific
s>    ( QUESTION0_10_R 1 3.939e+03 2.217e+02 1.510e+02
s>        ( - 2.418e+02 1 0)
s>        ( QUESTION0_2_R 1 3.919e+03 8.571e+01 1.500e+02
s>            ( - 3.679e+03 1 0)
s>            ( - 3.256e+02 1 0)))INFO: ../dtree.c(1327): Comp split 2
INFO: ../dtree.c(1459): stop. leaf nodes are specific
s>    ( QUESTION0_2_R 1 3.919e+03 8.571e+01 1.500e+02
s>        ( - 3.679e+03 1 0)
s>        ( - 3.256e+02 1 0))INFO: ../dtree.c(1327): Comp split 3
INFO: ../dtree.c(1327): Comp split 4
INFO: ../dtree.c(1327): Comp split 5
INFO: ../dtree.c(1459): stop. leaf nodes are specific
s>    ( QUESTION6 -1 1.067e+02 2.303e+02 5.000e+00
s>        ( - 2.440e+02 1 0)
s>        ( QUESTION0_15_R 1 9.292e+01 2.272e+02 4.000e+00
s>            ( WDBNDRY_B 0 7.606e+01 2.572e+02 3.000e+00
s>                ( - 2.441e+02 1 0)
s>                ( - 8.918e+01 2 0))
s>            ( - 2.440e+02 1 0)))INFO: ../dtree.c(1327): Comp split 6
INFO: ../dtree.c(1459): stop. leaf nodes are specific
s>    ( QUESTION0_15_R 1 9.292e+01 2.272e+02 4.000e+00
s>        ( WDBNDRY_B 0 7.606e+01 2.572e+02 3.000e+00
s>            ( - 2.441e+02 1 0)
s>            ( - 8.918e+01 2 0))
s>        ( - 2.440e+02 1 0))INFO: ../dtree.c(1327): Comp split 7
INFO: ../dtree.c(1459): stop. leaf nodes are specific
s>    ( WDBNDRY_B 0 7.606e+01 2.572e+02 3.000e+00
s>        ( - 2.441e+02 1 0)
s>        ( - 8.918e+01 2 0))INFO: ../dtree.c(1327): Comp split 8
INFO: ../dtree.c(1327): Comp split 9
INFO: ../dtree.c(1330): stop. leaf nodes are specific
