This file contains any messages produced by compilers while
running configure, to aid debugging if configure makes a mistake.

It was created by configure, which was
generated by GNU Autoconf 2.62.  Invocation command line was

  $ ./configure --prefix=/usr0/home/rsingh/work/genietrain/sphinx.opensource.26may10 --no-create --no-recursion

## --------- ##
## Platform. ##
## --------- ##

hostname = genie.mlsp.cs.cmu.edu
uname -m = x86_64
uname -r = 2.6.28.4-003-STD64
uname -s = Linux
uname -v = #1 SMP PREEMPT Tue May 18 17:56:00 EDT 2010

/usr/bin/uname -p = unknown
/bin/uname -X     = unknown

/bin/arch              = x86_64
/usr/bin/arch -k       = unknown
/usr/convex/getsysinfo = unknown
/usr/bin/hostinfo      = unknown
/bin/machine           = unknown
/usr/bin/oslevel       = unknown
/bin/universe          = unknown

PATH: /usr/lib64/qt-3.3/bin
PATH: /usr0/local/cuda/bin/bin
PATH: /usr/cs/bin
PATH: /usr/lib64/ccache
PATH: /usr/local/bin
PATH: /usr/bin
PATH: /bin
PATH: /usr/X11R6/bin


## ----------- ##
## Core tests. ##
## ----------- ##

configure:2083: checking for a BSD-compatible install
configure:2151: result: /usr/bin/install -c
configure:2162: checking whether build environment is sane
configure:2205: result: yes
configure:2267: checking for gawk
configure:2283: found /usr/bin/gawk
configure:2294: result: gawk
configure:2305: checking whether make sets $(MAKE)
configure:2327: result: yes
configure:2520: checking build system type
configure:2538: result: x86_64-unknown-linux-gnu
configure:2560: checking host system type
configure:2575: result: x86_64-unknown-linux-gnu
configure:2618: checking for style of include used by make
configure:2646: result: GNU
configure:2719: checking for gcc
configure:2735: found /usr/lib64/ccache/gcc
configure:2746: result: gcc
configure:2984: checking for C compiler version
configure:2992: gcc --version >&5
gcc (GCC) 4.3.2 20081105 (Red Hat 4.3.2-7)
Copyright (C) 2008 Free Software Foundation, Inc.
This is free software; see the source for copying conditions.  There is NO
warranty; not even for MERCHANTABILITY or FITNESS FOR A PARTICULAR PURPOSE.

configure:2996: $? = 0
configure:3003: gcc -v >&5
Using built-in specs.
Target: x86_64-redhat-linux
Configured with: ../configure --prefix=/usr --mandir=/usr/share/man --infodir=/usr/share/info --with-bugurl=http://bugzilla.redhat.com/bugzilla --enable-bootstrap --enable-shared --enable-threads=posix --enable-checking=release --with-system-zlib --enable-__cxa_atexit --disable-libunwind-exceptions --enable-languages=c,c++,objc,obj-c++,java,fortran,ada --enable-java-awt=gtk --disable-dssi --enable-plugin --with-java-home=/usr/lib/jvm/java-1.5.0-gcj-1.5.0.0/jre --enable-libgcj-multifile --enable-java-maintainer-mode --with-ecj-jar=/usr/share/java/eclipse-ecj.jar --disable-libjava-multilib --with-cpu=generic --build=x86_64-redhat-linux
Thread model: posix
gcc version 4.3.2 20081105 (Red Hat 4.3.2-7) (GCC) 
configure:3007: $? = 0
configure:3014: gcc -V >&5
gcc: '-V' option must have argument
configure:3018: $? = 1
configure:3041: checking for C compiler default output file name
configure:3063: gcc -g -O2 -Wall   conftest.c  >&5
configure:3067: $? = 0
configure:3105: result: a.out
configure:3122: checking whether the C compiler works
configure:3132: ./a.out
configure:3136: $? = 0
configure:3153: result: yes
configure:3160: checking whether we are cross compiling
configure:3162: result: no
configure:3165: checking for suffix of executables
configure:3172: gcc -o conftest -g -O2 -Wall   conftest.c  >&5
configure:3176: $? = 0
configure:3200: result: 
configure:3206: checking for suffix of object files
configure:3232: gcc -c -g -O2 -Wall  conftest.c >&5
configure:3236: $? = 0
configure:3259: result: o
configure:3263: checking whether we are using the GNU C compiler
configure:3292: gcc -c -g -O2 -Wall  conftest.c >&5
configure:3299: $? = 0
configure:3316: result: yes
configure:3325: checking whether gcc accepts -g
configure:3355: gcc -c -g  conftest.c >&5
configure:3362: $? = 0
configure:3463: result: yes
configure:3480: checking for gcc option to accept ISO C89
configure:3554: gcc  -c -g -O2 -Wall  conftest.c >&5
configure:3561: $? = 0
configure:3584: result: none needed
configure:3604: checking dependency style of gcc
configure:3694: result: gcc3
configure:3712: checking for library containing strerror
configure:3753: gcc -o conftest -g -O2 -Wall   conftest.c  >&5
configure:3760: $? = 0
configure:3791: result: none required
configure:3847: checking for gcc
configure:3874: result: gcc
configure:4112: checking for C compiler version
configure:4120: gcc --version >&5
gcc (GCC) 4.3.2 20081105 (Red Hat 4.3.2-7)
Copyright (C) 2008 Free Software Foundation, Inc.
This is free software; see the source for copying conditions.  There is NO
warranty; not even for MERCHANTABILITY or FITNESS FOR A PARTICULAR PURPOSE.

configure:4124: $? = 0
configure:4131: gcc -v >&5
Using built-in specs.
Target: x86_64-redhat-linux
Configured with: ../configure --prefix=/usr --mandir=/usr/share/man --infodir=/usr/share/info --with-bugurl=http://bugzilla.redhat.com/bugzilla --enable-bootstrap --enable-shared --enable-threads=posix --enable-checking=release --with-system-zlib --enable-__cxa_atexit --disable-libunwind-exceptions --enable-languages=c,c++,objc,obj-c++,java,fortran,ada --enable-java-awt=gtk --disable-dssi --enable-plugin --with-java-home=/usr/lib/jvm/java-1.5.0-gcj-1.5.0.0/jre --enable-libgcj-multifile --enable-java-maintainer-mode --with-ecj-jar=/usr/share/java/eclipse-ecj.jar --disable-libjava-multilib --with-cpu=generic --build=x86_64-redhat-linux
Thread model: posix
gcc version 4.3.2 20081105 (Red Hat 4.3.2-7) (GCC) 
configure:4135: $? = 0
configure:4142: gcc -V >&5
gcc: '-V' option must have argument
configure:4146: $? = 1
configure:4149: checking whether we are using the GNU C compiler
configure:4202: result: yes
configure:4211: checking whether gcc accepts -g
configure:4349: result: yes
configure:4366: checking for gcc option to accept ISO C89
configure:4470: result: none needed
configure:4490: checking dependency style of gcc
configure:4580: result: gcc3
configure:4645: checking for gcc
configure:4672: result: gcc
configure:4910: checking for C compiler version
configure:4918: gcc --version >&5
gcc (GCC) 4.3.2 20081105 (Red Hat 4.3.2-7)
Copyright (C) 2008 Free Software Foundation, Inc.
This is free software; see the source for copying conditions.  There is NO
warranty; not even for MERCHANTABILITY or FITNESS FOR A PARTICULAR PURPOSE.

configure:4922: $? = 0
configure:4929: gcc -v >&5
Using built-in specs.
Target: x86_64-redhat-linux
Configured with: ../configure --prefix=/usr --mandir=/usr/share/man --infodir=/usr/share/info --with-bugurl=http://bugzilla.redhat.com/bugzilla --enable-bootstrap --enable-shared --enable-threads=posix --enable-checking=release --with-system-zlib --enable-__cxa_atexit --disable-libunwind-exceptions --enable-languages=c,c++,objc,obj-c++,java,fortran,ada --enable-java-awt=gtk --disable-dssi --enable-plugin --with-java-home=/usr/lib/jvm/java-1.5.0-gcj-1.5.0.0/jre --enable-libgcj-multifile --enable-java-maintainer-mode --with-ecj-jar=/usr/share/java/eclipse-ecj.jar --disable-libjava-multilib --with-cpu=generic --build=x86_64-redhat-linux
Thread model: posix
gcc version 4.3.2 20081105 (Red Hat 4.3.2-7) (GCC) 
configure:4933: $? = 0
configure:4940: gcc -V >&5
gcc: '-V' option must have argument
configure:4944: $? = 1
configure:4947: checking whether we are using the GNU C compiler
configure:5000: result: yes
configure:5009: checking whether gcc accepts -g
configure:5147: result: yes
configure:5164: checking for gcc option to accept ISO C89
configure:5268: result: none needed
configure:5288: checking dependency style of gcc
configure:5378: result: gcc3
configure:5403: checking how to run the C preprocessor
configure:5443: gcc -E  conftest.c
configure:5450: $? = 0
configure:5481: gcc -E  conftest.c
conftest.c:10:28: error: ac_nonexistent.h: No such file or directory
configure:5488: $? = 1
configure: failed program was:
| /* confdefs.h.  */
| #define PACKAGE_NAME ""
| #define PACKAGE_TARNAME ""
| #define PACKAGE_VERSION ""
| #define PACKAGE_STRING ""
| #define PACKAGE_BUGREPORT ""
| #define PACKAGE "sphinx3"
| #define VERSION "0.8"
| /* end confdefs.h.  */
| #include <ac_nonexistent.h>
configure:5521: result: gcc -E
configure:5550: gcc -E  conftest.c
configure:5557: $? = 0
configure:5588: gcc -E  conftest.c
conftest.c:10:28: error: ac_nonexistent.h: No such file or directory
configure:5595: $? = 1
configure: failed program was:
| /* confdefs.h.  */
| #define PACKAGE_NAME ""
| #define PACKAGE_TARNAME ""
| #define PACKAGE_VERSION ""
| #define PACKAGE_STRING ""
| #define PACKAGE_BUGREPORT ""
| #define PACKAGE "sphinx3"
| #define VERSION "0.8"
| /* end confdefs.h.  */
| #include <ac_nonexistent.h>
configure:5633: checking for grep that handles long lines and -e
configure:5693: result: /bin/grep
configure:5698: checking for egrep
configure:5762: result: /bin/grep -E
configure:5767: checking for ANSI C header files
configure:5797: gcc -c -g -O2 -Wall  conftest.c >&5
configure:5804: $? = 0
configure:5903: gcc -o conftest -g -O2 -Wall   conftest.c  >&5
configure:5907: $? = 0
configure:5913: ./conftest
configure:5917: $? = 0
configure:5935: result: yes
configure:5959: checking for sys/types.h
configure:5980: gcc -c -g -O2 -Wall  conftest.c >&5
configure:5987: $? = 0
configure:6004: result: yes
configure:5959: checking for sys/stat.h
configure:5980: gcc -c -g -O2 -Wall  conftest.c >&5
configure:5987: $? = 0
configure:6004: result: yes
configure:5959: checking for stdlib.h
configure:5980: gcc -c -g -O2 -Wall  conftest.c >&5
configure:5987: $? = 0
configure:6004: result: yes
configure:5959: checking for string.h
configure:5980: gcc -c -g -O2 -Wall  conftest.c >&5
configure:5987: $? = 0
configure:6004: result: yes
configure:5959: checking for memory.h
configure:5980: gcc -c -g -O2 -Wall  conftest.c >&5
configure:5987: $? = 0
configure:6004: result: yes
configure:5959: checking for strings.h
configure:5980: gcc -c -g -O2 -Wall  conftest.c >&5
configure:5987: $? = 0
configure:6004: result: yes
configure:5959: checking for inttypes.h
configure:5980: gcc -c -g -O2 -Wall  conftest.c >&5
configure:5987: $? = 0
configure:6004: result: yes
configure:5959: checking for stdint.h
configure:5980: gcc -c -g -O2 -Wall  conftest.c >&5
configure:5987: $? = 0
configure:6004: result: yes
configure:5959: checking for unistd.h
configure:5980: gcc -c -g -O2 -Wall  conftest.c >&5
configure:5987: $? = 0
configure:6004: result: yes
configure:6018: checking whether byte ordering is bigendian
configure:6055: gcc -c -g -O2 -Wall  conftest.c >&5
configure:6062: $? = 0
configure:6094: gcc -c -g -O2 -Wall  conftest.c >&5
conftest.c: In function 'main':
conftest.c:27: error: 'not' undeclared (first use in this function)
conftest.c:27: error: (Each undeclared identifier is reported only once
conftest.c:27: error: for each function it appears in.)
conftest.c:27: error: expected ';' before 'big'
configure:6101: $? = 1
configure: failed program was:
| /* confdefs.h.  */
| #define PACKAGE_NAME ""
| #define PACKAGE_TARNAME ""
| #define PACKAGE_VERSION ""
| #define PACKAGE_STRING ""
| #define PACKAGE_BUGREPORT ""
| #define PACKAGE "sphinx3"
| #define VERSION "0.8"
| #define STDC_HEADERS 1
| #define HAVE_SYS_TYPES_H 1
| #define HAVE_SYS_STAT_H 1
| #define HAVE_STDLIB_H 1
| #define HAVE_STRING_H 1
| #define HAVE_MEMORY_H 1
| #define HAVE_STRINGS_H 1
| #define HAVE_INTTYPES_H 1
| #define HAVE_STDINT_H 1
| #define HAVE_UNISTD_H 1
| /* end confdefs.h.  */
| #include <sys/types.h>
| 		#include <sys/param.h>
| 
| int
| main ()
| {
| #if BYTE_ORDER != BIG_ENDIAN
| 		 not big endian
| 		#endif
| 
|   ;
|   return 0;
| }
configure:6353: result: no
configure:6373: checking for ANSI C header files
configure:6541: result: yes
configure:6552: checking for an ANSI C-conforming const
configure:6627: gcc -c -g -O2 -Wall  conftest.c >&5
conftest.c: In function 'main':
conftest.c:50: warning: 't' is used uninitialized in this function
conftest.c:66: warning: 'b' may be used uninitialized in this function
conftest.c:72: warning: 'cs[0]' is used uninitialized in this function
configure:6634: $? = 0
configure:6649: result: yes
configure:6659: checking for size_t
configure:6687: gcc -c -g -O2 -Wall  conftest.c >&5
configure:6694: $? = 0
configure:6721: gcc -c -g -O2 -Wall  conftest.c >&5
conftest.c: In function 'main':
conftest.c:57: error: expected expression before ')' token
configure:6728: $? = 1
configure: failed program was:
| /* confdefs.h.  */
| #define PACKAGE_NAME ""
| #define PACKAGE_TARNAME ""
| #define PACKAGE_VERSION ""
| #define PACKAGE_STRING ""
| #define PACKAGE_BUGREPORT ""
| #define PACKAGE "sphinx3"
| #define VERSION "0.8"
| #define STDC_HEADERS 1
| #define HAVE_SYS_TYPES_H 1
| #define HAVE_SYS_STAT_H 1
| #define HAVE_STDLIB_H 1
| #define HAVE_STRING_H 1
| #define HAVE_MEMORY_H 1
| #define HAVE_STRINGS_H 1
| #define HAVE_INTTYPES_H 1
| #define HAVE_STDINT_H 1
| #define HAVE_UNISTD_H 1
| #define STDC_HEADERS 1
| /* end confdefs.h.  */
| #include <stdio.h>
| #ifdef HAVE_SYS_TYPES_H
| # include <sys/types.h>
| #endif
| #ifdef HAVE_SYS_STAT_H
| # include <sys/stat.h>
| #endif
| #ifdef STDC_HEADERS
| # include <stdlib.h>
| # include <stddef.h>
| #else
| # ifdef HAVE_STDLIB_H
| #  include <stdlib.h>
| # endif
| #endif
| #ifdef HAVE_STRING_H
| # if !defined STDC_HEADERS && defined HAVE_MEMORY_H
| #  include <memory.h>
| # endif
| # include <string.h>
| #endif
| #ifdef HAVE_STRINGS_H
| # include <strings.h>
| #endif
| #ifdef HAVE_INTTYPES_H
| # include <inttypes.h>
| #endif
| #ifdef HAVE_STDINT_H
| # include <stdint.h>
| #endif
| #ifdef HAVE_UNISTD_H
| # include <unistd.h>
| #endif
| int
| main ()
| {
| if (sizeof ((size_t)))
| 	  return 0;
|   ;
|   return 0;
| }
configure:6751: result: yes
configure:6768: checking for memmove
configure:6824: gcc -o conftest -g -O2 -Wall   conftest.c  >&5
conftest.c:44: warning: conflicting types for built-in function 'memmove'
configure:6831: $? = 0
configure:6853: result: yes
configure:6768: checking for bcopy
configure:6824: gcc -o conftest -g -O2 -Wall   conftest.c  >&5
conftest.c:45: warning: conflicting types for built-in function 'bcopy'
configure:6831: $? = 0
configure:6853: result: yes
configure:6865: checking return type of signal handlers
configure:6893: gcc -c -g -O2 -Wall  conftest.c >&5
conftest.c: In function 'main':
conftest.c:29: error: void value not ignored as it ought to be
configure:6900: $? = 1
configure: failed program was:
| /* confdefs.h.  */
| #define PACKAGE_NAME ""
| #define PACKAGE_TARNAME ""
| #define PACKAGE_VERSION ""
| #define PACKAGE_STRING ""
| #define PACKAGE_BUGREPORT ""
| #define PACKAGE "sphinx3"
| #define VERSION "0.8"
| #define STDC_HEADERS 1
| #define HAVE_SYS_TYPES_H 1
| #define HAVE_SYS_STAT_H 1
| #define HAVE_STDLIB_H 1
| #define HAVE_STRING_H 1
| #define HAVE_MEMORY_H 1
| #define HAVE_STRINGS_H 1
| #define HAVE_INTTYPES_H 1
| #define HAVE_STDINT_H 1
| #define HAVE_UNISTD_H 1
| #define STDC_HEADERS 1
| #define HAVE_MEMMOVE 1
| #define HAVE_BCOPY 1
| /* end confdefs.h.  */
| #include <sys/types.h>
| #include <signal.h>
| 
| int
| main ()
| {
| return *(signal (0, 0)) (0) == 1;
|   ;
|   return 0;
| }
configure:6915: result: void
configure:6931: checking if compiler supports __attribute__((visibility("default")))
configure:6947: gcc -c -g -O2 -Wall -fvisibility=hidden  conftest.c >&5
configure:6954: $? = 0
configure:6970: result: yes
configure:7028: checking sphinxbase/sphinx_config.h usability
configure:7045: gcc -c -g -O2 -Wall -fvisibility=hidden  conftest.c >&5
conftest.c:58:38: error: sphinxbase/sphinx_config.h: No such file or directory
configure:7052: $? = 1
configure: failed program was:
| /* confdefs.h.  */
| #define PACKAGE_NAME ""
| #define PACKAGE_TARNAME ""
| #define PACKAGE_VERSION ""
| #define PACKAGE_STRING ""
| #define PACKAGE_BUGREPORT ""
| #define PACKAGE "sphinx3"
| #define VERSION "0.8"
| #define STDC_HEADERS 1
| #define HAVE_SYS_TYPES_H 1
| #define HAVE_SYS_STAT_H 1
| #define HAVE_STDLIB_H 1
| #define HAVE_STRING_H 1
| #define HAVE_MEMORY_H 1
| #define HAVE_STRINGS_H 1
| #define HAVE_INTTYPES_H 1
| #define HAVE_STDINT_H 1
| #define HAVE_UNISTD_H 1
| #define STDC_HEADERS 1
| #define HAVE_MEMMOVE 1
| #define HAVE_BCOPY 1
| #define RETSIGTYPE void
| #define HAVE_ATTRIBUTE_VISIBILITY 1
| /* end confdefs.h.  */
| #include <stdio.h>
| #ifdef HAVE_SYS_TYPES_H
| # include <sys/types.h>
| #endif
| #ifdef HAVE_SYS_STAT_H
| # include <sys/stat.h>
| #endif
| #ifdef STDC_HEADERS
| # include <stdlib.h>
| # include <stddef.h>
| #else
| # ifdef HAVE_STDLIB_H
| #  include <stdlib.h>
| # endif
| #endif
| #ifdef HAVE_STRING_H
| # if !defined STDC_HEADERS && defined HAVE_MEMORY_H
| #  include <memory.h>
| # endif
| # include <string.h>
| #endif
| #ifdef HAVE_STRINGS_H
| # include <strings.h>
| #endif
| #ifdef HAVE_INTTYPES_H
| # include <inttypes.h>
| #endif
| #ifdef HAVE_STDINT_H
| # include <stdint.h>
| #endif
| #ifdef HAVE_UNISTD_H
| # include <unistd.h>
| #endif
| #include <sphinxbase/sphinx_config.h>
configure:7066: result: no
configure:7070: checking sphinxbase/sphinx_config.h presence
configure:7085: gcc -E  conftest.c
conftest.c:25:38: error: sphinxbase/sphinx_config.h: No such file or directory
configure:7092: $? = 1
configure: failed program was:
| /* confdefs.h.  */
| #define PACKAGE_NAME ""
| #define PACKAGE_TARNAME ""
| #define PACKAGE_VERSION ""
| #define PACKAGE_STRING ""
| #define PACKAGE_BUGREPORT ""
| #define PACKAGE "sphinx3"
| #define VERSION "0.8"
| #define STDC_HEADERS 1
| #define HAVE_SYS_TYPES_H 1
| #define HAVE_SYS_STAT_H 1
| #define HAVE_STDLIB_H 1
| #define HAVE_STRING_H 1
| #define HAVE_MEMORY_H 1
| #define HAVE_STRINGS_H 1
| #define HAVE_INTTYPES_H 1
| #define HAVE_STDINT_H 1
| #define HAVE_UNISTD_H 1
| #define STDC_HEADERS 1
| #define HAVE_MEMMOVE 1
| #define HAVE_BCOPY 1
| #define RETSIGTYPE void
| #define HAVE_ATTRIBUTE_VISIBILITY 1
| /* end confdefs.h.  */
| #include <sphinxbase/sphinx_config.h>
configure:7106: result: no
configure:7134: checking for sphinxbase/sphinx_config.h
configure:7141: result: no
configure:7152: checking for sphinxbase in ../sphinxbase-0.6
configure:7156: result: yes
configure:7152: checking for sphinxbase in ../sphinxbase-0.6.tar.gz
configure:7159: result: no
configure:7178: checking for /home/rsingh/work/genietrain/sphinx.opensource.26may10/sphinx3-0.8/../sphinxbase-0.6/include/prim_type.h
configure:7195: result: yes
configure:7213: checking for /home/rsingh/work/genietrain/sphinx.opensource.26may10/sphinx3-0.8/../sphinxbase-0.6/src/libsphinxbase/libsphinxbase.la
configure:7230: result: yes
configure:7251: checking for perl
configure:7269: found /usr/cs/bin/perl
configure:7281: result: /usr/cs/bin/perl
configure:7291: checking for csh
configure:7309: found /bin/csh
configure:7321: result: /bin/csh
configure:7413: checking for a sed that does not truncate output
configure:7469: result: /bin/sed
configure:7483: checking for ld used by gcc
configure:7550: result: /usr/bin/ld
configure:7559: checking if the linker (/usr/bin/ld) is GNU ld
configure:7574: result: yes
configure:7579: checking for /usr/bin/ld option to reload object files
configure:7586: result: -r
configure:7604: checking for BSD-compatible nm
configure:7653: result: /usr/bin/nm -B
configure:7657: checking whether ln -s works
configure:7661: result: yes
configure:7668: checking how to recognize dependent libraries
configure:7854: result: pass_all
configure:7942: gcc -c -g -O2 -Wall -fvisibility=hidden -I/home/rsingh/work/genietrain/sphinx.opensource.26may10/sphinx3-0.8/../sphinxbase-0.6/include -I/home/rsingh/work/genietrain/sphinx.opensource.26may10/sphinx3-0.8/../sphinxbase-0.6/include  conftest.c >&5
configure:7945: $? = 0
configure:8113: checking dlfcn.h usability
configure:8130: gcc -c -g -O2 -Wall -fvisibility=hidden -I/home/rsingh/work/genietrain/sphinx.opensource.26may10/sphinx3-0.8/../sphinxbase-0.6/include -I/home/rsingh/work/genietrain/sphinx.opensource.26may10/sphinx3-0.8/../sphinxbase-0.6/include  conftest.c >&5
configure:8137: $? = 0
configure:8151: result: yes
configure:8155: checking dlfcn.h presence
configure:8170: gcc -E -I/home/rsingh/work/genietrain/sphinx.opensource.26may10/sphinx3-0.8/../sphinxbase-0.6/include -I/home/rsingh/work/genietrain/sphinx.opensource.26may10/sphinx3-0.8/../sphinxbase-0.6/include  conftest.c
configure:8177: $? = 0
configure:8191: result: yes
configure:8219: checking for dlfcn.h
configure:8228: result: yes
configure:8300: checking for g++
configure:8316: found /usr/lib64/ccache/g++
configure:8327: result: g++
configure:8358: checking for C++ compiler version
configure:8366: g++ --version >&5
g++ (GCC) 4.3.2 20081105 (Red Hat 4.3.2-7)
Copyright (C) 2008 Free Software Foundation, Inc.
This is free software; see the source for copying conditions.  There is NO
warranty; not even for MERCHANTABILITY or FITNESS FOR A PARTICULAR PURPOSE.

configure:8370: $? = 0
configure:8377: g++ -v >&5
Using built-in specs.
Target: x86_64-redhat-linux
Configured with: ../configure --prefix=/usr --mandir=/usr/share/man --infodir=/usr/share/info --with-bugurl=http://bugzilla.redhat.com/bugzilla --enable-bootstrap --enable-shared --enable-threads=posix --enable-checking=release --with-system-zlib --enable-__cxa_atexit --disable-libunwind-exceptions --enable-languages=c,c++,objc,obj-c++,java,fortran,ada --enable-java-awt=gtk --disable-dssi --enable-plugin --with-java-home=/usr/lib/jvm/java-1.5.0-gcj-1.5.0.0/jre --enable-libgcj-multifile --enable-java-maintainer-mode --with-ecj-jar=/usr/share/java/eclipse-ecj.jar --disable-libjava-multilib --with-cpu=generic --build=x86_64-redhat-linux
Thread model: posix
gcc version 4.3.2 20081105 (Red Hat 4.3.2-7) (GCC) 
configure:8381: $? = 0
configure:8388: g++ -V >&5
g++: '-V' option must have argument
configure:8392: $? = 1
configure:8395: checking whether we are using the GNU C++ compiler
configure:8424: g++ -c  -I/home/rsingh/work/genietrain/sphinx.opensource.26may10/sphinx3-0.8/../sphinxbase-0.6/include -I/home/rsingh/work/genietrain/sphinx.opensource.26may10/sphinx3-0.8/../sphinxbase-0.6/include  conftest.cpp >&5
configure:8431: $? = 0
configure:8448: result: yes
configure:8457: checking whether g++ accepts -g
configure:8487: g++ -c -g -I/home/rsingh/work/genietrain/sphinx.opensource.26may10/sphinx3-0.8/../sphinxbase-0.6/include -I/home/rsingh/work/genietrain/sphinx.opensource.26may10/sphinx3-0.8/../sphinxbase-0.6/include  conftest.cpp >&5
configure:8494: $? = 0
configure:8595: result: yes
configure:8620: checking dependency style of g++
configure:8710: result: gcc3
configure:8737: checking how to run the C++ preprocessor
configure:8773: g++ -E -I/home/rsingh/work/genietrain/sphinx.opensource.26may10/sphinx3-0.8/../sphinxbase-0.6/include -I/home/rsingh/work/genietrain/sphinx.opensource.26may10/sphinx3-0.8/../sphinxbase-0.6/include  conftest.cpp
configure:8780: $? = 0
configure:8811: g++ -E -I/home/rsingh/work/genietrain/sphinx.opensource.26may10/sphinx3-0.8/../sphinxbase-0.6/include -I/home/rsingh/work/genietrain/sphinx.opensource.26may10/sphinx3-0.8/../sphinxbase-0.6/include  conftest.cpp
conftest.cpp:26:28: error: ac_nonexistent.h: No such file or directory
configure:8818: $? = 1
configure: failed program was:
| /* confdefs.h.  */
| #define PACKAGE_NAME ""
| #define PACKAGE_TARNAME ""
| #define PACKAGE_VERSION ""
| #define PACKAGE_STRING ""
| #define PACKAGE_BUGREPORT ""
| #define PACKAGE "sphinx3"
| #define VERSION "0.8"
| #define STDC_HEADERS 1
| #define HAVE_SYS_TYPES_H 1
| #define HAVE_SYS_STAT_H 1
| #define HAVE_STDLIB_H 1
| #define HAVE_STRING_H 1
| #define HAVE_MEMORY_H 1
| #define HAVE_STRINGS_H 1
| #define HAVE_INTTYPES_H 1
| #define HAVE_STDINT_H 1
| #define HAVE_UNISTD_H 1
| #define STDC_HEADERS 1
| #define HAVE_MEMMOVE 1
| #define HAVE_BCOPY 1
| #define RETSIGTYPE void
| #define HAVE_ATTRIBUTE_VISIBILITY 1
| #define HAVE_DLFCN_H 1
| /* end confdefs.h.  */
| #include <ac_nonexistent.h>
configure:8851: result: g++ -E
configure:8880: g++ -E -I/home/rsingh/work/genietrain/sphinx.opensource.26may10/sphinx3-0.8/../sphinxbase-0.6/include -I/home/rsingh/work/genietrain/sphinx.opensource.26may10/sphinx3-0.8/../sphinxbase-0.6/include  conftest.cpp
configure:8887: $? = 0
configure:8918: g++ -E -I/home/rsingh/work/genietrain/sphinx.opensource.26may10/sphinx3-0.8/../sphinxbase-0.6/include -I/home/rsingh/work/genietrain/sphinx.opensource.26may10/sphinx3-0.8/../sphinxbase-0.6/include  conftest.cpp
conftest.cpp:26:28: error: ac_nonexistent.h: No such file or directory
configure:8925: $? = 1
configure: failed program was:
| /* confdefs.h.  */
| #define PACKAGE_NAME ""
| #define PACKAGE_TARNAME ""
| #define PACKAGE_VERSION ""
| #define PACKAGE_STRING ""
| #define PACKAGE_BUGREPORT ""
| #define PACKAGE "sphinx3"
| #define VERSION "0.8"
| #define STDC_HEADERS 1
| #define HAVE_SYS_TYPES_H 1
| #define HAVE_SYS_STAT_H 1
| #define HAVE_STDLIB_H 1
| #define HAVE_STRING_H 1
| #define HAVE_MEMORY_H 1
| #define HAVE_STRINGS_H 1
| #define HAVE_INTTYPES_H 1
| #define HAVE_STDINT_H 1
| #define HAVE_UNISTD_H 1
| #define STDC_HEADERS 1
| #define HAVE_MEMMOVE 1
| #define HAVE_BCOPY 1
| #define RETSIGTYPE void
| #define HAVE_ATTRIBUTE_VISIBILITY 1
| #define HAVE_DLFCN_H 1
| /* end confdefs.h.  */
| #include <ac_nonexistent.h>
configure:9018: checking for g77
configure:9048: result: no
configure:9018: checking for xlf
configure:9048: result: no
configure:9018: checking for f77
configure:9048: result: no
configure:9018: checking for frt
configure:9048: result: no
configure:9018: checking for pgf77
configure:9048: result: no
configure:9018: checking for cf77
configure:9048: result: no
configure:9018: checking for fort77
configure:9048: result: no
configure:9018: checking for fl32
configure:9048: result: no
configure:9018: checking for af77
configure:9048: result: no
configure:9018: checking for xlf90
configure:9048: result: no
configure:9018: checking for f90
configure:9048: result: no
configure:9018: checking for pgf90
configure:9048: result: no
configure:9018: checking for pghpf
configure:9048: result: no
configure:9018: checking for epcf90
configure:9048: result: no
configure:9018: checking for gfortran
configure:9034: found /usr/bin/gfortran
configure:9045: result: gfortran
configure:9075: checking for Fortran 77 compiler version
configure:9083: gfortran --version >&5
GNU Fortran (GCC) 4.3.2 20081105 (Red Hat 4.3.2-7)
Copyright (C) 2008 Free Software Foundation, Inc.

GNU Fortran comes with NO WARRANTY, to the extent permitted by law.
You may redistribute copies of GNU Fortran
under the terms of the GNU General Public License.
For more information about these matters, see the file named COPYING

configure:9087: $? = 0
configure:9094: gfortran -v >&5
Using built-in specs.
Target: x86_64-redhat-linux
Configured with: ../configure --prefix=/usr --mandir=/usr/share/man --infodir=/usr/share/info --with-bugurl=http://bugzilla.redhat.com/bugzilla --enable-bootstrap --enable-shared --enable-threads=posix --enable-checking=release --with-system-zlib --enable-__cxa_atexit --disable-libunwind-exceptions --enable-languages=c,c++,objc,obj-c++,java,fortran,ada --enable-java-awt=gtk --disable-dssi --enable-plugin --with-java-home=/usr/lib/jvm/java-1.5.0-gcj-1.5.0.0/jre --enable-libgcj-multifile --enable-java-maintainer-mode --with-ecj-jar=/usr/share/java/eclipse-ecj.jar --disable-libjava-multilib --with-cpu=generic --build=x86_64-redhat-linux
Thread model: posix
gcc version 4.3.2 20081105 (Red Hat 4.3.2-7) (GCC) 
configure:9098: $? = 0
configure:9105: gfortran -V >&5
gfortran: '-V' option must have argument
configure:9109: $? = 1
configure:9117: checking whether we are using the GNU Fortran 77 compiler
configure:9136: gfortran -c  conftest.F >&5
configure:9143: $? = 0
configure:9160: result: yes
configure:9166: checking whether gfortran accepts -g
configure:9183: gfortran -c -g conftest.f >&5
configure:9190: $? = 0
configure:9206: result: yes
configure:9239: checking the maximum length of command line arguments
configure:9351: result: 1572864
configure:9363: checking command to parse /usr/bin/nm -B output from gcc object
configure:9468: gcc -c -g -O2 -Wall -fvisibility=hidden -I/home/rsingh/work/genietrain/sphinx.opensource.26may10/sphinx3-0.8/../sphinxbase-0.6/include -I/home/rsingh/work/genietrain/sphinx.opensource.26may10/sphinx3-0.8/../sphinxbase-0.6/include  conftest.c >&5
configure:9471: $? = 0
configure:9475: /usr/bin/nm -B conftest.o \| sed -n -e 's/^.*[ 	]\([ABCDGIRSTW][ABCDGIRSTW]*\)[ 	][ 	]*\([_A-Za-z][_A-Za-z0-9]*\)$/\1 \2 \2/p' \> conftest.nm
configure:9478: $? = 0
configure:9530: gcc -o conftest -g -O2 -Wall -fvisibility=hidden -I/home/rsingh/work/genietrain/sphinx.opensource.26may10/sphinx3-0.8/../sphinxbase-0.6/include -I/home/rsingh/work/genietrain/sphinx.opensource.26may10/sphinx3-0.8/../sphinxbase-0.6/include   -L/home/rsingh/work/genietrain/sphinx.opensource.26may10/sphinx3-0.8/../sphinxbase-0.6/src/libsphinxfe -L/home/rsingh/work/genietrain/sphinx.opensource.26may10/sphinx3-0.8/../sphinxbase-0.6/src/libsphinxad 		  -L/home/rsingh/work/genietrain/sphinx.opensource.26may10/sphinx3-0.8/../sphinxbase-0.6/src/libsphinxbase conftest.c conftstm.o >&5
configure:9533: $? = 0
configure:9571: result: ok
configure:9575: checking for objdir
configure:9590: result: .libs
configure:9682: checking for ar
configure:9698: found /usr/bin/ar
configure:9709: result: ar
configure:9778: checking for ranlib
configure:9794: found /usr/bin/ranlib
configure:9805: result: ranlib
configure:9874: checking for strip
configure:9890: found /usr/bin/strip
configure:9901: result: strip
configure:10503: checking if gcc supports -fno-rtti -fno-exceptions
configure:10521: gcc -c -g -O2 -Wall -fvisibility=hidden -I/home/rsingh/work/genietrain/sphinx.opensource.26may10/sphinx3-0.8/../sphinxbase-0.6/include -I/home/rsingh/work/genietrain/sphinx.opensource.26may10/sphinx3-0.8/../sphinxbase-0.6/include  -fno-rtti -fno-exceptions conftest.c >&5
cc1: warning: command line option "-fno-rtti" is valid for C++/ObjC++ but not for C
cc1: warning: command line option "-fno-rtti" is valid for C++/ObjC++ but not for C
configure:10525: $? = 0
configure:10538: result: no
configure:10553: checking for gcc option to produce PIC
configure:10785: result: -fPIC
configure:10793: checking if gcc PIC flag -fPIC works
configure:10811: gcc -c -g -O2 -Wall -fvisibility=hidden -I/home/rsingh/work/genietrain/sphinx.opensource.26may10/sphinx3-0.8/../sphinxbase-0.6/include -I/home/rsingh/work/genietrain/sphinx.opensource.26may10/sphinx3-0.8/../sphinxbase-0.6/include  -fPIC -DPIC conftest.c >&5
configure:10815: $? = 0
configure:10828: result: yes
configure:10856: checking if gcc static flag -static works
configure:10884: result: yes
configure:10894: checking if gcc supports -c -o file.o
configure:10915: gcc -c -g -O2 -Wall -fvisibility=hidden -I/home/rsingh/work/genietrain/sphinx.opensource.26may10/sphinx3-0.8/../sphinxbase-0.6/include -I/home/rsingh/work/genietrain/sphinx.opensource.26may10/sphinx3-0.8/../sphinxbase-0.6/include  -o out/conftest2.o conftest.c >&5
configure:10919: $? = 0
configure:10941: result: yes
configure:10967: checking whether the gcc linker (/usr/bin/ld -m elf_x86_64) supports shared libraries
configure:11956: result: yes
configure:11977: checking whether -lc should be explicitly linked in
configure:11982: gcc -c -g -O2 -Wall -fvisibility=hidden -I/home/rsingh/work/genietrain/sphinx.opensource.26may10/sphinx3-0.8/../sphinxbase-0.6/include -I/home/rsingh/work/genietrain/sphinx.opensource.26may10/sphinx3-0.8/../sphinxbase-0.6/include  conftest.c >&5
configure:11985: $? = 0
configure:12000: gcc -shared conftest.o  -v -Wl,-soname -Wl,conftest -o conftest 2\>\&1 \| grep  -lc  \>/dev/null 2\>\&1
configure:12003: $? = 0
configure:12015: result: no
configure:12023: checking dynamic linker characteristics
configure:12637: result: GNU/Linux ld.so
configure:12661: checking how to hardcode library paths into programs
configure:12686: result: immediate
configure:12700: checking whether stripping libraries is possible
configure:12705: result: yes
configure:13535: checking if libtool supports shared libraries
configure:13537: result: yes
configure:13540: checking whether to build shared libraries
configure:13561: result: yes
configure:13564: checking whether to build static libraries
configure:13568: result: yes
configure:13662: creating libtool
configure:14255: checking for ld used by g++
configure:14322: result: /usr/bin/ld -m elf_x86_64
configure:14331: checking if the linker (/usr/bin/ld -m elf_x86_64) is GNU ld
configure:14346: result: yes
configure:14397: checking whether the g++ linker (/usr/bin/ld -m elf_x86_64) supports shared libraries
configure:15351: result: yes
configure:15368: g++ -c -g -O2 -I/home/rsingh/work/genietrain/sphinx.opensource.26may10/sphinx3-0.8/../sphinxbase-0.6/include -I/home/rsingh/work/genietrain/sphinx.opensource.26may10/sphinx3-0.8/../sphinxbase-0.6/include  conftest.cpp >&5
configure:15371: $? = 0
configure:15527: checking for g++ option to produce PIC
configure:15811: result: -fPIC
configure:15819: checking if g++ PIC flag -fPIC works
configure:15837: g++ -c -g -O2 -I/home/rsingh/work/genietrain/sphinx.opensource.26may10/sphinx3-0.8/../sphinxbase-0.6/include -I/home/rsingh/work/genietrain/sphinx.opensource.26may10/sphinx3-0.8/../sphinxbase-0.6/include  -fPIC -DPIC conftest.cpp >&5
configure:15841: $? = 0
configure:15854: result: yes
configure:15882: checking if g++ static flag -static works
configure:15910: result: yes
configure:15920: checking if g++ supports -c -o file.o
configure:15941: g++ -c -g -O2 -I/home/rsingh/work/genietrain/sphinx.opensource.26may10/sphinx3-0.8/../sphinxbase-0.6/include -I/home/rsingh/work/genietrain/sphinx.opensource.26may10/sphinx3-0.8/../sphinxbase-0.6/include  -o out/conftest2.o conftest.cpp >&5
configure:15945: $? = 0
configure:15967: result: yes
configure:15993: checking whether the g++ linker (/usr/bin/ld -m elf_x86_64) supports shared libraries
configure:16022: result: yes
configure:16089: checking dynamic linker characteristics
configure:16651: result: GNU/Linux ld.so
configure:16675: checking how to hardcode library paths into programs
configure:16700: result: immediate
configure:17239: checking if libtool supports shared libraries
configure:17241: result: yes
configure:17244: checking whether to build shared libraries
configure:17264: result: yes
configure:17267: checking whether to build static libraries
configure:17271: result: yes
configure:17281: checking for gfortran option to produce PIC
configure:17513: result: -fPIC
configure:17521: checking if gfortran PIC flag -fPIC works
configure:17539: gfortran -c -g -O2 -fPIC conftest.f >&5
configure:17543: $? = 0
configure:17556: result: yes
configure:17584: checking if gfortran static flag -static works
configure:17612: result: yes
configure:17622: checking if gfortran supports -c -o file.o
configure:17643: gfortran -c -g -O2 -o out/conftest2.o conftest.f >&5
configure:17647: $? = 0
configure:17669: result: yes
configure:17695: checking whether the gfortran linker (/usr/bin/ld -m elf_x86_64) supports shared libraries
configure:18664: result: yes
configure:18731: checking dynamic linker characteristics
configure:19293: result: GNU/Linux ld.so
configure:19317: checking how to hardcode library paths into programs
configure:19342: result: immediate
configure:23139: creating ./config.status

## ---------------- ##
## Cache variables. ##
## ---------------- ##

ac_cv_build=x86_64-unknown-linux-gnu
ac_cv_c_bigendian=no
ac_cv_c_compiler_gnu=yes
ac_cv_c_const=yes
ac_cv_cxx_compiler_gnu=yes
ac_cv_env_CCC_set=
ac_cv_env_CCC_value=
ac_cv_env_CC_set=
ac_cv_env_CC_value=
ac_cv_env_CFLAGS_set=
ac_cv_env_CFLAGS_value=
ac_cv_env_CPPFLAGS_set=
ac_cv_env_CPPFLAGS_value=
ac_cv_env_CPP_set=
ac_cv_env_CPP_value=
ac_cv_env_CXXCPP_set=
ac_cv_env_CXXCPP_value=
ac_cv_env_CXXFLAGS_set=
ac_cv_env_CXXFLAGS_value=
ac_cv_env_CXX_set=
ac_cv_env_CXX_value=
ac_cv_env_F77_set=
ac_cv_env_F77_value=
ac_cv_env_FFLAGS_set=
ac_cv_env_FFLAGS_value=
ac_cv_env_LDFLAGS_set=
ac_cv_env_LDFLAGS_value=
ac_cv_env_LIBS_set=
ac_cv_env_LIBS_value=
ac_cv_env_build_alias_set=
ac_cv_env_build_alias_value=
ac_cv_env_host_alias_set=
ac_cv_env_host_alias_value=
ac_cv_env_target_alias_set=
ac_cv_env_target_alias_value=
ac_cv_f77_compiler_gnu=yes
ac_cv_file__home_rsingh_work_genietrain_sphinx_opensource_26may10_sphinx3_0_8____sphinxbase_0_6_include_prim_type_h=yes
ac_cv_file__home_rsingh_work_genietrain_sphinx_opensource_26may10_sphinx3_0_8____sphinxbase_0_6_src_libsphinxbase_libsphinxbase_la=yes
ac_cv_func_bcopy=yes
ac_cv_func_memmove=yes
ac_cv_header_dlfcn_h=yes
ac_cv_header_inttypes_h=yes
ac_cv_header_memory_h=yes
ac_cv_header_sphinxbase_sphinx_config_h=no
ac_cv_header_stdc=yes
ac_cv_header_stdint_h=yes
ac_cv_header_stdlib_h=yes
ac_cv_header_string_h=yes
ac_cv_header_strings_h=yes
ac_cv_header_sys_stat_h=yes
ac_cv_header_sys_types_h=yes
ac_cv_header_unistd_h=yes
ac_cv_host=x86_64-unknown-linux-gnu
ac_cv_objext=o
ac_cv_path_CSH=/bin/csh
ac_cv_path_EGREP='/bin/grep -E'
ac_cv_path_GREP=/bin/grep
ac_cv_path_PERL=/usr/cs/bin/perl
ac_cv_path_install='/usr/bin/install -c'
ac_cv_prog_AWK=gawk
ac_cv_prog_CPP='gcc -E'
ac_cv_prog_CXXCPP='g++ -E'
ac_cv_prog_ac_ct_AR=ar
ac_cv_prog_ac_ct_CC=gcc
ac_cv_prog_ac_ct_CXX=g++
ac_cv_prog_ac_ct_F77=gfortran
ac_cv_prog_ac_ct_RANLIB=ranlib
ac_cv_prog_ac_ct_STRIP=strip
ac_cv_prog_cc_c89=
ac_cv_prog_cc_g=yes
ac_cv_prog_cxx_g=yes
ac_cv_prog_f77_g=yes
ac_cv_prog_make_make_set=yes
ac_cv_search_strerror='none required'
ac_cv_type_signal=void
ac_cv_type_size_t=yes
am_cv_CC_dependencies_compiler_type=gcc3
am_cv_CXX_dependencies_compiler_type=gcc3
am_cv_prog_cc_stdc=
cc_cv_attribute_visibility=yes
lt_cv_deplibs_check_method=pass_all
lt_cv_file_magic_cmd='$MAGIC_CMD'
lt_cv_file_magic_test_file=
lt_cv_ld_reload_flag=-r
lt_cv_objdir=.libs
lt_cv_path_LD=/usr/bin/ld
lt_cv_path_LDCXX='/usr/bin/ld -m elf_x86_64'
lt_cv_path_NM='/usr/bin/nm -B'
lt_cv_path_SED=/bin/sed
lt_cv_prog_compiler_c_o=yes
lt_cv_prog_compiler_c_o_CXX=yes
lt_cv_prog_compiler_c_o_F77=yes
lt_cv_prog_compiler_pic_works=yes
lt_cv_prog_compiler_pic_works_CXX=yes
lt_cv_prog_compiler_pic_works_F77=yes
lt_cv_prog_compiler_rtti_exceptions=no
lt_cv_prog_compiler_static_works=yes
lt_cv_prog_compiler_static_works_CXX=yes
lt_cv_prog_compiler_static_works_F77=yes
lt_cv_prog_gnu_ld=yes
lt_cv_prog_gnu_ldcxx=yes
lt_cv_sys_global_symbol_pipe='sed -n -e '\''s/^.*[ 	]\([ABCDGIRSTW][ABCDGIRSTW]*\)[ 	][ 	]*\([_A-Za-z][_A-Za-z0-9]*\)$/\1 \2 \2/p'\'''
lt_cv_sys_global_symbol_to_c_name_address='sed -n -e '\''s/^: \([^ ]*\) $/  {\"\1\", (lt_ptr) 0},/p'\'' -e '\''s/^[BCDEGRST] \([^ ]*\) \([^ ]*\)$/  {"\2", (lt_ptr) \&\2},/p'\'''
lt_cv_sys_global_symbol_to_cdecl='sed -n -e '\''s/^. .* \(.*\)$/extern int \1;/p'\'''
lt_cv_sys_lib_dlsearch_path_spec='/lib /usr/lib /usr/lib64/atlas /usr0/local/cuda/lib /usr0/local/cuda/lib64  /usr/lib/mysql /usr/lib64/mysql /usr/lib/qt-3.3/lib /usr/lib64/qt-3.3/lib /usr/lib64/tcl8.5 /usr/lib64/xulrunner-1.9 '
lt_cv_sys_lib_search_path_spec='/usr/lib/gcc/x86_64-redhat-linux/4.3.2 /usr/lib64 /lib64'
lt_cv_sys_max_cmd_len=1572864
lt_lt_cv_prog_compiler_c_o='"yes"'
lt_lt_cv_prog_compiler_c_o_CXX='"yes"'
lt_lt_cv_prog_compiler_c_o_F77='"yes"'
lt_lt_cv_sys_global_symbol_pipe='"sed -n -e '\''s/^.*[ 	]\\([ABCDGIRSTW][ABCDGIRSTW]*\\)[ 	][ 	]*\\([_A-Za-z][_A-Za-z0-9]*\\)\$/\\1 \\2 \\2/p'\''"'
lt_lt_cv_sys_global_symbol_to_c_name_address='"sed -n -e '\''s/^: \\([^ ]*\\) \$/  {\\\"\\1\\\", (lt_ptr) 0},/p'\'' -e '\''s/^[BCDEGRST] \\([^ ]*\\) \\([^ ]*\\)\$/  {\"\\2\", (lt_ptr) \\&\\2},/p'\''"'
lt_lt_cv_sys_global_symbol_to_cdecl='"sed -n -e '\''s/^. .* \\(.*\\)\$/extern int \\1;/p'\''"'

## ----------------- ##
## Output variables. ##
## ----------------- ##

ACLOCAL='${SHELL} /home/rsingh/work/genietrain/sphinx.opensource.26may10/sphinx3-0.8/missing --run aclocal-1.9'
AMDEPBACKSLASH='\'
AMDEP_FALSE='#'
AMDEP_TRUE=''
AMTAR='${SHELL} /home/rsingh/work/genietrain/sphinx.opensource.26may10/sphinx3-0.8/missing --run tar'
AR='ar'
AUTOCONF='${SHELL} /home/rsingh/work/genietrain/sphinx.opensource.26may10/sphinx3-0.8/missing --run autoconf'
AUTOHEADER='${SHELL} /home/rsingh/work/genietrain/sphinx.opensource.26may10/sphinx3-0.8/missing --run autoheader'
AUTOMAKE='${SHELL} /home/rsingh/work/genietrain/sphinx.opensource.26may10/sphinx3-0.8/missing --run automake-1.9'
AWK='gawk'
CC='gcc'
CCDEPMODE='depmode=gcc3'
CFLAGS='-g -O2 -Wall -fvisibility=hidden'
CPP='gcc -E'
CPPFLAGS='-I/home/rsingh/work/genietrain/sphinx.opensource.26may10/sphinx3-0.8/../sphinxbase-0.6/include -I/home/rsingh/work/genietrain/sphinx.opensource.26may10/sphinx3-0.8/../sphinxbase-0.6/include '
CSH='/bin/csh'
CXX='g++'
CXXCPP='g++ -E'
CXXDEPMODE='depmode=gcc3'
CXXFLAGS='-g -O2'
CYGPATH_W='echo'
DEFS='-DPACKAGE_NAME=\"\" -DPACKAGE_TARNAME=\"\" -DPACKAGE_VERSION=\"\" -DPACKAGE_STRING=\"\" -DPACKAGE_BUGREPORT=\"\" -DPACKAGE=\"sphinx3\" -DVERSION=\"0.8\" -DSTDC_HEADERS=1 -DHAVE_SYS_TYPES_H=1 -DHAVE_SYS_STAT_H=1 -DHAVE_STDLIB_H=1 -DHAVE_STRING_H=1 -DHAVE_MEMORY_H=1 -DHAVE_STRINGS_H=1 -DHAVE_INTTYPES_H=1 -DHAVE_STDINT_H=1 -DHAVE_UNISTD_H=1 -DSTDC_HEADERS=1 -DHAVE_MEMMOVE=1 -DHAVE_BCOPY=1 -DRETSIGTYPE=void -DHAVE_ATTRIBUTE_VISIBILITY=1 -DHAVE_DLFCN_H=1'
DEPDIR='.deps'
DSYMUTIL=''
ECHO='echo'
ECHO_C=''
ECHO_N='-n'
ECHO_T=''
EGREP='/bin/grep -E'
EXEEXT=''
F77='gfortran'
FFLAGS='-g -O2'
GREP='/bin/grep'
INSTALL_DATA='${INSTALL} -m 644'
INSTALL_PROGRAM='${INSTALL}'
INSTALL_SCRIPT='${INSTALL}'
INSTALL_STRIP_PROGRAM='${SHELL} $(install_sh) -c -s'
LDFLAGS=' -L/home/rsingh/work/genietrain/sphinx.opensource.26may10/sphinx3-0.8/../sphinxbase-0.6/src/libsphinxfe -L/home/rsingh/work/genietrain/sphinx.opensource.26may10/sphinx3-0.8/../sphinxbase-0.6/src/libsphinxad 		  -L/home/rsingh/work/genietrain/sphinx.opensource.26may10/sphinx3-0.8/../sphinxbase-0.6/src/libsphinxbase'
LIBOBJS=''
LIBS=''
LIBTOOL='$(SHELL) $(top_builddir)/libtool'
LN_S='ln -s'
LTLIBOBJS=''
MAKEINFO='${SHELL} /home/rsingh/work/genietrain/sphinx.opensource.26may10/sphinx3-0.8/missing --run makeinfo'
NMEDIT=''
OBJEXT='o'
PACKAGE='sphinx3'
PACKAGE_BUGREPORT=''
PACKAGE_NAME=''
PACKAGE_STRING=''
PACKAGE_TARNAME=''
PACKAGE_VERSION=''
PATH_SEPARATOR=':'
PERL='/usr/cs/bin/perl'
RANLIB='ranlib'
SED='/bin/sed'
SET_MAKE=''
SHELL='/bin/sh'
STRIP='strip'
VERSION='0.8'
ac_ct_CC='gcc'
ac_ct_CXX='g++'
ac_ct_F77='gfortran'
ad_backend=''
ad_files=''
ad_libs=''
am__fastdepCC_FALSE='#'
am__fastdepCC_TRUE=''
am__fastdepCXX_FALSE='#'
am__fastdepCXX_TRUE=''
am__include='include'
am__leading_dot='.'
am__quote=''
am__tar='${AMTAR} chof - "$$tardir"'
am__untar='${AMTAR} xf -'
bindir='${exec_prefix}/bin'
build='x86_64-unknown-linux-gnu'
build_alias=''
build_cpu='x86_64'
build_os='linux-gnu'
build_vendor='unknown'
datadir='${datarootdir}'
datarootdir='${prefix}/share'
docdata='BN_AM_HUB96-97.doc BN_AM_HUB96-97.htm cmdhelp.txt doxygen.cfg doxygen.main images index.html models.html rarrow.gif s3 s3-2.htm s3-2.pdf s3-2.ppt s3-2_files s3-4.pdf s3-4.ppt s3-5.ppt s3-6.ppt s3_codewalk.html s3_description.html s3_fe_spec.pdf s3_overview.html sphinx3.3-6.ppt sphinx3.4.code.tracing sphinx3.5_refactoring.note sphinxman_FAQ.html sphinxman_manual.html sphinxman_misc.html'
docdir='${datarootdir}/doc/${PACKAGE}'
dvidir='${docdir}'
epdata='chan3-dither.cepview chan3-logspec.cepview chan3.cepview chan3.logspec chan3.mfc chan3.raw ep.mdef ep.result means mixture_weights variances'
exec_prefix='${prefix}'
hmmdata='8gau.6000sen.quant feat.params mdef means mixture_weights mllr_matrices test-align-mllr.out test-conf.confhypseg test.align.mllr.out test.align.out test.align.phseg test.align.wdseg test.allphone.allp test.allphone.match test.allphone.matchseg test.allphone.mllr.allp test.allphone.mllr.match test.allphone.mllr.matchseg test.allphone.phone_tg.allp test.allphone.phone_tg.match test.allphone.phone_tg.matchseg test.allphone.phone_tg.mllr.allp test.allphone.phone_tg.mllr.match test.allphone.phone_tg.mllr.matchseg test.dp.hyp test.dp.ref test.dp.simple.log test.mode1369.dump test.subvq transition_matrices variances'
host='x86_64-unknown-linux-gnu'
host_alias=''
host_cpu='x86_64'
host_os='linux-gnu'
host_vendor='unknown'
htmldir='${docdir}'
includedir='${prefix}/include'
infodir='${datarootdir}/info'
install_sh='/home/rsingh/work/genietrain/sphinx.opensource.26may10/sphinx3-0.8/install-sh'
libdir='${exec_prefix}/lib'
libexecdir='${exec_prefix}/libexec'
lmdata='README align.correct an4.cls.probdef an4.ctl an4.ctl.platform_independent an4.ctl_lm an4.dict an4.phone.dict an4.phonelist an4.tg.phone.arpa an4.tg.phone.arpa.DMP an4.tg.phone.arpa.FST an4.tg.phone.arpa.FST.SYM an4.tg.phone.arpa.lm_convert an4.ug.cls.lm an4.ug.cls.lm.DMP an4.ug.cls.lmctl an4.ug.cls.lmctl an4.ug.fsg an4.ug.lm an4.ug.lm.DMP an4.ug.lm.FST an4.ug.lm.FST.SYM an4.ug.lm.lm_convert args.an4 args.an4 args.an4.test args.an4.test.cls args.an4.test.cls args.an4.test.fsg args.an4.test.fsg args.an4.test args.an4.test.mllr args.an4.test.mllr args.an4.test.win32 filler.dict pittsburgh.bigendian.mfc pittsburgh.bigendian.raw pittsburgh.lat.gz pittsburgh.littleendian.abcd pittsburgh.littleendian.mfc pittsburgh.littleendian.raw pittsburgh.littleendian.slf pittsburgh.nbest'
localedir='${datarootdir}/locale'
localstatedir='${prefix}/var'
mandir='${datarootdir}/man'
mkdir_p='mkdir -p --'
oldincludedir='/usr/include'
pdfdir='${docdir}'
prefix='/usr0/home/rsingh/work/genietrain/sphinx.opensource.26may10'
program_transform_name='s,x,x,'
psdir='${docdir}'
sbindir='${exec_prefix}/sbin'
sharedstatedir='${prefix}/com'
sphinxbase='/home/rsingh/work/genietrain/sphinx.opensource.26may10/sphinx3-0.8/../sphinxbase-0.6'
sysconfdir='${prefix}/etc'
target_alias=''
tidigitsdata='./test.2.digits.fsg ./cepstra/woman/woman.ak.3z3z9a.mfc ./cepstra/woman/woman.ak.ooa.mfc ./cepstra/woman/woman.ak.276317oa.mfc ./cepstra/woman/woman.ak.99731a.mfc ./cepstra/woman/woman.ak.za.mfc ./cepstra/woman/woman.ak.532a.mfc ./cepstra/woman/woman.ak.5z874a.mfc ./cepstra/woman/woman.ak.75a.mfc ./cepstra/woman/woman.ak.84983a.mfc ./cepstra/woman/woman.ak.334a.mfc ./cepstra/woman/woman.ak.1b.mfc ./cepstra/woman/woman.ak.8a.mfc ./cepstra/woman/woman.ak.o69a.mfc ./cepstra/woman/woman.ak.6728za.mfc ./cepstra/woman/woman.ak.48z66zza.mfc ./cepstra/man/man.ah.6o838a.mfc ./cepstra/man/man.ah.1b.mfc ./cepstra/man/man.ah.9b.mfc ./cepstra/man/man.ah.4625a.mfc ./cepstra/man/man.ah.8b.mfc ./cepstra/man/man.ah.zb.mfc ./cepstra/man/man.ah.35oa.mfc ./cepstra/man/man.ah.75913a.mfc ./cepstra/man/man.ah.z4548a.mfc ./cepstra/man/man.ah.63a.mfc ./cepstra/man/man.ah.111a.mfc ./cepstra/man/man.ah.3oa.mfc ./cepstra/man/man.ah.2934za.mfc ./cepstra/man/man.ah.588zza.mfc ./cepstra/man/man.ah.844o1a.mfc ./cepstra/man/man.ah.o789a.mfc ./tidigits.length.arb.result ./test.iso.digits.fsg ./tidigits.length.1.result ./tidigits.length.1.regression ./tidigits.length.2.regression ./dictionary ./tidigits.length.2.result ./wd_dependent_phone.cd_continuous_8gau/transition_matrices ./wd_dependent_phone.cd_continuous_8gau/variances ./wd_dependent_phone.cd_continuous_8gau/mixture_weights ./wd_dependent_phone.cd_continuous_8gau/means ./wd_dependent_phone.cd_continuous_8gau/mdef ./fillerdict ./tidigits.length.arb.regression ./test.digits.fsg'

## ----------- ##
## confdefs.h. ##
## ----------- ##

#define PACKAGE_NAME ""
#define PACKAGE_TARNAME ""
#define PACKAGE_VERSION ""
#define PACKAGE_STRING ""
#define PACKAGE_BUGREPORT ""
#define PACKAGE "sphinx3"
#define VERSION "0.8"
#define STDC_HEADERS 1
#define HAVE_SYS_TYPES_H 1
#define HAVE_SYS_STAT_H 1
#define HAVE_STDLIB_H 1
#define HAVE_STRING_H 1
#define HAVE_MEMORY_H 1
#define HAVE_STRINGS_H 1
#define HAVE_INTTYPES_H 1
#define HAVE_STDINT_H 1
#define HAVE_UNISTD_H 1
#define STDC_HEADERS 1
#define HAVE_MEMMOVE 1
#define HAVE_BCOPY 1
#define RETSIGTYPE void
#define HAVE_ATTRIBUTE_VISIBILITY 1
#define HAVE_DLFCN_H 1

configure: exit 0

## ---------------------- ##
## Running config.status. ##
## ---------------------- ##

This file was extended by config.status, which was
generated by GNU Autoconf 2.62.  Invocation command line was

  CONFIG_FILES    = 
  CONFIG_HEADERS  = 
  CONFIG_LINKS    = 
  CONFIG_COMMANDS = 
  $ ./config.status 

on genie.mlsp.cs.cmu.edu

config.status:797: creating sphinx3.pc
config.status:797: creating Makefile
config.status:797: creating src/Makefile
config.status:797: creating src/libs3decoder/Makefile
config.status:797: creating src/libs3decoder/libAPI/Makefile
config.status:797: creating src/libs3decoder/libam/Makefile
config.status:797: creating src/libs3decoder/libconfidence/Makefile
config.status:797: creating src/libs3decoder/libcommon/Makefile
config.status:797: creating src/libs3decoder/libdict/Makefile
config.status:797: creating src/libs3decoder/libep/Makefile
config.status:797: creating src/libs3decoder/liblm/Makefile
config.status:797: creating src/libs3decoder/libsearch/Makefile
config.status:797: creating src/libs3decoder/libcfg/Makefile
config.status:797: creating src/programs/Makefile
config.status:797: creating src/tests/Makefile
config.status:797: creating src/tests/performance/Makefile
config.status:797: creating src/tests/performance/an4/Makefile
config.status:797: creating src/tests/performance/hub4/Makefile
config.status:797: creating src/tests/performance/rm1/Makefile
config.status:797: creating src/tests/performance/wsj20k/Makefile
config.status:797: creating src/tests/performance/wsj5k/Makefile
config.status:797: creating src/tests/performance/tidigits/Makefile
config.status:797: creating src/tests/performance/ti46/Makefile
config.status:797: creating src/tests/performance/Communicator/Makefile
config.status:797: creating src/tests/performance/ICSI/Makefile
config.status:797: creating src/tests/performance/spoke3/Makefile
config.status:797: creating src/tests/regression/Makefile
config.status:797: creating src/tests/regression/checkStyle.sh
config.status:797: creating src/tests/regression/testfuncs.sh
config.status:797: creating src/tests/unit_tests/Makefile
config.status:797: creating src/tests/unit_tests/test_logs3/Makefile
config.status:797: creating scripts/Makefile
config.status:797: creating scripts/sphinx3-simple
config.status:797: creating model/Makefile
config.status:797: creating model/ep/Makefile
config.status:797: creating model/hmm/Makefile
config.status:797: creating model/hmm/hub4_cd_continuous_8gau_1s_c_d_dd/Makefile
config.status:797: creating model/hmm/tidigits/Makefile
config.status:797: creating model/hmm/RM1_cd_semi/Makefile
config.status:797: creating model/lm/Makefile
config.status:797: creating model/lm/an4/Makefile
config.status:797: creating model/lm/an4/args.an4
config.status:797: creating model/lm/an4/args.an4.test
config.status:797: creating model/lm/an4/args.an4.test.cls
config.status:797: creating model/lm/an4/args.an4.test.mllr
config.status:797: creating model/lm/an4/args.an4.test.fsg
config.status:797: creating model/lm/an4/an4.ug.cls.lmctl
config.status:797: creating include/Makefile
config.status:797: creating doc/Makefile
config.status:1002: executing depfiles commands

## ---------------------- ##
## Running config.status. ##
## ---------------------- ##

This file was extended by config.status, which was
generated by GNU Autoconf 2.62.  Invocation command line was

  CONFIG_FILES    = 
  CONFIG_HEADERS  = 
  CONFIG_LINKS    = 
  CONFIG_COMMANDS = 
  $ ./config.status sphinx3.pc

on genie.mlsp.cs.cmu.edu

config.status:797: creating sphinx3.pc
