dumbo.speech.cs.cmu.edu
INFO: ../main.c(141): Compiled on Apr 10 2003 at 21:48:12
../..//s3trainer/bin.linux/bw.mop64 \
 -moddeffn ../..//model_architecture/MODELSET1.300.mdef \
 -ts2cbfn .cont. \
 -mixwfn ../..//model_parameters/MODELSET1.cd_continuous_flatinitial/mixture_weights \
 -mwfloor 1e-5 \
 -tmatfn ../..//model_parameters/MODELSET1.cd_continuous_flatinitial/transition_matrices \
 -tpfloor 1e-5 \
 -meanfn ../..//model_parameters/MODELSET1.cd_continuous_flatinitial/means \
 -varfn ../..//model_parameters/MODELSET1.cd_continuous_flatinitial/variances \
 -dictfn ../..//lists/train.dict \
 -fdictfn ../..//lists/fillerdict \
 -ctlfn ../..//lists/train.ctl \
 -part 1 \
 -npart 2 \
 -cepdir ../../../features \
 -cepext mfc \
 -lsnfn ../..//lists/train.transcripts \
 -accumdir ../..//bwaccumdir/MODELSET1_buff_1 \
 -varfloor 1e-4 \
 -topn 99 \
 -abeam 1e-90 \
 -bbeam 1e-10 \
 -agc none \
 -cmn current \
 -varnorm no \
 -meanreest yes \
 -varreest yes -2passvar no \
 -tmatreest yes \
 -feat 1s_12c_12d_3p_12dd \
 -ceplen 13

[Switch]   [Default] [Value]
-moddeffn            ../..//model_architecture/MODELSET1.300.mdef
-tmatfn              ../..//model_parameters/MODELSET1.cd_continuous_flatinitial/transition_matrices
-mixwfn              ../..//model_parameters/MODELSET1.cd_continuous_flatinitial/mixture_weights
-meanfn              ../..//model_parameters/MODELSET1.cd_continuous_flatinitial/means
-varfn               ../..//model_parameters/MODELSET1.cd_continuous_flatinitial/variances
-mwfloor   0.00001   1.000000e-05
-tpfloor   0.0001    1.000000e-05
-varfloor  0.00001   1.000000e-04
-topn      4         99     
-dictfn              ../..//lists/train.dict
-fdictfn             ../..//lists/fillerdict
-ctlfn               ../..//lists/train.ctl
-nskip                      
-runlen    -1        -1     
-part                1      
-npart               2      
-cepext    mfc       mfc    
-cepdir              ../../../features
-segext    v8_seg    v8_seg 
-segdir                     
-sentdir                    
-sentext   sent      sent   
-lsnfn               ../..//lists/train.transcripts
-accumdir            ../..//bwaccumdir/MODELSET1_buff_1
-ceplen    13        13     
-agc       max       none   
-cmn       current   current
-varnorm   no        no     
-silcomp   none      none   
-abeam     1e-100    1.000000e-90
-bbeam     1e-100    1.000000e-10
-varreest  yes       yes    
-meanreest yes       yes    
-mixwreest yes       yes    
-tmatreest yes       yes    
-spkrxfrm                   
-mllrmult  no        no     
-mllradd   no        no     
-ts2cbfn             .cont. 
-feat                1s_12c_12d_3p_12dd
-timing    yes       yes    
-viterbi   no        no     
-2passvar  no        no     
-sildelfn                   
-cb2mllrfn                  
-spthresh  0.0       0.000000e+00
-maxuttlen 0         0      
-ckptintv                   
INFO: ../main.c(158): Reading ../..//model_architecture/MODELSET1.300.mdef
INFO: ../model_def_io.c(562): Model definition info:
INFO: ../model_def_io.c(563): 19338 total models defined (50 base, 19288 tri)
INFO: ../model_def_io.c(564): 77352 total states
INFO: ../model_def_io.c(565): 450 total tied states
INFO: ../model_def_io.c(566): 150 total tied CI states
INFO: ../model_def_io.c(567): 50 total tied transition matrices
INFO: ../model_def_io.c(568): 4 max state/model
INFO: ../model_def_io.c(569): 20 min state/model
INFO: ../s3mixw_io.c(92): Read ../..//model_parameters/MODELSET1.cd_continuous_flatinitial/mixture_weights [450x1x1 array]
WARNING: "../mod_inv.c", line 328: Model inventory n_density not set; setting to value in mixw file, 1.
INFO: ../s3tmat_io.c(92): Read ../..//model_parameters/MODELSET1.cd_continuous_flatinitial/transition_matrices [50x3x4 array]
INFO: ../mod_inv.c(256): inserting tprob floor 1.000000e-05 and renormalizing
INFO: ../s3gau_io.c(128): Read ../..//model_parameters/MODELSET1.cd_continuous_flatinitial/means [450x1x1 array]
INFO: ../s3gau_io.c(128): Read ../..//model_parameters/MODELSET1.cd_continuous_flatinitial/variances [450x1x1 array]
INFO: ../gauden.c(142): 450 total mgau
INFO: ../gauden.c(114): 1 feature streams (|0|=39 )
INFO: ../gauden.c(153): 1 total densities
INFO: ../gauden.c(62): min_var=1.000000e-04
WARNING: "../mod_inv.c", line 216: n_top 99 > n_density 1.  n_top <- 1
INFO: ../gauden.c(131): compute 1 densities/frame
INFO: ../main.c(254): Will reestimate mixing weights
INFO: ../main.c(256): Will reestimate means
INFO: ../main.c(258): Will reestimate variances
INFO: ../main.c(260): Will NOT reestimate MLLR multiplicative term
INFO: ../main.c(262): Will NOT reestimate MLLR additive term
INFO: ../main.c(270): Will reestimate transition matrices
INFO: ../main.c(285): Reading main lexicon: ../..//lists/train.dict
INFO: ../lexicon.c(207): 243 entries added from ../..//lists/train.dict
INFO: ../main.c(296): Reading filler lexicon: ../..//lists/fillerdict
INFO: ../lexicon.c(207): 9 entries added from ../..//lists/fillerdict
INFO: ../corpus.c(1371): Will process 5 utts starting at 0
INFO: ../main.c(505): Reestimation: Baum-Welch
column defns
	<seq>
	<id>
	<n_frame_in>
	<n_frame_del>
	<n_state_shmm>
	<avg_states_alpha>
	<avg_states_beta>
	<avg_states_reest>
	<avg_posterior_prune>
	<frame_log_lik>
	<utt_log_lik>
	... timing info ... 
utt>     0 (919448_FEMALE_SANDRA_WOZNIAK_0.01_17.87) 1787    0WARNING: "../corpus.c", line 2117: LSN utt id, 919448_FEMALE_SANDRA_WOZNIAK_0.01_17.87, does not match ctl utt id, (919448_FEMALE_SANDRA_WOZNIAK_0.01_17.87).
   584 46  2 4 4.671752e-12 -1.453983e+00 -2.598267e+03 utt 0.017x 0.990e upd 0.017x 1.011e fwd 0.011x 1.026e bwd 0.006x 0.945e gau 0.009x 1.048e rsts 0.001x 1.720e rstf 0.003x 0.716e rstu -0.000x 0.000e
utt>     1 (919448_FEMALE_SANDRA_WOZNIAK_17.88_20.85)  298    0WARNING: "../corpus.c", line 2117: LSN utt id, 919448_FEMALE_SANDRA_WOZNIAK_17.88_20.85, does not match ctl utt id, (919448_FEMALE_SANDRA_WOZNIAK_17.88_20.85).
   128 38  2 5 5.179179e-12 -1.865080e-01 -5.557938e+01 utt 0.013x 1.124e upd 0.013x 1.109e fwd 0.010x 0.912e bwd 0.003x 1.574e gau -0.000x 0.000e rsts -0.000x 0.000e rstf 0.003x 0.505e rstu -0.000x 0.000e
utt>     2 (919448_FEMALE_SANDRA_WOZNIAK_20.86_45.21) 2436    0WARNING: "../corpus.c", line 2117: LSN utt id, 919448_FEMALE_SANDRA_WOZNIAK_20.86_45.21, does not match ctl utt id, (919448_FEMALE_SANDRA_WOZNIAK_20.86_45.21).
   720 30  2 3 2.904913e-12 2.789191e+00 6.794470e+03 utt 0.013x 0.991e upd 0.013x 1.009e fwd 0.007x 0.995e bwd 0.005x 0.988e gau 0.005x 1.184e rsts 0.001x 0.879e rstf 0.002x 1.030e rstu -0.000x 0.000e
utt>     3 (919448_FEMALE_SANDRA_WOZNIAK_45.22_56.35) 1114    0WARNING: "../corpus.c", line 2117: LSN utt id, 919448_FEMALE_SANDRA_WOZNIAK_45.22_56.35, does not match ctl utt id, (919448_FEMALE_SANDRA_WOZNIAK_45.22_56.35).
   296 39  2 3 3.421828e-12 6.316113e+00 7.036149e+03 utt 0.014x 0.987e upd 0.014x 0.975e fwd 0.009x 1.033e bwd 0.004x 1.002e gau 0.010x 0.747e rsts -0.000x 0.000e rstf 0.001x 2.030e rstu 0.001x 0.071e
utt>     4 (919448_FEMALE_SANDRA_WOZNIAK_56.36_59.66)  331    0WARNING: "../corpus.c", line 2117: LSN utt id, 919448_FEMALE_SANDRA_WOZNIAK_56.36_59.66, does not match ctl utt id, (919448_FEMALE_SANDRA_WOZNIAK_56.36_59.66).
   172 58  3 6 6.870576e-12 4.419129e-01 1.462732e+02 utt 0.018x 1.057e upd 0.018x 1.047e fwd 0.012x 1.003e bwd 0.006x 1.067e gau 0.027x 0.454e rsts 0.000x 175850824653.565e rstf 0.000x 1950446574074.156e rstu 0.000x 83331701636564.609e
overall> dumbo 5966 (-0) 1.897929e+00 1.132305e+04 0.015x 1.000e
WARNING: "../accum.c", line 556: The following seno never occur in the input data
	3 4 5 9 10 11 72 73 74 87 
	88 89 96 97 98 138 139 140 141 142 
	143 144 145 146 155 156 159 162 164 169 
	174 176 178 179 180 181 182 184 186 188 
	190 192 193 194 200 201 203 213 214 217 
	221 222 235 246 250 255 257 258 259 261 
	262 263 266 269 271 274 275 276 277 278 
	280 281 292 295 296 298 299 300 307 308 
	310 312 313 314 315 317 327 328 329 330 
	333 334 335 336 337 341 342 344 346 350 
	351 352 353 356 359 360 361 362 363 365 
	367 369 372 375 376 381 382 394 395 404 
	405 406 407 422 426 427 428 429 430 431 
	432 433 434 435 436 437 440 441 445 447 
	448 
INFO: ../s3mixw_io.c(212): Wrote ../..//bwaccumdir/MODELSET1_buff_1/mixw_counts [450x1x1 array]
INFO: ../s3tmat_io.c(152): Wrote ../..//bwaccumdir/MODELSET1_buff_1/tmat_counts [50x3x4 array]
INFO: ../s3gau_io.c(443): Wrote ../..//bwaccumdir/MODELSET1_buff_1/gauden_counts with means with vars [450x1x1 vector arrays]
INFO: ../accum.c(929): MLLR regmat not reestimated.  No ../..//bwaccumdir/MODELSET1_buff_1/regmat_counts produced.
INFO: ../main.c(900): Counts saved to ../..//bwaccumdir/MODELSET1_buff_1
Thu Mar 18 15:51:45 EST 2004
