dumbo.speech.cs.cmu.edu
../..//s3trainer/bin.linux/norm.mop64 \
 -accumdir ../..//bwaccumdir/MODELSET1_buff_1 ../..//bwaccumdir/MODELSET1_buff_2 \
 -mixwfn ../..//model_parameters/MODELSET1.cd_continuous/mixture_weights \
 -tmatfn ../..//model_parameters/MODELSET1.cd_continuous/transition_matrices \
 -meanfn ../..//model_parameters/MODELSET1.cd_continuous/means \
 -varfn ../..//model_parameters/MODELSET1.cd_continuous/variances

[Switch]   [Default] [Value]
-accumdir            ../..//bwaccumdir/MODELSET1_buff_1 ../..//bwaccumdir/MODELSET1_buff_2
-oaccumdir                  
-tmatfn              ../..//model_parameters/MODELSET1.cd_continuous/transition_matrices
-mixwfn              ../..//model_parameters/MODELSET1.cd_continuous/mixture_weights
-meanfn              ../..//model_parameters/MODELSET1.cd_continuous/means
-varfn               ../..//model_parameters/MODELSET1.cd_continuous/variances
-regmatfn                   
-dcountfn                   
-inmixwfn                   
-inmeanfn                   
-invarfn                    
INFO: ../main.c(476): Reading and accumulating counts from ../..//bwaccumdir/MODELSET1_buff_1
INFO: ../s3mixw_io.c(92): Read ../..//bwaccumdir/MODELSET1_buff_1/mixw_counts [450x1x1 array]
INFO: ../s3tmat_io.c(92): Read ../..//bwaccumdir/MODELSET1_buff_1/tmat_counts [50x3x4 array]
INFO: ../s3gau_io.c(343): Read ../..//bwaccumdir/MODELSET1_buff_1/gauden_counts with means with vars [450x1x1 vector arrays]
INFO: ../main.c(476): Reading and accumulating counts from ../..//bwaccumdir/MODELSET1_buff_2
INFO: ../s3mixw_io.c(92): Read ../..//bwaccumdir/MODELSET1_buff_2/mixw_counts [450x1x1 array]
INFO: ../s3tmat_io.c(92): Read ../..//bwaccumdir/MODELSET1_buff_2/tmat_counts [50x3x4 array]
INFO: ../s3gau_io.c(343): Read ../..//bwaccumdir/MODELSET1_buff_2/gauden_counts with means with vars [450x1x1 vector arrays]
INFO: ../main.c(674): Normalizing mean for n_mgau= 450, n_stream= 1, n_density= 1
INFO: ../main.c(688): Normalizing var
ERROR: "../gauden.c", line 1396: var (mgau= 139, feat= 0, density=0, component=6) < 0
ERROR: "../gauden.c", line 1396: var (mgau= 139, feat= 0, density=0, component=7) < 0
ERROR: "../gauden.c", line 1396: var (mgau= 139, feat= 0, density=0, component=8) < 0
ERROR: "../gauden.c", line 1396: var (mgau= 139, feat= 0, density=0, component=9) < 0
ERROR: "../gauden.c", line 1396: var (mgau= 139, feat= 0, density=0, component=10) < 0
ERROR: "../gauden.c", line 1396: var (mgau= 139, feat= 0, density=0, component=11) < 0
ERROR: "../gauden.c", line 1396: var (mgau= 139, feat= 0, density=0, component=12) < 0
ERROR: "../gauden.c", line 1396: var (mgau= 139, feat= 0, density=0, component=13) < 0
ERROR: "../gauden.c", line 1396: var (mgau= 139, feat= 0, density=0, component=15) < 0
ERROR: "../gauden.c", line 1396: var (mgau= 139, feat= 0, density=0, component=18) < 0
ERROR: "../gauden.c", line 1396: var (mgau= 139, feat= 0, density=0, component=19) < 0
ERROR: "../gauden.c", line 1396: var (mgau= 139, feat= 0, density=0, component=20) < 0
ERROR: "../gauden.c", line 1396: var (mgau= 139, feat= 0, density=0, component=22) < 0
ERROR: "../gauden.c", line 1396: var (mgau= 139, feat= 0, density=0, component=24) < 0
ERROR: "../gauden.c", line 1396: var (mgau= 139, feat= 0, density=0, component=25) < 0
ERROR: "../gauden.c", line 1396: var (mgau= 139, feat= 0, density=0, component=27) < 0
ERROR: "../gauden.c", line 1396: var (mgau= 139, feat= 0, density=0, component=31) < 0
ERROR: "../gauden.c", line 1396: var (mgau= 139, feat= 0, density=0, component=33) < 0
ERROR: "../gauden.c", line 1396: var (mgau= 139, feat= 0, density=0, component=34) < 0
ERROR: "../gauden.c", line 1396: var (mgau= 139, feat= 0, density=0, component=35) < 0
ERROR: "../gauden.c", line 1396: var (mgau= 139, feat= 0, density=0, component=38) < 0
ERROR: "../gauden.c", line 1396: var (mgau= 140, feat= 0, density=0, component=0) < 0
ERROR: "../gauden.c", line 1396: var (mgau= 140, feat= 0, density=0, component=5) < 0
ERROR: "../gauden.c", line 1396: var (mgau= 140, feat= 0, density=0, component=7) < 0
ERROR: "../gauden.c", line 1396: var (mgau= 140, feat= 0, density=0, component=8) < 0
ERROR: "../gauden.c", line 1396: var (mgau= 140, feat= 0, density=0, component=10) < 0
ERROR: "../gauden.c", line 1396: var (mgau= 140, feat= 0, density=0, component=19) < 0
ERROR: "../gauden.c", line 1396: var (mgau= 140, feat= 0, density=0, component=21) < 0
ERROR: "../gauden.c", line 1396: var (mgau= 140, feat= 0, density=0, component=22) < 0
ERROR: "../gauden.c", line 1396: var (mgau= 140, feat= 0, density=0, component=23) < 0
ERROR: "../gauden.c", line 1396: var (mgau= 140, feat= 0, density=0, component=25) < 0
ERROR: "../gauden.c", line 1396: var (mgau= 140, feat= 0, density=0, component=32) < 0
ERROR: "../gauden.c", line 1396: var (mgau= 140, feat= 0, density=0, component=35) < 0
ERROR: "../gauden.c", line 1396: var (mgau= 140, feat= 0, density=0, component=36) < 0
ERROR: "../gauden.c", line 1396: var (mgau= 140, feat= 0, density=0, component=37) < 0
ERROR: "../gauden.c", line 1396: var (mgau= 140, feat= 0, density=0, component=38) < 0
ERROR: "../gauden.c", line 1396: var (mgau= 159, feat= 0, density=0, component=0) < 0
ERROR: "../gauden.c", line 1396: var (mgau= 159, feat= 0, density=0, component=1) < 0
ERROR: "../gauden.c", line 1396: var (mgau= 159, feat= 0, density=0, component=4) < 0
ERROR: "../gauden.c", line 1396: var (mgau= 159, feat= 0, density=0, component=12) < 0
ERROR: "../gauden.c", line 1396: var (mgau= 159, feat= 0, density=0, component=24) < 0
ERROR: "../gauden.c", line 1396: var (mgau= 159, feat= 0, density=0, component=35) < 0
ERROR: "../gauden.c", line 1396: var (mgau= 193, feat= 0, density=0, component=25) < 0
ERROR: "../gauden.c", line 1396: var (mgau= 194, feat= 0, density=0, component=1) < 0
ERROR: "../gauden.c", line 1396: var (mgau= 194, feat= 0, density=0, component=11) < 0
ERROR: "../gauden.c", line 1396: var (mgau= 194, feat= 0, density=0, component=12) < 0
ERROR: "../gauden.c", line 1396: var (mgau= 194, feat= 0, density=0, component=14) < 0
ERROR: "../gauden.c", line 1396: var (mgau= 194, feat= 0, density=0, component=19) < 0
ERROR: "../gauden.c", line 1396: var (mgau= 194, feat= 0, density=0, component=24) < 0
ERROR: "../gauden.c", line 1396: var (mgau= 194, feat= 0, density=0, component=25) < 0
ERROR: "../gauden.c", line 1396: var (mgau= 194, feat= 0, density=0, component=26) < 0
ERROR: "../gauden.c", line 1396: var (mgau= 236, feat= 0, density=0, component=1) < 0
ERROR: "../gauden.c", line 1396: var (mgau= 236, feat= 0, density=0, component=3) < 0
ERROR: "../gauden.c", line 1396: var (mgau= 236, feat= 0, density=0, component=24) < 0
ERROR: "../gauden.c", line 1396: var (mgau= 263, feat= 0, density=0, component=6) < 0
ERROR: "../gauden.c", line 1396: var (mgau= 263, feat= 0, density=0, component=24) < 0
ERROR: "../gauden.c", line 1396: var (mgau= 272, feat= 0, density=0, component=1) < 0
ERROR: "../gauden.c", line 1396: var (mgau= 272, feat= 0, density=0, component=2) < 0
ERROR: "../gauden.c", line 1396: var (mgau= 272, feat= 0, density=0, component=4) < 0
ERROR: "../gauden.c", line 1396: var (mgau= 272, feat= 0, density=0, component=5) < 0
ERROR: "../gauden.c", line 1396: var (mgau= 272, feat= 0, density=0, component=12) < 0
ERROR: "../gauden.c", line 1396: var (mgau= 272, feat= 0, density=0, component=15) < 0
ERROR: "../gauden.c", line 1396: var (mgau= 272, feat= 0, density=0, component=16) < 0
ERROR: "../gauden.c", line 1396: var (mgau= 272, feat= 0, density=0, component=17) < 0
ERROR: "../gauden.c", line 1396: var (mgau= 272, feat= 0, density=0, component=21) < 0
ERROR: "../gauden.c", line 1396: var (mgau= 272, feat= 0, density=0, component=23) < 0
ERROR: "../gauden.c", line 1396: var (mgau= 272, feat= 0, density=0, component=24) < 0
ERROR: "../gauden.c", line 1396: var (mgau= 272, feat= 0, density=0, component=26) < 0
ERROR: "../gauden.c", line 1396: var (mgau= 272, feat= 0, density=0, component=30) < 0
ERROR: "../gauden.c", line 1396: var (mgau= 272, feat= 0, density=0, component=34) < 0
ERROR: "../gauden.c", line 1396: var (mgau= 272, feat= 0, density=0, component=35) < 0
ERROR: "../gauden.c", line 1396: var (mgau= 272, feat= 0, density=0, component=36) < 0
ERROR: "../gauden.c", line 1396: var (mgau= 272, feat= 0, density=0, component=37) < 0
ERROR: "../gauden.c", line 1396: var (mgau= 281, feat= 0, density=0, component=12) < 0
ERROR: "../gauden.c", line 1396: var (mgau= 281, feat= 0, density=0, component=30) < 0
ERROR: "../gauden.c", line 1396: var (mgau= 312, feat= 0, density=0, component=0) < 0
ERROR: "../gauden.c", line 1396: var (mgau= 312, feat= 0, density=0, component=2) < 0
ERROR: "../gauden.c", line 1396: var (mgau= 312, feat= 0, density=0, component=4) < 0
ERROR: "../gauden.c", line 1396: var (mgau= 312, feat= 0, density=0, component=5) < 0
ERROR: "../gauden.c", line 1396: var (mgau= 312, feat= 0, density=0, component=7) < 0
ERROR: "../gauden.c", line 1396: var (mgau= 312, feat= 0, density=0, component=13) < 0
ERROR: "../gauden.c", line 1396: var (mgau= 312, feat= 0, density=0, component=16) < 0
ERROR: "../gauden.c", line 1396: var (mgau= 312, feat= 0, density=0, component=18) < 0
ERROR: "../gauden.c", line 1396: var (mgau= 312, feat= 0, density=0, component=20) < 0
ERROR: "../gauden.c", line 1396: var (mgau= 312, feat= 0, density=0, component=23) < 0
ERROR: "../gauden.c", line 1396: var (mgau= 312, feat= 0, density=0, component=24) < 0
ERROR: "../gauden.c", line 1396: var (mgau= 312, feat= 0, density=0, component=25) < 0
ERROR: "../gauden.c", line 1396: var (mgau= 312, feat= 0, density=0, component=27) < 0
ERROR: "../gauden.c", line 1396: var (mgau= 312, feat= 0, density=0, component=28) < 0
ERROR: "../gauden.c", line 1396: var (mgau= 312, feat= 0, density=0, component=29) < 0
ERROR: "../gauden.c", line 1396: var (mgau= 312, feat= 0, density=0, component=37) < 0
ERROR: "../gauden.c", line 1396: var (mgau= 346, feat= 0, density=0, component=3) < 0
ERROR: "../gauden.c", line 1396: var (mgau= 346, feat= 0, density=0, component=9) < 0
ERROR: "../gauden.c", line 1396: var (mgau= 346, feat= 0, density=0, component=31) < 0
ERROR: "../gauden.c", line 1396: var (mgau= 406, feat= 0, density=0, component=0) < 0
ERROR: "../gauden.c", line 1396: var (mgau= 406, feat= 0, density=0, component=2) < 0
ERROR: "../gauden.c", line 1396: var (mgau= 406, feat= 0, density=0, component=5) < 0
ERROR: "../gauden.c", line 1396: var (mgau= 406, feat= 0, density=0, component=8) < 0
ERROR: "../gauden.c", line 1396: var (mgau= 406, feat= 0, density=0, component=10) < 0
ERROR: "../gauden.c", line 1396: var (mgau= 406, feat= 0, density=0, component=11) < 0
ERROR: "../gauden.c", line 1396: var (mgau= 406, feat= 0, density=0, component=13) < 0
ERROR: "../gauden.c", line 1396: var (mgau= 406, feat= 0, density=0, component=16) < 0
ERROR: "../gauden.c", line 1396: var (mgau= 406, feat= 0, density=0, component=17) < 0
ERROR: "../gauden.c", line 1396: var (mgau= 406, feat= 0, density=0, component=22) < 0
ERROR: "../gauden.c", line 1396: var (mgau= 406, feat= 0, density=0, component=24) < 0
ERROR: "../gauden.c", line 1396: var (mgau= 406, feat= 0, density=0, component=26) < 0
ERROR: "../gauden.c", line 1396: var (mgau= 406, feat= 0, density=0, component=34) < 0
ERROR: "../gauden.c", line 1396: var (mgau= 406, feat= 0, density=0, component=38) < 0
ERROR: "../gauden.c", line 1396: var (mgau= 407, feat= 0, density=0, component=0) < 0
ERROR: "../gauden.c", line 1396: var (mgau= 407, feat= 0, density=0, component=3) < 0
ERROR: "../gauden.c", line 1396: var (mgau= 407, feat= 0, density=0, component=5) < 0
ERROR: "../gauden.c", line 1396: var (mgau= 407, feat= 0, density=0, component=7) < 0
ERROR: "../gauden.c", line 1396: var (mgau= 407, feat= 0, density=0, component=9) < 0
ERROR: "../gauden.c", line 1396: var (mgau= 407, feat= 0, density=0, component=13) < 0
ERROR: "../gauden.c", line 1396: var (mgau= 407, feat= 0, density=0, component=14) < 0
ERROR: "../gauden.c", line 1396: var (mgau= 407, feat= 0, density=0, component=16) < 0
ERROR: "../gauden.c", line 1396: var (mgau= 407, feat= 0, density=0, component=20) < 0
ERROR: "../gauden.c", line 1396: var (mgau= 407, feat= 0, density=0, component=21) < 0
ERROR: "../gauden.c", line 1396: var (mgau= 407, feat= 0, density=0, component=23) < 0
ERROR: "../gauden.c", line 1396: var (mgau= 407, feat= 0, density=0, component=25) < 0
ERROR: "../gauden.c", line 1396: var (mgau= 407, feat= 0, density=0, component=26) < 0
ERROR: "../gauden.c", line 1396: var (mgau= 407, feat= 0, density=0, component=27) < 0
ERROR: "../gauden.c", line 1396: var (mgau= 407, feat= 0, density=0, component=28) < 0
ERROR: "../gauden.c", line 1396: var (mgau= 407, feat= 0, density=0, component=33) < 0
ERROR: "../gauden.c", line 1396: var (mgau= 407, feat= 0, density=0, component=35) < 0
ERROR: "../gauden.c", line 1396: var (mgau= 427, feat= 0, density=0, component=6) < 0
ERROR: "../gauden.c", line 1396: var (mgau= 427, feat= 0, density=0, component=7) < 0
ERROR: "../gauden.c", line 1396: var (mgau= 427, feat= 0, density=0, component=8) < 0
ERROR: "../gauden.c", line 1396: var (mgau= 427, feat= 0, density=0, component=9) < 0
ERROR: "../gauden.c", line 1396: var (mgau= 427, feat= 0, density=0, component=10) < 0
ERROR: "../gauden.c", line 1396: var (mgau= 427, feat= 0, density=0, component=11) < 0
ERROR: "../gauden.c", line 1396: var (mgau= 427, feat= 0, density=0, component=12) < 0
ERROR: "../gauden.c", line 1396: var (mgau= 427, feat= 0, density=0, component=13) < 0
ERROR: "../gauden.c", line 1396: var (mgau= 427, feat= 0, density=0, component=15) < 0
ERROR: "../gauden.c", line 1396: var (mgau= 427, feat= 0, density=0, component=18) < 0
ERROR: "../gauden.c", line 1396: var (mgau= 427, feat= 0, density=0, component=19) < 0
ERROR: "../gauden.c", line 1396: var (mgau= 427, feat= 0, density=0, component=20) < 0
ERROR: "../gauden.c", line 1396: var (mgau= 427, feat= 0, density=0, component=22) < 0
ERROR: "../gauden.c", line 1396: var (mgau= 427, feat= 0, density=0, component=24) < 0
ERROR: "../gauden.c", line 1396: var (mgau= 427, feat= 0, density=0, component=25) < 0
ERROR: "../gauden.c", line 1396: var (mgau= 427, feat= 0, density=0, component=27) < 0
ERROR: "../gauden.c", line 1396: var (mgau= 427, feat= 0, density=0, component=31) < 0
ERROR: "../gauden.c", line 1396: var (mgau= 427, feat= 0, density=0, component=33) < 0
ERROR: "../gauden.c", line 1396: var (mgau= 427, feat= 0, density=0, component=34) < 0
ERROR: "../gauden.c", line 1396: var (mgau= 427, feat= 0, density=0, component=35) < 0
ERROR: "../gauden.c", line 1396: var (mgau= 427, feat= 0, density=0, component=38) < 0
ERROR: "../gauden.c", line 1396: var (mgau= 428, feat= 0, density=0, component=0) < 0
ERROR: "../gauden.c", line 1396: var (mgau= 428, feat= 0, density=0, component=5) < 0
ERROR: "../gauden.c", line 1396: var (mgau= 428, feat= 0, density=0, component=7) < 0
ERROR: "../gauden.c", line 1396: var (mgau= 428, feat= 0, density=0, component=8) < 0
ERROR: "../gauden.c", line 1396: var (mgau= 428, feat= 0, density=0, component=10) < 0
ERROR: "../gauden.c", line 1396: var (mgau= 428, feat= 0, density=0, component=19) < 0
ERROR: "../gauden.c", line 1396: var (mgau= 428, feat= 0, density=0, component=21) < 0
ERROR: "../gauden.c", line 1396: var (mgau= 428, feat= 0, density=0, component=22) < 0
ERROR: "../gauden.c", line 1396: var (mgau= 428, feat= 0, density=0, component=23) < 0
ERROR: "../gauden.c", line 1396: var (mgau= 428, feat= 0, density=0, component=25) < 0
ERROR: "../gauden.c", line 1396: var (mgau= 428, feat= 0, density=0, component=32) < 0
ERROR: "../gauden.c", line 1396: var (mgau= 428, feat= 0, density=0, component=35) < 0
ERROR: "../gauden.c", line 1396: var (mgau= 428, feat= 0, density=0, component=36) < 0
ERROR: "../gauden.c", line 1396: var (mgau= 428, feat= 0, density=0, component=37) < 0
ERROR: "../gauden.c", line 1396: var (mgau= 428, feat= 0, density=0, component=38) < 0
ERROR: "../gauden.c", line 1396: var (mgau= 432, feat= 0, density=0, component=24) < 0
ERROR: "../gauden.c", line 1396: var (mgau= 439, feat= 0, density=0, component=32) < 0
ERROR: "../gauden.c", line 1396: var (mgau= 444, feat= 0, density=0, component=0) < 0
ERROR: "../gauden.c", line 1396: var (mgau= 444, feat= 0, density=0, component=12) < 0
ERROR: "../gauden.c", line 1396: var (mgau= 444, feat= 0, density=0, component=33) < 0
ERROR: "../gauden.c", line 1396: var (mgau= 444, feat= 0, density=0, component=38) < 0
INFO: ../s3mixw_io.c(212): Wrote ../..//model_parameters/MODELSET1.cd_continuous/mixture_weights [450x1x1 array]
INFO: ../s3tmat_io.c(152): Wrote ../..//model_parameters/MODELSET1.cd_continuous/transition_matrices [50x3x4 array]
INFO: ../s3gau_io.c(188): Wrote ../..//model_parameters/MODELSET1.cd_continuous/means [450x1x1 array]
INFO: ../s3gau_io.c(188): Wrote ../..//model_parameters/MODELSET1.cd_continuous/variances [450x1x1 array]
Thu Mar 18 15:51:47 EST 2004
Current Overall Likelihood Per Frame = 2.64484
