dumbo.speech.cs.cmu.edu
INFO: ../main.c(141): Compiled on Apr 10 2003 at 21:48:12
../..//s3trainer/bin.linux/bw.mop64 \
 -moddeffn ../..//model_architecture/MODELSET1.300.mdef \
 -ts2cbfn .cont. \
 -mixwfn ../..//model_parameters/MODELSET1.cd_continuous/mixture_weights \
 -mwfloor 1e-5 \
 -tmatfn ../..//model_parameters/MODELSET1.cd_continuous/transition_matrices \
 -tpfloor 1e-5 \
 -meanfn ../..//model_parameters/MODELSET1.cd_continuous/means \
 -varfn ../..//model_parameters/MODELSET1.cd_continuous/variances \
 -dictfn ../..//lists/train.dict \
 -fdictfn ../..//lists/fillerdict \
 -ctlfn ../..//lists/train.ctl \
 -part 2 \
 -npart 2 \
 -cepdir ../../../features \
 -cepext mfc \
 -lsnfn ../..//lists/train.transcripts \
 -accumdir ../..//bwaccumdir/MODELSET1_buff_2 \
 -varfloor 1e-4 \
 -topn 16 \
 -abeam 1e-90 \
 -bbeam 1e-10 \
 -agc none \
 -cmn current \
 -varnorm no \
 -meanreest yes \
 -varreest yes -2passvar yes \
 -tmatreest yes \
 -feat 1s_12c_12d_3p_12dd \
 -ceplen 13

[Switch]   [Default] [Value]
-moddeffn            ../..//model_architecture/MODELSET1.300.mdef
-tmatfn              ../..//model_parameters/MODELSET1.cd_continuous/transition_matrices
-mixwfn              ../..//model_parameters/MODELSET1.cd_continuous/mixture_weights
-meanfn              ../..//model_parameters/MODELSET1.cd_continuous/means
-varfn               ../..//model_parameters/MODELSET1.cd_continuous/variances
-mwfloor   0.00001   1.000000e-05
-tpfloor   0.0001    1.000000e-05
-varfloor  0.00001   1.000000e-04
-topn      4         16     
-dictfn              ../..//lists/train.dict
-fdictfn             ../..//lists/fillerdict
-ctlfn               ../..//lists/train.ctl
-nskip                      
-runlen    -1        -1     
-part                2      
-npart               2      
-cepext    mfc       mfc    
-cepdir              ../../../features
-segext    v8_seg    v8_seg 
-segdir                     
-sentdir                    
-sentext   sent      sent   
-lsnfn               ../..//lists/train.transcripts
-accumdir            ../..//bwaccumdir/MODELSET1_buff_2
-ceplen    13        13     
-agc       max       none   
-cmn       current   current
-varnorm   no        no     
-silcomp   none      none   
-abeam     1e-100    1.000000e-90
-bbeam     1e-100    1.000000e-10
-varreest  yes       yes    
-meanreest yes       yes    
-mixwreest yes       yes    
-tmatreest yes       yes    
-spkrxfrm                   
-mllrmult  no        no     
-mllradd   no        no     
-ts2cbfn             .cont. 
-feat                1s_12c_12d_3p_12dd
-timing    yes       yes    
-viterbi   no        no     
-2passvar  no        yes    
-sildelfn                   
-cb2mllrfn                  
-spthresh  0.0       0.000000e+00
-maxuttlen 0         0      
-ckptintv                   
INFO: ../main.c(158): Reading ../..//model_architecture/MODELSET1.300.mdef
INFO: ../model_def_io.c(562): Model definition info:
INFO: ../model_def_io.c(563): 19338 total models defined (50 base, 19288 tri)
INFO: ../model_def_io.c(564): 77352 total states
INFO: ../model_def_io.c(565): 450 total tied states
INFO: ../model_def_io.c(566): 150 total tied CI states
INFO: ../model_def_io.c(567): 50 total tied transition matrices
INFO: ../model_def_io.c(568): 4 max state/model
INFO: ../model_def_io.c(569): 20 min state/model
INFO: ../s3mixw_io.c(92): Read ../..//model_parameters/MODELSET1.cd_continuous/mixture_weights [450x1x1 array]
WARNING: "../mod_inv.c", line 328: Model inventory n_density not set; setting to value in mixw file, 1.
INFO: ../s3tmat_io.c(92): Read ../..//model_parameters/MODELSET1.cd_continuous/transition_matrices [50x3x4 array]
INFO: ../mod_inv.c(256): inserting tprob floor 1.000000e-05 and renormalizing
INFO: ../s3gau_io.c(128): Read ../..//model_parameters/MODELSET1.cd_continuous/means [450x1x1 array]
INFO: ../s3gau_io.c(128): Read ../..//model_parameters/MODELSET1.cd_continuous/variances [450x1x1 array]
INFO: ../gauden.c(142): 450 total mgau
INFO: ../gauden.c(114): 1 feature streams (|0|=39 )
INFO: ../gauden.c(153): 1 total densities
INFO: ../gauden.c(62): min_var=1.000000e-04
WARNING: "../mod_inv.c", line 216: n_top 16 > n_density 1.  n_top <- 1
INFO: ../gauden.c(131): compute 1 densities/frame
INFO: ../main.c(254): Will reestimate mixing weights
INFO: ../main.c(256): Will reestimate means
INFO: ../main.c(258): Will reestimate variances
INFO: ../main.c(260): Will NOT reestimate MLLR multiplicative term
INFO: ../main.c(262): Will NOT reestimate MLLR additive term
INFO: ../main.c(270): Will reestimate transition matrices
INFO: ../main.c(285): Reading main lexicon: ../..//lists/train.dict
INFO: ../lexicon.c(207): 243 entries added from ../..//lists/train.dict
INFO: ../main.c(296): Reading filler lexicon: ../..//lists/fillerdict
INFO: ../lexicon.c(207): 9 entries added from ../..//lists/fillerdict
INFO: ../corpus.c(545): skipping 5 utts.
INFO: ../corpus.c(549): Last utt skipped: (919448_FEMALE_SANDRA_WOZNIAK_56.36_59.66)
INFO: ../corpus.c(1368): Will process all remaining utts starting at 5
INFO: ../main.c(505): Reestimation: Baum-Welch
column defns
	<seq>
	<id>
	<n_frame_in>
	<n_frame_del>
	<n_state_shmm>
	<avg_states_alpha>
	<avg_states_beta>
	<avg_states_reest>
	<avg_posterior_prune>
	<frame_log_lik>
	<utt_log_lik>
	... timing info ... 
utt>     5 (919448_FEMALE_SANDRA_WOZNIAK_66.23_87.55) 2133    0WARNING: "../corpus.c", line 2117: LSN utt id, 919448_FEMALE_SANDRA_WOZNIAK_66.23_87.55, does not match ctl utt id, (919448_FEMALE_SANDRA_WOZNIAK_66.23_87.55).
   636 23  1 3 2.502820e-12 6.696566e+00 1.428378e+04 utt 0.012x 1.010e upd 0.012x 0.994e fwd 0.007x 0.962e bwd 0.005x 1.088e gau 0.005x 1.114e rsts 0.000x 1.368e rstf 0.003x 0.951e rstu 0.000x 0.123e
utt>     6 (919448_FEMALE_SANDRA_WOZNIAK_87.56_105.56) 1801    0WARNING: "../corpus.c", line 2117: LSN utt id, 919448_FEMALE_SANDRA_WOZNIAK_87.56_105.56, does not match ctl utt id, (919448_FEMALE_SANDRA_WOZNIAK_87.56_105.56).
   584 21  1 3 2.666718e-12 8.436469e+00 1.519408e+04 utt 0.011x 1.002e upd 0.011x 0.985e fwd 0.006x 1.027e bwd 0.006x 0.900e gau 0.005x 0.989e rsts -0.000x 0.000e rstf 0.002x 1.567e rstu -0.000x 0.000e
utt>     7 (919448_FEMALE_SANDRA_WOZNIAK_105.57_112.95)  739    0WARNING: "../corpus.c", line 2117: LSN utt id, 919448_FEMALE_SANDRA_WOZNIAK_105.57_112.95, does not match ctl utt id, (919448_FEMALE_SANDRA_WOZNIAK_105.57_112.95).
   384 26  2 4 3.919345e-12 2.237069e+00 1.653194e+03 utt 0.014x 0.976e upd 0.014x 0.964e fwd 0.007x 1.016e bwd 0.005x 1.077e gau 0.012x 0.609e rsts 0.001x 0.744e rstf 0.004x 0.582e rstu -0.000x 0.000e
utt>     8 (919448_FEMALE_SANDRA_WOZNIAK_112.96_138.39) 2544    0WARNING: "../corpus.c", line 2117: LSN utt id, 919448_FEMALE_SANDRA_WOZNIAK_112.96_138.39, does not match ctl utt id, (919448_FEMALE_SANDRA_WOZNIAK_112.96_138.39).
   828 25  2 3 3.108767e-12 3.857747e+00 9.814110e+03 utt 0.013x 1.018e upd 0.013x 1.003e fwd 0.007x 0.959e bwd 0.006x 1.019e gau 0.004x 1.694e rsts -0.000x 0.000e rstf 0.004x 0.725e rstu -0.000x 0.000e
utt>     9 (919448_FEMALE_SANDRA_WOZNIAK_138.40_142.64)  425    0WARNING: "../corpus.c", line 2117: LSN utt id, 919448_FEMALE_SANDRA_WOZNIAK_138.40_142.64, does not match ctl utt id, (919448_FEMALE_SANDRA_WOZNIAK_138.40_142.64).
   172 21  2 4 4.053419e-12 4.480214e+00 1.904091e+03 utt 0.012x 1.010e upd 0.012x 0.993e fwd 0.007x 0.870e bwd 0.005x 1.096e gau 0.007x 0.907e rsts -0.000x 0.000e rstf -0.000x 0.000e rstu -0.000x 0.000e
utt>    10 (919447_FEMALE_SANDRA_WOZNIAK_142.65_156.85) 1421    0WARNING: "../corpus.c", line 2117: LSN utt id, 919447_FEMALE_SANDRA_WOZNIAK_142.65_156.85, does not match ctl utt id, (919447_FEMALE_SANDRA_WOZNIAK_142.65_156.85).
   624 27  2 4 4.076162e-12 2.570461e+00 3.652625e+03 utt 0.013x 1.006e upd 0.013x 0.994e fwd 0.007x 1.029e bwd 0.006x 1.025e gau 0.006x 1.127e rsts 0.001x 0.658e rstf 0.002x 1.199e rstu -0.000x 0.000e
overall> dumbo 9063 (-0) 5.130959e+00 4.650188e+04 0.012x 1.007e
WARNING: "../accum.c", line 556: The following seno never occur in the input data
	12 13 14 161 168 173 177 185 195 196 
	197 199 202 211 215 216 223 224 226 236 
	237 239 245 247 248 253 254 256 260 264 
	265 268 270 272 291 306 311 316 318 324 
	326 340 345 357 358 368 380 396 397 398 
	399 403 420 421 423 439 443 444 449 
INFO: ../s3mixw_io.c(212): Wrote ../..//bwaccumdir/MODELSET1_buff_2/mixw_counts [450x1x1 array]
INFO: ../s3tmat_io.c(152): Wrote ../..//bwaccumdir/MODELSET1_buff_2/tmat_counts [50x3x4 array]
INFO: ../s3gau_io.c(443): Wrote ../..//bwaccumdir/MODELSET1_buff_2/gauden_counts with means with vars (2pass) [450x1x1 vector arrays]
INFO: ../accum.c(929): MLLR regmat not reestimated.  No ../..//bwaccumdir/MODELSET1_buff_2/regmat_counts produced.
INFO: ../main.c(900): Counts saved to ../..//bwaccumdir/MODELSET1_buff_2
Thu Mar 18 15:52:09 EST 2004
