../..//s3trainer/bin.linux/inc_comp \
 -ninc 2 \
 -dcountfn ../..//model_parameters/MODELSET1.cd_continuous/mixture_weights \
 -inmixwfn ../..//model_parameters/MODELSET1.cd_continuous/mixture_weights \
 -outmixwfn ../..//model_parameters/MODELSET1.cd_continuous_flatinitial/mixture_weights \
 -inmeanfn ../..//model_parameters/MODELSET1.cd_continuous/means \
 -outmeanfn ../..//model_parameters/MODELSET1.cd_continuous_flatinitial/means \
 -invarfn ../..//model_parameters/MODELSET1.cd_continuous/variances \
 -outvarfn ../..//model_parameters/MODELSET1.cd_continuous_flatinitial/variances \
 -feat 1s_12c_12d_3p_12dd \
 -ceplen 13

[Switch]   [Default] [Value]
-ninc      1         2      
-inmixwfn            ../..//model_parameters/MODELSET1.cd_continuous/mixture_weights
-outmixwfn           ../..//model_parameters/MODELSET1.cd_continuous_flatinitial/mixture_weights
-inmeanfn            ../..//model_parameters/MODELSET1.cd_continuous/means
-outmeanfn           ../..//model_parameters/MODELSET1.cd_continuous_flatinitial/means
-invarfn             ../..//model_parameters/MODELSET1.cd_continuous/variances
-outvarfn            ../..//model_parameters/MODELSET1.cd_continuous_flatinitial/variances
-dcountfn            ../..//model_parameters/MODELSET1.cd_continuous/mixture_weights
-ceplen    13        13     
-feat                1s_12c_12d_3p_12dd
INFO: ../main.c(69): Reading mixing weight file ../..//model_parameters/MODELSET1.cd_continuous/mixture_weights.
INFO: ../s3mixw_io.c(92): Read ../..//model_parameters/MODELSET1.cd_continuous/mixture_weights [450x1x2 array]
INFO: ../s3gau_io.c(128): Read ../..//model_parameters/MODELSET1.cd_continuous/means [450x1x2 array]
INFO: ../s3gau_io.c(128): Read ../..//model_parameters/MODELSET1.cd_continuous/variances [450x1x2 array]
INFO: ../s3gau_io.c(516): Read ../..//model_parameters/MODELSET1.cd_continuous/mixture_weights [450x1x2 array]
INFO: ../main.c(119): output n_density == 4
0:0(6.96e+01)1(5.30e+01)
1:0(4.19e+01)1(3.38e+01)
2:0(1.21e+02)1(1.18e+02)
3:0(8.98e+00)1(3.00e+00)
4:0(1.70e+01)1(9.00e+00)
5:1(4.00e+00)0(3.00e+00)
6:0(1.50e+02)1(6.00e+01)
7:0(6.38e+01)1(5.91e+01)
8:1(3.83e+01)0(2.44e+01)
9:1(2.30e+01)0(1.90e+01)
10:0(1.50e+01)1(1.20e+01)
11:1(3.88e+01)0(3.61e+01)
12:0(2.01e+01)1(1.59e+01)
13:1(1.40e+01)0(1.00e+01)
14:0(1.40e+01)1(1.30e+01)
15:1(3.94e+01)0(3.80e+01)
16:1(4.88e+01)0(3.43e+01)
17:1(4.61e+01)0(4.23e+01)
18:1(9.58e+01)0(5.57e+01)
19:1(6.38e+01)0(4.74e+01)
20:0(1.13e+02)1(1.01e+02)
21:0(5.96e+01)1(5.70e+01)
22:1(4.73e+01)0(3.31e+01)
23:0(6.35e+01)1(5.20e+01)
24:1(5.70e+01)0(3.30e+01)
25:1(3.00e+00)0(2.00e+00)
26:1(6.00e+00)0(5.00e+00)
27:0(1.14e+02)1(6.83e+01)
28:0(8.73e+01)1(5.33e+01)
29:0(5.27e+02)1(2.48e+02)
30:0(2.40e+01)1(2.21e+01)
31:0(2.89e+01)1(1.81e+01)
32:1(1.85e+01)0(1.69e+01)
33:1(2.07e+01)0(1.22e+01)
34:0(1.26e+01)1(8.02e+00)
35:1(1.20e+01)0(1.00e+01)
36:0(2.27e+01)1(2.12e+01)
37:1(3.59e+01)0(3.21e+01)
38:0(4.03e+01)1(3.87e+01)
39:0(9.09e+01)1(6.10e+01)
40:0(2.71e+02)1(1.40e+02)
41:1(1.02e+02)0(9.51e+01)
42:0(7.21e+01)1(4.45e+01)
43:0(2.47e+01)1(1.82e+01)
44:1(3.55e+01)0(2.66e+01)
45:1(2.49e+01)0(1.60e+01)
46:1(3.59e+01)0(1.95e+01)
47:0(3.40e+01)1(2.70e+01)
48:0(4.90e+01)1(4.68e+01)
49:0(4.01e+01)1(3.68e+01)
50:0(5.57e+01)1(5.01e+01)
51:1(5.70e+01)0(3.17e+01)
52:0(3.29e+01)1(3.24e+01)
53:1(3.87e+01)0(2.56e+01)
54:1(2.72e+01)0(2.29e+01)
55:1(2.59e+01)0(1.00e+01)
56:1(6.74e+01)0(5.95e+01)
57:0(7.50e+01)1(4.10e+01)
58:1(1.35e+02)0(4.31e+01)
59:0(4.47e+01)1(2.73e+01)
60:0(2.30e+02)1(4.78e+01)
61:0(3.80e+01)1(1.11e+01)
62:0(9.01e+00)1(8.87e+00)
63:0(5.29e+01)1(2.61e+01)
64:1(4.85e+01)0(3.65e+01)
65:1(3.69e+01)0(2.81e+01)
66:0(1.18e+02)1(7.16e+01)
67:0(7.87e+01)1(7.55e+01)
68:0(7.89e+01)1(6.00e+01)
69:0(5.83e+01)1(5.09e+01)
70:1(9.97e+01)0(9.55e+01)
71:0(6.79e+01)1(6.51e+01)
72:1(3.00e+00)0(3.00e+00)
73:0(5.00e+00)1(2.00e+00)
74:1(5.00e+00)0(5.00e+00)
75:0(5.98e+01)1(5.32e+01)
76:0(8.53e+01)1(5.07e+01)
77:0(9.39e+01)1(6.62e+01)
78:0(6.25e+01)1(4.12e+01)
79:0(1.16e+02)1(7.36e+01)
80:0(4.17e+01)1(3.50e+01)
81:1(5.62e+01)0(5.55e+01)
82:1(4.10e+01)0(3.97e+01)
83:0(5.44e+01)1(4.02e+01)
84:0(1.37e+02)1(1.27e+02)
85:0(1.15e+02)1(9.19e+01)
86:1(1.16e+02)0(1.04e+02)
87:1(3.09e+01)0(2.32e+01)
88:1(9.01e+00)0(5.99e+00)
89:0(3.26e+01)1(2.66e+01)
90:0(1.58e+01)1(1.20e+01)
91:0(1.70e+01)1(1.20e+01)
92:0(7.36e+01)1(2.54e+01)
93:1(5.05e+01)0(2.92e+01)
94:1(2.70e+01)0(2.41e+01)
95:1(2.29e+01)0(2.20e+01)
96:1(1.01e+01)0(9.93e+00)
97:0(7.00e+00)1(2.00e+00)
98:0(3.00e+01)1(1.80e+01)
99:0(1.96e+02)1(7.91e+01)
100:0(4.71e+01)1(4.08e+01)
101:0(5.41e+01)1(2.79e+01)
102:0(6.82e+01)1(5.80e+01)
103:1(9.20e+01)0(7.09e+01)
104:0(1.50e+02)1(1.21e+02)
105:0(1.30e+02)1(4.91e+01)
106:1(7.69e+01)0(5.87e+01)
107:0(7.25e+01)1(6.24e+01)
108:0(3.37e+01)1(2.61e+01)
109:1(1.69e+01)0(1.69e+01)
110:0(4.25e+01)1(2.96e+01)
111:1(2.35e+02)0(1.97e+02)
112:0(2.57e+02)1(2.39e+02)
113:0(3.56e+02)1(1.67e+02)
114:0(1.44e+02)1(1.05e+02)
115:1(9.02e+01)0(8.41e+01)
116:0(1.05e+02)1(1.04e+02)
117:1(2.31e+01)0(1.97e+01)
118:0(1.40e+01)1(8.00e+00)
119:0(4.50e+01)1(2.30e+01)
120:0(2.39e+01)1(2.11e+01)
121:1(9.06e+00)0(8.94e+00)
122:1(1.90e+01)0(1.00e+01)
123:0(4.20e+01)1(1.73e+01)
124:0(1.67e+01)1(1.10e+01)
125:1(2.39e+01)0(2.05e+01)
126:0(6.96e+01)1(3.36e+01)
127:1(6.36e+01)0(5.29e+01)
128:0(7.11e+01)1(4.89e+01)
129:0(2.40e+01)1(2.14e+01)
130:0(2.00e+01)1(1.90e+01)
131:1(2.29e+01)0(2.10e+01)
132:1(8.00e+00)0(5.00e+00)
133:1(8.00e+00)0(8.00e+00)
134:0(6.00e+00)1(5.00e+00)
135:0(5.25e+01)1(3.29e+01)
136:0(1.03e+02)1(7.12e+01)
137:1(5.27e+01)0(4.93e+01)
138:0(2.00e+00)1(1.00e+00)
139:0(5.00e-01)1(5.00e-01)
140:0(5.00e-01)1(5.00e-01)
141:1(3.26e+01)0(2.54e+01)
142:0(1.60e+01)1(5.00e+00)
143:0(1.36e+01)1(1.33e+01)
144:0(5.00e+00)1(5.00e+00)
145:1(3.00e+00)0(2.00e+00)
146:0(1.50e+01)1(8.00e+00)
147:0(1.20e+01)1(1.20e+01)
148:0(4.40e+01)1(2.40e+01)
149:0(6.50e+01)1(2.30e+01)
150:1(3.94e+01)0(3.80e+01)
151:1(4.88e+01)0(3.43e+01)
152:1(4.61e+01)0(4.23e+01)
153:1(9.58e+01)0(5.57e+01)
154:1(6.38e+01)0(4.74e+01)
155:1(1.20e+01)0(8.02e+00)
156:1(4.00e+00)0(3.00e+00)
157:1(1.40e+01)0(1.00e+01)
158:1(1.70e+01)0(7.11e+00)
159:0(5.00e-01)1(5.00e-01)
160:0(3.41e+01)1(2.69e+01)
161:1(7.00e+00)0(6.00e+00)
162:1(1.20e+01)0(7.00e+00)
163:0(1.20e+01)1(8.00e+00)
164:1(1.59e+01)0(9.12e+00)
165:0(5.96e+01)1(5.70e+01)
166:1(4.73e+01)0(3.31e+01)
167:0(6.35e+01)1(5.20e+01)
168:1(5.41e+01)0(3.40e+01)
169:0(1.00e+00)1(1.00e+00)
170:1(3.00e+00)0(2.00e+00)
171:1(6.00e+00)0(5.00e+00)
172:0(1.14e+02)1(6.83e+01)
173:0(5.00e-01)1(5.00e-01)
174:0(5.00e-01)1(5.00e-01)
175:0(8.57e+01)1(4.99e+01)
176:0(5.00e-01)1(5.00e-01)
177:0(5.00e-01)1(5.00e-01)
178:0(5.00e-01)1(5.00e-01)
179:0(5.00e-01)1(5.00e-01)
180:0(5.00e+00)1(5.00e+00)
181:0(1.00e+00)1(1.00e+00)
182:0(2.00e+00)1(2.00e+00)
183:0(1.91e+02)1(1.31e+02)
184:1(2.31e+01)0(1.89e+01)
185:1(2.85e+01)0(2.84e+01)
186:1(1.30e+01)0(1.09e+01)
187:0(1.57e+01)1(7.98e+00)
188:1(8.00e+00)0(7.00e+00)
189:0(4.69e+01)1(3.30e+01)
190:0(1.00e+00)1(1.00e+00)
191:1(2.60e+01)0(1.80e+01)
192:0(5.00e-01)1(5.00e-01)
193:0(5.00e-01)1(5.00e-01)
194:0(5.00e-01)1(5.00e-01)
195:0(5.00e-01)1(5.00e-01)
196:0(5.00e-01)1(5.00e-01)
197:0(5.00e-01)1(5.00e-01)
198:0(9.32e+01)1(4.27e+01)
199:0(5.00e-01)1(5.00e-01)
200:0(5.00e-01)1(5.00e-01)
201:1(2.00e+00)0(1.00e+00)
202:0(5.00e-01)1(5.00e-01)
203:0(5.00e-01)1(5.00e-01)
204:0(2.40e+01)1(2.21e+01)
205:0(2.89e+01)1(1.81e+01)
206:1(1.85e+01)0(1.69e+01)
207:1(2.07e+01)0(1.22e+01)
208:0(1.26e+01)1(8.02e+00)
209:1(1.20e+01)0(1.00e+01)
210:0(2.27e+01)1(2.12e+01)
211:0(2.49e+01)1(1.31e+01)
212:1(1.60e+01)0(1.40e+01)
213:0(5.00e-01)1(5.00e-01)
214:0(5.00e-01)1(5.00e-01)
215:0(4.88e+01)1(2.02e+01)
216:0(5.00e+00)1(2.00e+00)
217:0(5.00e-01)1(5.00e-01)
218:0(9.09e+01)1(6.10e+01)
219:0(2.71e+02)1(1.40e+02)
220:1(1.02e+02)0(9.51e+01)
221:0(1.00e+00)1(1.00e+00)
222:0(5.00e-01)1(5.00e-01)
223:0(1.00e+00)1(1.00e+00)
224:0(5.00e+00)1(4.00e+00)
225:0(3.85e+01)1(3.21e+01)
226:0(1.00e+00)1(1.00e+00)
227:1(1.60e+01)0(1.40e+01)
228:0(2.47e+01)1(1.82e+01)
229:1(3.55e+01)0(2.66e+01)
230:1(2.49e+01)0(1.60e+01)
231:1(3.59e+01)0(1.95e+01)
232:0(3.40e+01)1(2.70e+01)
233:0(4.90e+01)1(4.68e+01)
234:0(4.01e+01)1(3.68e+01)
235:0(5.00e-01)1(5.00e-01)
236:0(5.00e-01)1(5.00e-01)
237:0(1.00e+01)1(5.00e+00)
238:0(4.95e+01)1(3.74e+01)
239:0(1.00e+00)1(1.00e+00)
240:1(5.70e+01)0(3.17e+01)
241:0(3.29e+01)1(3.24e+01)
242:1(3.87e+01)0(2.56e+01)
243:1(2.72e+01)0(2.29e+01)
244:1(2.59e+01)0(1.00e+01)
245:0(8.01e+00)1(6.00e+00)
246:1(1.10e+01)0(7.00e+00)
247:0(6.00e+00)1(4.00e+00)
248:0(1.10e+01)1(8.98e+00)
249:1(1.90e+01)0(1.00e+01)
250:0(5.00e-01)1(5.00e-01)
251:1(1.80e+01)0(1.69e+01)
252:0(7.50e+01)1(4.10e+01)
253:0(1.24e+01)1(9.65e+00)
254:1(1.60e+01)0(1.50e+01)
255:0(1.00e+00)1(1.00e+00)
256:0(6.00e+00)1(5.00e+00)
257:0(5.00e-01)1(5.00e-01)
258:0(5.00e-01)1(5.00e-01)
259:0(9.00e+00)1(7.00e+00)
260:0(5.00e-01)1(5.00e-01)
261:0(5.00e-01)1(5.00e-01)
262:0(1.00e+01)1(6.00e+00)
263:0(5.00e-01)1(5.00e-01)
264:0(1.00e+00)1(1.00e+00)
265:0(5.00e-01)1(5.00e-01)
266:1(1.30e+01)0(9.00e+00)
267:1(1.50e+01)0(1.30e+01)
268:1(3.00e+00)0(2.00e+00)
269:1(7.00e+00)0(7.00e+00)
270:0(5.00e-01)1(5.00e-01)
271:0(5.00e-01)1(5.00e-01)
272:0(5.00e-01)1(5.00e-01)
273:0(4.47e+01)1(2.73e+01)
274:0(7.02e+01)1(3.64e+01)
275:0(2.00e+00)1(2.00e+00)
276:0(1.00e+00)1(1.00e+00)
277:0(9.68e+01)1(4.11e+01)
278:1(9.00e+00)0(3.00e+00)
279:1(8.78e+00)0(6.22e+00)
280:0(5.00e-01)1(5.00e-01)
281:0(5.00e-01)1(5.00e-01)
282:0(3.45e+01)1(1.25e+01)
283:0(9.01e+00)1(8.87e+00)
284:0(5.29e+01)1(2.61e+01)
285:1(4.85e+01)0(3.65e+01)
286:1(3.69e+01)0(2.81e+01)
287:0(1.18e+02)1(7.16e+01)
288:0(7.87e+01)1(7.55e+01)
289:0(7.89e+01)1(6.00e+01)
290:0(5.83e+01)1(5.09e+01)
291:0(5.00e-01)1(5.00e-01)
292:0(5.00e-01)1(5.00e-01)
293:1(3.67e+01)0(2.58e+01)
294:1(6.33e+01)0(4.54e+01)
295:1(1.20e+01)0(9.00e+00)
296:0(5.00e-01)1(5.00e-01)
297:0(6.79e+01)1(6.51e+01)
298:1(3.00e+00)0(3.00e+00)
299:0(5.00e+00)1(2.00e+00)
300:1(5.00e+00)0(5.00e+00)
301:0(5.98e+01)1(5.32e+01)
302:0(8.53e+01)1(5.07e+01)
303:0(9.39e+01)1(6.62e+01)
304:0(6.25e+01)1(4.12e+01)
305:1(2.10e+01)0(1.20e+01)
306:0(4.00e+00)1(3.00e+00)
307:0(5.00e-01)1(5.00e-01)
308:1(6.00e+00)0(4.00e+00)
309:1(1.20e+01)0(2.00e+00)
310:0(1.10e+01)1(1.00e+01)
311:0(5.00e-01)1(5.00e-01)
312:0(5.00e-01)1(5.00e-01)
313:0(5.00e-01)1(5.00e-01)
314:0(5.00e-01)1(5.00e-01)
315:0(5.00e-01)1(5.00e-01)
316:1(4.00e+00)0(2.00e+00)
317:0(5.00e-01)1(5.00e-01)
318:0(5.00e+00)1(3.00e+00)
319:0(4.44e+01)1(3.87e+01)
320:0(4.17e+01)1(3.50e+01)
321:1(5.56e+01)0(5.51e+01)
322:1(4.15e+01)0(3.82e+01)
323:0(4.66e+01)1(4.01e+01)
324:0(1.30e+01)1(4.00e+00)
325:0(1.33e+02)1(1.14e+02)
326:0(7.00e+00)1(6.98e+00)
327:0(1.20e+01)1(8.00e+00)
328:0(1.30e+01)1(8.00e+00)
329:0(4.00e+00)1(3.00e+00)
330:1(1.00e+01)0(3.00e+00)
331:1(6.77e+01)0(6.45e+01)
332:1(1.16e+02)0(1.04e+02)
333:0(1.00e+00)1(1.00e+00)
334:1(8.00e+00)0(4.00e+00)
335:0(2.39e+01)1(1.62e+01)
336:1(9.01e+00)0(5.99e+00)
337:0(3.26e+01)1(2.66e+01)
338:0(1.58e+01)1(1.20e+01)
339:0(1.70e+01)1(1.20e+01)
340:0(5.00e-01)1(5.00e-01)
341:0(5.00e-01)1(5.00e-01)
342:0(4.39e+01)1(2.31e+01)
343:1(1.20e+01)0(8.99e+00)
344:1(4.00e+00)0(3.00e+00)
345:0(5.00e-01)1(5.00e-01)
346:0(5.00e-01)1(5.00e-01)
347:1(5.05e+01)0(2.92e+01)
348:1(2.70e+01)0(2.41e+01)
349:1(2.29e+01)0(2.20e+01)
350:1(1.01e+01)0(9.93e+00)
351:0(7.00e+00)1(2.00e+00)
352:0(3.00e+01)1(1.80e+01)
353:1(3.30e+01)0(1.90e+01)
354:1(2.00e+01)0(1.10e+01)
355:1(4.31e+01)0(3.16e+01)
356:0(1.00e+00)1(1.00e+00)
357:0(5.00e-01)1(5.00e-01)
358:0(5.00e-01)1(5.00e-01)
359:0(5.00e-01)1(5.00e-01)
360:0(5.00e-01)1(5.00e-01)
361:0(7.00e+00)1(7.00e+00)
362:0(5.00e-01)1(5.00e-01)
363:0(5.00e-01)1(5.00e-01)
364:0(2.41e+01)1(8.99e+00)
365:0(2.89e+01)1(2.21e+01)
366:1(6.00e+00)0(4.00e+00)
367:0(5.00e-01)1(5.00e-01)
368:0(5.00e-01)1(5.00e-01)
369:0(5.00e-01)1(5.00e-01)
370:0(2.54e+01)1(1.85e+01)
371:1(2.10e+01)0(2.00e+01)
372:0(5.00e-01)1(5.00e-01)
373:0(5.41e+01)1(2.79e+01)
374:0(6.82e+01)1(5.80e+01)
375:1(9.55e+00)0(8.00e+00)
376:1(7.00e+00)0(5.00e+00)
377:0(6.83e+01)1(6.49e+01)
378:0(1.50e+02)1(1.21e+02)
379:1(1.84e+01)0(1.40e+01)
380:1(6.00e+00)0(4.00e+00)
381:0(3.00e+00)1(2.00e+00)
382:0(1.00e+01)1(7.00e+00)
383:0(7.73e+01)1(3.77e+01)
384:1(7.69e+01)0(5.87e+01)
385:0(7.25e+01)1(6.24e+01)
386:0(3.37e+01)1(2.61e+01)
387:1(1.69e+01)0(1.69e+01)
388:0(4.25e+01)1(2.96e+01)
389:0(1.44e+02)1(1.05e+02)
390:1(9.02e+01)0(8.41e+01)
391:0(1.05e+02)1(1.04e+02)
392:1(2.31e+01)0(1.97e+01)
393:0(1.40e+01)1(8.00e+00)
394:0(5.00e-01)1(5.00e-01)
395:0(2.00e+00)1(2.00e+00)
396:1(2.00e+00)0(1.00e+00)
397:0(4.14e+01)1(1.66e+01)
398:0(5.00e-01)1(5.00e-01)
399:0(5.00e-01)1(5.00e-01)
400:0(2.39e+01)1(2.11e+01)
401:1(9.06e+00)0(8.94e+00)
402:1(1.90e+01)0(1.00e+01)
403:0(5.00e-01)1(5.00e-01)
404:0(5.00e-01)1(5.00e-01)
405:1(2.96e+01)0(2.58e+01)
406:0(5.00e-01)1(5.00e-01)
407:0(5.00e-01)1(5.00e-01)
408:0(1.67e+01)1(1.10e+01)
409:1(2.39e+01)0(2.05e+01)
410:0(6.96e+01)1(3.36e+01)
411:1(6.36e+01)0(5.29e+01)
412:0(7.11e+01)1(4.89e+01)
413:0(2.40e+01)1(2.14e+01)
414:0(2.00e+01)1(1.90e+01)
415:1(2.29e+01)0(2.10e+01)
416:1(8.00e+00)0(5.00e+00)
417:1(8.00e+00)0(8.00e+00)
418:0(6.00e+00)1(5.00e+00)
419:0(5.25e+01)1(3.29e+01)
420:1(1.10e+01)0(7.00e+00)
421:0(3.00e+00)1(2.00e+00)
422:1(1.30e+01)0(5.00e+00)
423:1(7.00e+00)0(5.00e+00)
424:0(8.70e+01)1(3.41e+01)
425:1(5.27e+01)0(4.93e+01)
426:0(2.00e+00)1(1.00e+00)
427:0(5.00e-01)1(5.00e-01)
428:0(5.00e-01)1(5.00e-01)
429:1(1.20e+01)0(6.00e+00)
430:0(3.04e+01)1(9.61e+00)
431:1(1.40e+01)0(6.00e+00)
432:0(5.00e-01)1(5.00e-01)
433:0(8.98e+00)1(8.00e+00)
434:0(6.00e+00)1(4.00e+00)
435:0(5.00e+00)1(5.00e+00)
436:1(3.00e+00)0(2.00e+00)
437:0(1.50e+01)1(8.00e+00)
438:0(1.20e+01)1(1.20e+01)
439:0(5.00e-01)1(5.00e-01)
440:0(5.00e-01)1(5.00e-01)
441:1(1.70e+01)0(1.20e+01)
442:0(2.00e+01)1(7.99e+00)
443:0(6.00e+00)1(3.00e+00)
444:0(5.00e-01)1(5.00e-01)
445:0(5.00e-01)1(5.00e-01)
446:0(3.60e+01)1(8.00e+00)
447:1(6.00e+00)0(6.00e+00)
448:1(1.62e+01)0(1.28e+01)
449:0(5.00e-01)1(5.00e-01)
INFO: ../s3mixw_io.c(212): Wrote ../..//model_parameters/MODELSET1.cd_continuous_flatinitial/mixture_weights [450x1x4 array]
INFO: ../s3gau_io.c(188): Wrote ../..//model_parameters/MODELSET1.cd_continuous_flatinitial/means [450x1x4 array]
INFO: ../s3gau_io.c(188): Wrote ../..//model_parameters/MODELSET1.cd_continuous_flatinitial/variances [450x1x4 array]
DONE SPLITTING
Thu Mar 18 15:52:37 EST 2004
