/home/rsingh/training//s3trainer/bin.linux/prunetree \
 -itreedir /home/rsingh/training//trees/MODELSET1.unpruned \
 -nseno 400 \
 -otreedir /home/rsingh/training//trees/MODELSET1.400 \
 -moddeffn /home/rsingh/training//model_architecture/MODELSET1.untied.mdef \
 -psetfn ../03.buildtrees/linguistic_questions \
 -minocc 0

[Switch]  [Default] [Value]
-moddeffn           /home/rsingh/training//model_architecture/MODELSET1.untied.mdef
-psetfn             ../03.buildtrees/linguistic_questions
-itreedir           /home/rsingh/training//trees/MODELSET1.unpruned
-otreedir           /home/rsingh/training//trees/MODELSET1.400
-nseno              400    
-minocc   0.0       0.000000e+00
INFO: ../main.c(52): Reading: /home/rsingh/training//model_architecture/MODELSET1.untied.mdef
INFO: ../model_def_io.c(562): Model definition info:
INFO: ../model_def_io.c(563): 999 total models defined (50 base, 949 tri)
INFO: ../model_def_io.c(564): 3996 total states
INFO: ../model_def_io.c(565): 2997 total tied states
INFO: ../model_def_io.c(566): 150 total tied CI states
INFO: ../model_def_io.c(567): 50 total tied transition matrices
INFO: ../model_def_io.c(568): 4 max state/model
INFO: ../model_def_io.c(569): 20 min state/model
INFO: ../main.c(58): Reading: ../03.buildtrees/linguistic_questions
INFO: ../main.c(188): AA-0	18 [0 < 0.000000e+00]
INFO: ../main.c(188): AA-1	18 [0 < 0.000000e+00]
INFO: ../main.c(188): AA-2	18 [0 < 0.000000e+00]
INFO: ../main.c(188): AE-0	25 [0 < 0.000000e+00]
INFO: ../main.c(188): AE-1	25 [0 < 0.000000e+00]
INFO: ../main.c(188): AE-2	25 [0 < 0.000000e+00]
INFO: ../main.c(188): AO-0	19 [0 < 0.000000e+00]
INFO: ../main.c(188): AO-1	19 [0 < 0.000000e+00]
INFO: ../main.c(188): AO-2	19 [0 < 0.000000e+00]
INFO: ../main.c(188): AW-0	2 [0 < 0.000000e+00]
INFO: ../main.c(188): AW-1	2 [0 < 0.000000e+00]
INFO: ../main.c(188): AW-2	2 [0 < 0.000000e+00]
INFO: ../main.c(188): AX-0	36 [0 < 0.000000e+00]
INFO: ../main.c(188): AX-1	36 [0 < 0.000000e+00]
INFO: ../main.c(188): AX-2	36 [0 < 0.000000e+00]
INFO: ../main.c(188): AY-0	14 [0 < 0.000000e+00]
INFO: ../main.c(188): AY-1	14 [0 < 0.000000e+00]
INFO: ../main.c(188): AY-2	14 [0 < 0.000000e+00]
INFO: ../main.c(188): B-0	12 [0 < 0.000000e+00]
INFO: ../main.c(188): B-1	12 [0 < 0.000000e+00]
INFO: ../main.c(188): B-2	12 [0 < 0.000000e+00]
INFO: ../main.c(188): CH-0	4 [0 < 0.000000e+00]
INFO: ../main.c(188): CH-1	4 [0 < 0.000000e+00]
INFO: ../main.c(188): CH-2	4 [0 < 0.000000e+00]
INFO: ../main.c(188): D-0	39 [0 < 0.000000e+00]
INFO: ../main.c(188): D-1	39 [0 < 0.000000e+00]
INFO: ../main.c(188): D-2	39 [0 < 0.000000e+00]
INFO: ../main.c(188): DH-0	14 [0 < 0.000000e+00]
INFO: ../main.c(188): DH-1	14 [0 < 0.000000e+00]
INFO: ../main.c(188): DH-2	14 [0 < 0.000000e+00]
INFO: ../main.c(188): E-0	9 [0 < 0.000000e+00]
INFO: ../main.c(188): E-1	9 [0 < 0.000000e+00]
INFO: ../main.c(188): E-2	9 [0 < 0.000000e+00]
INFO: ../main.c(188): EH-0	31 [0 < 0.000000e+00]
INFO: ../main.c(188): EH-1	31 [0 < 0.000000e+00]
INFO: ../main.c(188): EH-2	31 [0 < 0.000000e+00]
INFO: ../main.c(188): ER-0	30 [0 < 0.000000e+00]
INFO: ../main.c(188): ER-1	30 [0 < 0.000000e+00]
INFO: ../main.c(188): ER-2	30 [0 < 0.000000e+00]
INFO: ../main.c(188): EY-0	17 [0 < 0.000000e+00]
INFO: ../main.c(188): EY-1	17 [0 < 0.000000e+00]
INFO: ../main.c(188): EY-2	17 [0 < 0.000000e+00]
INFO: ../main.c(188): F-0	23 [0 < 0.000000e+00]
INFO: ../main.c(188): F-1	23 [0 < 0.000000e+00]
INFO: ../main.c(188): F-2	23 [0 < 0.000000e+00]
INFO: ../main.c(188): G-0	9 [0 < 0.000000e+00]
INFO: ../main.c(188): G-1	9 [0 < 0.000000e+00]
INFO: ../main.c(188): G-2	9 [0 < 0.000000e+00]
INFO: ../main.c(188): HH-0	7 [0 < 0.000000e+00]
INFO: ../main.c(188): HH-1	7 [0 < 0.000000e+00]
INFO: ../main.c(188): HH-2	7 [0 < 0.000000e+00]
INFO: ../main.c(188): I-0	55 [0 < 0.000000e+00]
INFO: ../main.c(188): I-1	55 [0 < 0.000000e+00]
INFO: ../main.c(188): I-2	55 [0 < 0.000000e+00]
INFO: ../main.c(188): II-0	40 [0 < 0.000000e+00]
INFO: ../main.c(188): II-1	40 [0 < 0.000000e+00]
INFO: ../main.c(188): II-2	40 [0 < 0.000000e+00]
INFO: ../main.c(188): JH-0	4 [0 < 0.000000e+00]
INFO: ../main.c(188): JH-1	4 [0 < 0.000000e+00]
INFO: ../main.c(188): JH-2	4 [0 < 0.000000e+00]
INFO: ../main.c(188): K-0	33 [0 < 0.000000e+00]
INFO: ../main.c(188): K-1	33 [0 < 0.000000e+00]
INFO: ../main.c(188): K-2	33 [0 < 0.000000e+00]
INFO: ../main.c(188): L-0	39 [0 < 0.000000e+00]
INFO: ../main.c(188): L-1	39 [0 < 0.000000e+00]
INFO: ../main.c(188): L-2	39 [0 < 0.000000e+00]
INFO: ../main.c(188): M-0	30 [0 < 0.000000e+00]
INFO: ../main.c(188): M-1	30 [0 < 0.000000e+00]
INFO: ../main.c(188): M-2	30 [0 < 0.000000e+00]
INFO: ../main.c(188): N-0	53 [0 < 0.000000e+00]
INFO: ../main.c(188): N-1	53 [0 < 0.000000e+00]
INFO: ../main.c(188): N-2	53 [0 < 0.000000e+00]
INFO: ../main.c(188): O-0	4 [0 < 0.000000e+00]
INFO: ../main.c(188): O-1	4 [0 < 0.000000e+00]
INFO: ../main.c(188): O-2	4 [0 < 0.000000e+00]
INFO: ../main.c(188): OO-0	9 [0 < 0.000000e+00]
INFO: ../main.c(188): OO-1	9 [0 < 0.000000e+00]
INFO: ../main.c(188): OO-2	9 [0 < 0.000000e+00]
INFO: ../main.c(188): OW-0	19 [0 < 0.000000e+00]
INFO: ../main.c(188): OW-1	19 [0 < 0.000000e+00]
INFO: ../main.c(188): OW-2	19 [0 < 0.000000e+00]
INFO: ../main.c(188): OY-0	19 [0 < 0.000000e+00]
INFO: ../main.c(188): OY-1	19 [0 < 0.000000e+00]
INFO: ../main.c(188): OY-2	19 [0 < 0.000000e+00]
INFO: ../main.c(188): P-0	18 [0 < 0.000000e+00]
INFO: ../main.c(188): P-1	18 [0 < 0.000000e+00]
INFO: ../main.c(188): P-2	18 [0 < 0.000000e+00]
INFO: ../main.c(188): R-0	50 [0 < 0.000000e+00]
INFO: ../main.c(188): R-1	50 [0 < 0.000000e+00]
INFO: ../main.c(188): R-2	50 [0 < 0.000000e+00]
INFO: ../main.c(188): S-0	46 [0 < 0.000000e+00]
INFO: ../main.c(188): S-1	46 [0 < 0.000000e+00]
INFO: ../main.c(188): S-2	46 [0 < 0.000000e+00]
INFO: ../main.c(188): SH-0	12 [0 < 0.000000e+00]
INFO: ../main.c(188): SH-1	12 [0 < 0.000000e+00]
INFO: ../main.c(188): SH-2	12 [0 < 0.000000e+00]
INFO: ../main.c(188): T-0	51 [0 < 0.000000e+00]
INFO: ../main.c(188): T-1	51 [0 < 0.000000e+00]
INFO: ../main.c(188): T-2	51 [0 < 0.000000e+00]
INFO: ../main.c(188): TH-0	4 [0 < 0.000000e+00]
INFO: ../main.c(188): TH-1	4 [0 < 0.000000e+00]
INFO: ../main.c(188): TH-2	4 [0 < 0.000000e+00]
INFO: ../main.c(188): TS-0	2 [0 < 0.000000e+00]
INFO: ../main.c(188): TS-1	2 [0 < 0.000000e+00]
INFO: ../main.c(188): TS-2	2 [0 < 0.000000e+00]
INFO: ../main.c(188): U-0	9 [0 < 0.000000e+00]
INFO: ../main.c(188): U-1	9 [0 < 0.000000e+00]
INFO: ../main.c(188): U-2	9 [0 < 0.000000e+00]
INFO: ../main.c(188): V-0	12 [0 < 0.000000e+00]
INFO: ../main.c(188): V-1	12 [0 < 0.000000e+00]
INFO: ../main.c(188): V-2	12 [0 < 0.000000e+00]
INFO: ../main.c(188): W-0	17 [0 < 0.000000e+00]
INFO: ../main.c(188): W-1	17 [0 < 0.000000e+00]
INFO: ../main.c(188): W-2	17 [0 < 0.000000e+00]
INFO: ../main.c(188): Y-0	6 [0 < 0.000000e+00]
INFO: ../main.c(188): Y-1	6 [0 < 0.000000e+00]
INFO: ../main.c(188): Y-2	6 [0 < 0.000000e+00]
INFO: ../main.c(188): Z-0	34 [0 < 0.000000e+00]
INFO: ../main.c(188): Z-1	34 [0 < 0.000000e+00]
INFO: ../main.c(188): Z-2	34 [0 < 0.000000e+00]
INFO: ../main.c(188): ZH-0	34 [0 < 0.000000e+00]
INFO: ../main.c(188): ZH-1	34 [0 < 0.000000e+00]
INFO: ../main.c(188): ZH-2	34 [0 < 0.000000e+00]
INFO: ../main.c(188): ed-0	2 [0 < 0.000000e+00]
INFO: ../main.c(188): ed-1	2 [0 < 0.000000e+00]
INFO: ../main.c(188): ed-2	2 [0 < 0.000000e+00]
INFO: ../main.c(188): ez-0	1 [0 < 0.000000e+00]
INFO: ../main.c(188): ez-1	1 [0 < 0.000000e+00]
INFO: ../main.c(188): ez-2	1 [0 < 0.000000e+00]
INFO: ../main.c(188): ng-0	6 [0 < 0.000000e+00]
INFO: ../main.c(188): ng-1	6 [0 < 0.000000e+00]
INFO: ../main.c(188): ng-2	6 [0 < 0.000000e+00]
INFO: ../main.c(205): Prior to pruning n_seno= 2754
INFO: ../main.c(213): n_twig= 331
INFO: ../main.c(242): Pruning 2354 nodes
INFO: ../main.c(274): Root node extracted (TS 0) from heap
INFO: ../main.c(274): Root node extracted (ed 2) from heap
INFO: ../main.c(274): Root node extracted (TS 1) from heap
INFO: ../main.c(274): Root node extracted (AW 0) from heap
INFO: ../main.c(274): Root node extracted (O 2) from heap
INFO: ../main.c(274): Root node extracted (ed 0) from heap
INFO: ../main.c(274): Root node extracted (TS 2) from heap
INFO: ../main.c(274): Root node extracted (ng 0) from heap
INFO: ../main.c(274): Root node extracted (JH 2) from heap
INFO: ../main.c(274): Root node extracted (ed 1) from heap
INFO: ../main.c(274): Root node extracted (TH 0) from heap
INFO: ../main.c(274): Root node extracted (CH 0) from heap
INFO: ../main.c(274): Root node extracted (ng 2) from heap
INFO: ../main.c(274): Root node extracted (Y 2) from heap
INFO: ../main.c(274): Root node extracted (V 0) from heap
INFO: ../main.c(274): Root node extracted (TH 1) from heap
INFO: ../main.c(274): Root node extracted (AX 1) from heap
INFO: ../main.c(274): Root node extracted (O 1) from heap
INFO: ../main.c(274): Root node extracted (F 0) from heap
INFO: ../main.c(274): Root node extracted (HH 0) from heap
INFO: ../main.c(274): Root node extracted (W 0) from heap
INFO: ../main.c(274): Root node extracted (AA 2) from heap
INFO: ../main.c(274): Root node extracted (S 2) from heap
INFO: ../main.c(274): Root node extracted (OO 1) from heap
INFO: ../main.c(274): Root node extracted (EH 0) from heap
INFO: ../main.c(274): Root node extracted (AW 2) from heap
INFO: ../main.c(274): Root node extracted (S 1) from heap
INFO: ../main.c(274): Root node extracted (M 0) from heap
INFO: ../main.c(274): Root node extracted (EH 1) from heap
INFO: ../main.c(274): Root node extracted (ng 1) from heap
INFO: ../main.c(274): Root node extracted (AX 0) from heap
INFO: ../main.c(274): Root node extracted (M 1) from heap
INFO: ../main.c(274): Root node extracted (U 1) from heap
INFO: ../main.c(274): Root node extracted (DH 1) from heap
INFO: ../main.c(274): Root node extracted (II 0) from heap
INFO: ../main.c(274): Root node extracted (SH 0) from heap
INFO: ../main.c(274): Root node extracted (OO 0) from heap
INFO: ../main.c(274): Root node extracted (E 1) from heap
INFO: ../main.c(274): Root node extracted (K 1) from heap
INFO: ../main.c(274): Root node extracted (Z 0) from heap
INFO: ../main.c(274): Root node extracted (ZH 0) from heap
INFO: ../main.c(274): Root node extracted (L 1) from heap
INFO: ../main.c(274): Root node extracted (U 0) from heap
INFO: ../main.c(274): Root node extracted (AY 1) from heap
INFO: ../main.c(274): Root node extracted (E 2) from heap
INFO: ../main.c(274): Root node extracted (Y 0) from heap
INFO: ../main.c(274): Root node extracted (N 2) from heap
INFO: ../main.c(274): Root node extracted (D 2) from heap
INFO: ../main.c(274): Root node extracted (HH 1) from heap
INFO: ../main.c(274): Root node extracted (T 2) from heap
INFO: ../main.c(274): Root node extracted (II 2) from heap
INFO: ../main.c(274): Root node extracted (E 0) from heap
INFO: ../main.c(274): Root node extracted (AE 0) from heap
INFO: ../main.c(274): Root node extracted (ZH 2) from heap
INFO: ../main.c(274): Root node extracted (Z 2) from heap
INFO: ../main.c(274): Root node extracted (R 2) from heap
INFO: ../main.c(274): Root node extracted (OO 2) from heap
INFO: ../main.c(274): Root node extracted (U 2) from heap
INFO: ../main.c(274): Root node extracted (I 0) from heap
INFO: ../main.c(274): Root node extracted (D 1) from heap
INFO: ../main.c(274): Root node extracted (F 2) from heap
INFO: ../main.c(274): Root node extracted (L 0) from heap
INFO: ../main.c(274): Root node extracted (AA 1) from heap
INFO: ../main.c(274): Root node extracted (B 2) from heap
INFO: ../main.c(274): Root node extracted (Y 1) from heap
INFO: ../main.c(274): Root node extracted (SH 1) from heap
INFO: ../main.c(274): Root node extracted (B 0) from heap
INFO: ../main.c(274): Root node extracted (T 1) from heap
INFO: ../main.c(274): Root node extracted (DH 2) from heap
INFO: ../main.c(274): Root node extracted (I 1) from heap
INFO: ../main.c(274): Root node extracted (EY 0) from heap
INFO: ../main.c(274): Root node extracted (ER 1) from heap
INFO: ../main.c(274): Root node extracted (D 0) from heap
INFO: ../main.c(312): AA-0	3
INFO: ../main.c(312): AA-1	1
INFO: ../main.c(312): AA-2	1
INFO: ../main.c(312): AE-0	1
INFO: ../main.c(312): AE-1	9
INFO: ../main.c(312): AE-2	19
INFO: ../main.c(312): AO-0	3
INFO: ../main.c(312): AO-1	3
INFO: ../main.c(312): AO-2	3
INFO: ../main.c(312): AW-0	1
INFO: ../main.c(312): AW-1	3
INFO: ../main.c(312): AW-2	1
INFO: ../main.c(312): AX-0	1
INFO: ../main.c(312): AX-1	1
INFO: ../main.c(312): AX-2	9
INFO: ../main.c(312): AY-0	5
INFO: ../main.c(312): AY-1	1
INFO: ../main.c(312): AY-2	9
INFO: ../main.c(312): B-0	1
INFO: ../main.c(312): B-1	3
INFO: ../main.c(312): B-2	1
INFO: ../main.c(312): CH-0	1
INFO: ../main.c(312): CH-1	3
INFO: ../main.c(312): CH-2	3
INFO: ../main.c(312): D-0	1
INFO: ../main.c(312): D-1	1
INFO: ../main.c(312): D-2	1
INFO: ../main.c(312): DH-0	3
INFO: ../main.c(312): DH-1	1
INFO: ../main.c(312): DH-2	1
INFO: ../main.c(312): E-0	1
INFO: ../main.c(312): E-1	1
INFO: ../main.c(312): E-2	1
INFO: ../main.c(312): EH-0	1
INFO: ../main.c(312): EH-1	1
INFO: ../main.c(312): EH-2	3
INFO: ../main.c(312): ER-0	3
INFO: ../main.c(312): ER-1	1
INFO: ../main.c(312): ER-2	21
INFO: ../main.c(312): EY-0	1
INFO: ../main.c(312): EY-1	19
INFO: ../main.c(312): EY-2	19
INFO: ../main.c(312): F-0	1
INFO: ../main.c(312): F-1	9
INFO: ../main.c(312): F-2	1
INFO: ../main.c(312): G-0	11
INFO: ../main.c(312): G-1	5
INFO: ../main.c(312): G-2	3
INFO: ../main.c(312): HH-0	1
INFO: ../main.c(312): HH-1	1
INFO: ../main.c(312): HH-2	3
INFO: ../main.c(312): I-0	1
INFO: ../main.c(312): I-1	1
INFO: ../main.c(312): I-2	19
INFO: ../main.c(312): II-0	1
INFO: ../main.c(312): II-1	31
INFO: ../main.c(312): II-2	1
INFO: ../main.c(312): JH-0	7
INFO: ../main.c(312): JH-1	3
INFO: ../main.c(312): JH-2	1
INFO: ../main.c(312): K-0	21
INFO: ../main.c(312): K-1	1
INFO: ../main.c(312): K-2	3
INFO: ../main.c(312): L-0	1
INFO: ../main.c(312): L-1	1
INFO: ../main.c(312): L-2	7
INFO: ../main.c(312): M-0	1
INFO: ../main.c(312): M-1	1
INFO: ../main.c(312): M-2	41
INFO: ../main.c(312): N-0	3
INFO: ../main.c(312): N-1	59
INFO: ../main.c(312): N-2	1
INFO: ../main.c(312): O-0	3
INFO: ../main.c(312): O-1	1
INFO: ../main.c(312): O-2	1
INFO: ../main.c(312): OO-0	1
INFO: ../main.c(312): OO-1	1
INFO: ../main.c(312): OO-2	1
INFO: ../main.c(312): OW-0	3
INFO: ../main.c(312): OW-1	5
INFO: ../main.c(312): OW-2	3
INFO: ../main.c(312): OY-0	3
INFO: ../main.c(312): OY-1	5
INFO: ../main.c(312): OY-2	3
INFO: ../main.c(312): P-0	7
INFO: ../main.c(312): P-1	13
INFO: ../main.c(312): P-2	15
INFO: ../main.c(312): R-0	61
INFO: ../main.c(312): R-1	17
INFO: ../main.c(312): R-2	1
INFO: ../main.c(312): S-0	17
INFO: ../main.c(312): S-1	1
INFO: ../main.c(312): S-2	1
INFO: ../main.c(312): SH-0	1
INFO: ../main.c(312): SH-1	1
INFO: ../main.c(312): SH-2	3
INFO: ../main.c(312): T-0	3
INFO: ../main.c(312): T-1	1
INFO: ../main.c(312): T-2	1
INFO: ../main.c(312): TH-0	1
INFO: ../main.c(312): TH-1	1
INFO: ../main.c(312): TH-2	5
INFO: ../main.c(312): TS-0	1
INFO: ../main.c(312): TS-1	1
INFO: ../main.c(312): TS-2	1
INFO: ../main.c(312): U-0	1
INFO: ../main.c(312): U-1	1
INFO: ../main.c(312): U-2	1
INFO: ../main.c(312): V-0	1
INFO: ../main.c(312): V-1	3
INFO: ../main.c(312): V-2	3
INFO: ../main.c(312): W-0	1
INFO: ../main.c(312): W-1	3
INFO: ../main.c(312): W-2	3
INFO: ../main.c(312): Y-0	1
INFO: ../main.c(312): Y-1	1
INFO: ../main.c(312): Y-2	1
INFO: ../main.c(312): Z-0	1
INFO: ../main.c(312): Z-1	23
INFO: ../main.c(312): Z-2	1
INFO: ../main.c(312): ZH-0	1
INFO: ../main.c(312): ZH-1	23
INFO: ../main.c(312): ZH-2	1
INFO: ../main.c(312): ed-0	1
INFO: ../main.c(312): ed-1	1
INFO: ../main.c(312): ed-2	1
INFO: ../main.c(312): ez-0	1
INFO: ../main.c(312): ez-1	1
INFO: ../main.c(312): ez-2	1
INFO: ../main.c(312): ng-0	1
INFO: ../main.c(312): ng-1	1
INFO: ../main.c(312): ng-2	1
