../..//s3trainer/bin.linux/prunetree \
 -itreedir ../..//trees/MODELSET1.unpruned \
 -nseno 300 \
 -otreedir ../..//trees/MODELSET1.300 \
 -moddeffn ../..//model_architecture/MODELSET1.untied.mdef \
 -psetfn ../03.buildtrees/linguistic_questions.automatic \
 -minocc 0

[Switch]  [Default] [Value]
-moddeffn           ../..//model_architecture/MODELSET1.untied.mdef
-psetfn             ../03.buildtrees/linguistic_questions.automatic
-itreedir           ../..//trees/MODELSET1.unpruned
-otreedir           ../..//trees/MODELSET1.300
-nseno              300    
-minocc   0.0       0.000000e+00
INFO: ../main.c(52): Reading: ../..//model_architecture/MODELSET1.untied.mdef
INFO: ../model_def_io.c(562): Model definition info:
INFO: ../model_def_io.c(563): 1000 total models defined (50 base, 950 tri)
INFO: ../model_def_io.c(564): 4000 total states
INFO: ../model_def_io.c(565): 3000 total tied states
INFO: ../model_def_io.c(566): 150 total tied CI states
INFO: ../model_def_io.c(567): 50 total tied transition matrices
INFO: ../model_def_io.c(568): 4 max state/model
INFO: ../model_def_io.c(569): 20 min state/model
INFO: ../main.c(58): Reading: ../03.buildtrees/linguistic_questions.automatic
INFO: ../main.c(188): AA-0	1 [0 < 0.000000e+00]
INFO: ../main.c(188): AA-1	1 [0 < 0.000000e+00]
INFO: ../main.c(188): AA-2	1 [0 < 0.000000e+00]
INFO: ../main.c(188): AE-0	1 [0 < 0.000000e+00]
INFO: ../main.c(188): AE-1	1 [0 < 0.000000e+00]
INFO: ../main.c(188): AE-2	25 [0 < 0.000000e+00]
INFO: ../main.c(188): AO-0	1 [0 < 0.000000e+00]
INFO: ../main.c(188): AO-1	1 [0 < 0.000000e+00]
INFO: ../main.c(188): AO-2	4 [0 < 0.000000e+00]
INFO: ../main.c(188): AW-0	2 [0 < 0.000000e+00]
INFO: ../main.c(188): AW-1	2 [0 < 0.000000e+00]
INFO: ../main.c(188): AW-2	2 [0 < 0.000000e+00]
INFO: ../main.c(188): AX-0	3 [0 < 0.000000e+00]
INFO: ../main.c(188): AX-1	6 [0 < 0.000000e+00]
INFO: ../main.c(188): AX-2	28 [0 < 0.000000e+00]
INFO: ../main.c(188): AY-0	3 [0 < 0.000000e+00]
INFO: ../main.c(188): AY-1	13 [0 < 0.000000e+00]
INFO: ../main.c(188): AY-2	13 [0 < 0.000000e+00]
INFO: ../main.c(188): B-0	1 [0 < 0.000000e+00]
INFO: ../main.c(188): B-1	12 [0 < 0.000000e+00]
INFO: ../main.c(188): B-2	12 [0 < 0.000000e+00]
INFO: ../main.c(188): CH-0	5 [0 < 0.000000e+00]
INFO: ../main.c(188): CH-1	5 [0 < 0.000000e+00]
INFO: ../main.c(188): CH-2	5 [0 < 0.000000e+00]
INFO: ../main.c(188): D-0	1 [0 < 0.000000e+00]
INFO: ../main.c(188): D-1	1 [0 < 0.000000e+00]
INFO: ../main.c(188): D-2	1 [0 < 0.000000e+00]
INFO: ../main.c(188): DH-0	13 [0 < 0.000000e+00]
INFO: ../main.c(188): DH-1	1 [0 < 0.000000e+00]
INFO: ../main.c(188): DH-2	3 [0 < 0.000000e+00]
INFO: ../main.c(188): E-0	1 [0 < 0.000000e+00]
INFO: ../main.c(188): E-1	1 [0 < 0.000000e+00]
INFO: ../main.c(188): E-2	1 [0 < 0.000000e+00]
INFO: ../main.c(188): EH-0	1 [0 < 0.000000e+00]
INFO: ../main.c(188): EH-1	6 [0 < 0.000000e+00]
INFO: ../main.c(188): EH-2	8 [0 < 0.000000e+00]
INFO: ../main.c(188): ER-0	1 [0 < 0.000000e+00]
INFO: ../main.c(188): ER-1	1 [0 < 0.000000e+00]
INFO: ../main.c(188): ER-2	12 [0 < 0.000000e+00]
INFO: ../main.c(188): EY-0	16 [0 < 0.000000e+00]
INFO: ../main.c(188): EY-1	4 [0 < 0.000000e+00]
INFO: ../main.c(188): EY-2	10 [0 < 0.000000e+00]
INFO: ../main.c(188): F-0	1 [0 < 0.000000e+00]
INFO: ../main.c(188): F-1	23 [0 < 0.000000e+00]
INFO: ../main.c(188): F-2	12 [0 < 0.000000e+00]
INFO: ../main.c(188): G-0	10 [0 < 0.000000e+00]
INFO: ../main.c(188): G-1	3 [0 < 0.000000e+00]
INFO: ../main.c(188): G-2	7 [0 < 0.000000e+00]
INFO: ../main.c(188): HH-0	1 [0 < 0.000000e+00]
INFO: ../main.c(188): HH-1	1 [0 < 0.000000e+00]
INFO: ../main.c(188): HH-2	8 [0 < 0.000000e+00]
INFO: ../main.c(188): I-0	1 [0 < 0.000000e+00]
INFO: ../main.c(188): I-1	1 [0 < 0.000000e+00]
INFO: ../main.c(188): I-2	1 [0 < 0.000000e+00]
INFO: ../main.c(188): II-0	1 [0 < 0.000000e+00]
INFO: ../main.c(188): II-1	14 [0 < 0.000000e+00]
INFO: ../main.c(188): II-2	35 [0 < 0.000000e+00]
INFO: ../main.c(188): JH-0	4 [0 < 0.000000e+00]
INFO: ../main.c(188): JH-1	4 [0 < 0.000000e+00]
INFO: ../main.c(188): JH-2	4 [0 < 0.000000e+00]
INFO: ../main.c(188): K-0	1 [0 < 0.000000e+00]
INFO: ../main.c(188): K-1	1 [0 < 0.000000e+00]
INFO: ../main.c(188): K-2	1 [0 < 0.000000e+00]
INFO: ../main.c(188): L-0	13 [0 < 0.000000e+00]
INFO: ../main.c(188): L-1	19 [0 < 0.000000e+00]
INFO: ../main.c(188): L-2	4 [0 < 0.000000e+00]
INFO: ../main.c(188): M-0	5 [0 < 0.000000e+00]
INFO: ../main.c(188): M-1	10 [0 < 0.000000e+00]
INFO: ../main.c(188): M-2	1 [0 < 0.000000e+00]
INFO: ../main.c(188): N-0	7 [0 < 0.000000e+00]
INFO: ../main.c(188): N-1	10 [0 < 0.000000e+00]
INFO: ../main.c(188): N-2	1 [0 < 0.000000e+00]
INFO: ../main.c(188): O-0	4 [0 < 0.000000e+00]
INFO: ../main.c(188): O-1	4 [0 < 0.000000e+00]
INFO: ../main.c(188): O-2	1 [0 < 0.000000e+00]
INFO: ../main.c(188): OO-0	1 [0 < 0.000000e+00]
INFO: ../main.c(188): OO-1	4 [0 < 0.000000e+00]
INFO: ../main.c(188): OO-2	9 [0 < 0.000000e+00]
INFO: ../main.c(188): OW-0	1 [0 < 0.000000e+00]
INFO: ../main.c(188): OW-1	1 [0 < 0.000000e+00]
INFO: ../main.c(188): OW-2	5 [0 < 0.000000e+00]
INFO: ../main.c(188): OY-0	1 [0 < 0.000000e+00]
INFO: ../main.c(188): OY-1	1 [0 < 0.000000e+00]
INFO: ../main.c(188): OY-2	1 [0 < 0.000000e+00]
INFO: ../main.c(188): P-0	17 [0 < 0.000000e+00]
INFO: ../main.c(188): P-1	17 [0 < 0.000000e+00]
INFO: ../main.c(188): P-2	1 [0 < 0.000000e+00]
INFO: ../main.c(188): R-0	24 [0 < 0.000000e+00]
INFO: ../main.c(188): R-1	3 [0 < 0.000000e+00]
INFO: ../main.c(188): R-2	1 [0 < 0.000000e+00]
INFO: ../main.c(188): S-0	7 [0 < 0.000000e+00]
INFO: ../main.c(188): S-1	1 [0 < 0.000000e+00]
INFO: ../main.c(188): S-2	1 [0 < 0.000000e+00]
INFO: ../main.c(188): SH-0	1 [0 < 0.000000e+00]
INFO: ../main.c(188): SH-1	9 [0 < 0.000000e+00]
INFO: ../main.c(188): SH-2	11 [0 < 0.000000e+00]
INFO: ../main.c(188): T-0	1 [0 < 0.000000e+00]
INFO: ../main.c(188): T-1	1 [0 < 0.000000e+00]
INFO: ../main.c(188): T-2	1 [0 < 0.000000e+00]
INFO: ../main.c(188): TH-0	2 [0 < 0.000000e+00]
INFO: ../main.c(188): TH-1	6 [0 < 0.000000e+00]
INFO: ../main.c(188): TH-2	6 [0 < 0.000000e+00]
INFO: ../main.c(188): TS-0	1 [0 < 0.000000e+00]
INFO: ../main.c(188): TS-1	2 [0 < 0.000000e+00]
INFO: ../main.c(188): TS-2	2 [0 < 0.000000e+00]
INFO: ../main.c(188): U-0	5 [0 < 0.000000e+00]
INFO: ../main.c(188): U-1	1 [0 < 0.000000e+00]
INFO: ../main.c(188): U-2	3 [0 < 0.000000e+00]
INFO: ../main.c(188): V-0	1 [0 < 0.000000e+00]
INFO: ../main.c(188): V-1	7 [0 < 0.000000e+00]
INFO: ../main.c(188): V-2	1 [0 < 0.000000e+00]
INFO: ../main.c(188): W-0	3 [0 < 0.000000e+00]
INFO: ../main.c(188): W-1	1 [0 < 0.000000e+00]
INFO: ../main.c(188): W-2	18 [0 < 0.000000e+00]
INFO: ../main.c(188): Y-0	5 [0 < 0.000000e+00]
INFO: ../main.c(188): Y-1	5 [0 < 0.000000e+00]
INFO: ../main.c(188): Y-2	5 [0 < 0.000000e+00]
INFO: ../main.c(188): Z-0	3 [0 < 0.000000e+00]
INFO: ../main.c(188): Z-1	5 [0 < 0.000000e+00]
INFO: ../main.c(188): Z-2	3 [0 < 0.000000e+00]
INFO: ../main.c(188): ZH-0	1 [0 < 0.000000e+00]
INFO: ../main.c(188): ZH-1	1 [0 < 0.000000e+00]
INFO: ../main.c(188): ZH-2	1 [0 < 0.000000e+00]
INFO: ../main.c(188): ed-0	2 [0 < 0.000000e+00]
INFO: ../main.c(188): ed-1	2 [0 < 0.000000e+00]
INFO: ../main.c(188): ed-2	2 [0 < 0.000000e+00]
INFO: ../main.c(188): ez-0	1 [0 < 0.000000e+00]
INFO: ../main.c(188): ez-1	1 [0 < 0.000000e+00]
INFO: ../main.c(188): ez-2	1 [0 < 0.000000e+00]
INFO: ../main.c(188): ng-0	5 [0 < 0.000000e+00]
INFO: ../main.c(188): ng-1	7 [0 < 0.000000e+00]
INFO: ../main.c(188): ng-2	7 [0 < 0.000000e+00]
INFO: ../main.c(205): Prior to pruning n_seno= 679
INFO: ../main.c(213): n_twig= 108
INFO: ../main.c(242): Pruning 379 nodes
INFO: ../main.c(274): Root node extracted (DH 2) from heap
INFO: ../main.c(274): Root node extracted (AO 2) from heap
INFO: ../main.c(274): Root node extracted (V 1) from heap
INFO: ../main.c(274): Root node extracted (W 0) from heap
INFO: ../main.c(274): Root node extracted (TH 0) from heap
INFO: ../main.c(274): Root node extracted (B 2) from heap
INFO: ../main.c(274): Root node extracted (SH 1) from heap
INFO: ../main.c(274): Root node extracted (ng 0) from heap
INFO: ../main.c(274): Root node extracted (O 1) from heap
INFO: ../main.c(274): Root node extracted (ER 2) from heap
INFO: ../main.c(274): Root node extracted (AW 2) from heap
INFO: ../main.c(274): Root node extracted (B 1) from heap
INFO: ../main.c(274): Root node extracted (U 2) from heap
INFO: ../main.c(274): Root node extracted (JH 2) from heap
INFO: ../main.c(274): Root node extracted (EY 0) from heap
INFO: ../main.c(274): Root node extracted (M 1) from heap
INFO: ../main.c(274): Root node extracted (Y 2) from heap
INFO: ../main.c(274): Root node extracted (JH 0) from heap
INFO: ../main.c(274): Root node extracted (TH 1) from heap
INFO: ../main.c(274): Root node extracted (AY 0) from heap
INFO: ../main.c(274): Root node extracted (TS 1) from heap
INFO: ../main.c(274): Root node extracted (AY 1) from heap
INFO: ../main.c(274): Root node extracted (Y 0) from heap
INFO: ../main.c(274): Root node extracted (M 0) from heap
INFO: ../main.c(274): Root node extracted (JH 1) from heap
INFO: ../main.c(274): Root node extracted (R 0) from heap
INFO: ../main.c(274): Root node extracted (G 2) from heap
INFO: ../main.c(274): Root node extracted (Y 1) from heap
INFO: ../main.c(274): Root node extracted (SH 2) from heap
INFO: ../main.c(274): Root node extracted (AW 1) from heap
INFO: ../main.c(274): Root node extracted (OW 2) from heap
INFO: ../main.c(274): Root node extracted (II 2) from heap
INFO: ../main.c(274): Root node extracted (OO 1) from heap
INFO: ../main.c(274): Root node extracted (AY 2) from heap
INFO: ../main.c(274): Root node extracted (EY 1) from heap
INFO: ../main.c(274): Root node extracted (W 2) from heap
INFO: ../main.c(274): Root node extracted (Z 2) from heap
INFO: ../main.c(274): Root node extracted (EH 1) from heap
INFO: ../main.c(274): Root node extracted (L 2) from heap
INFO: ../main.c(274): Root node extracted (Z 0) from heap
INFO: ../main.c(274): Root node extracted (L 0) from heap
INFO: ../main.c(274): Root node extracted (TS 2) from heap
INFO: ../main.c(274): Root node extracted (CH 0) from heap
INFO: ../main.c(274): Root node extracted (F 2) from heap
INFO: ../main.c(274): Root node extracted (HH 2) from heap
INFO: ../main.c(274): Root node extracted (AX 0) from heap
INFO: ../main.c(312): AA-0	1
INFO: ../main.c(312): AA-1	1
INFO: ../main.c(312): AA-2	1
INFO: ../main.c(312): AE-0	1
INFO: ../main.c(312): AE-1	1
INFO: ../main.c(312): AE-2	19
INFO: ../main.c(312): AO-0	1
INFO: ../main.c(312): AO-1	1
INFO: ../main.c(312): AO-2	1
INFO: ../main.c(312): AW-0	3
INFO: ../main.c(312): AW-1	1
INFO: ../main.c(312): AW-2	1
INFO: ../main.c(312): AX-0	1
INFO: ../main.c(312): AX-1	11
INFO: ../main.c(312): AX-2	49
INFO: ../main.c(312): AY-0	1
INFO: ../main.c(312): AY-1	1
INFO: ../main.c(312): AY-2	1
INFO: ../main.c(312): B-0	1
INFO: ../main.c(312): B-1	1
INFO: ../main.c(312): B-2	1
INFO: ../main.c(312): CH-0	1
INFO: ../main.c(312): CH-1	3
INFO: ../main.c(312): CH-2	9
INFO: ../main.c(312): D-0	1
INFO: ../main.c(312): D-1	1
INFO: ../main.c(312): D-2	1
INFO: ../main.c(312): DH-0	13
INFO: ../main.c(312): DH-1	1
INFO: ../main.c(312): DH-2	1
INFO: ../main.c(312): E-0	1
INFO: ../main.c(312): E-1	1
INFO: ../main.c(312): E-2	1
INFO: ../main.c(312): EH-0	1
INFO: ../main.c(312): EH-1	1
INFO: ../main.c(312): EH-2	9
INFO: ../main.c(312): ER-0	1
INFO: ../main.c(312): ER-1	1
INFO: ../main.c(312): ER-2	1
INFO: ../main.c(312): EY-0	1
INFO: ../main.c(312): EY-1	1
INFO: ../main.c(312): EY-2	13
INFO: ../main.c(312): F-0	1
INFO: ../main.c(312): F-1	39
INFO: ../main.c(312): F-2	1
INFO: ../main.c(312): G-0	11
INFO: ../main.c(312): G-1	5
INFO: ../main.c(312): G-2	1
INFO: ../main.c(312): HH-0	1
INFO: ../main.c(312): HH-1	1
INFO: ../main.c(312): HH-2	1
INFO: ../main.c(312): I-0	1
INFO: ../main.c(312): I-1	1
INFO: ../main.c(312): I-2	1
INFO: ../main.c(312): II-0	1
INFO: ../main.c(312): II-1	11
INFO: ../main.c(312): II-2	1
INFO: ../main.c(312): JH-0	1
INFO: ../main.c(312): JH-1	1
INFO: ../main.c(312): JH-2	1
INFO: ../main.c(312): K-0	1
INFO: ../main.c(312): K-1	1
INFO: ../main.c(312): K-2	1
INFO: ../main.c(312): L-0	1
INFO: ../main.c(312): L-1	29
INFO: ../main.c(312): L-2	1
INFO: ../main.c(312): M-0	1
INFO: ../main.c(312): M-1	1
INFO: ../main.c(312): M-2	1
INFO: ../main.c(312): N-0	3
INFO: ../main.c(312): N-1	11
INFO: ../main.c(312): N-2	1
INFO: ../main.c(312): O-0	5
INFO: ../main.c(312): O-1	1
INFO: ../main.c(312): O-2	1
INFO: ../main.c(312): OO-0	1
INFO: ../main.c(312): OO-1	1
INFO: ../main.c(312): OO-2	13
INFO: ../main.c(312): OW-0	1
INFO: ../main.c(312): OW-1	1
INFO: ../main.c(312): OW-2	1
INFO: ../main.c(312): OY-0	1
INFO: ../main.c(312): OY-1	1
INFO: ../main.c(312): OY-2	1
INFO: ../main.c(312): P-0	29
INFO: ../main.c(312): P-1	9
INFO: ../main.c(312): P-2	1
INFO: ../main.c(312): R-0	1
INFO: ../main.c(312): R-1	5
INFO: ../main.c(312): R-2	1
INFO: ../main.c(312): S-0	9
INFO: ../main.c(312): S-1	1
INFO: ../main.c(312): S-2	1
INFO: ../main.c(312): SH-0	1
INFO: ../main.c(312): SH-1	1
INFO: ../main.c(312): SH-2	1
INFO: ../main.c(312): T-0	1
INFO: ../main.c(312): T-1	1
INFO: ../main.c(312): T-2	1
INFO: ../main.c(312): TH-0	1
INFO: ../main.c(312): TH-1	1
INFO: ../main.c(312): TH-2	11
INFO: ../main.c(312): TS-0	1
INFO: ../main.c(312): TS-1	1
INFO: ../main.c(312): TS-2	1
INFO: ../main.c(312): U-0	9
INFO: ../main.c(312): U-1	1
INFO: ../main.c(312): U-2	1
INFO: ../main.c(312): V-0	1
INFO: ../main.c(312): V-1	1
INFO: ../main.c(312): V-2	1
INFO: ../main.c(312): W-0	1
INFO: ../main.c(312): W-1	1
INFO: ../main.c(312): W-2	1
INFO: ../main.c(312): Y-0	1
INFO: ../main.c(312): Y-1	1
INFO: ../main.c(312): Y-2	1
INFO: ../main.c(312): Z-0	1
INFO: ../main.c(312): Z-1	9
INFO: ../main.c(312): Z-2	1
INFO: ../main.c(312): ZH-0	1
INFO: ../main.c(312): ZH-1	1
INFO: ../main.c(312): ZH-2	1
INFO: ../main.c(312): ed-0	3
INFO: ../main.c(312): ed-1	3
INFO: ../main.c(312): ed-2	3
INFO: ../main.c(312): ez-0	1
INFO: ../main.c(312): ez-1	1
INFO: ../main.c(312): ez-2	1
INFO: ../main.c(312): ng-0	1
INFO: ../main.c(312): ng-1	9
INFO: ../main.c(312): ng-2	11
