../..//s3trainer/bin.linux/mk_mdef_gen \
 -phnlstfn ../..//lists/phonelist \
 -dictfn ../..//lists/train.dict \
 -oalltphnmdef ../..//model_architecture/MODELSET1.alltriphones.mdef \
 -n_state_pm 3

[Switch]      [Default] [Value]
-phnlstfn               ../..//lists/phonelist
-inCImdef                      
-triphnlstfn                   
-inCDmdef                      
-dictfn                 ../..//lists/train.dict
-fdictfn                       
-lsnfn                         
-n_state_pm   3         3      
-ocountfn                      
-ocimdef                       
-oalltphnmdef           ../..//model_architecture/MODELSET1.alltriphones.mdef
-ountiedmdef                   
-minocc       1         1      
-maxtriphones 100000    100000 
INFO: ../main.c(60): Will write alltriphone mdef file ../..//model_architecture/MODELSET1.alltriphones.mdef
INFO: ../mk_mdef_gen.c(152): 0 single word triphones in input phone list
INFO: ../mk_mdef_gen.c(153): 0 word beginning triphones in input phone list
INFO: ../mk_mdef_gen.c(154): 0 word internal triphones in input phone list
INFO: ../mk_mdef_gen.c(155): 0 word ending triphones in input phone list
INFO: ../mk_mdef_gen.c(241): Reading dict ../..//lists/train.dict
INFO: ../mk_mdef_gen.c(273): 243 words in dict ../..//lists/train.dict
INFO: ../mk_mdef_gen.c(390): 243 words in dictionary
INFO: ../mk_mdef_gen.c(391): 9657 unique single word triphones in dictionary
INFO: ../mk_mdef_gen.c(392): 4263 unique word beginning triphones in dictionary
INFO: ../mk_mdef_gen.c(393): 521 unique word internal triphones in dictionary
INFO: ../mk_mdef_gen.c(394): 4847 unique word ending triphones in dictionary
INFO: ../mk_mdef_gen.c(809): 50 n_base, 19288 n_tri
INFO: ../mk_mdef_gen.c(881): Wrote mdef file ../..//model_architecture/MODELSET1.alltriphones.mdef
