===================================================================
RCS file: RCS/acmod_set.h,v
retrieving revision 1.3
diff -r1.3 acmod_set.h
88c88,91
< acmod_set_n_triphone(acmod_set_t *acmod_set);
---
> acmod_set_n_multi(acmod_set_t *acmod_set);
> 
> uint32
> acmod_set_n_ci(acmod_set_t *acmod_set);
===================================================================
RCS file: RCS/acmod_set_ds.h,v
retrieving revision 1.2
diff -r1.2 acmod_set_ds.h
===================================================================
RCS file: RCS/array_accum.h,v
retrieving revision 1.2
diff -r1.2 array_accum.h
===================================================================
RCS file: RCS/array_alloc.h,v
retrieving revision 1.2
diff -r1.2 array_alloc.h
===================================================================
RCS file: RCS/array_norm.h,v
retrieving revision 1.2
diff -r1.2 array_norm.h
===================================================================
RCS file: RCS/ckd_alloc.h,v
retrieving revision 1.3
diff -r1.3 ckd_alloc.h
===================================================================
RCS file: RCS/cmd_ln.h,v
retrieving revision 1.2
diff -r1.2 cmd_ln.h
12c12
<  * file: cmd_ln.h
---
>  * File: cmd_ln.h
14,16c14
<  * traceability: 
<  * 
<  * description: 
---
>  * Description: 
20c18
<  * author: 
---
>  * Author: 
31a30,37
> #endif
> 
> #ifndef TRUE
> #define TRUE	1
> #endif
> 
> #ifndef FALSE
> #define FALSE	0
===================================================================
RCS file: RCS/common.h,v
retrieving revision 1.3
diff -r1.3 common.h
===================================================================
RCS file: RCS/corpus.h,v
retrieving revision 1.2
diff -r1.2 corpus.h
===================================================================
RCS file: RCS/cvt2triphone.h,v
retrieving revision 1.2
diff -r1.2 cvt2triphone.h
===================================================================
RCS file: RCS/err.h,v
retrieving revision 1.2
diff -r1.2 err.h
===================================================================
RCS file: RCS/get_cpu_time.h,v
retrieving revision 1.1
diff -r1.1 get_cpu_time.h
===================================================================
RCS file: RCS/get_time.h,v
retrieving revision 1.2
diff -r1.2 get_time.h
===================================================================
RCS file: RCS/hash.h,v
retrieving revision 1.2
diff -r1.2 hash.h
===================================================================
RCS file: RCS/itree.h,v
retrieving revision 1.2
diff -r1.2 itree.h
===================================================================
RCS file: RCS/lexicon.h,v
retrieving revision 1.3
diff -r1.3 lexicon.h
===================================================================
RCS file: RCS/list.h,v
retrieving revision 1.2
diff -r1.2 list.h
===================================================================
RCS file: RCS/mk_phone_list.h,v
retrieving revision 1.2
diff -r1.2 mk_phone_list.h
===================================================================
RCS file: RCS/mk_wordlist.h,v
retrieving revision 1.3
diff -r1.3 mk_wordlist.h
===================================================================
RCS file: RCS/n_words.h,v
retrieving revision 1.2
diff -r1.2 n_words.h
===================================================================
RCS file: RCS/prefetch.h,v
retrieving revision 1.1
diff -r1.1 prefetch.h
===================================================================
RCS file: RCS/prefix_upto.h,v
retrieving revision 1.1
diff -r1.1 prefix_upto.h
===================================================================
RCS file: RCS/prim_type.h,v
retrieving revision 1.4
diff -r1.4 prim_type.h
===================================================================
RCS file: RCS/profile.h,v
retrieving revision 1.1
diff -r1.1 profile.h
===================================================================
RCS file: RCS/remap.h,v
retrieving revision 1.2
diff -r1.2 remap.h
===================================================================
RCS file: RCS/s2_param.h,v
retrieving revision 1.1
diff -r1.1 s2_param.h
===================================================================
RCS file: RCS/s3.h,v
retrieving revision 1.2
diff -r1.2 s3.h
32,36c32,38
< #define MAX_IEEE_NORM_POS_FLOAT32	3.4e+38
< #define MIN_IEEE_NORM_POS_FLOAT32	1.2e-38
< 
< #define MAX_IEEE_NORM_POS_FLOAT64	1.8e+307
< #define MIN_IEEE_NORM_POS_FLOAT64	2.2e-308
---
> #define MAX_IEEE_NORM_POS_FLOAT32	 3.4e+38
> #define MIN_IEEE_NORM_POS_FLOAT32	 1.2e-38
> #define MIN_IEEE_NORM_NEG_FLOAT32	-3.4e+38
> 
> #define MAX_IEEE_NORM_POS_FLOAT64	 1.8e+307
> #define MIN_IEEE_NORM_POS_FLOAT64	 2.2e-308
> #define MIN_IEEE_NORM_NEG_FLOAT64	-1.8e+307
59a62,63
> 
> #define MAX_VERSION_LEN	128
===================================================================
RCS file: RCS/timer.h,v
retrieving revision 1.1
diff -r1.1 timer.h
===================================================================
RCS file: RCS/vector.h,v
retrieving revision 1.2
diff -r1.2 vector.h
rcsdiff error: RCS/was_added.h,v: No such file or directory
